2025-03-19 10:48:33.060 [warning] /home/gitpod/.ssh/config: ENOENT: no such file or directory, open '/home/gitpod/.ssh/config'
2025-03-19 10:48:33.060 [info] [Activation] Extension version: 0.106.0
2025-03-19 10:48:35.199 [info] [Activation] Looking for git repository
2025-03-19 10:48:35.199 [info] [Activation] Found 0 repositories during activation
2025-03-19 10:48:35.199 [info] [Activation] Git repository found, initializing review manager and pr tree view.
2025-03-19 10:48:35.203 [info] [GitAPI] Registering git provider
2025-03-19 10:48:35.204 [info] [Review+0] Validate state in progress
2025-03-19 10:48:35.204 [info] [Review+0] Validating state...
2025-03-19 10:48:35.375 [info] [FolderRepositoryManager+0] Found GitHub remote for folder /workspace/project
2025-03-19 10:48:35.377 [info] [FolderRepositoryManager+0] Trying to use globalState for assignableUsers.
2025-03-19 10:48:35.385 [info] [Review+0] No matching pull request metadata found locally for current branch main
2025-03-19 10:48:35.386 [info] [Review+0] No matching pull request metadata found on GitHub for current branch main
2025-03-19 10:48:35.552 [info] [FolderRepositoryManager+0] GlobalState does not exist for assignableUsers.
2025-03-19 10:48:48.042 [info] [Review+0] Validate state in progress
2025-03-19 10:48:48.042 [info] [Review+0] Validating state...
2025-03-19 10:48:48.043 [info] [Activation] Repo state for file:///workspace/project changed.
2025-03-19 10:48:48.043 [info] [Activation] Repo file:///workspace/project has already been setup.
2025-03-19 10:48:48.214 [info] [FolderRepositoryManager+0] Found GitHub remote for folder /workspace/project
2025-03-19 10:48:48.215 [info] [FolderRepositoryManager+0] Using in-memory cached assignable users.
2025-03-19 10:48:48.223 [info] [Review+0] No matching pull request metadata found locally for current branch main
2025-03-19 10:48:48.224 [info] [Review+0] No matching pull request metadata found on GitHub for current branch main
2025-03-19 10:48:54.189 [info] [Review+0] Validate state in progress
2025-03-19 10:48:54.189 [info] [Review+0] Validating state...
2025-03-19 10:48:54.363 [info] [FolderRepositoryManager+0] Found GitHub remote for folder /workspace/project
2025-03-19 10:48:54.364 [info] [FolderRepositoryManager+0] Using in-memory cached assignable users.
2025-03-19 10:48:54.372 [info] [Review+0] No matching pull request metadata found locally for current branch main
2025-03-19 10:48:54.372 [info] [Review+0] No matching pull request metadata found on GitHub for current branch main
2025-03-19 10:49:06.623 [info] [Review+0] Validate state in progress
2025-03-19 10:49:06.623 [info] [Review+0] Validating state...
2025-03-19 10:49:06.797 [info] [FolderRepositoryManager+0] Found GitHub remote for folder /workspace/project
2025-03-19 10:49:06.797 [info] [FolderRepositoryManager+0] Using in-memory cached assignable users.
2025-03-19 10:49:06.805 [info] [Review+0] No matching pull request metadata found locally for current branch main
2025-03-19 10:49:06.805 [info] [Review+0] No matching pull request metadata found on GitHub for current branch main
2025-03-19 10:55:05.784 [info] [Review+0] Validate state in progress
2025-03-19 10:55:05.784 [info] [Review+0] Validating state...
2025-03-19 10:55:05.957 [info] [FolderRepositoryManager+0] Found GitHub remote for folder /workspace/project
2025-03-19 10:55:05.958 [info] [FolderRepositoryManager+0] Using in-memory cached assignable users.
2025-03-19 10:55:05.967 [info] [Review+0] No matching pull request metadata found locally for current branch main
2025-03-19 10:55:05.967 [info] [Review+0] No matching pull request metadata found on GitHub for current branch main
2025-03-19 10:55:10.838 [info] [Review+0] Validate state in progress
2025-03-19 10:55:10.839 [info] [Review+0] Validating state...
2025-03-19 10:55:11.086 [info] [FolderRepositoryManager+0] Found GitHub remote for folder /workspace/project
2025-03-19 10:55:11.087 [info] [FolderRepositoryManager+0] Using in-memory cached assignable users.
2025-03-19 10:55:11.096 [info] [Review+0] No matching pull request metadata found locally for current branch main
2025-03-19 10:55:11.096 [info] [Review+0] No matching pull request metadata found on GitHub for current branch main
2025-03-19 10:55:40.190 [info] [Review+0] Validate state in progress
2025-03-19 10:55:40.190 [info] [Review+0] Validating state...
2025-03-19 10:55:40.363 [info] [FolderRepositoryManager+0] Found GitHub remote for folder /workspace/project
2025-03-19 10:55:40.363 [info] [FolderRepositoryManager+0] Using in-memory cached assignable users.
2025-03-19 10:55:40.372 [info] [Review+0] No matching pull request metadata found locally for current branch main
2025-03-19 10:55:40.372 [info] [Review+0] No matching pull request metadata found on GitHub for current branch main
2025-03-19 10:56:28.522 [info] [Review+0] Validate state in progress
2025-03-19 10:56:28.522 [info] [Review+0] Validating state...
2025-03-19 10:56:28.697 [info] [FolderRepositoryManager+0] Found GitHub remote for folder /workspace/project
2025-03-19 10:56:28.697 [info] [FolderRepositoryManager+0] Using in-memory cached assignable users.
2025-03-19 10:56:28.706 [info] [Review+0] No matching pull request metadata found locally for current branch main
2025-03-19 10:56:28.706 [info] [Review+0] No matching pull request metadata found on GitHub for current branch main
2025-03-19 10:56:33.576 [info] [Review+0] Validate state in progress
2025-03-19 10:56:33.576 [info] [Review+0] Validating state...
2025-03-19 10:56:33.753 [info] [FolderRepositoryManager+0] Found GitHub remote for folder /workspace/project
2025-03-19 10:56:33.753 [info] [FolderRepositoryManager+0] Using in-memory cached assignable users.
2025-03-19 10:56:33.762 [info] [Review+0] No matching pull request metadata found locally for current branch main
2025-03-19 10:56:33.762 [info] [Review+0] No matching pull request metadata found on GitHub for current branch main
2025-03-19 10:56:43.676 [info] [Review+0] Validate state in progress
2025-03-19 10:56:43.676 [info] [Review+0] Validating state...
2025-03-19 10:56:43.860 [info] [FolderRepositoryManager+0] Found GitHub remote for folder /workspace/project
2025-03-19 10:56:43.861 [info] [FolderRepositoryManager+0] Using in-memory cached assignable users.
2025-03-19 10:56:43.870 [info] [Review+0] No matching pull request metadata found locally for current branch main
2025-03-19 10:56:43.870 [info] [Review+0] No matching pull request metadata found on GitHub for current branch main
2025-03-19 10:57:14.322 [info] [Review+0] Validate state in progress
2025-03-19 10:57:14.322 [info] [Review+0] Validating state...
2025-03-19 10:57:14.493 [info] [FolderRepositoryManager+0] Found GitHub remote for folder /workspace/project
2025-03-19 10:57:14.494 [info] [FolderRepositoryManager+0] Using in-memory cached assignable users.
2025-03-19 10:57:14.503 [info] [Review+0] No matching pull request metadata found locally for current branch main
2025-03-19 10:57:14.503 [info] [Review+0] No matching pull request metadata found on GitHub for current branch main
2025-03-19 10:57:24.419 [info] [Review+0] Validate state in progress
2025-03-19 10:57:24.419 [info] [Review+0] Validating state...
2025-03-19 10:57:24.595 [info] [FolderRepositoryManager+0] Found GitHub remote for folder /workspace/project
2025-03-19 10:57:24.596 [info] [FolderRepositoryManager+0] Using in-memory cached assignable users.
2025-03-19 10:57:24.605 [info] [Review+0] No matching pull request metadata found locally for current branch main
2025-03-19 10:57:24.605 [info] [Review+0] No matching pull request metadata found on GitHub for current branch main
2025-03-19 10:57:51.467 [info] [Review+0] Validate state in progress
2025-03-19 10:57:51.467 [info] [Review+0] Validating state...
2025-03-19 10:57:51.638 [info] [FolderRepositoryManager+0] Found GitHub remote for folder /workspace/project
2025-03-19 10:57:51.638 [info] [FolderRepositoryManager+0] Using in-memory cached assignable users.
2025-03-19 10:57:51.646 [info] [Review+0] No matching pull request metadata found locally for current branch main
2025-03-19 10:57:51.647 [info] [Review+0] No matching pull request metadata found on GitHub for current branch main
2025-03-19 10:58:14.259 [info] [Review+0] Validate state in progress
2025-03-19 10:58:14.259 [info] [Review+0] Validating state...
2025-03-19 10:58:14.431 [info] [FolderRepositoryManager+0] Found GitHub remote for folder /workspace/project
2025-03-19 10:58:14.431 [info] [FolderRepositoryManager+0] Using in-memory cached assignable users.
2025-03-19 10:58:14.439 [info] [Review+0] No matching pull request metadata found locally for current branch main
2025-03-19 10:58:14.439 [info] [Review+0] No matching pull request metadata found on GitHub for current branch main
2025-03-19 10:59:00.993 [info] [Review+0] Validate state in progress
2025-03-19 10:59:00.993 [info] [Review+0] Validating state...
2025-03-19 10:59:01.189 [info] [FolderRepositoryManager+0] Found GitHub remote for folder /workspace/project
2025-03-19 10:59:01.189 [info] [FolderRepositoryManager+0] Using in-memory cached assignable users.
2025-03-19 10:59:01.197 [info] [Review+0] No matching pull request metadata found locally for current branch main
2025-03-19 10:59:01.197 [info] [Review+0] No matching pull request metadata found on GitHub for current branch main
2025-03-19 11:08:30.922 [info] [Review+0] Validate state in progress
2025-03-19 11:08:30.922 [info] [Review+0] Validating state...
2025-03-19 11:08:31.095 [info] [FolderRepositoryManager+0] Found GitHub remote for folder /workspace/project
2025-03-19 11:08:31.096 [info] [FolderRepositoryManager+0] Using in-memory cached assignable users.
2025-03-19 11:08:31.103 [info] [Review+0] No matching pull request metadata found locally for current branch main
2025-03-19 11:08:31.104 [info] [Review+0] No matching pull request metadata found on GitHub for current branch main
2025-03-19 11:08:59.741 [info] [Review+0] Validate state in progress
2025-03-19 11:08:59.741 [info] [Review+0] Validating state...
2025-03-19 11:08:59.914 [info] [FolderRepositoryManager+0] Found GitHub remote for folder /workspace/project
2025-03-19 11:08:59.914 [info] [FolderRepositoryManager+0] Using in-memory cached assignable users.
2025-03-19 11:08:59.922 [info] [Review+0] No matching pull request metadata found locally for current branch main
2025-03-19 11:08:59.923 [info] [Review+0] No matching pull request metadata found on GitHub for current branch main
2025-03-19 11:09:24.316 [info] [Review+0] Validate state in progress
2025-03-19 11:09:24.316 [info] [Review+0] Validating state...
2025-03-19 11:09:24.485 [info] [FolderRepositoryManager+0] Found GitHub remote for folder /workspace/project
2025-03-19 11:09:24.486 [info] [FolderRepositoryManager+0] Using in-memory cached assignable users.
2025-03-19 11:09:24.496 [info] [Review+0] No matching pull request metadata found locally for current branch main
2025-03-19 11:09:24.496 [info] [Review+0] No matching pull request metadata found on GitHub for current branch main
2025-03-19 11:09:56.006 [info] [Review+0] Validate state in progress
2025-03-19 11:09:56.006 [info] [Review+0] Validating state...
2025-03-19 11:09:56.179 [info] [FolderRepositoryManager+0] Found GitHub remote for folder /workspace/project
2025-03-19 11:09:56.179 [info] [FolderRepositoryManager+0] Using in-memory cached assignable users.
2025-03-19 11:09:56.187 [info] [Review+0] No matching pull request metadata found locally for current branch main
2025-03-19 11:09:56.187 [info] [Review+0] No matching pull request metadata found on GitHub for current branch main
2025-03-19 11:10:42.445 [info] [Review+0] Validate state in progress
2025-03-19 11:10:42.445 [info] [Review+0] Validating state...
2025-03-19 11:10:42.615 [info] [FolderRepositoryManager+0] Found GitHub remote for folder /workspace/project
2025-03-19 11:10:42.616 [info] [FolderRepositoryManager+0] Using in-memory cached assignable users.
2025-03-19 11:10:42.624 [info] [Review+0] No matching pull request metadata found locally for current branch main
2025-03-19 11:10:42.624 [info] [Review+0] No matching pull request metadata found on GitHub for current branch main
2025-03-19 11:18:05.357 [info] [Review+0] Validate state in progress
2025-03-19 11:18:05.357 [info] [Review+0] Validating state...
2025-03-19 11:18:05.527 [info] [FolderRepositoryManager+0] Found GitHub remote for folder /workspace/project
2025-03-19 11:18:05.528 [info] [FolderRepositoryManager+0] Using in-memory cached assignable users.
2025-03-19 11:18:05.537 [info] [Review+0] No matching pull request metadata found locally for current branch main
2025-03-19 11:18:05.537 [info] [Review+0] No matching pull request metadata found on GitHub for current branch main
2025-03-19 11:18:34.830 [info] [Review+0] Validate state in progress
2025-03-19 11:18:34.830 [info] [Review+0] Validating state...
2025-03-19 11:18:35.005 [info] [FolderRepositoryManager+0] Found GitHub remote for folder /workspace/project
2025-03-19 11:18:35.006 [info] [FolderRepositoryManager+0] Using in-memory cached assignable users.
2025-03-19 11:18:35.013 [info] [Review+0] No matching pull request metadata found locally for current branch main
2025-03-19 11:18:35.013 [info] [Review+0] No matching pull request metadata found on GitHub for current branch main
2025-03-19 11:19:56.184 [info] [Review+0] Validate state in progress
2025-03-19 11:19:56.184 [info] [Review+0] Validating state...
2025-03-19 11:19:56.375 [info] [FolderRepositoryManager+0] Found GitHub remote for folder /workspace/project
2025-03-19 11:19:56.375 [info] [FolderRepositoryManager+0] Using in-memory cached assignable users.
2025-03-19 11:19:56.384 [info] [Review+0] No matching pull request metadata found locally for current branch main
2025-03-19 11:19:56.384 [info] [Review+0] No matching pull request metadata found on GitHub for current branch main
2025-03-19 11:20:02.914 [info] [Review+0] Validate state in progress
2025-03-19 11:20:02.914 [info] [Review+0] Validating state...
2025-03-19 11:20:03.091 [info] [FolderRepositoryManager+0] Found GitHub remote for folder /workspace/project
2025-03-19 11:20:03.092 [info] [FolderRepositoryManager+0] Using in-memory cached assignable users.
2025-03-19 11:20:03.101 [info] [Review+0] No matching pull request metadata found locally for current branch main
2025-03-19 11:20:03.101 [info] [Review+0] No matching pull request metadata found on GitHub for current branch main
2025-03-19 11:21:00.970 [info] [Review+0] Validate state in progress
2025-03-19 11:21:00.970 [info] [Review+0] Validating state...
2025-03-19 11:21:01.142 [info] [FolderRepositoryManager+0] Found GitHub remote for folder /workspace/project
2025-03-19 11:21:01.143 [info] [FolderRepositoryManager+0] Using in-memory cached assignable users.
2025-03-19 11:21:01.150 [info] [Review+0] No matching pull request metadata found locally for current branch main
2025-03-19 11:21:01.151 [info] [Review+0] No matching pull request metadata found on GitHub for current branch main
2025-03-19 11:21:38.950 [info] [Review+0] Validate state in progress
2025-03-19 11:21:38.950 [info] [Review+0] Validating state...
2025-03-19 11:21:39.276 [info] [FolderRepositoryManager+0] Found GitHub remote for folder /workspace/project
2025-03-19 11:21:39.277 [info] [FolderRepositoryManager+0] Using in-memory cached assignable users.
2025-03-19 11:21:39.286 [info] [Review+0] No matching pull request metadata found locally for current branch main
2025-03-19 11:21:39.286 [info] [Review+0] No matching pull request metadata found on GitHub for current branch main
2025-03-19 11:22:03.837 [info] [Review+0] Validate state in progress
2025-03-19 11:22:03.837 [info] [Review+0] Validating state...
2025-03-19 11:22:04.024 [info] [FolderRepositoryManager+0] Found GitHub remote for folder /workspace/project
2025-03-19 11:22:04.025 [info] [FolderRepositoryManager+0] Using in-memory cached assignable users.
2025-03-19 11:22:04.033 [info] [Review+0] No matching pull request metadata found locally for current branch main
2025-03-19 11:22:04.033 [info] [Review+0] No matching pull request metadata found on GitHub for current branch main
2025-03-19 11:22:31.057 [info] [Review+0] Validate state in progress
2025-03-19 11:22:31.057 [info] [Review+0] Validating state...
2025-03-19 11:22:31.223 [info] [FolderRepositoryManager+0] Found GitHub remote for folder /workspace/project
2025-03-19 11:22:31.224 [info] [FolderRepositoryManager+0] Using in-memory cached assignable users.
2025-03-19 11:22:31.231 [info] [Review+0] No matching pull request metadata found locally for current branch main
2025-03-19 11:22:31.231 [info] [Review+0] No matching pull request metadata found on GitHub for current branch main
2025-03-19 11:22:41.145 [info] [Review+0] Validate state in progress
2025-03-19 11:22:41.145 [info] [Review+0] Validating state...
2025-03-19 11:22:41.393 [info] [FolderRepositoryManager+0] Found GitHub remote for folder /workspace/project
2025-03-19 11:22:41.393 [info] [FolderRepositoryManager+0] Using in-memory cached assignable users.
2025-03-19 11:22:41.401 [info] [Review+0] No matching pull request metadata found locally for current branch main
2025-03-19 11:22:41.401 [info] [Review+0] No matching pull request metadata found on GitHub for current branch main
2025-03-19 11:23:43.158 [info] [Review+0] Validate state in progress
2025-03-19 11:23:43.158 [info] [Review+0] Validating state...
2025-03-19 11:23:43.330 [info] [FolderRepositoryManager+0] Found GitHub remote for folder /workspace/project
2025-03-19 11:23:43.330 [info] [FolderRepositoryManager+0] Using in-memory cached assignable users.
2025-03-19 11:23:43.337 [info] [Review+0] No matching pull request metadata found locally for current branch main
2025-03-19 11:23:43.337 [info] [Review+0] No matching pull request metadata found on GitHub for current branch main
2025-03-19 11:26:23.536 [info] [Review+0] Validate state in progress
2025-03-19 11:26:23.536 [info] [Review+0] Validating state...
2025-03-19 11:26:23.705 [info] [FolderRepositoryManager+0] Found GitHub remote for folder /workspace/project
2025-03-19 11:26:23.706 [info] [FolderRepositoryManager+0] Using in-memory cached assignable users.
2025-03-19 11:26:23.713 [info] [Review+0] No matching pull request metadata found locally for current branch main
2025-03-19 11:26:23.713 [info] [Review+0] No matching pull request metadata found on GitHub for current branch main
2025-03-19 11:26:59.836 [info] [Review+0] Validate state in progress
2025-03-19 11:26:59.836 [info] [Review+0] Validating state...
2025-03-19 11:27:00.004 [info] [FolderRepositoryManager+0] Found GitHub remote for folder /workspace/project
2025-03-19 11:27:00.005 [info] [FolderRepositoryManager+0] Using in-memory cached assignable users.
2025-03-19 11:27:00.013 [info] [Review+0] No matching pull request metadata found locally for current branch main
2025-03-19 11:27:00.013 [info] [Review+0] No matching pull request metadata found on GitHub for current branch main
2025-03-19 11:28:45.920 [info] [Review+0] Validate state in progress
2025-03-19 11:28:45.920 [info] [Review+0] Validating state...
2025-03-19 11:28:46.088 [info] [FolderRepositoryManager+0] Found GitHub remote for folder /workspace/project
2025-03-19 11:28:46.088 [info] [FolderRepositoryManager+0] Using in-memory cached assignable users.
2025-03-19 11:28:46.096 [info] [Review+0] No matching pull request metadata found locally for current branch main
2025-03-19 11:28:46.096 [info] [Review+0] No matching pull request metadata found on GitHub for current branch main
2025-03-19 11:29:02.577 [info] [Review+0] Validate state in progress
2025-03-19 11:29:02.577 [info] [Review+0] Validating state...
2025-03-19 11:29:02.763 [info] [FolderRepositoryManager+0] Found GitHub remote for folder /workspace/project
2025-03-19 11:29:02.763 [info] [FolderRepositoryManager+0] Using in-memory cached assignable users.
2025-03-19 11:29:02.771 [info] [Review+0] No matching pull request metadata found locally for current branch main
2025-03-19 11:29:02.771 [info] [Review+0] No matching pull request metadata found on GitHub for current branch main
2025-03-19 11:30:44.325 [info] [Review+0] Validate state in progress
2025-03-19 11:30:44.325 [info] [Review+0] Validating state...
2025-03-19 11:30:44.496 [info] [FolderRepositoryManager+0] Found GitHub remote for folder /workspace/project
2025-03-19 11:30:44.497 [info] [FolderRepositoryManager+0] Using in-memory cached assignable users.
2025-03-19 11:30:44.505 [info] [Review+0] No matching pull request metadata found locally for current branch main
2025-03-19 11:30:44.505 [info] [Review+0] No matching pull request metadata found on GitHub for current branch main
2025-03-19 11:30:59.813 [info] [Review+0] Validate state in progress
2025-03-19 11:30:59.813 [info] [Review+0] Validating state...
2025-03-19 11:30:59.995 [info] [FolderRepositoryManager+0] Found GitHub remote for folder /workspace/project
2025-03-19 11:30:59.995 [info] [FolderRepositoryManager+0] Using in-memory cached assignable users.
2025-03-19 11:31:00.003 [info] [Review+0] No matching pull request metadata found locally for current branch main
2025-03-19 11:31:00.003 [info] [Review+0] No matching pull request metadata found on GitHub for current branch main
2025-03-19 11:31:09.902 [info] [Review+0] Validate state in progress
2025-03-19 11:31:09.902 [info] [Review+0] Validating state...
2025-03-19 11:31:10.135 [info] [FolderRepositoryManager+0] Found GitHub remote for folder /workspace/project
2025-03-19 11:31:10.135 [info] [FolderRepositoryManager+0] Using in-memory cached assignable users.
2025-03-19 11:31:10.143 [info] [Review+0] No matching pull request metadata found locally for current branch main
2025-03-19 11:31:10.144 [info] [Review+0] No matching pull request metadata found on GitHub for current branch main
2025-03-19 11:43:01.217 [info] [Review+0] Validate state in progress
2025-03-19 11:43:01.218 [info] [Review+0] Validating state...
2025-03-19 11:43:01.389 [info] [FolderRepositoryManager+0] Found GitHub remote for folder /workspace/project
2025-03-19 11:43:01.390 [info] [FolderRepositoryManager+0] Using in-memory cached assignable users.
2025-03-19 11:43:01.400 [info] [Review+0] No matching pull request metadata found locally for current branch main
2025-03-19 11:43:01.400 [info] [Review+0] No matching pull request metadata found on GitHub for current branch main
2025-03-19 11:44:12.927 [info] [Review+0] Validate state in progress
2025-03-19 11:44:12.927 [info] [Review+0] Validating state...
2025-03-19 11:44:13.098 [info] [FolderRepositoryManager+0] Found GitHub remote for folder /workspace/project
2025-03-19 11:44:13.098 [info] [FolderRepositoryManager+0] Using in-memory cached assignable users.
2025-03-19 11:44:13.106 [info] [Review+0] No matching pull request metadata found locally for current branch main
2025-03-19 11:44:13.106 [info] [Review+0] No matching pull request metadata found on GitHub for current branch main
2025-03-19 11:44:29.888 [info] [Review+0] Validate state in progress
2025-03-19 11:44:29.888 [info] [Review+0] Validating state...
2025-03-19 11:44:30.059 [info] [FolderRepositoryManager+0] Found GitHub remote for folder /workspace/project
2025-03-19 11:44:30.059 [info] [FolderRepositoryManager+0] Using in-memory cached assignable users.
2025-03-19 11:44:30.067 [info] [Review+0] No matching pull request metadata found locally for current branch main
2025-03-19 11:44:30.067 [info] [Review+0] No matching pull request metadata found on GitHub for current branch main
2025-03-19 11:45:29.521 [info] [Review+0] Validate state in progress
2025-03-19 11:45:29.522 [info] [Review+0] Validating state...
2025-03-19 11:45:29.699 [info] [FolderRepositoryManager+0] Found GitHub remote for folder /workspace/project
2025-03-19 11:45:29.699 [info] [FolderRepositoryManager+0] Using in-memory cached assignable users.
2025-03-19 11:45:29.711 [info] [Review+0] No matching pull request metadata found locally for current branch main
2025-03-19 11:45:29.711 [info] [Review+0] No matching pull request metadata found on GitHub for current branch main
