2025-03-24 11:15:18.509 [info] [main] Log level: Info
2025-03-24 11:15:18.509 [info] [main] Validating found git in: "git"
2025-03-24 11:15:18.509 [info] [main] Using git "2.43.0" from "git"
2025-03-24 11:15:18.509 [info] [Model][doInitialScan] Initial repository scan started
2025-03-24 11:15:18.509 [info] > git rev-parse --show-toplevel [5ms]
2025-03-24 11:15:18.509 [info] > git rev-parse --git-dir --git-common-dir [42ms]
2025-03-24 11:15:18.509 [info] [Model][openRepository] Opened repository: /workspace/project
2025-03-24 11:15:18.509 [info] > git rev-parse --show-toplevel [10ms]
2025-03-24 11:15:18.509 [info] > git config --get commit.template [16ms]
2025-03-24 11:15:18.509 [info] > git rev-parse --show-toplevel [10ms]
2025-03-24 11:15:18.509 [info] [Model][doInitialScan] Initial repository scan completed - repositories (1), closed repositories (0), parent repositories (0), unsafe repositories (0)
2025-03-24 11:15:18.509 [info] > git for-each-ref --format=%(refname)%00%(upstream:short)%00%(objectname)%00%(upstream:track)%00%(upstream:remotename)%00%(upstream:remoteref) refs/heads/main refs/remotes/main [6ms]
2025-03-24 11:15:18.509 [warning] [Git][revParse] Unable to read file: ENOENT: no such file or directory, open '/workspace/project/.git/refs/remotes/origin/main'
2025-03-24 11:15:18.509 [info] > git rev-parse refs/remotes/origin/main [3ms]
2025-03-24 11:15:18.509 [info] > git status -z -uall [12ms]
2025-03-24 11:15:18.509 [info] > git for-each-ref --sort -committerdate --format %(refname) %(objectname) %(*objectname) [36ms]
2025-03-24 11:15:18.509 [info] > git for-each-ref --format=%(refname)%00%(upstream:short)%00%(objectname)%00%(upstream:track)%00%(upstream:remotename)%00%(upstream:remoteref) refs/heads/main refs/remotes/main [10ms]
2025-03-24 11:15:18.509 [info] > git config --get commit.template [9ms]
2025-03-24 11:15:18.509 [info] > git config --get --local branch.main.vscode-merge-base [7ms]
2025-03-24 11:15:18.509 [info] > git for-each-ref --format=%(refname)%00%(upstream:short)%00%(objectname)%00%(upstream:track)%00%(upstream:remotename)%00%(upstream:remoteref) refs/heads/main refs/remotes/main [9ms]
2025-03-24 11:15:18.509 [warning] [Git][revParse] Unable to read file: ENOENT: no such file or directory, open '/workspace/project/.git/refs/remotes/origin/main'
2025-03-24 11:15:18.509 [info] > git for-each-ref --format=%(refname)%00%(upstream:short)%00%(objectname)%00%(upstream:track)%00%(upstream:remotename)%00%(upstream:remoteref) refs/heads/origin/main refs/remotes/origin/main [32ms]
2025-03-24 11:15:18.509 [info] > git rev-parse refs/remotes/origin/main [19ms]
2025-03-24 11:15:18.509 [info] > git status -z -uall [14ms]
2025-03-24 11:15:18.509 [info] > git for-each-ref --sort -committerdate --format %(refname) %(objectname) %(*objectname) [6ms]
2025-03-24 11:15:18.509 [info] > git merge-base refs/heads/main refs/remotes/origin/main [43ms]
2025-03-24 11:15:18.511 [info] > git merge-base refs/heads/main refs/remotes/origin/main [23ms]
2025-03-24 11:15:18.518 [info] > git diff --name-status -z --diff-filter=ADMR d4f70b43029a9c076ba74e695a00dcfb3a919e43...refs/remotes/origin/main [21ms]
2025-03-24 11:15:18.521 [info] > git diff --name-status -z --diff-filter=ADMR d4f70b43029a9c076ba74e695a00dcfb3a919e43...refs/remotes/origin/main [4ms]
2025-03-24 11:15:19.015 [info] > git check-ignore -v -z --stdin [4ms]
2025-03-24 11:15:20.055 [info] > git config --get commit.template [9ms]
2025-03-24 11:15:20.059 [info] > git for-each-ref --format=%(refname)%00%(upstream:short)%00%(objectname)%00%(upstream:track)%00%(upstream:remotename)%00%(upstream:remoteref) refs/heads/main refs/remotes/main [6ms]
2025-03-24 11:15:20.067 [warning] [Git][revParse] Unable to read file: ENOENT: no such file or directory, open '/workspace/project/.git/refs/remotes/origin/main'
2025-03-24 11:15:20.095 [info] > git rev-parse refs/remotes/origin/main [29ms]
2025-03-24 11:15:20.111 [info] > git status -z -uall [9ms]
2025-03-24 11:15:20.116 [info] > git for-each-ref --sort -committerdate --format %(refname) %(objectname) %(*objectname) [6ms]
2025-03-24 11:15:21.502 [info] > git config --get --local branch.main.github-pr-owner-number [3ms]
2025-03-24 11:15:21.502 [warning] [Git][config] git config failed: Failed to execute git
2025-03-24 11:15:33.459 [info] > git config --get commit.template [8ms]
2025-03-24 11:15:33.462 [info] > git for-each-ref --format=%(refname)%00%(upstream:short)%00%(objectname)%00%(upstream:track)%00%(upstream:remotename)%00%(upstream:remoteref) refs/heads/main refs/remotes/main [5ms]
2025-03-24 11:15:33.469 [warning] [Git][revParse] Unable to read file: ENOENT: no such file or directory, open '/workspace/project/.git/refs/remotes/origin/main'
2025-03-24 11:15:33.472 [info] > git rev-parse refs/remotes/origin/main [2ms]
2025-03-24 11:15:33.487 [info] > git status -z -uall [8ms]
2025-03-24 11:15:33.490 [info] > git for-each-ref --sort -committerdate --format %(refname) %(objectname) %(*objectname) [4ms]
2025-03-24 11:18:10.779 [info] > git config --get commit.template [6ms]
2025-03-24 11:18:10.782 [info] > git for-each-ref --format=%(refname)%00%(upstream:short)%00%(objectname)%00%(upstream:track)%00%(upstream:remotename)%00%(upstream:remoteref) refs/heads/main refs/remotes/main [4ms]
2025-03-24 11:18:10.788 [warning] [Git][revParse] Unable to read file: ENOENT: no such file or directory, open '/workspace/project/.git/refs/remotes/origin/main'
2025-03-24 11:18:10.790 [info] > git rev-parse refs/remotes/origin/main [2ms]
2025-03-24 11:18:10.803 [info] > git status -z -uall [7ms]
2025-03-24 11:18:10.806 [info] > git for-each-ref --sort -committerdate --format %(refname) %(objectname) %(*objectname) [3ms]
2025-03-24 11:18:15.825 [info] > git config --get commit.template [6ms]
2025-03-24 11:18:15.829 [info] > git for-each-ref --format=%(refname)%00%(upstream:short)%00%(objectname)%00%(upstream:track)%00%(upstream:remotename)%00%(upstream:remoteref) refs/heads/main refs/remotes/main [4ms]
2025-03-24 11:18:15.834 [warning] [Git][revParse] Unable to read file: ENOENT: no such file or directory, open '/workspace/project/.git/refs/remotes/origin/main'
2025-03-24 11:18:15.836 [info] > git rev-parse refs/remotes/origin/main [2ms]
2025-03-24 11:18:15.848 [info] > git status -z -uall [6ms]
2025-03-24 11:18:15.851 [info] > git for-each-ref --sort -committerdate --format %(refname) %(objectname) %(*objectname) [3ms]
2025-03-24 11:19:46.674 [info] > git config --get commit.template [6ms]
2025-03-24 11:19:46.678 [info] > git for-each-ref --format=%(refname)%00%(upstream:short)%00%(objectname)%00%(upstream:track)%00%(upstream:remotename)%00%(upstream:remoteref) refs/heads/main refs/remotes/main [5ms]
2025-03-24 11:19:46.683 [warning] [Git][revParse] Unable to read file: ENOENT: no such file or directory, open '/workspace/project/.git/refs/remotes/origin/main'
2025-03-24 11:19:46.685 [info] > git rev-parse refs/remotes/origin/main [2ms]
2025-03-24 11:19:46.696 [info] > git status -z -uall [6ms]
2025-03-24 11:19:46.699 [info] > git for-each-ref --sort -committerdate --format %(refname) %(objectname) %(*objectname) [3ms]
2025-03-24 11:20:05.110 [info] > git config --get commit.template [8ms]
2025-03-24 11:20:05.114 [info] > git for-each-ref --format=%(refname)%00%(upstream:short)%00%(objectname)%00%(upstream:track)%00%(upstream:remotename)%00%(upstream:remoteref) refs/heads/main refs/remotes/main [5ms]
2025-03-24 11:20:05.124 [warning] [Git][revParse] Unable to read file: ENOENT: no such file or directory, open '/workspace/project/.git/refs/remotes/origin/main'
2025-03-24 11:20:05.126 [info] > git rev-parse refs/remotes/origin/main [2ms]
2025-03-24 11:20:05.139 [info] > git status -z -uall [7ms]
2025-03-24 11:20:05.142 [info] > git for-each-ref --sort -committerdate --format %(refname) %(objectname) %(*objectname) [4ms]
2025-03-24 11:24:13.734 [info] > git config --get commit.template [14ms]
2025-03-24 11:24:13.739 [info] > git for-each-ref --format=%(refname)%00%(upstream:short)%00%(objectname)%00%(upstream:track)%00%(upstream:remotename)%00%(upstream:remoteref) refs/heads/main refs/remotes/main [6ms]
2025-03-24 11:24:13.745 [warning] [Git][revParse] Unable to read file: ENOENT: no such file or directory, open '/workspace/project/.git/refs/remotes/origin/main'
2025-03-24 11:24:13.747 [info] > git rev-parse refs/remotes/origin/main [2ms]
2025-03-24 11:24:13.758 [info] > git status -z -uall [6ms]
2025-03-24 11:24:13.761 [info] > git for-each-ref --sort -committerdate --format %(refname) %(objectname) %(*objectname) [4ms]
2025-03-24 11:24:18.777 [info] > git config --get commit.template [5ms]
2025-03-24 11:24:18.781 [info] > git for-each-ref --format=%(refname)%00%(upstream:short)%00%(objectname)%00%(upstream:track)%00%(upstream:remotename)%00%(upstream:remoteref) refs/heads/main refs/remotes/main [4ms]
2025-03-24 11:24:18.787 [warning] [Git][revParse] Unable to read file: ENOENT: no such file or directory, open '/workspace/project/.git/refs/remotes/origin/main'
2025-03-24 11:24:18.788 [info] > git rev-parse refs/remotes/origin/main [1ms]
2025-03-24 11:24:18.797 [info] > git status -z -uall [5ms]
2025-03-24 11:24:18.800 [info] > git for-each-ref --sort -committerdate --format %(refname) %(objectname) %(*objectname) [2ms]
2025-03-24 11:24:34.950 [info] > git config --get commit.template [6ms]
2025-03-24 11:24:34.953 [info] > git for-each-ref --format=%(refname)%00%(upstream:short)%00%(objectname)%00%(upstream:track)%00%(upstream:remotename)%00%(upstream:remoteref) refs/heads/main refs/remotes/main [4ms]
2025-03-24 11:24:34.958 [warning] [Git][revParse] Unable to read file: ENOENT: no such file or directory, open '/workspace/project/.git/refs/remotes/origin/main'
2025-03-24 11:24:34.960 [info] > git rev-parse refs/remotes/origin/main [2ms]
2025-03-24 11:24:34.971 [info] > git status -z -uall [6ms]
2025-03-24 11:24:34.975 [info] > git for-each-ref --sort -committerdate --format %(refname) %(objectname) %(*objectname) [4ms]
2025-03-24 11:24:39.993 [info] > git config --get commit.template [7ms]
2025-03-24 11:24:39.997 [info] > git for-each-ref --format=%(refname)%00%(upstream:short)%00%(objectname)%00%(upstream:track)%00%(upstream:remotename)%00%(upstream:remoteref) refs/heads/main refs/remotes/main [4ms]
2025-03-24 11:24:40.002 [warning] [Git][revParse] Unable to read file: ENOENT: no such file or directory, open '/workspace/project/.git/refs/remotes/origin/main'
2025-03-24 11:24:40.004 [info] > git rev-parse refs/remotes/origin/main [2ms]
2025-03-24 11:24:40.019 [info] > git status -z -uall [7ms]
2025-03-24 11:24:40.033 [info] > git for-each-ref --sort -committerdate --format %(refname) %(objectname) %(*objectname) [14ms]
2025-03-24 11:24:45.056 [info] > git config --get commit.template [7ms]
2025-03-24 11:24:45.060 [info] > git for-each-ref --format=%(refname)%00%(upstream:short)%00%(objectname)%00%(upstream:track)%00%(upstream:remotename)%00%(upstream:remoteref) refs/heads/main refs/remotes/main [5ms]
2025-03-24 11:24:45.066 [warning] [Git][revParse] Unable to read file: ENOENT: no such file or directory, open '/workspace/project/.git/refs/remotes/origin/main'
2025-03-24 11:24:45.068 [info] > git rev-parse refs/remotes/origin/main [2ms]
2025-03-24 11:24:45.079 [info] > git status -z -uall [7ms]
2025-03-24 11:24:45.082 [info] > git for-each-ref --sort -committerdate --format %(refname) %(objectname) %(*objectname) [4ms]
2025-03-24 11:24:50.101 [info] > git config --get commit.template [7ms]
2025-03-24 11:24:50.105 [info] > git for-each-ref --format=%(refname)%00%(upstream:short)%00%(objectname)%00%(upstream:track)%00%(upstream:remotename)%00%(upstream:remoteref) refs/heads/main refs/remotes/main [4ms]
2025-03-24 11:24:50.111 [warning] [Git][revParse] Unable to read file: ENOENT: no such file or directory, open '/workspace/project/.git/refs/remotes/origin/main'
2025-03-24 11:24:50.113 [info] > git rev-parse refs/remotes/origin/main [2ms]
2025-03-24 11:24:50.130 [info] > git status -z -uall [9ms]
2025-03-24 11:24:50.134 [info] > git for-each-ref --sort -committerdate --format %(refname) %(objectname) %(*objectname) [5ms]
2025-03-24 11:24:55.157 [info] > git config --get commit.template [6ms]
2025-03-24 11:24:55.160 [info] > git for-each-ref --format=%(refname)%00%(upstream:short)%00%(objectname)%00%(upstream:track)%00%(upstream:remotename)%00%(upstream:remoteref) refs/heads/main refs/remotes/main [4ms]
2025-03-24 11:24:55.166 [warning] [Git][revParse] Unable to read file: ENOENT: no such file or directory, open '/workspace/project/.git/refs/remotes/origin/main'
2025-03-24 11:24:55.168 [info] > git rev-parse refs/remotes/origin/main [2ms]
2025-03-24 11:24:55.180 [info] > git status -z -uall [7ms]
2025-03-24 11:24:55.182 [info] > git for-each-ref --sort -committerdate --format %(refname) %(objectname) %(*objectname) [3ms]
2025-03-24 11:25:01.269 [info] > git config --get commit.template [5ms]
2025-03-24 11:25:01.273 [info] > git for-each-ref --format=%(refname)%00%(upstream:short)%00%(objectname)%00%(upstream:track)%00%(upstream:remotename)%00%(upstream:remoteref) refs/heads/main refs/remotes/main [4ms]
2025-03-24 11:25:01.278 [warning] [Git][revParse] Unable to read file: ENOENT: no such file or directory, open '/workspace/project/.git/refs/remotes/origin/main'
2025-03-24 11:25:01.280 [info] > git rev-parse refs/remotes/origin/main [2ms]
2025-03-24 11:25:01.290 [info] > git status -z -uall [6ms]
2025-03-24 11:25:01.293 [info] > git for-each-ref --sort -committerdate --format %(refname) %(objectname) %(*objectname) [3ms]
2025-03-24 11:25:06.308 [info] > git config --get commit.template [5ms]
2025-03-24 11:25:06.319 [info] > git for-each-ref --format=%(refname)%00%(upstream:short)%00%(objectname)%00%(upstream:track)%00%(upstream:remotename)%00%(upstream:remoteref) refs/heads/main refs/remotes/main [11ms]
2025-03-24 11:25:06.331 [warning] [Git][revParse] Unable to read file: ENOENT: no such file or directory, open '/workspace/project/.git/refs/remotes/origin/main'
2025-03-24 11:25:06.334 [info] > git rev-parse refs/remotes/origin/main [2ms]
2025-03-24 11:25:06.345 [info] > git status -z -uall [5ms]
2025-03-24 11:25:06.348 [info] > git for-each-ref --sort -committerdate --format %(refname) %(objectname) %(*objectname) [4ms]
2025-03-24 11:25:39.269 [info] > git config --get commit.template [6ms]
2025-03-24 11:25:39.273 [info] > git for-each-ref --format=%(refname)%00%(upstream:short)%00%(objectname)%00%(upstream:track)%00%(upstream:remotename)%00%(upstream:remoteref) refs/heads/main refs/remotes/main [4ms]
2025-03-24 11:25:39.280 [warning] [Git][revParse] Unable to read file: ENOENT: no such file or directory, open '/workspace/project/.git/refs/remotes/origin/main'
2025-03-24 11:25:39.282 [info] > git rev-parse refs/remotes/origin/main [2ms]
2025-03-24 11:25:39.293 [info] > git status -z -uall [6ms]
2025-03-24 11:25:39.296 [info] > git for-each-ref --sort -committerdate --format %(refname) %(objectname) %(*objectname) [3ms]
2025-03-24 11:26:09.919 [info] > git config --get commit.template [6ms]
2025-03-24 11:26:09.923 [info] > git for-each-ref --format=%(refname)%00%(upstream:short)%00%(objectname)%00%(upstream:track)%00%(upstream:remotename)%00%(upstream:remoteref) refs/heads/main refs/remotes/main [4ms]
2025-03-24 11:26:09.928 [warning] [Git][revParse] Unable to read file: ENOENT: no such file or directory, open '/workspace/project/.git/refs/remotes/origin/main'
2025-03-24 11:26:09.930 [info] > git rev-parse refs/remotes/origin/main [2ms]
2025-03-24 11:26:09.939 [info] > git status -z -uall [5ms]
2025-03-24 11:26:09.942 [info] > git for-each-ref --sort -committerdate --format %(refname) %(objectname) %(*objectname) [3ms]
2025-03-24 11:26:09.958 [info] > git merge-base refs/heads/main refs/remotes/origin/main [4ms]
2025-03-24 11:26:09.966 [info] > git diff --name-status -z --diff-filter=ADMR d4f70b43029a9c076ba74e695a00dcfb3a919e43...refs/remotes/origin/main [2ms]
2025-03-24 11:26:10.127 [info] > git config --get --local branch.main.github-pr-owner-number [1ms]
2025-03-24 11:26:10.127 [warning] [Git][config] git config failed: Failed to execute git
2025-03-24 11:26:14.969 [info] > git config --get commit.template [6ms]
2025-03-24 11:26:14.973 [info] > git for-each-ref --format=%(refname)%00%(upstream:short)%00%(objectname)%00%(upstream:track)%00%(upstream:remotename)%00%(upstream:remoteref) refs/heads/main refs/remotes/main [5ms]
2025-03-24 11:26:14.978 [warning] [Git][revParse] Unable to read file: ENOENT: no such file or directory, open '/workspace/project/.git/refs/remotes/origin/main'
2025-03-24 11:26:14.979 [info] > git rev-parse refs/remotes/origin/main [1ms]
2025-03-24 11:26:14.992 [info] > git status -z -uall [7ms]
2025-03-24 11:26:14.995 [info] > git for-each-ref --sort -committerdate --format %(refname) %(objectname) %(*objectname) [4ms]
2025-03-24 11:26:15.014 [info] > git merge-base refs/heads/main refs/remotes/origin/main [4ms]
2025-03-24 11:26:15.023 [info] > git diff --name-status -z --diff-filter=ADMR d4f70b43029a9c076ba74e695a00dcfb3a919e43...refs/remotes/origin/main [2ms]
2025-03-24 11:26:15.245 [info] > git config --get --local branch.main.github-pr-owner-number [1ms]
2025-03-24 11:26:15.245 [warning] [Git][config] git config failed: Failed to execute git
2025-03-24 11:26:55.735 [info] > git config --get commit.template [7ms]
2025-03-24 11:26:55.738 [info] > git for-each-ref --format=%(refname)%00%(upstream:short)%00%(objectname)%00%(upstream:track)%00%(upstream:remotename)%00%(upstream:remoteref) refs/heads/main refs/remotes/main [5ms]
2025-03-24 11:26:55.743 [warning] [Git][revParse] Unable to read file: ENOENT: no such file or directory, open '/workspace/project/.git/refs/remotes/origin/main'
2025-03-24 11:26:55.745 [info] > git rev-parse refs/remotes/origin/main [2ms]
2025-03-24 11:26:55.758 [info] > git status -z -uall [7ms]
2025-03-24 11:26:55.762 [info] > git for-each-ref --sort -committerdate --format %(refname) %(objectname) %(*objectname) [3ms]
2025-03-24 11:27:06.734 [info] > git config --get commit.template [6ms]
2025-03-24 11:27:06.738 [info] > git for-each-ref --format=%(refname)%00%(upstream:short)%00%(objectname)%00%(upstream:track)%00%(upstream:remotename)%00%(upstream:remoteref) refs/heads/main refs/remotes/main [4ms]
2025-03-24 11:27:06.744 [warning] [Git][revParse] Unable to read file: ENOENT: no such file or directory, open '/workspace/project/.git/refs/remotes/origin/main'
2025-03-24 11:27:06.745 [info] > git rev-parse refs/remotes/origin/main [1ms]
2025-03-24 11:27:06.758 [info] > git status -z -uall [7ms]
2025-03-24 11:27:06.760 [info] > git for-each-ref --sort -committerdate --format %(refname) %(objectname) %(*objectname) [4ms]
2025-03-24 11:27:11.779 [info] > git config --get commit.template [8ms]
2025-03-24 11:27:11.783 [info] > git for-each-ref --format=%(refname)%00%(upstream:short)%00%(objectname)%00%(upstream:track)%00%(upstream:remotename)%00%(upstream:remoteref) refs/heads/main refs/remotes/main [4ms]
2025-03-24 11:27:11.788 [warning] [Git][revParse] Unable to read file: ENOENT: no such file or directory, open '/workspace/project/.git/refs/remotes/origin/main'
2025-03-24 11:27:11.789 [info] > git rev-parse refs/remotes/origin/main [1ms]
2025-03-24 11:27:11.799 [info] > git status -z -uall [5ms]
2025-03-24 11:27:11.802 [info] > git for-each-ref --sort -committerdate --format %(refname) %(objectname) %(*objectname) [3ms]
2025-03-24 11:27:24.253 [info] > git config --get commit.template [8ms]
2025-03-24 11:27:24.256 [info] > git for-each-ref --format=%(refname)%00%(upstream:short)%00%(objectname)%00%(upstream:track)%00%(upstream:remotename)%00%(upstream:remoteref) refs/heads/main refs/remotes/main [5ms]
2025-03-24 11:27:24.262 [warning] [Git][revParse] Unable to read file: ENOENT: no such file or directory, open '/workspace/project/.git/refs/remotes/origin/main'
2025-03-24 11:27:24.264 [info] > git rev-parse refs/remotes/origin/main [2ms]
2025-03-24 11:27:24.276 [info] > git status -z -uall [6ms]
2025-03-24 11:27:24.279 [info] > git for-each-ref --sort -committerdate --format %(refname) %(objectname) %(*objectname) [4ms]
2025-03-24 11:27:49.866 [info] > git config --get commit.template [7ms]
2025-03-24 11:27:49.869 [info] > git for-each-ref --format=%(refname)%00%(upstream:short)%00%(objectname)%00%(upstream:track)%00%(upstream:remotename)%00%(upstream:remoteref) refs/heads/main refs/remotes/main [4ms]
2025-03-24 11:27:49.875 [warning] [Git][revParse] Unable to read file: ENOENT: no such file or directory, open '/workspace/project/.git/refs/remotes/origin/main'
2025-03-24 11:27:49.876 [info] > git rev-parse refs/remotes/origin/main [2ms]
2025-03-24 11:27:49.888 [info] > git status -z -uall [7ms]
2025-03-24 11:27:49.890 [info] > git for-each-ref --sort -committerdate --format %(refname) %(objectname) %(*objectname) [3ms]
2025-03-24 11:27:54.956 [info] > git config --get commit.template [7ms]
2025-03-24 11:27:54.961 [info] > git for-each-ref --format=%(refname)%00%(upstream:short)%00%(objectname)%00%(upstream:track)%00%(upstream:remotename)%00%(upstream:remoteref) refs/heads/main refs/remotes/main [5ms]
2025-03-24 11:27:54.967 [warning] [Git][revParse] Unable to read file: ENOENT: no such file or directory, open '/workspace/project/.git/refs/remotes/origin/main'
2025-03-24 11:27:54.969 [info] > git rev-parse refs/remotes/origin/main [2ms]
2025-03-24 11:27:54.981 [info] > git status -z -uall [6ms]
2025-03-24 11:27:54.984 [info] > git for-each-ref --sort -committerdate --format %(refname) %(objectname) %(*objectname) [3ms]
2025-03-24 11:28:10.078 [info] > git config --get commit.template [6ms]
2025-03-24 11:28:10.082 [info] > git for-each-ref --format=%(refname)%00%(upstream:short)%00%(objectname)%00%(upstream:track)%00%(upstream:remotename)%00%(upstream:remoteref) refs/heads/main refs/remotes/main [4ms]
2025-03-24 11:28:10.087 [warning] [Git][revParse] Unable to read file: ENOENT: no such file or directory, open '/workspace/project/.git/refs/remotes/origin/main'
2025-03-24 11:28:10.089 [info] > git rev-parse refs/remotes/origin/main [2ms]
2025-03-24 11:28:10.099 [info] > git status -z -uall [5ms]
2025-03-24 11:28:10.102 [info] > git for-each-ref --sort -committerdate --format %(refname) %(objectname) %(*objectname) [3ms]
2025-03-24 11:28:15.118 [info] > git config --get commit.template [6ms]
2025-03-24 11:28:15.123 [info] > git for-each-ref --format=%(refname)%00%(upstream:short)%00%(objectname)%00%(upstream:track)%00%(upstream:remotename)%00%(upstream:remoteref) refs/heads/main refs/remotes/main [5ms]
2025-03-24 11:28:15.129 [warning] [Git][revParse] Unable to read file: ENOENT: no such file or directory, open '/workspace/project/.git/refs/remotes/origin/main'
2025-03-24 11:28:15.130 [info] > git rev-parse refs/remotes/origin/main [1ms]
2025-03-24 11:28:15.142 [info] > git status -z -uall [6ms]
2025-03-24 11:28:15.145 [info] > git for-each-ref --sort -committerdate --format %(refname) %(objectname) %(*objectname) [4ms]
2025-03-24 11:28:20.165 [info] > git config --get commit.template [6ms]
2025-03-24 11:28:20.170 [info] > git for-each-ref --format=%(refname)%00%(upstream:short)%00%(objectname)%00%(upstream:track)%00%(upstream:remotename)%00%(upstream:remoteref) refs/heads/main refs/remotes/main [5ms]
2025-03-24 11:28:20.176 [warning] [Git][revParse] Unable to read file: ENOENT: no such file or directory, open '/workspace/project/.git/refs/remotes/origin/main'
2025-03-24 11:28:20.178 [info] > git rev-parse refs/remotes/origin/main [2ms]
2025-03-24 11:28:20.190 [info] > git status -z -uall [6ms]
2025-03-24 11:28:20.194 [info] > git for-each-ref --sort -committerdate --format %(refname) %(objectname) %(*objectname) [3ms]
2025-03-24 11:28:25.213 [info] > git config --get commit.template [7ms]
2025-03-24 11:28:25.219 [info] > git for-each-ref --format=%(refname)%00%(upstream:short)%00%(objectname)%00%(upstream:track)%00%(upstream:remotename)%00%(upstream:remoteref) refs/heads/main refs/remotes/main [7ms]
2025-03-24 11:28:25.225 [warning] [Git][revParse] Unable to read file: ENOENT: no such file or directory, open '/workspace/project/.git/refs/remotes/origin/main'
2025-03-24 11:28:25.227 [info] > git rev-parse refs/remotes/origin/main [2ms]
2025-03-24 11:28:25.239 [info] > git status -z -uall [7ms]
2025-03-24 11:28:25.242 [info] > git for-each-ref --sort -committerdate --format %(refname) %(objectname) %(*objectname) [3ms]
2025-03-24 11:28:30.260 [info] > git config --get commit.template [7ms]
2025-03-24 11:28:30.264 [info] > git for-each-ref --format=%(refname)%00%(upstream:short)%00%(objectname)%00%(upstream:track)%00%(upstream:remotename)%00%(upstream:remoteref) refs/heads/main refs/remotes/main [5ms]
2025-03-24 11:28:30.269 [warning] [Git][revParse] Unable to read file: ENOENT: no such file or directory, open '/workspace/project/.git/refs/remotes/origin/main'
2025-03-24 11:28:30.271 [info] > git rev-parse refs/remotes/origin/main [2ms]
2025-03-24 11:28:30.282 [info] > git status -z -uall [6ms]
2025-03-24 11:28:30.287 [info] > git for-each-ref --sort -committerdate --format %(refname) %(objectname) %(*objectname) [6ms]
2025-03-24 11:28:41.722 [info] > git config --get commit.template [5ms]
2025-03-24 11:28:41.726 [info] > git for-each-ref --format=%(refname)%00%(upstream:short)%00%(objectname)%00%(upstream:track)%00%(upstream:remotename)%00%(upstream:remoteref) refs/heads/main refs/remotes/main [5ms]
2025-03-24 11:28:41.731 [warning] [Git][revParse] Unable to read file: ENOENT: no such file or directory, open '/workspace/project/.git/refs/remotes/origin/main'
2025-03-24 11:28:41.733 [info] > git rev-parse refs/remotes/origin/main [2ms]
2025-03-24 11:28:41.743 [info] > git status -z -uall [5ms]
2025-03-24 11:28:41.747 [info] > git for-each-ref --sort -committerdate --format %(refname) %(objectname) %(*objectname) [4ms]
2025-03-24 11:29:00.464 [info] > git config --get commit.template [6ms]
2025-03-24 11:29:00.468 [info] > git for-each-ref --format=%(refname)%00%(upstream:short)%00%(objectname)%00%(upstream:track)%00%(upstream:remotename)%00%(upstream:remoteref) refs/heads/main refs/remotes/main [5ms]
2025-03-24 11:29:00.473 [warning] [Git][revParse] Unable to read file: ENOENT: no such file or directory, open '/workspace/project/.git/refs/remotes/origin/main'
2025-03-24 11:29:00.475 [info] > git rev-parse refs/remotes/origin/main [2ms]
2025-03-24 11:29:00.486 [info] > git status -z -uall [5ms]
2025-03-24 11:29:00.489 [info] > git for-each-ref --sort -committerdate --format %(refname) %(objectname) %(*objectname) [3ms]
2025-03-24 11:29:05.506 [info] > git config --get commit.template [6ms]
2025-03-24 11:29:05.510 [info] > git for-each-ref --format=%(refname)%00%(upstream:short)%00%(objectname)%00%(upstream:track)%00%(upstream:remotename)%00%(upstream:remoteref) refs/heads/main refs/remotes/main [5ms]
2025-03-24 11:29:05.516 [warning] [Git][revParse] Unable to read file: ENOENT: no such file or directory, open '/workspace/project/.git/refs/remotes/origin/main'
2025-03-24 11:29:05.518 [info] > git rev-parse refs/remotes/origin/main [2ms]
2025-03-24 11:29:05.534 [info] > git status -z -uall [9ms]
2025-03-24 11:29:05.538 [info] > git for-each-ref --sort -committerdate --format %(refname) %(objectname) %(*objectname) [5ms]
2025-03-24 11:29:21.600 [info] > git config --get commit.template [6ms]
2025-03-24 11:29:21.604 [info] > git for-each-ref --format=%(refname)%00%(upstream:short)%00%(objectname)%00%(upstream:track)%00%(upstream:remotename)%00%(upstream:remoteref) refs/heads/main refs/remotes/main [4ms]
2025-03-24 11:29:21.609 [warning] [Git][revParse] Unable to read file: ENOENT: no such file or directory, open '/workspace/project/.git/refs/remotes/origin/main'
2025-03-24 11:29:21.610 [info] > git rev-parse refs/remotes/origin/main [2ms]
2025-03-24 11:29:21.622 [info] > git status -z -uall [6ms]
2025-03-24 11:29:21.628 [info] > git for-each-ref --sort -committerdate --format %(refname) %(objectname) %(*objectname) [7ms]
2025-03-24 11:30:53.311 [info] > git config --get commit.template [7ms]
2025-03-24 11:30:53.315 [info] > git for-each-ref --format=%(refname)%00%(upstream:short)%00%(objectname)%00%(upstream:track)%00%(upstream:remotename)%00%(upstream:remoteref) refs/heads/main refs/remotes/main [5ms]
2025-03-24 11:30:53.321 [warning] [Git][revParse] Unable to read file: ENOENT: no such file or directory, open '/workspace/project/.git/refs/remotes/origin/main'
2025-03-24 11:30:53.323 [info] > git rev-parse refs/remotes/origin/main [2ms]
2025-03-24 11:30:53.337 [info] > git status -z -uall [8ms]
2025-03-24 11:30:53.339 [info] > git for-each-ref --sort -committerdate --format %(refname) %(objectname) %(*objectname) [4ms]
2025-03-24 11:31:28.946 [info] > git config --get commit.template [8ms]
2025-03-24 11:31:28.949 [info] > git for-each-ref --format=%(refname)%00%(upstream:short)%00%(objectname)%00%(upstream:track)%00%(upstream:remotename)%00%(upstream:remoteref) refs/heads/main refs/remotes/main [4ms]
2025-03-24 11:31:28.955 [warning] [Git][revParse] Unable to read file: ENOENT: no such file or directory, open '/workspace/project/.git/refs/remotes/origin/main'
2025-03-24 11:31:28.957 [info] > git rev-parse refs/remotes/origin/main [2ms]
2025-03-24 11:31:28.970 [info] > git status -z -uall [7ms]
2025-03-24 11:31:28.973 [info] > git for-each-ref --sort -committerdate --format %(refname) %(objectname) %(*objectname) [4ms]
2025-03-24 11:31:28.989 [info] > git merge-base refs/heads/main refs/remotes/origin/main [5ms]
2025-03-24 11:31:28.996 [info] > git diff --name-status -z --diff-filter=ADMR d4f70b43029a9c076ba74e695a00dcfb3a919e43...refs/remotes/origin/main [3ms]
2025-03-24 11:31:29.206 [info] > git config --get --local branch.main.github-pr-owner-number [1ms]
2025-03-24 11:31:29.206 [warning] [Git][config] git config failed: Failed to execute git
2025-03-24 11:31:33.999 [info] > git config --get commit.template [6ms]
2025-03-24 11:31:34.003 [info] > git for-each-ref --format=%(refname)%00%(upstream:short)%00%(objectname)%00%(upstream:track)%00%(upstream:remotename)%00%(upstream:remoteref) refs/heads/main refs/remotes/main [5ms]
2025-03-24 11:31:34.007 [warning] [Git][revParse] Unable to read file: ENOENT: no such file or directory, open '/workspace/project/.git/refs/remotes/origin/main'
2025-03-24 11:31:34.009 [info] > git rev-parse refs/remotes/origin/main [2ms]
2025-03-24 11:31:34.020 [info] > git status -z -uall [6ms]
2025-03-24 11:31:34.024 [info] > git for-each-ref --sort -committerdate --format %(refname) %(objectname) %(*objectname) [4ms]
2025-03-24 11:31:41.144 [info] > git config --get commit.template [7ms]
2025-03-24 11:31:41.148 [info] > git for-each-ref --format=%(refname)%00%(upstream:short)%00%(objectname)%00%(upstream:track)%00%(upstream:remotename)%00%(upstream:remoteref) refs/heads/main refs/remotes/main [5ms]
2025-03-24 11:31:41.153 [warning] [Git][revParse] Unable to read file: ENOENT: no such file or directory, open '/workspace/project/.git/refs/remotes/origin/main'
2025-03-24 11:31:41.155 [info] > git rev-parse refs/remotes/origin/main [2ms]
2025-03-24 11:31:41.165 [info] > git status -z -uall [5ms]
2025-03-24 11:31:41.168 [info] > git for-each-ref --sort -committerdate --format %(refname) %(objectname) %(*objectname) [3ms]
2025-03-24 11:31:41.182 [info] > git merge-base refs/heads/main refs/remotes/origin/main [4ms]
2025-03-24 11:31:41.190 [info] > git diff --name-status -z --diff-filter=ADMR d4f70b43029a9c076ba74e695a00dcfb3a919e43...refs/remotes/origin/main [2ms]
2025-03-24 11:31:41.369 [info] > git config --get --local branch.main.github-pr-owner-number [2ms]
2025-03-24 11:31:41.369 [warning] [Git][config] git config failed: Failed to execute git
2025-03-24 11:31:46.192 [info] > git config --get commit.template [6ms]
2025-03-24 11:31:46.196 [info] > git for-each-ref --format=%(refname)%00%(upstream:short)%00%(objectname)%00%(upstream:track)%00%(upstream:remotename)%00%(upstream:remoteref) refs/heads/main refs/remotes/main [5ms]
2025-03-24 11:31:46.201 [warning] [Git][revParse] Unable to read file: ENOENT: no such file or directory, open '/workspace/project/.git/refs/remotes/origin/main'
2025-03-24 11:31:46.202 [info] > git rev-parse refs/remotes/origin/main [1ms]
2025-03-24 11:31:46.213 [info] > git status -z -uall [6ms]
2025-03-24 11:31:46.217 [info] > git for-each-ref --sort -committerdate --format %(refname) %(objectname) %(*objectname) [4ms]
2025-03-24 11:31:51.238 [info] > git config --get commit.template [6ms]
2025-03-24 11:31:51.242 [info] > git for-each-ref --format=%(refname)%00%(upstream:short)%00%(objectname)%00%(upstream:track)%00%(upstream:remotename)%00%(upstream:remoteref) refs/heads/main refs/remotes/main [5ms]
2025-03-24 11:31:51.247 [warning] [Git][revParse] Unable to read file: ENOENT: no such file or directory, open '/workspace/project/.git/refs/remotes/origin/main'
2025-03-24 11:31:51.249 [info] > git rev-parse refs/remotes/origin/main [2ms]
2025-03-24 11:31:51.259 [info] > git status -z -uall [6ms]
2025-03-24 11:31:51.262 [info] > git for-each-ref --sort -committerdate --format %(refname) %(objectname) %(*objectname) [3ms]
2025-03-24 11:32:03.632 [info] > git config --get commit.template [7ms]
2025-03-24 11:32:03.636 [info] > git for-each-ref --format=%(refname)%00%(upstream:short)%00%(objectname)%00%(upstream:track)%00%(upstream:remotename)%00%(upstream:remoteref) refs/heads/main refs/remotes/main [5ms]
2025-03-24 11:32:03.641 [warning] [Git][revParse] Unable to read file: ENOENT: no such file or directory, open '/workspace/project/.git/refs/remotes/origin/main'
2025-03-24 11:32:03.643 [info] > git rev-parse refs/remotes/origin/main [2ms]
2025-03-24 11:32:03.655 [info] > git status -z -uall [7ms]
2025-03-24 11:32:03.658 [info] > git for-each-ref --sort -committerdate --format %(refname) %(objectname) %(*objectname) [4ms]
2025-03-24 11:32:08.679 [info] > git config --get commit.template [7ms]
2025-03-24 11:32:08.683 [info] > git for-each-ref --format=%(refname)%00%(upstream:short)%00%(objectname)%00%(upstream:track)%00%(upstream:remotename)%00%(upstream:remoteref) refs/heads/main refs/remotes/main [4ms]
2025-03-24 11:32:08.688 [warning] [Git][revParse] Unable to read file: ENOENT: no such file or directory, open '/workspace/project/.git/refs/remotes/origin/main'
2025-03-24 11:32:08.690 [info] > git rev-parse refs/remotes/origin/main [2ms]
2025-03-24 11:32:08.701 [info] > git status -z -uall [6ms]
2025-03-24 11:32:08.704 [info] > git for-each-ref --sort -committerdate --format %(refname) %(objectname) %(*objectname) [3ms]
2025-03-24 11:32:16.591 [info] > git config --get commit.template [9ms]
2025-03-24 11:32:16.596 [info] > git for-each-ref --format=%(refname)%00%(upstream:short)%00%(objectname)%00%(upstream:track)%00%(upstream:remotename)%00%(upstream:remoteref) refs/heads/main refs/remotes/main [7ms]
2025-03-24 11:32:16.601 [warning] [Git][revParse] Unable to read file: ENOENT: no such file or directory, open '/workspace/project/.git/refs/remotes/origin/main'
2025-03-24 11:32:16.603 [info] > git rev-parse refs/remotes/origin/main [2ms]
2025-03-24 11:32:16.614 [info] > git status -z -uall [6ms]
2025-03-24 11:32:16.617 [info] > git for-each-ref --sort -committerdate --format %(refname) %(objectname) %(*objectname) [3ms]
2025-03-24 11:35:42.738 [info] > git config --get commit.template [8ms]
2025-03-24 11:35:42.744 [info] > git for-each-ref --format=%(refname)%00%(upstream:short)%00%(objectname)%00%(upstream:track)%00%(upstream:remotename)%00%(upstream:remoteref) refs/heads/main refs/remotes/main [7ms]
2025-03-24 11:35:42.751 [warning] [Git][revParse] Unable to read file: ENOENT: no such file or directory, open '/workspace/project/.git/refs/remotes/origin/main'
2025-03-24 11:35:42.754 [info] > git rev-parse refs/remotes/origin/main [3ms]
2025-03-24 11:35:42.770 [info] > git status -z -uall [8ms]
2025-03-24 11:35:42.775 [info] > git for-each-ref --sort -committerdate --format %(refname) %(objectname) %(*objectname) [5ms]
2025-03-24 11:35:42.802 [info] > git merge-base refs/heads/main refs/remotes/origin/main [7ms]
2025-03-24 11:35:42.813 [info] > git diff --name-status -z --diff-filter=ADMR d4f70b43029a9c076ba74e695a00dcfb3a919e43...refs/remotes/origin/main [4ms]
2025-03-24 11:35:42.972 [info] > git config --get --local branch.main.github-pr-owner-number [2ms]
2025-03-24 11:35:42.972 [warning] [Git][config] git config failed: Failed to execute git
