2025-03-24 11:15:17.444 [info] Log level: Info
2025-03-24 11:15:17.462 [info] VSCODE_MACHINE_ID: someValue.machineId
2025-03-24 11:15:17.462 [info] VSCODE_SESSION_ID: someValue.sessionId
2025-03-24 11:15:17.462 [info] VSCODE_VERSION: 1.98.2
2025-03-24 11:15:17.462 [info] VSCODE_APP_NAME: Gitpod Code
2025-03-24 11:15:17.462 [info] VSCODE_APP_HOST: Gitpod
2025-03-24 11:15:17.462 [info] VSCODE_UI_KIND: web
2025-03-24 11:15:17.462 [info] GITPOD_WORKSPACE_CONTEXT_URL: https://github.com/freeCodeCamp/learn-sql-by-building-a-student-database-part-1
2025-03-24 11:15:17.462 [info] GITPOD_INSTANCE_ID: 9590946c-30dd-45fe-9346-771e1568c886
2025-03-24 11:15:17.462 [info] GITPOD_WORKSPACE_URL: https://freecodecam-learnsqlbyb-fumbvkw3033.ws-us118.gitpod.io
2025-03-24 11:15:17.470 [info] Gitpod Web 3953e81
2025-03-24 11:15:17.470 [info] Reading sessions from keychain...
2025-03-24 11:15:17.670 [info] Getting sessions for all scopes...
2025-03-24 11:15:17.670 [info] Getting sessions for all scopes...
2025-03-24 11:15:17.670 [info] Getting GitHub sessions for all scopes...
2025-03-24 11:15:17.670 [info] Getting sessions for function:accessCodeSyncStorage...
2025-03-24 11:15:17.670 [info] Got stored sessions!
2025-03-24 11:15:17.670 [info] Verified session with the following scopes: function:accessCodeSyncStorage function:closePort function:controlAdmission function:deleteEnvVar function:generateNewGitpodToken function:getDefaultWorkspaceImage function:getGitpodTokenScopes function:getIDToken function:getLoggedInUser function:getOpenPorts function:getSupportedWorkspaceClasses function:getTeams function:getToken function:getWorkspace function:getWorkspaceEnvVars function:getWorkspaceOwner function:getWorkspaceTimeout function:getWorkspaceUsers function:guessGitTokenScopes function:isWorkspaceOwner function:openPort function:sendHeartBeat function:setEnvVar function:setWorkspaceTimeout function:stopWorkspace function:takeSnapshot function:trackEvent function:updateGitStatus function:waitForSnapshot resource:contentBlob::*::create/get resource:envVar::*/**::update resource:envVar::*/*::update resource:envVar::freeCodeCamp/learn-sql-by-building-a-student-database-part-1::create/get/update/delete resource:gitpodToken::*::create resource:snapshot::ws-freecodecam-learnsqlbyb-fumbvkw3033::create resource:token::*::get resource:userStorage::*::create/get/update resource:workspace::freecodecam-learnsqlbyb-fumbvkw3033::get/update resource:workspaceInstance::9590946c-30dd-45fe-9346-771e1568c886::get/update/delete
2025-03-24 11:15:17.671 [info] Got 1 verified sessions.
2025-03-24 11:15:17.671 [info] Got 1 sessions for all scopes...
2025-03-24 11:15:17.671 [info] Got 1 sessions for all scopes...
2025-03-24 11:15:17.671 [info] Got 1 sessions for function:accessCodeSyncStorage...
2025-03-24 11:15:18.128 [info] Getting GitHub sessions for all scopes...
2025-03-24 11:15:18.128 [info] Getting sessions for all scopes...
2025-03-24 11:15:18.128 [info] Got 1 sessions for all scopes...
2025-03-24 11:15:18.270 [info] Got 1 GitHub sessions for all scopes...
2025-03-24 11:15:18.270 [info] Got 1 GitHub sessions for all scopes...
2025-03-24 11:15:18.691 [info] Getting GitHub sessions for all scopes...
2025-03-24 11:15:18.691 [info] Got 1 GitHub sessions for all scopes...
2025-03-24 11:15:19.028 [info] Getting GitHub sessions for read:user,repo,user:email,workflow...
2025-03-24 11:15:19.029 [info] Got 0 GitHub sessions for read:user,repo,user:email,workflow...
2025-03-24 11:15:19.452 [info] Getting GitHub sessions for project,read:org,read:user,repo,user:email,workflow...
2025-03-24 11:15:19.452 [info] Got 0 GitHub sessions for project,read:org,read:user,repo,user:email,workflow...
2025-03-24 11:15:19.471 [info] Getting sessions for all scopes...
2025-03-24 11:15:19.471 [info] Getting GitHub sessions for all scopes...
2025-03-24 11:15:19.471 [info] Got 1 sessions for all scopes...
2025-03-24 11:15:19.471 [info] Got 1 GitHub sessions for all scopes...
2025-03-24 11:15:20.115 [info] Getting GitHub sessions for read:user,repo,user:email,workflow...
2025-03-24 11:15:20.115 [info] Got 0 GitHub sessions for read:user,repo,user:email,workflow...
2025-03-24 11:15:20.609 [info] Getting GitHub sessions for read:user,repo,user:email...
2025-03-24 11:15:20.609 [info] Got 0 GitHub sessions for read:user,repo,user:email...
2025-03-24 11:15:21.105 [info] Getting GitHub sessions for read:user,repo,user:email,workflow...
2025-03-24 11:15:21.105 [info] Got 0 GitHub sessions for read:user,repo,user:email,workflow...
