2025-03-20 11:31:39.147 [info] Log level: Info
2025-03-20 11:31:39.165 [info] VSCODE_MACHINE_ID: someValue.machineId
2025-03-20 11:31:39.166 [info] VSCODE_SESSION_ID: someValue.sessionId
2025-03-20 11:31:39.166 [info] VSCODE_VERSION: 1.97.2
2025-03-20 11:31:39.166 [info] VSCODE_APP_NAME: Gitpod Code
2025-03-20 11:31:39.166 [info] VSCODE_APP_HOST: Gitpod
2025-03-20 11:31:39.166 [info] VSCODE_UI_KIND: web
2025-03-20 11:31:39.166 [info] GITPOD_WORKSPACE_CONTEXT_URL: https://github.com/freeCodeCamp/learn-sql-by-building-a-student-database-part-1
2025-03-20 11:31:39.166 [info] GITPOD_INSTANCE_ID: 1da735e9-9181-41fb-90e5-4417d0717522
2025-03-20 11:31:39.166 [info] GITPOD_WORKSPACE_URL: https://freecodecam-learnsqlbyb-fumbvkw3033.ws-us118.gitpod.io
2025-03-20 11:31:39.173 [info] Gitpod Web 3953e81
2025-03-20 11:31:39.173 [info] Reading sessions from keychain...
2025-03-20 11:31:39.352 [info] Getting sessions for all scopes...
2025-03-20 11:31:39.352 [info] Getting sessions for all scopes...
2025-03-20 11:31:39.352 [info] Getting GitHub sessions for all scopes...
2025-03-20 11:31:39.352 [info] Getting sessions for function:accessCodeSyncStorage...
2025-03-20 11:31:39.352 [info] Got stored sessions!
2025-03-20 11:31:39.352 [info] Verified session with the following scopes: function:accessCodeSyncStorage function:closePort function:controlAdmission function:deleteEnvVar function:generateNewGitpodToken function:getDefaultWorkspaceImage function:getGitpodTokenScopes function:getIDToken function:getLoggedInUser function:getOpenPorts function:getSupportedWorkspaceClasses function:getTeams function:getToken function:getWorkspace function:getWorkspaceEnvVars function:getWorkspaceOwner function:getWorkspaceTimeout function:getWorkspaceUsers function:guessGitTokenScopes function:isWorkspaceOwner function:openPort function:sendHeartBeat function:setEnvVar function:setWorkspaceTimeout function:stopWorkspace function:takeSnapshot function:trackEvent function:updateGitStatus function:waitForSnapshot resource:contentBlob::*::create/get resource:envVar::*/**::update resource:envVar::*/*::update resource:envVar::freeCodeCamp/learn-sql-by-building-a-student-database-part-1::create/get/update/delete resource:gitpodToken::*::create resource:snapshot::ws-freecodecam-learnsqlbyb-fumbvkw3033::create resource:token::*::get resource:userStorage::*::create/get/update resource:workspace::freecodecam-learnsqlbyb-fumbvkw3033::get/update resource:workspaceInstance::1da735e9-9181-41fb-90e5-4417d0717522::get/update/delete
2025-03-20 11:31:39.352 [info] Got 1 verified sessions.
2025-03-20 11:31:39.352 [info] Got 1 sessions for all scopes...
2025-03-20 11:31:39.352 [info] Got 1 sessions for all scopes...
2025-03-20 11:31:39.352 [info] Got 1 sessions for function:accessCodeSyncStorage...
2025-03-20 11:31:39.609 [info] Getting GitHub sessions for all scopes...
2025-03-20 11:31:39.609 [info] Getting sessions for all scopes...
2025-03-20 11:31:39.609 [info] Got 1 sessions for all scopes...
2025-03-20 11:31:39.679 [info] Got 1 GitHub sessions for all scopes...
2025-03-20 11:31:39.679 [info] Got 1 GitHub sessions for all scopes...
2025-03-20 11:31:39.942 [info] Getting GitHub sessions for all scopes...
2025-03-20 11:31:39.942 [info] Got 1 GitHub sessions for all scopes...
2025-03-20 11:31:40.308 [info] Getting GitHub sessions for read:user,repo,user:email,workflow...
2025-03-20 11:31:40.308 [info] Got 0 GitHub sessions for read:user,repo,user:email,workflow...
2025-03-20 11:31:40.639 [info] Getting GitHub sessions for project,read:org,read:user,repo,user:email,workflow...
2025-03-20 11:31:40.640 [info] Got 0 GitHub sessions for project,read:org,read:user,repo,user:email,workflow...
2025-03-20 11:31:40.659 [info] Getting sessions for all scopes...
2025-03-20 11:31:40.659 [info] Getting GitHub sessions for all scopes...
2025-03-20 11:31:40.659 [info] Got 1 sessions for all scopes...
2025-03-20 11:31:40.659 [info] Got 1 GitHub sessions for all scopes...
2025-03-20 11:31:41.137 [info] Getting GitHub sessions for read:user,repo,user:email,workflow...
2025-03-20 11:31:41.137 [info] Got 0 GitHub sessions for read:user,repo,user:email,workflow...
2025-03-20 11:31:41.626 [info] Getting GitHub sessions for read:user,repo,user:email...
2025-03-20 11:31:41.626 [info] Got 0 GitHub sessions for read:user,repo,user:email...
2025-03-20 11:31:42.110 [info] Getting GitHub sessions for read:user,repo,user:email,workflow...
2025-03-20 11:31:42.110 [info] Got 0 GitHub sessions for read:user,repo,user:email,workflow...
