2025-03-20 11:31:40.292 [warning] /home/gitpod/.ssh/config: ENOENT: no such file or directory, open '/home/gitpod/.ssh/config'
2025-03-20 11:31:40.292 [info] [Activation] Extension version: 0.106.0
2025-03-20 11:31:42.276 [info] [Activation] Looking for git repository
2025-03-20 11:31:42.276 [info] [Activation] Found 0 repositories during activation
2025-03-20 11:31:42.276 [info] [Activation] Git repository found, initializing review manager and pr tree view.
2025-03-20 11:31:42.280 [info] [GitAPI] Registering git provider
2025-03-20 11:31:42.280 [info] [Review+0] Validate state in progress
2025-03-20 11:31:42.280 [info] [Review+0] Validating state...
2025-03-20 11:31:42.471 [info] [FolderRepositoryManager+0] Found GitHub remote for folder /workspace/project
2025-03-20 11:31:42.473 [info] [FolderRepositoryManager+0] Trying to use globalState for assignableUsers.
2025-03-20 11:31:42.481 [info] [Review+0] No matching pull request metadata found locally for current branch main
2025-03-20 11:31:42.481 [info] [Review+0] No matching pull request metadata found on GitHub for current branch main
2025-03-20 11:31:42.693 [info] [FolderRepositoryManager+0] GlobalState does not exist for assignableUsers.
2025-03-20 11:31:54.981 [info] [Activation] Repo state for file:///workspace/project changed.
2025-03-20 11:31:54.981 [info] [Activation] Repo file:///workspace/project has already been setup.
2025-03-20 11:40:51.130 [info] [Review+0] Validate state in progress
2025-03-20 11:40:51.130 [info] [Review+0] Validating state...
2025-03-20 11:40:51.309 [info] [FolderRepositoryManager+0] Found GitHub remote for folder /workspace/project
2025-03-20 11:40:51.310 [info] [FolderRepositoryManager+0] Using in-memory cached assignable users.
2025-03-20 11:40:51.318 [info] [Review+0] No matching pull request metadata found locally for current branch main
2025-03-20 11:40:51.318 [info] [Review+0] No matching pull request metadata found on GitHub for current branch main
2025-03-20 11:41:28.265 [info] [Review+0] Validate state in progress
2025-03-20 11:41:28.265 [info] [Review+0] Validating state...
2025-03-20 11:41:28.437 [info] [FolderRepositoryManager+0] Found GitHub remote for folder /workspace/project
2025-03-20 11:41:28.437 [info] [FolderRepositoryManager+0] Using in-memory cached assignable users.
2025-03-20 11:41:28.445 [info] [Review+0] No matching pull request metadata found locally for current branch main
2025-03-20 11:41:28.445 [info] [Review+0] No matching pull request metadata found on GitHub for current branch main
2025-03-20 11:42:37.296 [info] [Review+0] Validate state in progress
2025-03-20 11:42:37.296 [info] [Review+0] Validating state...
2025-03-20 11:42:37.467 [info] [FolderRepositoryManager+0] Found GitHub remote for folder /workspace/project
2025-03-20 11:42:37.467 [info] [FolderRepositoryManager+0] Using in-memory cached assignable users.
2025-03-20 11:42:37.475 [info] [Review+0] No matching pull request metadata found locally for current branch main
2025-03-20 11:42:37.475 [info] [Review+0] No matching pull request metadata found on GitHub for current branch main
2025-03-20 11:42:47.380 [info] [Review+0] Validate state in progress
2025-03-20 11:42:47.380 [info] [Review+0] Validating state...
2025-03-20 11:42:47.549 [info] [FolderRepositoryManager+0] Found GitHub remote for folder /workspace/project
2025-03-20 11:42:47.551 [info] [FolderRepositoryManager+0] Using in-memory cached assignable users.
2025-03-20 11:42:47.558 [info] [Review+0] No matching pull request metadata found locally for current branch main
2025-03-20 11:42:47.558 [info] [Review+0] No matching pull request metadata found on GitHub for current branch main
2025-03-20 12:06:17.669 [info] [Review+0] Validate state in progress
2025-03-20 12:06:17.669 [info] [Review+0] Validating state...
2025-03-20 12:06:17.852 [info] [FolderRepositoryManager+0] Found GitHub remote for folder /workspace/project
2025-03-20 12:06:17.852 [info] [FolderRepositoryManager+0] Using in-memory cached assignable users.
2025-03-20 12:06:17.859 [info] [Review+0] No matching pull request metadata found locally for current branch main
2025-03-20 12:06:17.859 [info] [Review+0] No matching pull request metadata found on GitHub for current branch main
2025-03-20 12:07:34.468 [info] [Review+0] Validate state in progress
2025-03-20 12:07:34.468 [info] [Review+0] Validating state...
2025-03-20 12:07:34.650 [info] [FolderRepositoryManager+0] Found GitHub remote for folder /workspace/project
2025-03-20 12:07:34.651 [info] [FolderRepositoryManager+0] Using in-memory cached assignable users.
2025-03-20 12:07:34.658 [info] [Review+0] No matching pull request metadata found locally for current branch main
2025-03-20 12:07:34.658 [info] [Review+0] No matching pull request metadata found on GitHub for current branch main
2025-03-20 12:07:44.544 [info] [Review+0] Validate state in progress
2025-03-20 12:07:44.544 [info] [Review+0] Validating state...
2025-03-20 12:07:44.713 [info] [FolderRepositoryManager+0] Found GitHub remote for folder /workspace/project
2025-03-20 12:07:44.713 [info] [FolderRepositoryManager+0] Using in-memory cached assignable users.
2025-03-20 12:07:44.720 [info] [Review+0] No matching pull request metadata found locally for current branch main
2025-03-20 12:07:44.720 [info] [Review+0] No matching pull request metadata found on GitHub for current branch main
2025-03-20 12:17:03.690 [info] [Review+0] Validate state in progress
2025-03-20 12:17:03.690 [info] [Review+0] Validating state...
2025-03-20 12:17:03.912 [info] [FolderRepositoryManager+0] Found GitHub remote for folder /workspace/project
2025-03-20 12:17:03.913 [info] [FolderRepositoryManager+0] Using in-memory cached assignable users.
2025-03-20 12:17:03.920 [info] [Review+0] No matching pull request metadata found locally for current branch main
2025-03-20 12:17:03.920 [info] [Review+0] No matching pull request metadata found on GitHub for current branch main
2025-03-20 12:17:18.985 [info] [Review+0] Validate state in progress
2025-03-20 12:17:18.985 [info] [Review+0] Validating state...
2025-03-20 12:17:19.241 [info] [FolderRepositoryManager+0] Found GitHub remote for folder /workspace/project
2025-03-20 12:17:19.242 [info] [FolderRepositoryManager+0] Using in-memory cached assignable users.
2025-03-20 12:17:19.250 [info] [Review+0] No matching pull request metadata found locally for current branch main
2025-03-20 12:17:19.250 [info] [Review+0] No matching pull request metadata found on GitHub for current branch main
2025-03-20 12:17:32.532 [info] [Review+0] Validate state in progress
2025-03-20 12:17:32.532 [info] [Review+0] Validating state...
2025-03-20 12:17:32.703 [info] [FolderRepositoryManager+0] Found GitHub remote for folder /workspace/project
2025-03-20 12:17:32.704 [info] [FolderRepositoryManager+0] Using in-memory cached assignable users.
2025-03-20 12:17:32.712 [info] [Review+0] No matching pull request metadata found locally for current branch main
2025-03-20 12:17:32.712 [info] [Review+0] No matching pull request metadata found on GitHub for current branch main
2025-03-20 12:18:04.040 [info] [Review+0] Validate state in progress
2025-03-20 12:18:04.040 [info] [Review+0] Validating state...
2025-03-20 12:18:04.211 [info] [FolderRepositoryManager+0] Found GitHub remote for folder /workspace/project
2025-03-20 12:18:04.212 [info] [FolderRepositoryManager+0] Using in-memory cached assignable users.
2025-03-20 12:18:04.221 [info] [Review+0] No matching pull request metadata found locally for current branch main
2025-03-20 12:18:04.221 [info] [Review+0] No matching pull request metadata found on GitHub for current branch main
2025-03-20 12:20:12.544 [info] [Review+0] Validate state in progress
2025-03-20 12:20:12.544 [info] [Review+0] Validating state...
2025-03-20 12:20:12.712 [info] [FolderRepositoryManager+0] Found GitHub remote for folder /workspace/project
2025-03-20 12:20:12.712 [info] [FolderRepositoryManager+0] Using in-memory cached assignable users.
2025-03-20 12:20:12.720 [info] [Review+0] No matching pull request metadata found locally for current branch main
2025-03-20 12:20:12.720 [info] [Review+0] No matching pull request metadata found on GitHub for current branch main
2025-03-20 12:20:27.669 [info] [Review+0] Validate state in progress
2025-03-20 12:20:27.669 [info] [Review+0] Validating state...
2025-03-20 12:20:27.897 [info] [FolderRepositoryManager+0] Found GitHub remote for folder /workspace/project
2025-03-20 12:20:27.897 [info] [FolderRepositoryManager+0] Using in-memory cached assignable users.
2025-03-20 12:20:27.905 [info] [Review+0] No matching pull request metadata found locally for current branch main
2025-03-20 12:20:27.905 [info] [Review+0] No matching pull request metadata found on GitHub for current branch main
2025-03-20 12:21:41.109 [info] [Review+0] Validate state in progress
2025-03-20 12:21:41.110 [info] [Review+0] Validating state...
2025-03-20 12:21:41.280 [info] [FolderRepositoryManager+0] Found GitHub remote for folder /workspace/project
2025-03-20 12:21:41.280 [info] [FolderRepositoryManager+0] Using in-memory cached assignable users.
2025-03-20 12:21:41.287 [info] [Review+0] No matching pull request metadata found locally for current branch main
2025-03-20 12:21:41.288 [info] [Review+0] No matching pull request metadata found on GitHub for current branch main
2025-03-20 12:21:51.192 [info] [Review+0] Validate state in progress
2025-03-20 12:21:51.192 [info] [Review+0] Validating state...
2025-03-20 12:21:51.359 [info] [FolderRepositoryManager+0] Found GitHub remote for folder /workspace/project
2025-03-20 12:21:51.360 [info] [FolderRepositoryManager+0] Using in-memory cached assignable users.
2025-03-20 12:21:51.368 [info] [Review+0] No matching pull request metadata found locally for current branch main
2025-03-20 12:21:51.369 [info] [Review+0] No matching pull request metadata found on GitHub for current branch main
2025-03-20 12:22:42.809 [info] [Review+0] Validate state in progress
2025-03-20 12:22:42.809 [info] [Review+0] Validating state...
2025-03-20 12:22:43.045 [info] [FolderRepositoryManager+0] Found GitHub remote for folder /workspace/project
2025-03-20 12:22:43.046 [info] [FolderRepositoryManager+0] Using in-memory cached assignable users.
2025-03-20 12:22:43.053 [info] [Review+0] No matching pull request metadata found locally for current branch main
2025-03-20 12:22:43.053 [info] [Review+0] No matching pull request metadata found on GitHub for current branch main
2025-03-20 12:23:49.105 [info] [Review+0] Validate state in progress
2025-03-20 12:23:49.105 [info] [Review+0] Validating state...
2025-03-20 12:23:49.383 [info] [FolderRepositoryManager+0] Found GitHub remote for folder /workspace/project
2025-03-20 12:23:49.384 [info] [FolderRepositoryManager+0] Using in-memory cached assignable users.
2025-03-20 12:23:49.391 [info] [Review+0] No matching pull request metadata found locally for current branch main
2025-03-20 12:23:49.391 [info] [Review+0] No matching pull request metadata found on GitHub for current branch main
2025-03-20 12:24:25.425 [info] [Review+0] Validate state in progress
2025-03-20 12:24:25.426 [info] [Review+0] Validating state...
2025-03-20 12:24:25.594 [info] [FolderRepositoryManager+0] Found GitHub remote for folder /workspace/project
2025-03-20 12:24:25.595 [info] [FolderRepositoryManager+0] Using in-memory cached assignable users.
2025-03-20 12:24:25.603 [info] [Review+0] No matching pull request metadata found locally for current branch main
2025-03-20 12:24:25.603 [info] [Review+0] No matching pull request metadata found on GitHub for current branch main
2025-03-20 12:24:50.157 [info] [Review+0] Validate state in progress
2025-03-20 12:24:50.157 [info] [Review+0] Validating state...
2025-03-20 12:24:50.326 [info] [FolderRepositoryManager+0] Found GitHub remote for folder /workspace/project
2025-03-20 12:24:50.327 [info] [FolderRepositoryManager+0] Using in-memory cached assignable users.
2025-03-20 12:24:50.334 [info] [Review+0] No matching pull request metadata found locally for current branch main
2025-03-20 12:24:50.335 [info] [Review+0] No matching pull request metadata found on GitHub for current branch main
2025-03-20 12:24:55.200 [info] [Review+0] Validate state in progress
2025-03-20 12:24:55.200 [info] [Review+0] Validating state...
2025-03-20 12:24:55.368 [info] [FolderRepositoryManager+0] Found GitHub remote for folder /workspace/project
2025-03-20 12:24:55.369 [info] [FolderRepositoryManager+0] Using in-memory cached assignable users.
2025-03-20 12:24:55.378 [info] [Review+0] No matching pull request metadata found locally for current branch main
2025-03-20 12:24:55.378 [info] [Review+0] No matching pull request metadata found on GitHub for current branch main
2025-03-20 12:25:00.248 [info] [Review+0] Validate state in progress
2025-03-20 12:25:00.248 [info] [Review+0] Validating state...
2025-03-20 12:25:00.464 [info] [FolderRepositoryManager+0] Found GitHub remote for folder /workspace/project
2025-03-20 12:25:00.464 [info] [FolderRepositoryManager+0] Using in-memory cached assignable users.
2025-03-20 12:25:00.472 [info] [Review+0] No matching pull request metadata found locally for current branch main
2025-03-20 12:25:00.473 [info] [Review+0] No matching pull request metadata found on GitHub for current branch main
2025-03-20 12:25:16.713 [info] [Review+0] Validate state in progress
2025-03-20 12:25:16.713 [info] [Review+0] Validating state...
2025-03-20 12:25:16.880 [info] [FolderRepositoryManager+0] Found GitHub remote for folder /workspace/project
2025-03-20 12:25:16.880 [info] [FolderRepositoryManager+0] Using in-memory cached assignable users.
2025-03-20 12:25:16.888 [info] [Review+0] No matching pull request metadata found locally for current branch main
2025-03-20 12:25:16.888 [info] [Review+0] No matching pull request metadata found on GitHub for current branch main
2025-03-20 12:42:19.533 [info] [Review+0] Validate state in progress
2025-03-20 12:42:19.533 [info] [Review+0] Validating state...
2025-03-20 12:42:19.762 [info] [FolderRepositoryManager+0] Found GitHub remote for folder /workspace/project
2025-03-20 12:42:19.762 [info] [FolderRepositoryManager+0] Using in-memory cached assignable users.
2025-03-20 12:42:19.770 [info] [Review+0] No matching pull request metadata found locally for current branch main
2025-03-20 12:42:19.770 [info] [Review+0] No matching pull request metadata found on GitHub for current branch main
2025-03-20 12:42:24.579 [info] [Review+0] Validate state in progress
2025-03-20 12:42:24.579 [info] [Review+0] Validating state...
2025-03-20 12:42:24.755 [info] [FolderRepositoryManager+0] Found GitHub remote for folder /workspace/project
2025-03-20 12:42:24.756 [info] [FolderRepositoryManager+0] Using in-memory cached assignable users.
2025-03-20 12:42:24.763 [info] [Review+0] No matching pull request metadata found locally for current branch main
2025-03-20 12:42:24.763 [info] [Review+0] No matching pull request metadata found on GitHub for current branch main
2025-03-20 12:46:59.639 [info] [Review+0] Validate state in progress
2025-03-20 12:46:59.639 [info] [Review+0] Validating state...
2025-03-20 12:46:59.864 [info] [FolderRepositoryManager+0] Found GitHub remote for folder /workspace/project
2025-03-20 12:46:59.864 [info] [FolderRepositoryManager+0] Using in-memory cached assignable users.
2025-03-20 12:46:59.870 [info] [Review+0] No matching pull request metadata found locally for current branch main
2025-03-20 12:46:59.871 [info] [Review+0] No matching pull request metadata found on GitHub for current branch main
2025-03-20 12:47:11.701 [info] [Review+0] Validate state in progress
2025-03-20 12:47:11.701 [info] [Review+0] Validating state...
2025-03-20 12:47:11.870 [info] [FolderRepositoryManager+0] Found GitHub remote for folder /workspace/project
2025-03-20 12:47:11.870 [info] [FolderRepositoryManager+0] Using in-memory cached assignable users.
2025-03-20 12:47:11.876 [info] [Review+0] No matching pull request metadata found locally for current branch main
2025-03-20 12:47:11.876 [info] [Review+0] No matching pull request metadata found on GitHub for current branch main
2025-03-20 12:47:16.742 [info] [Review+0] Validate state in progress
2025-03-20 12:47:16.742 [info] [Review+0] Validating state...
2025-03-20 12:47:16.911 [info] [FolderRepositoryManager+0] Found GitHub remote for folder /workspace/project
2025-03-20 12:47:16.912 [info] [FolderRepositoryManager+0] Using in-memory cached assignable users.
2025-03-20 12:47:16.918 [info] [Review+0] No matching pull request metadata found locally for current branch main
2025-03-20 12:47:16.918 [info] [Review+0] No matching pull request metadata found on GitHub for current branch main
2025-03-20 12:47:26.819 [info] [Review+0] Validate state in progress
2025-03-20 12:47:26.819 [info] [Review+0] Validating state...
2025-03-20 12:47:27.053 [info] [FolderRepositoryManager+0] Found GitHub remote for folder /workspace/project
2025-03-20 12:47:27.054 [info] [FolderRepositoryManager+0] Using in-memory cached assignable users.
2025-03-20 12:47:27.060 [info] [Review+0] No matching pull request metadata found locally for current branch main
2025-03-20 12:47:27.061 [info] [Review+0] No matching pull request metadata found on GitHub for current branch main
