coderoad v0.19.4
STATE: "Setup.Startup"
ROUTE: "Setup.Startup": On level unknown, step unknown
EDITOR_STARTUP
Using tutorial url from env: https://raw.githubusercontent.com/freeCodeCamp/learn-sql-by-building-a-student-database-part-1/main/tutorial.json
Tutorial: Learn SQL by Building a Student Database: Part 1 (3.0.0)
START_TUTORIAL_FROM_URL
EDITOR_TUTORIAL_CONFIG
Calling command: node --version
STATE: "Setup.SetupNewTutorial"
ROUTE: "Setup.SetupNewTutorial": On level unknown, step unknown
Workspace path: /workspace/project/.git
Check file exists: /workspace/project/.git
Calling command: git ls-remote --exit-code --heads https://github.com/freeCodeCamp/learn-sql-by-building-a-student-database-part-1
Calling command: git ls-remote --exit-code --heads https://github.com/freeCodeCamp/learn-sql-by-building-a-student-database-part-1 v3.0.0
Calling command: git remote -v
Calling command: git remote add coderoad https://github.com/freeCodeCamp/learn-sql-by-building-a-student-database-part-1 && git fetch coderoad
Calling command: git log -n 1 --pretty=format:%s d42669943ee7a32a8c38f907ed7914c91953f808
Calling command: git log -g --grep='INIT'
Calling command: git cherry-pick -X theirs d42669943ee7a32a8c38f907ed7914c91953f808
Command: ./.freeCodeCamp/reset.sh
COMMAND_START
Calling command: ./.freeCodeCamp/reset.sh
STATE: "Setup.SetupNewTutorial"
ROUTE: "Setup.SetupNewTutorial": On level unknown, step unknown
Command output:  * Stopping PostgreSQL 12 database server
   ...done.
 * Starting PostgreSQL 12 database server
   ...done.

COMMAND_SUCCESS
Command: cd .freeCodeCamp && npm install
COMMAND_START
Calling command: cd .freeCodeCamp && npm install
STATE: "Setup.SetupNewTutorial"
ROUTE: "Setup.SetupNewTutorial": On level unknown, step unknown
STATE: "Setup.SetupNewTutorial"
ROUTE: "Setup.SetupNewTutorial": On level unknown, step unknown
Command failed: npm WARN old lockfile 
npm WARN old lockfile The package-lock.json file was created with an old version of npm,
npm WARN old lockfile so supplemental metadata must be fetched from the registry.
npm WARN old lockfile 
npm WARN old lockfile This is a one-time fix-up, please be patient...
npm WARN old lockfile 
npm WARN deprecated inflight@1.0.6: This module is not supported, and leaks memory. Do not use it. Check out lru-cache if you want a good and tested way to coalesce async requests by a key value, which is much more comprehensive and powerful.
npm WARN deprecated glob@7.1.3: Glob versions prior to v9 are no longer supported
npm WARN deprecated debug@3.2.6: Debug versions >=3.2.0 <3.2.7 || >=4 <4.3.1 have a low-severity ReDos regression when used in a Node.js environment. It is recommended you upgrade to 3.2.7 or 4.3.1. (https://github.com/visionmedia/debug/issues/797)
npm notice 
npm notice New major version of npm available! 10.2.4 -> 11.2.0
npm notice Changelog: <https://github.com/npm/cli/releases/tag/v11.2.0>
npm notice Run `npm install -g npm@11.2.0` to update!
npm notice 

COMMAND_FAIL
TUTORIAL_CONFIGURED
STATE: "Setup.SetupNewTutorial"
ROUTE: "Setup.SetupNewTutorial": On level unknown, step unknown
STATE: "Setup.StartTutorial"
ROUTE: "Setup.StartTutorial": On level 10, step 10.1
EDITOR_LEVEL_ENTER
EDITOR_STEP_ENTER
STATE: "Tutorial.Level.Load"
ROUTE: "Tutorial.Level.Load": On level 10, step 10.1
STATE: "Tutorial.Level.Normal"
ROUTE: "Tutorial.Level.Normal": On level 10, step 10.1
Calling command: git log -n 1 --pretty=format:%s 91fad900c0ccbbe1da8b2ec2986cba13b4ace2e4
Calling command: git log -g --grep='10.1'
Calling command: git cherry-pick -X theirs 91fad900c0ccbbe1da8b2ec2986cba13b4ace2e4
------------------- RUN TEST -------------------
START_TEST
COMMAND: npm run programmatic-test --reporter=mocha-tap-reporter
Calling command: npm run programmatic-test --reporter=mocha-tap-reporter
STATE: "Tutorial.Level.TestRunning"
ROUTE: "Tutorial.Level.TestRunning": On level 10, step 10.1
---------------- TEST RESULTS -----------------
Test pass position: {"stepId":"10.1","levelId":"10","complete":false}
TEST_PASS
updateStepPosition: {"type":"TEST_PASS","payload":{"position":{"stepId":"10.1","levelId":"10","complete":true}},"source":"coderoad"})
EDITOR_STEP_COMPLETE
Calling command: git commit -am 'Save progress: 10.1'
STATE: "Tutorial.Level.StepNext"
ROUTE: "Tutorial.Level.StepNext": Completed level 10, step 10.1
EDITOR_LEVEL_COMPLETE
STATE: "Tutorial.Level.LevelComplete"
ROUTE: "Tutorial.Level.LevelComplete": Completed level 10, step 10.1
Commit saved: [main d97c161] Save progress: 10.1
 14 files changed, 775 insertions(+), 6860 deletions(-)
 mode change 100644 => 100755 .freeCodeCamp/.bashrc
 mode change 100644 => 100755 .freeCodeCamp/.psqlrc
 mode change 100644 => 100755 .freeCodeCamp/pg_hba.conf
 mode change 100644 => 100755 .freeCodeCamp/postgresql.conf
 mode change 100644 => 100755 .freeCodeCamp/test/.cwd
 mode change 100644 => 100755 .freeCodeCamp/test/.next_command
 mode change 100644 => 100755 .gitignore
 mode change 100644 => 100755 .gitpod.yml
 mode change 100644 => 100755 .vscode/settings.json
 delete mode 100644 CHANGELOG.md
 delete mode 100644 TUTORIAL.md
 delete mode 100644 coderoad.yaml
 delete mode 100644 tutorial.json

KEY_PRESS_ENTER
STATE: "Tutorial.Level.LoadNext"
ROUTE: "Tutorial.Level.LoadNext": Completed level 10, step 10.1
EDITOR_SYNC_POSITION
EDITOR_LEVEL_ENTER
EDITOR_STEP_ENTER
STATE: "Tutorial.Level.Load"
ROUTE: "Tutorial.Level.Load": On level 20, step 20.1
STATE: "Tutorial.Level.Normal"
ROUTE: "Tutorial.Level.Normal": On level 20, step 20.1
Calling command: git log -n 1 --pretty=format:%s 6818ae581c459de5a23074aecc69027a1809c172
Calling command: git log -g --grep='20.1'
Calling command: git cherry-pick -X theirs 6818ae581c459de5a23074aecc69027a1809c172
------------------- RUN TEST -------------------
START_TEST
COMMAND: npm run programmatic-test --reporter=mocha-tap-reporter
Calling command: npm run programmatic-test --reporter=mocha-tap-reporter
STATE: "Tutorial.Level.TestRunning"
ROUTE: "Tutorial.Level.TestRunning": On level 20, step 20.1
---------------- TEST RESULTS -----------------
Test pass position: {"stepId":"20.1","levelId":"20","complete":false}
TEST_PASS
updateStepPosition: {"type":"TEST_PASS","payload":{"position":{"stepId":"20.1","levelId":"20","complete":true}},"source":"coderoad"})
EDITOR_STEP_COMPLETE
Calling command: git commit -am 'Save progress: 20.1'
STATE: "Tutorial.Level.StepNext"
ROUTE: "Tutorial.Level.StepNext": Completed level 20, step 20.1
EDITOR_LEVEL_COMPLETE
STATE: "Tutorial.Level.LevelComplete"
ROUTE: "Tutorial.Level.LevelComplete": Completed level 20, step 20.1
Commit saved: [main 0246537] Save progress: 20.1
 1 file changed, 1 insertion(+)

KEY_PRESS_ENTER
STATE: "Tutorial.Level.LoadNext"
ROUTE: "Tutorial.Level.LoadNext": Completed level 20, step 20.1
EDITOR_SYNC_POSITION
EDITOR_LEVEL_ENTER
EDITOR_STEP_ENTER
STATE: "Tutorial.Level.Load"
ROUTE: "Tutorial.Level.Load": On level 30, step 30.1
STATE: "Tutorial.Level.Normal"
ROUTE: "Tutorial.Level.Normal": On level 30, step 30.1
Calling command: git log -n 1 --pretty=format:%s ecacba1730230a0a9ae6bb224db9c90bb1548d98
Calling command: git log -g --grep='30.1'
Calling command: git cherry-pick -X theirs ecacba1730230a0a9ae6bb224db9c90bb1548d98
------------------- RUN TEST -------------------
START_TEST
COMMAND: npm run programmatic-test --reporter=mocha-tap-reporter
Calling command: npm run programmatic-test --reporter=mocha-tap-reporter
STATE: "Tutorial.Level.TestRunning"
ROUTE: "Tutorial.Level.TestRunning": On level 30, step 30.1
---------------- TEST RESULTS -----------------
Test pass position: {"stepId":"30.1","levelId":"30","complete":false}
TEST_PASS
updateStepPosition: {"type":"TEST_PASS","payload":{"position":{"stepId":"30.1","levelId":"30","complete":true}},"source":"coderoad"})
EDITOR_STEP_COMPLETE
Calling command: git commit -am 'Save progress: 30.1'
STATE: "Tutorial.Level.StepNext"
ROUTE: "Tutorial.Level.StepNext": Completed level 30, step 30.1
EDITOR_LEVEL_COMPLETE
STATE: "Tutorial.Level.LevelComplete"
ROUTE: "Tutorial.Level.LevelComplete": Completed level 30, step 30.1
KEY_PRESS_ENTER
STATE: "Tutorial.Level.LoadNext"
ROUTE: "Tutorial.Level.LoadNext": Completed level 30, step 30.1
EDITOR_SYNC_POSITION
EDITOR_LEVEL_ENTER
EDITOR_STEP_ENTER
STATE: "Tutorial.Level.Load"
ROUTE: "Tutorial.Level.Load": On level 40, step 40.1
STATE: "Tutorial.Level.Normal"
ROUTE: "Tutorial.Level.Normal": On level 40, step 40.1
Calling command: git log -n 1 --pretty=format:%s cb521b101a834362a8f100f5d3f6083ae2d08bc3
Calling command: git log -g --grep='40.1'
Calling command: git cherry-pick -X theirs cb521b101a834362a8f100f5d3f6083ae2d08bc3
------------------- RUN TEST -------------------
START_TEST
COMMAND: npm run programmatic-test --reporter=mocha-tap-reporter
Calling command: npm run programmatic-test --reporter=mocha-tap-reporter
STATE: "Tutorial.Level.TestRunning"
ROUTE: "Tutorial.Level.TestRunning": On level 40, step 40.1
---------------- TEST RESULTS -----------------
Test pass position: {"stepId":"40.1","levelId":"40","complete":false}
TEST_PASS
updateStepPosition: {"type":"TEST_PASS","payload":{"position":{"stepId":"40.1","levelId":"40","complete":true}},"source":"coderoad"})
EDITOR_STEP_COMPLETE
Calling command: git commit -am 'Save progress: 40.1'
STATE: "Tutorial.Level.StepNext"
ROUTE: "Tutorial.Level.StepNext": Completed level 40, step 40.1
EDITOR_LEVEL_COMPLETE
STATE: "Tutorial.Level.LevelComplete"
ROUTE: "Tutorial.Level.LevelComplete": Completed level 40, step 40.1
KEY_PRESS_ENTER
STATE: "Tutorial.Level.LoadNext"
ROUTE: "Tutorial.Level.LoadNext": Completed level 40, step 40.1
EDITOR_SYNC_POSITION
EDITOR_LEVEL_ENTER
EDITOR_STEP_ENTER
STATE: "Tutorial.Level.Load"
ROUTE: "Tutorial.Level.Load": On level 50, step 50.1
STATE: "Tutorial.Level.Normal"
ROUTE: "Tutorial.Level.Normal": On level 50, step 50.1
Calling command: git log -n 1 --pretty=format:%s 3369962b4f22bee4939c0c2a427b16dad19ac3e1
Calling command: git log -g --grep='50.1'
Calling command: git cherry-pick -X theirs 3369962b4f22bee4939c0c2a427b16dad19ac3e1
------------------- RUN TEST -------------------
START_TEST
COMMAND: npm run programmatic-test --reporter=mocha-tap-reporter
Calling command: npm run programmatic-test --reporter=mocha-tap-reporter
STATE: "Tutorial.Level.TestRunning"
ROUTE: "Tutorial.Level.TestRunning": On level 50, step 50.1
---------------- TEST RESULTS -----------------
Test pass position: {"stepId":"50.1","levelId":"50","complete":false}
TEST_PASS
updateStepPosition: {"type":"TEST_PASS","payload":{"position":{"stepId":"50.1","levelId":"50","complete":true}},"source":"coderoad"})
EDITOR_STEP_COMPLETE
Calling command: git commit -am 'Save progress: 50.1'
STATE: "Tutorial.Level.StepNext"
ROUTE: "Tutorial.Level.StepNext": Completed level 50, step 50.1
EDITOR_LEVEL_COMPLETE
STATE: "Tutorial.Level.LevelComplete"
ROUTE: "Tutorial.Level.LevelComplete": Completed level 50, step 50.1
KEY_PRESS_ENTER
STATE: "Tutorial.Level.LoadNext"
ROUTE: "Tutorial.Level.LoadNext": Completed level 50, step 50.1
EDITOR_SYNC_POSITION
EDITOR_LEVEL_ENTER
EDITOR_STEP_ENTER
STATE: "Tutorial.Level.Load"
ROUTE: "Tutorial.Level.Load": On level 60, step 60.1
STATE: "Tutorial.Level.Normal"
ROUTE: "Tutorial.Level.Normal": On level 60, step 60.1
Calling command: git log -n 1 --pretty=format:%s cd8738e85c50167fe4444f4ef156ccd689278c2a
Calling command: git log -g --grep='60.1'
Calling command: git cherry-pick -X theirs cd8738e85c50167fe4444f4ef156ccd689278c2a
------------------- RUN TEST -------------------
START_TEST
COMMAND: npm run programmatic-test --reporter=mocha-tap-reporter
Calling command: npm run programmatic-test --reporter=mocha-tap-reporter
STATE: "Tutorial.Level.TestRunning"
ROUTE: "Tutorial.Level.TestRunning": On level 60, step 60.1
---------------- TEST RESULTS -----------------
TEST_FAIL
------------------- RUN TEST -------------------
START_TEST
COMMAND: npm run programmatic-test --reporter=mocha-tap-reporter
Calling command: npm run programmatic-test --reporter=mocha-tap-reporter
STATE: "Tutorial.Level.Normal"
ROUTE: "Tutorial.Level.Normal": On level 60, step 60.1
STATE: "Tutorial.Level.TestRunning"
ROUTE: "Tutorial.Level.TestRunning": On level 60, step 60.1
---------------- TEST RESULTS -----------------
Test pass position: {"stepId":"60.1","levelId":"60","complete":false}
TEST_PASS
updateStepPosition: {"type":"TEST_PASS","payload":{"position":{"stepId":"60.1","levelId":"60","complete":true}},"source":"coderoad"})
EDITOR_STEP_COMPLETE
Calling command: git commit -am 'Save progress: 60.1'
STATE: "Tutorial.Level.StepNext"
ROUTE: "Tutorial.Level.StepNext": Completed level 60, step 60.1
EDITOR_LEVEL_COMPLETE
STATE: "Tutorial.Level.LevelComplete"
ROUTE: "Tutorial.Level.LevelComplete": Completed level 60, step 60.1
KEY_PRESS_ENTER
STATE: "Tutorial.Level.LoadNext"
ROUTE: "Tutorial.Level.LoadNext": Completed level 60, step 60.1
EDITOR_SYNC_POSITION
EDITOR_LEVEL_ENTER
EDITOR_STEP_ENTER
STATE: "Tutorial.Level.Load"
ROUTE: "Tutorial.Level.Load": On level 70, step 70.1
STATE: "Tutorial.Level.Normal"
ROUTE: "Tutorial.Level.Normal": On level 70, step 70.1
Calling command: git log -n 1 --pretty=format:%s e15a1087e5e57e8c0f6390ab52ad2fb83002bd5c
Calling command: git log -g --grep='70.1'
Calling command: git cherry-pick -X theirs e15a1087e5e57e8c0f6390ab52ad2fb83002bd5c
------------------- RUN TEST -------------------
START_TEST
COMMAND: npm run programmatic-test --reporter=mocha-tap-reporter
Calling command: npm run programmatic-test --reporter=mocha-tap-reporter
STATE: "Tutorial.Level.TestRunning"
ROUTE: "Tutorial.Level.TestRunning": On level 70, step 70.1
---------------- TEST RESULTS -----------------
Test pass position: {"stepId":"70.1","levelId":"70","complete":false}
TEST_PASS
updateStepPosition: {"type":"TEST_PASS","payload":{"position":{"stepId":"70.1","levelId":"70","complete":true}},"source":"coderoad"})
EDITOR_STEP_COMPLETE
Calling command: git commit -am 'Save progress: 70.1'
STATE: "Tutorial.Level.StepNext"
ROUTE: "Tutorial.Level.StepNext": Completed level 70, step 70.1
EDITOR_LEVEL_COMPLETE
STATE: "Tutorial.Level.LevelComplete"
ROUTE: "Tutorial.Level.LevelComplete": Completed level 70, step 70.1
KEY_PRESS_ENTER
STATE: "Tutorial.Level.LoadNext"
ROUTE: "Tutorial.Level.LoadNext": Completed level 70, step 70.1
EDITOR_SYNC_POSITION
EDITOR_LEVEL_ENTER
EDITOR_STEP_ENTER
STATE: "Tutorial.Level.Load"
ROUTE: "Tutorial.Level.Load": On level 80, step 80.1
STATE: "Tutorial.Level.Normal"
ROUTE: "Tutorial.Level.Normal": On level 80, step 80.1
Calling command: git log -n 1 --pretty=format:%s 19d00c78c84ace956628b8ad56dbfd8b8f8a3e7f
Calling command: git log -g --grep='80.1'
Calling command: git cherry-pick -X theirs 19d00c78c84ace956628b8ad56dbfd8b8f8a3e7f
------------------- RUN TEST -------------------
START_TEST
COMMAND: npm run programmatic-test --reporter=mocha-tap-reporter
Calling command: npm run programmatic-test --reporter=mocha-tap-reporter
STATE: "Tutorial.Level.TestRunning"
ROUTE: "Tutorial.Level.TestRunning": On level 80, step 80.1
---------------- TEST RESULTS -----------------
Test pass position: {"stepId":"80.1","levelId":"80","complete":false}
TEST_PASS
updateStepPosition: {"type":"TEST_PASS","payload":{"position":{"stepId":"80.1","levelId":"80","complete":true}},"source":"coderoad"})
EDITOR_STEP_COMPLETE
Calling command: git commit -am 'Save progress: 80.1'
STATE: "Tutorial.Level.StepNext"
ROUTE: "Tutorial.Level.StepNext": Completed level 80, step 80.1
EDITOR_LEVEL_COMPLETE
STATE: "Tutorial.Level.LevelComplete"
ROUTE: "Tutorial.Level.LevelComplete": Completed level 80, step 80.1
KEY_PRESS_ENTER
STATE: "Tutorial.Level.LoadNext"
ROUTE: "Tutorial.Level.LoadNext": Completed level 80, step 80.1
EDITOR_SYNC_POSITION
EDITOR_LEVEL_ENTER
EDITOR_STEP_ENTER
STATE: "Tutorial.Level.Load"
ROUTE: "Tutorial.Level.Load": On level 90, step 90.1
STATE: "Tutorial.Level.Normal"
ROUTE: "Tutorial.Level.Normal": On level 90, step 90.1
Calling command: git log -n 1 --pretty=format:%s 681614c9795683f083cd98c70d17b813c8f81fb2
Calling command: git log -g --grep='90.1'
Calling command: git cherry-pick -X theirs 681614c9795683f083cd98c70d17b813c8f81fb2
------------------- RUN TEST -------------------
START_TEST
COMMAND: npm run programmatic-test --reporter=mocha-tap-reporter
Calling command: npm run programmatic-test --reporter=mocha-tap-reporter
STATE: "Tutorial.Level.TestRunning"
ROUTE: "Tutorial.Level.TestRunning": On level 90, step 90.1
---------------- TEST RESULTS -----------------
Test pass position: {"stepId":"90.1","levelId":"90","complete":false}
TEST_PASS
updateStepPosition: {"type":"TEST_PASS","payload":{"position":{"stepId":"90.1","levelId":"90","complete":true}},"source":"coderoad"})
EDITOR_STEP_COMPLETE
Calling command: git commit -am 'Save progress: 90.1'
STATE: "Tutorial.Level.StepNext"
ROUTE: "Tutorial.Level.StepNext": Completed level 90, step 90.1
EDITOR_LEVEL_COMPLETE
STATE: "Tutorial.Level.LevelComplete"
ROUTE: "Tutorial.Level.LevelComplete": Completed level 90, step 90.1
KEY_PRESS_ENTER
STATE: "Tutorial.Level.LoadNext"
ROUTE: "Tutorial.Level.LoadNext": Completed level 90, step 90.1
EDITOR_SYNC_POSITION
EDITOR_LEVEL_ENTER
EDITOR_STEP_ENTER
STATE: "Tutorial.Level.Load"
ROUTE: "Tutorial.Level.Load": On level 100, step 100.1
STATE: "Tutorial.Level.Normal"
ROUTE: "Tutorial.Level.Normal": On level 100, step 100.1
Calling command: git log -n 1 --pretty=format:%s 694c3459c7c3baf4ad177fe4c16ab53a9c9e427b
Calling command: git log -g --grep='100.1'
Calling command: git cherry-pick -X theirs 694c3459c7c3baf4ad177fe4c16ab53a9c9e427b
------------------- RUN TEST -------------------
START_TEST
COMMAND: npm run programmatic-test --reporter=mocha-tap-reporter
Calling command: npm run programmatic-test --reporter=mocha-tap-reporter
STATE: "Tutorial.Level.TestRunning"
ROUTE: "Tutorial.Level.TestRunning": On level 100, step 100.1
---------------- TEST RESULTS -----------------
TEST_FAIL
STATE: "Tutorial.Level.Normal"
ROUTE: "Tutorial.Level.Normal": On level 100, step 100.1
------------------- RUN TEST -------------------
START_TEST
COMMAND: npm run programmatic-test --reporter=mocha-tap-reporter
Calling command: npm run programmatic-test --reporter=mocha-tap-reporter
STATE: "Tutorial.Level.TestRunning"
ROUTE: "Tutorial.Level.TestRunning": On level 100, step 100.1
---------------- TEST RESULTS -----------------
Test pass position: {"stepId":"100.1","levelId":"100","complete":false}
TEST_PASS
updateStepPosition: {"type":"TEST_PASS","payload":{"position":{"stepId":"100.1","levelId":"100","complete":true}},"source":"coderoad"})
EDITOR_STEP_COMPLETE
Calling command: git commit -am 'Save progress: 100.1'
STATE: "Tutorial.Level.StepNext"
ROUTE: "Tutorial.Level.StepNext": Completed level 100, step 100.1
EDITOR_LEVEL_COMPLETE
STATE: "Tutorial.Level.LevelComplete"
ROUTE: "Tutorial.Level.LevelComplete": Completed level 100, step 100.1
KEY_PRESS_ENTER
STATE: "Tutorial.Level.LoadNext"
ROUTE: "Tutorial.Level.LoadNext": Completed level 100, step 100.1
EDITOR_SYNC_POSITION
EDITOR_LEVEL_ENTER
EDITOR_STEP_ENTER
STATE: "Tutorial.Level.Load"
ROUTE: "Tutorial.Level.Load": On level 110, step 110.1
STATE: "Tutorial.Level.Normal"
ROUTE: "Tutorial.Level.Normal": On level 110, step 110.1
Calling command: git log -n 1 --pretty=format:%s caf30db914db9212e6c742f7bc6e8c8cd3200e5d
Calling command: git log -g --grep='110.1'
Calling command: git cherry-pick -X theirs caf30db914db9212e6c742f7bc6e8c8cd3200e5d
------------------- RUN TEST -------------------
START_TEST
COMMAND: npm run programmatic-test --reporter=mocha-tap-reporter
Calling command: npm run programmatic-test --reporter=mocha-tap-reporter
STATE: "Tutorial.Level.TestRunning"
ROUTE: "Tutorial.Level.TestRunning": On level 110, step 110.1
---------------- TEST RESULTS -----------------
Test pass position: {"stepId":"110.1","levelId":"110","complete":false}
TEST_PASS
updateStepPosition: {"type":"TEST_PASS","payload":{"position":{"stepId":"110.1","levelId":"110","complete":true}},"source":"coderoad"})
EDITOR_STEP_COMPLETE
Calling command: git commit -am 'Save progress: 110.1'
STATE: "Tutorial.Level.StepNext"
ROUTE: "Tutorial.Level.StepNext": Completed level 110, step 110.1
EDITOR_LEVEL_COMPLETE
STATE: "Tutorial.Level.LevelComplete"
ROUTE: "Tutorial.Level.LevelComplete": Completed level 110, step 110.1
KEY_PRESS_ENTER
STATE: "Tutorial.Level.LoadNext"
ROUTE: "Tutorial.Level.LoadNext": Completed level 110, step 110.1
EDITOR_SYNC_POSITION
EDITOR_LEVEL_ENTER
EDITOR_STEP_ENTER
STATE: "Tutorial.Level.Load"
ROUTE: "Tutorial.Level.Load": On level 120, step 120.1
STATE: "Tutorial.Level.Normal"
ROUTE: "Tutorial.Level.Normal": On level 120, step 120.1
Calling command: git log -n 1 --pretty=format:%s 3e8f9310559c2b1b0df72c7fdfeb056883f6e5aa
Calling command: git log -g --grep='120.1'
Calling command: git cherry-pick -X theirs 3e8f9310559c2b1b0df72c7fdfeb056883f6e5aa
------------------- RUN TEST -------------------
START_TEST
COMMAND: npm run programmatic-test --reporter=mocha-tap-reporter
Calling command: npm run programmatic-test --reporter=mocha-tap-reporter
STATE: "Tutorial.Level.TestRunning"
ROUTE: "Tutorial.Level.TestRunning": On level 120, step 120.1
---------------- TEST RESULTS -----------------
Test pass position: {"stepId":"120.1","levelId":"120","complete":false}
TEST_PASS
updateStepPosition: {"type":"TEST_PASS","payload":{"position":{"stepId":"120.1","levelId":"120","complete":true}},"source":"coderoad"})
EDITOR_STEP_COMPLETE
Calling command: git commit -am 'Save progress: 120.1'
STATE: "Tutorial.Level.StepNext"
ROUTE: "Tutorial.Level.StepNext": Completed level 120, step 120.1
EDITOR_LEVEL_COMPLETE
STATE: "Tutorial.Level.LevelComplete"
ROUTE: "Tutorial.Level.LevelComplete": Completed level 120, step 120.1
KEY_PRESS_ENTER
STATE: "Tutorial.Level.LoadNext"
ROUTE: "Tutorial.Level.LoadNext": Completed level 120, step 120.1
EDITOR_SYNC_POSITION
EDITOR_LEVEL_ENTER
EDITOR_STEP_ENTER
STATE: "Tutorial.Level.Load"
ROUTE: "Tutorial.Level.Load": On level 130, step 130.1
STATE: "Tutorial.Level.Normal"
ROUTE: "Tutorial.Level.Normal": On level 130, step 130.1
Calling command: git log -n 1 --pretty=format:%s e72cf140588235240e540c1a9fdbd6cd0d3de56c
Calling command: git log -g --grep='130.1'
Calling command: git cherry-pick -X theirs e72cf140588235240e540c1a9fdbd6cd0d3de56c
------------------- RUN TEST -------------------
START_TEST
COMMAND: npm run programmatic-test --reporter=mocha-tap-reporter
Calling command: npm run programmatic-test --reporter=mocha-tap-reporter
STATE: "Tutorial.Level.TestRunning"
ROUTE: "Tutorial.Level.TestRunning": On level 130, step 130.1
---------------- TEST RESULTS -----------------
Test pass position: {"stepId":"130.1","levelId":"130","complete":false}
TEST_PASS
updateStepPosition: {"type":"TEST_PASS","payload":{"position":{"stepId":"130.1","levelId":"130","complete":true}},"source":"coderoad"})
EDITOR_STEP_COMPLETE
Calling command: git commit -am 'Save progress: 130.1'
STATE: "Tutorial.Level.StepNext"
ROUTE: "Tutorial.Level.StepNext": Completed level 130, step 130.1
EDITOR_LEVEL_COMPLETE
STATE: "Tutorial.Level.LevelComplete"
ROUTE: "Tutorial.Level.LevelComplete": Completed level 130, step 130.1
KEY_PRESS_ENTER
STATE: "Tutorial.Level.LoadNext"
ROUTE: "Tutorial.Level.LoadNext": Completed level 130, step 130.1
EDITOR_SYNC_POSITION
EDITOR_LEVEL_ENTER
EDITOR_STEP_ENTER
STATE: "Tutorial.Level.Load"
ROUTE: "Tutorial.Level.Load": On level 140, step 140.1
STATE: "Tutorial.Level.Normal"
ROUTE: "Tutorial.Level.Normal": On level 140, step 140.1
Calling command: git log -n 1 --pretty=format:%s 9547bc4161879ae8c98c88255abb882e39d8ff3f
Calling command: git log -g --grep='140.1'
Calling command: git cherry-pick -X theirs 9547bc4161879ae8c98c88255abb882e39d8ff3f
------------------- RUN TEST -------------------
START_TEST
COMMAND: npm run programmatic-test --reporter=mocha-tap-reporter
Calling command: npm run programmatic-test --reporter=mocha-tap-reporter
STATE: "Tutorial.Level.TestRunning"
ROUTE: "Tutorial.Level.TestRunning": On level 140, step 140.1
---------------- TEST RESULTS -----------------
Test pass position: {"stepId":"140.1","levelId":"140","complete":false}
TEST_PASS
updateStepPosition: {"type":"TEST_PASS","payload":{"position":{"stepId":"140.1","levelId":"140","complete":true}},"source":"coderoad"})
EDITOR_STEP_COMPLETE
Calling command: git commit -am 'Save progress: 140.1'
STATE: "Tutorial.Level.StepNext"
ROUTE: "Tutorial.Level.StepNext": Completed level 140, step 140.1
EDITOR_LEVEL_COMPLETE
STATE: "Tutorial.Level.LevelComplete"
ROUTE: "Tutorial.Level.LevelComplete": Completed level 140, step 140.1
KEY_PRESS_ENTER
STATE: "Tutorial.Level.LoadNext"
ROUTE: "Tutorial.Level.LoadNext": Completed level 140, step 140.1
EDITOR_SYNC_POSITION
EDITOR_LEVEL_ENTER
EDITOR_STEP_ENTER
STATE: "Tutorial.Level.Load"
ROUTE: "Tutorial.Level.Load": On level 143, step 143.1
STATE: "Tutorial.Level.Normal"
ROUTE: "Tutorial.Level.Normal": On level 143, step 143.1
Calling command: git log -n 1 --pretty=format:%s dd9afa99c9b5e64d263dd9b423f83d1e7a5071d6
Calling command: git log -g --grep='143.1'
Calling command: git cherry-pick -X theirs dd9afa99c9b5e64d263dd9b423f83d1e7a5071d6
------------------- RUN TEST -------------------
START_TEST
COMMAND: npm run programmatic-test --reporter=mocha-tap-reporter
Calling command: npm run programmatic-test --reporter=mocha-tap-reporter
STATE: "Tutorial.Level.TestRunning"
ROUTE: "Tutorial.Level.TestRunning": On level 143, step 143.1
---------------- TEST RESULTS -----------------
Test pass position: {"stepId":"143.1","levelId":"143","complete":false}
TEST_PASS
updateStepPosition: {"type":"TEST_PASS","payload":{"position":{"stepId":"143.1","levelId":"143","complete":true}},"source":"coderoad"})
EDITOR_STEP_COMPLETE
Calling command: git commit -am 'Save progress: 143.1'
STATE: "Tutorial.Level.StepNext"
ROUTE: "Tutorial.Level.StepNext": Completed level 143, step 143.1
EDITOR_LEVEL_COMPLETE
STATE: "Tutorial.Level.LevelComplete"
ROUTE: "Tutorial.Level.LevelComplete": Completed level 143, step 143.1
KEY_PRESS_ENTER
STATE: "Tutorial.Level.LoadNext"
ROUTE: "Tutorial.Level.LoadNext": Completed level 143, step 143.1
EDITOR_SYNC_POSITION
EDITOR_LEVEL_ENTER
EDITOR_STEP_ENTER
STATE: "Tutorial.Level.Load"
ROUTE: "Tutorial.Level.Load": On level 146, step 146.1
STATE: "Tutorial.Level.Normal"
ROUTE: "Tutorial.Level.Normal": On level 146, step 146.1
Calling command: git log -n 1 --pretty=format:%s 06e08001970a2c6e9de25a7312d50a594997bb75
Calling command: git log -g --grep='146.1'
Calling command: git cherry-pick -X theirs 06e08001970a2c6e9de25a7312d50a594997bb75
------------------- RUN TEST -------------------
START_TEST
COMMAND: npm run programmatic-test --reporter=mocha-tap-reporter
Calling command: npm run programmatic-test --reporter=mocha-tap-reporter
STATE: "Tutorial.Level.TestRunning"
ROUTE: "Tutorial.Level.TestRunning": On level 146, step 146.1
---------------- TEST RESULTS -----------------
Test pass position: {"stepId":"146.1","levelId":"146","complete":false}
TEST_PASS
updateStepPosition: {"type":"TEST_PASS","payload":{"position":{"stepId":"146.1","levelId":"146","complete":true}},"source":"coderoad"})
EDITOR_STEP_COMPLETE
Calling command: git commit -am 'Save progress: 146.1'
STATE: "Tutorial.Level.StepNext"
ROUTE: "Tutorial.Level.StepNext": Completed level 146, step 146.1
EDITOR_LEVEL_COMPLETE
STATE: "Tutorial.Level.LevelComplete"
ROUTE: "Tutorial.Level.LevelComplete": Completed level 146, step 146.1
KEY_PRESS_ENTER
STATE: "Tutorial.Level.LoadNext"
ROUTE: "Tutorial.Level.LoadNext": Completed level 146, step 146.1
EDITOR_SYNC_POSITION
EDITOR_LEVEL_ENTER
EDITOR_STEP_ENTER
STATE: "Tutorial.Level.Load"
ROUTE: "Tutorial.Level.Load": On level 150, step 150.1
STATE: "Tutorial.Level.Normal"
ROUTE: "Tutorial.Level.Normal": On level 150, step 150.1
Calling command: git log -n 1 --pretty=format:%s 86b07f52f698d84ce2dc5cbbbfa177f82744be81
Calling command: git log -g --grep='150.1'
Calling command: git cherry-pick -X theirs 86b07f52f698d84ce2dc5cbbbfa177f82744be81
------------------- RUN TEST -------------------
START_TEST
COMMAND: npm run programmatic-test --reporter=mocha-tap-reporter
Calling command: npm run programmatic-test --reporter=mocha-tap-reporter
STATE: "Tutorial.Level.TestRunning"
ROUTE: "Tutorial.Level.TestRunning": On level 150, step 150.1
---------------- TEST RESULTS -----------------
TEST_FAIL
STATE: "Tutorial.Level.Normal"
ROUTE: "Tutorial.Level.Normal": On level 150, step 150.1
------------------- RUN TEST -------------------
START_TEST
COMMAND: npm run programmatic-test --reporter=mocha-tap-reporter
Calling command: npm run programmatic-test --reporter=mocha-tap-reporter
STATE: "Tutorial.Level.TestRunning"
ROUTE: "Tutorial.Level.TestRunning": On level 150, step 150.1
------------------- RUN TEST -------------------
START_TEST
COMMAND: npm run programmatic-test --reporter=mocha-tap-reporter
Calling command: npm run programmatic-test --reporter=mocha-tap-reporter
---------------- TEST RESULTS -----------------
Test pass position: {"stepId":"150.1","levelId":"150","complete":false}
TEST_PASS
updateStepPosition: {"type":"TEST_PASS","payload":{"position":{"stepId":"150.1","levelId":"150","complete":true}},"source":"coderoad"})
EDITOR_STEP_COMPLETE
Calling command: git commit -am 'Save progress: 150.1'
STATE: "Tutorial.Level.StepNext"
ROUTE: "Tutorial.Level.StepNext": Completed level 150, step 150.1
EDITOR_LEVEL_COMPLETE
STATE: "Tutorial.Level.LevelComplete"
ROUTE: "Tutorial.Level.LevelComplete": Completed level 150, step 150.1
KEY_PRESS_ENTER
STATE: "Tutorial.Level.LoadNext"
ROUTE: "Tutorial.Level.LoadNext": Completed level 150, step 150.1
EDITOR_SYNC_POSITION
EDITOR_LEVEL_ENTER
EDITOR_STEP_ENTER
STATE: "Tutorial.Level.Load"
ROUTE: "Tutorial.Level.Load": On level 160, step 160.1
STATE: "Tutorial.Level.Normal"
ROUTE: "Tutorial.Level.Normal": On level 160, step 160.1
Calling command: git log -n 1 --pretty=format:%s b6be18c4e019630ab5b1e236d5ccaff60b1f2f62
Calling command: git log -g --grep='160.1'
Calling command: git cherry-pick -X theirs b6be18c4e019630ab5b1e236d5ccaff60b1f2f62
------------------- RUN TEST -------------------
START_TEST
COMMAND: npm run programmatic-test --reporter=mocha-tap-reporter
Calling command: npm run programmatic-test --reporter=mocha-tap-reporter
STATE: "Tutorial.Level.TestRunning"
ROUTE: "Tutorial.Level.TestRunning": On level 160, step 160.1
---------------- TEST RESULTS -----------------
Test pass position: {"stepId":"160.1","levelId":"160","complete":false}
TEST_PASS
updateStepPosition: {"type":"TEST_PASS","payload":{"position":{"stepId":"160.1","levelId":"160","complete":true}},"source":"coderoad"})
EDITOR_STEP_COMPLETE
Calling command: git commit -am 'Save progress: 160.1'
STATE: "Tutorial.Level.StepNext"
ROUTE: "Tutorial.Level.StepNext": Completed level 160, step 160.1
EDITOR_LEVEL_COMPLETE
STATE: "Tutorial.Level.LevelComplete"
ROUTE: "Tutorial.Level.LevelComplete": Completed level 160, step 160.1
KEY_PRESS_ENTER
STATE: "Tutorial.Level.LoadNext"
ROUTE: "Tutorial.Level.LoadNext": Completed level 160, step 160.1
EDITOR_SYNC_POSITION
EDITOR_LEVEL_ENTER
EDITOR_STEP_ENTER
STATE: "Tutorial.Level.Load"
ROUTE: "Tutorial.Level.Load": On level 170, step 170.1
STATE: "Tutorial.Level.Normal"
ROUTE: "Tutorial.Level.Normal": On level 170, step 170.1
Calling command: git log -n 1 --pretty=format:%s bfb05065f2d1bce73688d4d3f043a0966a29cc60
Calling command: git log -g --grep='170.1'
Calling command: git cherry-pick -X theirs bfb05065f2d1bce73688d4d3f043a0966a29cc60
------------------- RUN TEST -------------------
START_TEST
COMMAND: npm run programmatic-test --reporter=mocha-tap-reporter
Calling command: npm run programmatic-test --reporter=mocha-tap-reporter
STATE: "Tutorial.Level.TestRunning"
ROUTE: "Tutorial.Level.TestRunning": On level 170, step 170.1
---------------- TEST RESULTS -----------------
Test pass position: {"stepId":"170.1","levelId":"170","complete":false}
TEST_PASS
updateStepPosition: {"type":"TEST_PASS","payload":{"position":{"stepId":"170.1","levelId":"170","complete":true}},"source":"coderoad"})
EDITOR_STEP_COMPLETE
Calling command: git commit -am 'Save progress: 170.1'
STATE: "Tutorial.Level.StepNext"
ROUTE: "Tutorial.Level.StepNext": Completed level 170, step 170.1
EDITOR_LEVEL_COMPLETE
STATE: "Tutorial.Level.LevelComplete"
ROUTE: "Tutorial.Level.LevelComplete": Completed level 170, step 170.1
KEY_PRESS_ENTER
STATE: "Tutorial.Level.LoadNext"
ROUTE: "Tutorial.Level.LoadNext": Completed level 170, step 170.1
EDITOR_SYNC_POSITION
EDITOR_LEVEL_ENTER
EDITOR_STEP_ENTER
STATE: "Tutorial.Level.Load"
ROUTE: "Tutorial.Level.Load": On level 180, step 180.1
STATE: "Tutorial.Level.Normal"
ROUTE: "Tutorial.Level.Normal": On level 180, step 180.1
Calling command: git log -n 1 --pretty=format:%s 8550d12cb225a62773f127d55bc617f14a714b9e
Calling command: git log -g --grep='180.1'
Calling command: git cherry-pick -X theirs 8550d12cb225a62773f127d55bc617f14a714b9e
------------------- RUN TEST -------------------
START_TEST
COMMAND: npm run programmatic-test --reporter=mocha-tap-reporter
Calling command: npm run programmatic-test --reporter=mocha-tap-reporter
STATE: "Tutorial.Level.TestRunning"
ROUTE: "Tutorial.Level.TestRunning": On level 180, step 180.1
---------------- TEST RESULTS -----------------
Test pass position: {"stepId":"180.1","levelId":"180","complete":false}
TEST_PASS
updateStepPosition: {"type":"TEST_PASS","payload":{"position":{"stepId":"180.1","levelId":"180","complete":true}},"source":"coderoad"})
EDITOR_STEP_COMPLETE
Calling command: git commit -am 'Save progress: 180.1'
STATE: "Tutorial.Level.StepNext"
ROUTE: "Tutorial.Level.StepNext": Completed level 180, step 180.1
EDITOR_LEVEL_COMPLETE
STATE: "Tutorial.Level.LevelComplete"
ROUTE: "Tutorial.Level.LevelComplete": Completed level 180, step 180.1
KEY_PRESS_ENTER
STATE: "Tutorial.Level.LoadNext"
ROUTE: "Tutorial.Level.LoadNext": Completed level 180, step 180.1
EDITOR_SYNC_POSITION
EDITOR_LEVEL_ENTER
EDITOR_STEP_ENTER
STATE: "Tutorial.Level.Load"
ROUTE: "Tutorial.Level.Load": On level 183, step 183.1
STATE: "Tutorial.Level.Normal"
ROUTE: "Tutorial.Level.Normal": On level 183, step 183.1
Calling command: git log -n 1 --pretty=format:%s eda35deb2e83b38211df169e761d0fac1c293c86
Calling command: git log -g --grep='183.1'
Calling command: git cherry-pick -X theirs eda35deb2e83b38211df169e761d0fac1c293c86
------------------- RUN TEST -------------------
START_TEST
COMMAND: npm run programmatic-test --reporter=mocha-tap-reporter
Calling command: npm run programmatic-test --reporter=mocha-tap-reporter
STATE: "Tutorial.Level.TestRunning"
ROUTE: "Tutorial.Level.TestRunning": On level 183, step 183.1
---------------- TEST RESULTS -----------------
Test pass position: {"stepId":"183.1","levelId":"183","complete":false}
TEST_PASS
updateStepPosition: {"type":"TEST_PASS","payload":{"position":{"stepId":"183.1","levelId":"183","complete":true}},"source":"coderoad"})
EDITOR_STEP_COMPLETE
Calling command: git commit -am 'Save progress: 183.1'
STATE: "Tutorial.Level.StepNext"
ROUTE: "Tutorial.Level.StepNext": Completed level 183, step 183.1
EDITOR_LEVEL_COMPLETE
STATE: "Tutorial.Level.LevelComplete"
ROUTE: "Tutorial.Level.LevelComplete": Completed level 183, step 183.1
KEY_PRESS_ENTER
STATE: "Tutorial.Level.LoadNext"
ROUTE: "Tutorial.Level.LoadNext": Completed level 183, step 183.1
EDITOR_SYNC_POSITION
EDITOR_LEVEL_ENTER
EDITOR_STEP_ENTER
STATE: "Tutorial.Level.Load"
ROUTE: "Tutorial.Level.Load": On level 187, step 187.1
STATE: "Tutorial.Level.Normal"
ROUTE: "Tutorial.Level.Normal": On level 187, step 187.1
Calling command: git log -n 1 --pretty=format:%s 5b53a00b68e6bd25f9204d7acccf6fc505429fb1
Calling command: git log -g --grep='187.1'
Calling command: git cherry-pick -X theirs 5b53a00b68e6bd25f9204d7acccf6fc505429fb1
------------------- RUN TEST -------------------
START_TEST
COMMAND: npm run programmatic-test --reporter=mocha-tap-reporter
Calling command: npm run programmatic-test --reporter=mocha-tap-reporter
STATE: "Tutorial.Level.TestRunning"
ROUTE: "Tutorial.Level.TestRunning": On level 187, step 187.1
---------------- TEST RESULTS -----------------
Test pass position: {"stepId":"187.1","levelId":"187","complete":false}
TEST_PASS
updateStepPosition: {"type":"TEST_PASS","payload":{"position":{"stepId":"187.1","levelId":"187","complete":true}},"source":"coderoad"})
EDITOR_STEP_COMPLETE
Calling command: git commit -am 'Save progress: 187.1'
STATE: "Tutorial.Level.StepNext"
ROUTE: "Tutorial.Level.StepNext": Completed level 187, step 187.1
EDITOR_LEVEL_COMPLETE
STATE: "Tutorial.Level.LevelComplete"
ROUTE: "Tutorial.Level.LevelComplete": Completed level 187, step 187.1
EDITOR_SYNC_POSITION
EDITOR_LEVEL_ENTER
EDITOR_STEP_ENTER
STATE: "Tutorial.Level.Normal"
ROUTE: "Tutorial.Level.Normal": On level 190, step 190.1
Calling command: git log -n 1 --pretty=format:%s b57d2acc574fc72b281fe6579de7c7bc000ed715
Calling command: git log -g --grep='190.1'
Calling command: git cherry-pick -X theirs b57d2acc574fc72b281fe6579de7c7bc000ed715
------------------- RUN TEST -------------------
START_TEST
COMMAND: npm run programmatic-test --reporter=mocha-tap-reporter
Calling command: npm run programmatic-test --reporter=mocha-tap-reporter
STATE: "Tutorial.Level.TestRunning"
ROUTE: "Tutorial.Level.TestRunning": On level 190, step 190.1
---------------- TEST RESULTS -----------------
TEST_FAIL
STATE: "Tutorial.Level.Normal"
ROUTE: "Tutorial.Level.Normal": On level 190, step 190.1
------------------- RUN TEST -------------------
START_TEST
COMMAND: npm run programmatic-test --reporter=mocha-tap-reporter
Calling command: npm run programmatic-test --reporter=mocha-tap-reporter
STATE: "Tutorial.Level.TestRunning"
ROUTE: "Tutorial.Level.TestRunning": On level 190, step 190.1
---------------- TEST RESULTS -----------------
Test pass position: {"stepId":"190.1","levelId":"190","complete":false}
TEST_PASS
updateStepPosition: {"type":"TEST_PASS","payload":{"position":{"stepId":"190.1","levelId":"190","complete":true}},"source":"coderoad"})
EDITOR_STEP_COMPLETE
Calling command: git commit -am 'Save progress: 190.1'
STATE: "Tutorial.Level.StepNext"
ROUTE: "Tutorial.Level.StepNext": Completed level 190, step 190.1
EDITOR_LEVEL_COMPLETE
STATE: "Tutorial.Level.LevelComplete"
ROUTE: "Tutorial.Level.LevelComplete": Completed level 190, step 190.1
KEY_PRESS_ENTER
STATE: "Tutorial.Level.LoadNext"
ROUTE: "Tutorial.Level.LoadNext": Completed level 190, step 190.1
EDITOR_SYNC_POSITION
EDITOR_LEVEL_ENTER
EDITOR_STEP_ENTER
STATE: "Tutorial.Level.Load"
ROUTE: "Tutorial.Level.Load": On level 200, step 200.1
STATE: "Tutorial.Level.Normal"
ROUTE: "Tutorial.Level.Normal": On level 200, step 200.1
Calling command: git log -n 1 --pretty=format:%s acc5f38d7a7bd34354ef974ce8ad6aa684822fc3
Calling command: git log -g --grep='200.1'
Calling command: git cherry-pick -X theirs acc5f38d7a7bd34354ef974ce8ad6aa684822fc3
------------------- RUN TEST -------------------
START_TEST
COMMAND: npm run programmatic-test --reporter=mocha-tap-reporter
Calling command: npm run programmatic-test --reporter=mocha-tap-reporter
STATE: "Tutorial.Level.TestRunning"
ROUTE: "Tutorial.Level.TestRunning": On level 200, step 200.1
---------------- TEST RESULTS -----------------
Test pass position: {"stepId":"200.1","levelId":"200","complete":false}
TEST_PASS
updateStepPosition: {"type":"TEST_PASS","payload":{"position":{"stepId":"200.1","levelId":"200","complete":true}},"source":"coderoad"})
EDITOR_STEP_COMPLETE
Calling command: git commit -am 'Save progress: 200.1'
STATE: "Tutorial.Level.StepNext"
ROUTE: "Tutorial.Level.StepNext": Completed level 200, step 200.1
EDITOR_LEVEL_COMPLETE
STATE: "Tutorial.Level.LevelComplete"
ROUTE: "Tutorial.Level.LevelComplete": Completed level 200, step 200.1
KEY_PRESS_ENTER
STATE: "Tutorial.Level.LoadNext"
ROUTE: "Tutorial.Level.LoadNext": Completed level 200, step 200.1
EDITOR_SYNC_POSITION
EDITOR_LEVEL_ENTER
EDITOR_STEP_ENTER
STATE: "Tutorial.Level.Load"
ROUTE: "Tutorial.Level.Load": On level 220, step 220.1
STATE: "Tutorial.Level.Normal"
ROUTE: "Tutorial.Level.Normal": On level 220, step 220.1
Calling command: git log -n 1 --pretty=format:%s a9c9c0077222bb94447f96ffbf110bde86143925
Calling command: git log -g --grep='220.1'
Calling command: git cherry-pick -X theirs a9c9c0077222bb94447f96ffbf110bde86143925
------------------- RUN TEST -------------------
START_TEST
COMMAND: npm run programmatic-test --reporter=mocha-tap-reporter
Calling command: npm run programmatic-test --reporter=mocha-tap-reporter
STATE: "Tutorial.Level.TestRunning"
ROUTE: "Tutorial.Level.TestRunning": On level 220, step 220.1
---------------- TEST RESULTS -----------------
TEST_FAIL
STATE: "Tutorial.Level.Normal"
ROUTE: "Tutorial.Level.Normal": On level 220, step 220.1
------------------- RUN TEST -------------------
START_TEST
COMMAND: npm run programmatic-test --reporter=mocha-tap-reporter
Calling command: npm run programmatic-test --reporter=mocha-tap-reporter
STATE: "Tutorial.Level.TestRunning"
ROUTE: "Tutorial.Level.TestRunning": On level 220, step 220.1
---------------- TEST RESULTS -----------------
Test pass position: {"stepId":"220.1","levelId":"220","complete":false}
TEST_PASS
updateStepPosition: {"type":"TEST_PASS","payload":{"position":{"stepId":"220.1","levelId":"220","complete":true}},"source":"coderoad"})
EDITOR_STEP_COMPLETE
Calling command: git commit -am 'Save progress: 220.1'
STATE: "Tutorial.Level.StepNext"
ROUTE: "Tutorial.Level.StepNext": Completed level 220, step 220.1
EDITOR_LEVEL_COMPLETE
STATE: "Tutorial.Level.LevelComplete"
ROUTE: "Tutorial.Level.LevelComplete": Completed level 220, step 220.1
KEY_PRESS_ENTER
STATE: "Tutorial.Level.LoadNext"
ROUTE: "Tutorial.Level.LoadNext": Completed level 220, step 220.1
EDITOR_SYNC_POSITION
EDITOR_LEVEL_ENTER
EDITOR_STEP_ENTER
STATE: "Tutorial.Level.Load"
ROUTE: "Tutorial.Level.Load": On level 230, step 230.1
STATE: "Tutorial.Level.Normal"
ROUTE: "Tutorial.Level.Normal": On level 230, step 230.1
Calling command: git log -n 1 --pretty=format:%s 4373122ccf0274d09ac7d65078561955eca5c689
Calling command: git log -g --grep='230.1'
Calling command: git cherry-pick -X theirs 4373122ccf0274d09ac7d65078561955eca5c689
------------------- RUN TEST -------------------
START_TEST
COMMAND: npm run programmatic-test --reporter=mocha-tap-reporter
Calling command: npm run programmatic-test --reporter=mocha-tap-reporter
STATE: "Tutorial.Level.TestRunning"
ROUTE: "Tutorial.Level.TestRunning": On level 230, step 230.1
---------------- TEST RESULTS -----------------
TEST_FAIL
STATE: "Tutorial.Level.Normal"
ROUTE: "Tutorial.Level.Normal": On level 230, step 230.1
------------------- RUN TEST -------------------
START_TEST
COMMAND: npm run programmatic-test --reporter=mocha-tap-reporter
Calling command: npm run programmatic-test --reporter=mocha-tap-reporter
STATE: "Tutorial.Level.TestRunning"
ROUTE: "Tutorial.Level.TestRunning": On level 230, step 230.1
---------------- TEST RESULTS -----------------
Test pass position: {"stepId":"230.1","levelId":"230","complete":false}
TEST_PASS
updateStepPosition: {"type":"TEST_PASS","payload":{"position":{"stepId":"230.1","levelId":"230","complete":true}},"source":"coderoad"})
EDITOR_STEP_COMPLETE
Calling command: git commit -am 'Save progress: 230.1'
STATE: "Tutorial.Level.StepNext"
ROUTE: "Tutorial.Level.StepNext": Completed level 230, step 230.1
EDITOR_LEVEL_COMPLETE
STATE: "Tutorial.Level.LevelComplete"
ROUTE: "Tutorial.Level.LevelComplete": Completed level 230, step 230.1
KEY_PRESS_ENTER
STATE: "Tutorial.Level.LoadNext"
ROUTE: "Tutorial.Level.LoadNext": Completed level 230, step 230.1
EDITOR_SYNC_POSITION
EDITOR_LEVEL_ENTER
EDITOR_STEP_ENTER
STATE: "Tutorial.Level.Load"
ROUTE: "Tutorial.Level.Load": On level 240, step 240.1
STATE: "Tutorial.Level.Normal"
ROUTE: "Tutorial.Level.Normal": On level 240, step 240.1
Calling command: git log -n 1 --pretty=format:%s 07fb92fb815e0876cef6f689514b7022f69e9187
Calling command: git log -g --grep='240.1'
Calling command: git cherry-pick -X theirs 07fb92fb815e0876cef6f689514b7022f69e9187
------------------- RUN TEST -------------------
START_TEST
COMMAND: npm run programmatic-test --reporter=mocha-tap-reporter
Calling command: npm run programmatic-test --reporter=mocha-tap-reporter
STATE: "Tutorial.Level.TestRunning"
ROUTE: "Tutorial.Level.TestRunning": On level 240, step 240.1
---------------- TEST RESULTS -----------------
Test pass position: {"stepId":"240.1","levelId":"240","complete":false}
TEST_PASS
updateStepPosition: {"type":"TEST_PASS","payload":{"position":{"stepId":"240.1","levelId":"240","complete":true}},"source":"coderoad"})
EDITOR_STEP_COMPLETE
Calling command: git commit -am 'Save progress: 240.1'
STATE: "Tutorial.Level.StepNext"
ROUTE: "Tutorial.Level.StepNext": Completed level 240, step 240.1
EDITOR_LEVEL_COMPLETE
STATE: "Tutorial.Level.LevelComplete"
ROUTE: "Tutorial.Level.LevelComplete": Completed level 240, step 240.1
KEY_PRESS_ENTER
STATE: "Tutorial.Level.LoadNext"
ROUTE: "Tutorial.Level.LoadNext": Completed level 240, step 240.1
EDITOR_SYNC_POSITION
EDITOR_LEVEL_ENTER
EDITOR_STEP_ENTER
STATE: "Tutorial.Level.Load"
ROUTE: "Tutorial.Level.Load": On level 250, step 250.1
STATE: "Tutorial.Level.Normal"
ROUTE: "Tutorial.Level.Normal": On level 250, step 250.1
Calling command: git log -n 1 --pretty=format:%s caddd78d843df82e5ec68212110b004b445b6d54
Calling command: git log -g --grep='250.1'
Calling command: git cherry-pick -X theirs caddd78d843df82e5ec68212110b004b445b6d54
------------------- RUN TEST -------------------
START_TEST
COMMAND: npm run programmatic-test --reporter=mocha-tap-reporter
Calling command: npm run programmatic-test --reporter=mocha-tap-reporter
STATE: "Tutorial.Level.TestRunning"
ROUTE: "Tutorial.Level.TestRunning": On level 250, step 250.1
---------------- TEST RESULTS -----------------
Test pass position: {"stepId":"250.1","levelId":"250","complete":false}
TEST_PASS
updateStepPosition: {"type":"TEST_PASS","payload":{"position":{"stepId":"250.1","levelId":"250","complete":true}},"source":"coderoad"})
EDITOR_STEP_COMPLETE
Calling command: git commit -am 'Save progress: 250.1'
STATE: "Tutorial.Level.StepNext"
ROUTE: "Tutorial.Level.StepNext": Completed level 250, step 250.1
EDITOR_LEVEL_COMPLETE
STATE: "Tutorial.Level.LevelComplete"
ROUTE: "Tutorial.Level.LevelComplete": Completed level 250, step 250.1
KEY_PRESS_ENTER
STATE: "Tutorial.Level.LoadNext"
ROUTE: "Tutorial.Level.LoadNext": Completed level 250, step 250.1
EDITOR_SYNC_POSITION
EDITOR_LEVEL_ENTER
EDITOR_STEP_ENTER
STATE: "Tutorial.Level.Load"
ROUTE: "Tutorial.Level.Load": On level 260, step 260.1
STATE: "Tutorial.Level.Normal"
ROUTE: "Tutorial.Level.Normal": On level 260, step 260.1
Calling command: git log -n 1 --pretty=format:%s 3d2656daae4aead799844c94c81f2963a79f8b53
Calling command: git log -g --grep='260.1'
Calling command: git cherry-pick -X theirs 3d2656daae4aead799844c94c81f2963a79f8b53
------------------- RUN TEST -------------------
START_TEST
COMMAND: npm run programmatic-test --reporter=mocha-tap-reporter
Calling command: npm run programmatic-test --reporter=mocha-tap-reporter
STATE: "Tutorial.Level.TestRunning"
ROUTE: "Tutorial.Level.TestRunning": On level 260, step 260.1
---------------- TEST RESULTS -----------------
Test pass position: {"stepId":"260.1","levelId":"260","complete":false}
TEST_PASS
updateStepPosition: {"type":"TEST_PASS","payload":{"position":{"stepId":"260.1","levelId":"260","complete":true}},"source":"coderoad"})
EDITOR_STEP_COMPLETE
Calling command: git commit -am 'Save progress: 260.1'
STATE: "Tutorial.Level.StepNext"
ROUTE: "Tutorial.Level.StepNext": Completed level 260, step 260.1
EDITOR_LEVEL_COMPLETE
STATE: "Tutorial.Level.LevelComplete"
ROUTE: "Tutorial.Level.LevelComplete": Completed level 260, step 260.1
KEY_PRESS_ENTER
STATE: "Tutorial.Level.LoadNext"
ROUTE: "Tutorial.Level.LoadNext": Completed level 260, step 260.1
EDITOR_SYNC_POSITION
EDITOR_LEVEL_ENTER
EDITOR_STEP_ENTER
STATE: "Tutorial.Level.Load"
ROUTE: "Tutorial.Level.Load": On level 270, step 270.1
STATE: "Tutorial.Level.Normal"
ROUTE: "Tutorial.Level.Normal": On level 270, step 270.1
Calling command: git log -n 1 --pretty=format:%s f72431860666ecbf3d8104e4611216dd5015f572
Calling command: git log -g --grep='270.1'
Calling command: git cherry-pick -X theirs f72431860666ecbf3d8104e4611216dd5015f572
------------------- RUN TEST -------------------
START_TEST
COMMAND: npm run programmatic-test --reporter=mocha-tap-reporter
Calling command: npm run programmatic-test --reporter=mocha-tap-reporter
STATE: "Tutorial.Level.TestRunning"
ROUTE: "Tutorial.Level.TestRunning": On level 270, step 270.1
---------------- TEST RESULTS -----------------
TEST_FAIL
STATE: "Tutorial.Level.Normal"
ROUTE: "Tutorial.Level.Normal": On level 270, step 270.1
------------------- RUN TEST -------------------
START_TEST
COMMAND: npm run programmatic-test --reporter=mocha-tap-reporter
Calling command: npm run programmatic-test --reporter=mocha-tap-reporter
STATE: "Tutorial.Level.TestRunning"
ROUTE: "Tutorial.Level.TestRunning": On level 270, step 270.1
---------------- TEST RESULTS -----------------
TEST_FAIL
STATE: "Tutorial.Level.Normal"
ROUTE: "Tutorial.Level.Normal": On level 270, step 270.1
------------------- RUN TEST -------------------
START_TEST
COMMAND: npm run programmatic-test --reporter=mocha-tap-reporter
Calling command: npm run programmatic-test --reporter=mocha-tap-reporter
STATE: "Tutorial.Level.TestRunning"
ROUTE: "Tutorial.Level.TestRunning": On level 270, step 270.1
---------------- TEST RESULTS -----------------
Test pass position: {"stepId":"270.1","levelId":"270","complete":false}
TEST_PASS
updateStepPosition: {"type":"TEST_PASS","payload":{"position":{"stepId":"270.1","levelId":"270","complete":true}},"source":"coderoad"})
EDITOR_STEP_COMPLETE
Calling command: git commit -am 'Save progress: 270.1'
STATE: "Tutorial.Level.StepNext"
ROUTE: "Tutorial.Level.StepNext": Completed level 270, step 270.1
EDITOR_LEVEL_COMPLETE
STATE: "Tutorial.Level.LevelComplete"
ROUTE: "Tutorial.Level.LevelComplete": Completed level 270, step 270.1
KEY_PRESS_ENTER
STATE: "Tutorial.Level.LoadNext"
ROUTE: "Tutorial.Level.LoadNext": Completed level 270, step 270.1
EDITOR_SYNC_POSITION
EDITOR_LEVEL_ENTER
EDITOR_STEP_ENTER
STATE: "Tutorial.Level.Load"
ROUTE: "Tutorial.Level.Load": On level 280, step 280.1
STATE: "Tutorial.Level.Normal"
ROUTE: "Tutorial.Level.Normal": On level 280, step 280.1
Calling command: git log -n 1 --pretty=format:%s b4afdd32d77db0423f40df2b76889803ab8cb7d8
Calling command: git log -g --grep='280.1'
Calling command: git cherry-pick -X theirs b4afdd32d77db0423f40df2b76889803ab8cb7d8
------------------- RUN TEST -------------------
START_TEST
COMMAND: npm run programmatic-test --reporter=mocha-tap-reporter
Calling command: npm run programmatic-test --reporter=mocha-tap-reporter
STATE: "Tutorial.Level.TestRunning"
ROUTE: "Tutorial.Level.TestRunning": On level 280, step 280.1
---------------- TEST RESULTS -----------------
Test pass position: {"stepId":"280.1","levelId":"280","complete":false}
TEST_PASS
updateStepPosition: {"type":"TEST_PASS","payload":{"position":{"stepId":"280.1","levelId":"280","complete":true}},"source":"coderoad"})
EDITOR_STEP_COMPLETE
Calling command: git commit -am 'Save progress: 280.1'
STATE: "Tutorial.Level.StepNext"
ROUTE: "Tutorial.Level.StepNext": Completed level 280, step 280.1
EDITOR_LEVEL_COMPLETE
STATE: "Tutorial.Level.LevelComplete"
ROUTE: "Tutorial.Level.LevelComplete": Completed level 280, step 280.1
KEY_PRESS_ENTER
STATE: "Tutorial.Level.LoadNext"
ROUTE: "Tutorial.Level.LoadNext": Completed level 280, step 280.1
EDITOR_SYNC_POSITION
EDITOR_LEVEL_ENTER
EDITOR_STEP_ENTER
STATE: "Tutorial.Level.Load"
ROUTE: "Tutorial.Level.Load": On level 290, step 290.1
STATE: "Tutorial.Level.Normal"
ROUTE: "Tutorial.Level.Normal": On level 290, step 290.1
Calling command: git log -n 1 --pretty=format:%s ad1f306c52df65047b5faff257152f41ba33e9cd
Calling command: git log -g --grep='290.1'
Calling command: git cherry-pick -X theirs ad1f306c52df65047b5faff257152f41ba33e9cd
------------------- RUN TEST -------------------
START_TEST
COMMAND: npm run programmatic-test --reporter=mocha-tap-reporter
Calling command: npm run programmatic-test --reporter=mocha-tap-reporter
STATE: "Tutorial.Level.TestRunning"
ROUTE: "Tutorial.Level.TestRunning": On level 290, step 290.1
---------------- TEST RESULTS -----------------
Test pass position: {"stepId":"290.1","levelId":"290","complete":false}
TEST_PASS
updateStepPosition: {"type":"TEST_PASS","payload":{"position":{"stepId":"290.1","levelId":"290","complete":true}},"source":"coderoad"})
EDITOR_STEP_COMPLETE
Calling command: git commit -am 'Save progress: 290.1'
STATE: "Tutorial.Level.StepNext"
ROUTE: "Tutorial.Level.StepNext": Completed level 290, step 290.1
EDITOR_LEVEL_COMPLETE
STATE: "Tutorial.Level.LevelComplete"
ROUTE: "Tutorial.Level.LevelComplete": Completed level 290, step 290.1
KEY_PRESS_ENTER
STATE: "Tutorial.Level.LoadNext"
ROUTE: "Tutorial.Level.LoadNext": Completed level 290, step 290.1
EDITOR_SYNC_POSITION
EDITOR_LEVEL_ENTER
EDITOR_STEP_ENTER
STATE: "Tutorial.Level.Load"
ROUTE: "Tutorial.Level.Load": On level 300, step 300.1
STATE: "Tutorial.Level.Normal"
ROUTE: "Tutorial.Level.Normal": On level 300, step 300.1
Calling command: git log -n 1 --pretty=format:%s 14b12c3580b2209607a10e2baa56874bed89981e
Calling command: git log -g --grep='300.1'
Calling command: git cherry-pick -X theirs 14b12c3580b2209607a10e2baa56874bed89981e
KEY_PRESS_ENTER
EDITOR_RUN_TEST
------------------- RUN TEST -------------------
START_TEST
COMMAND: npm run programmatic-test --reporter=mocha-tap-reporter
Calling command: npm run programmatic-test --reporter=mocha-tap-reporter
STATE: "Tutorial.Level.Normal"
ROUTE: "Tutorial.Level.Normal": On level 300, step 300.1
STATE: "Tutorial.Level.TestRunning"
ROUTE: "Tutorial.Level.TestRunning": On level 300, step 300.1
---------------- TEST RESULTS -----------------
TEST_FAIL
STATE: "Tutorial.Level.Normal"
ROUTE: "Tutorial.Level.Normal": On level 300, step 300.1
------------------- RUN TEST -------------------
START_TEST
COMMAND: npm run programmatic-test --reporter=mocha-tap-reporter
Calling command: npm run programmatic-test --reporter=mocha-tap-reporter
STATE: "Tutorial.Level.TestRunning"
ROUTE: "Tutorial.Level.TestRunning": On level 300, step 300.1
---------------- TEST RESULTS -----------------
Test pass position: {"stepId":"300.1","levelId":"300","complete":false}
TEST_PASS
updateStepPosition: {"type":"TEST_PASS","payload":{"position":{"stepId":"300.1","levelId":"300","complete":true}},"source":"coderoad"})
EDITOR_STEP_COMPLETE
Calling command: git commit -am 'Save progress: 300.1'
STATE: "Tutorial.Level.StepNext"
ROUTE: "Tutorial.Level.StepNext": Completed level 300, step 300.1
EDITOR_LEVEL_COMPLETE
STATE: "Tutorial.Level.LevelComplete"
ROUTE: "Tutorial.Level.LevelComplete": Completed level 300, step 300.1
KEY_PRESS_ENTER
STATE: "Tutorial.Level.LoadNext"
ROUTE: "Tutorial.Level.LoadNext": Completed level 300, step 300.1
EDITOR_SYNC_POSITION
EDITOR_LEVEL_ENTER
EDITOR_STEP_ENTER
STATE: "Tutorial.Level.Load"
ROUTE: "Tutorial.Level.Load": On level 310, step 310.1
STATE: "Tutorial.Level.Normal"
ROUTE: "Tutorial.Level.Normal": On level 310, step 310.1
Calling command: git log -n 1 --pretty=format:%s 661d6141c3dd090b8c454cbbad24e8f37ab6dbbc
Calling command: git log -g --grep='310.1'
Calling command: git cherry-pick -X theirs 661d6141c3dd090b8c454cbbad24e8f37ab6dbbc
------------------- RUN TEST -------------------
START_TEST
COMMAND: npm run programmatic-test --reporter=mocha-tap-reporter
Calling command: npm run programmatic-test --reporter=mocha-tap-reporter
STATE: "Tutorial.Level.TestRunning"
ROUTE: "Tutorial.Level.TestRunning": On level 310, step 310.1
---------------- TEST RESULTS -----------------
Test pass position: {"stepId":"310.1","levelId":"310","complete":false}
TEST_PASS
updateStepPosition: {"type":"TEST_PASS","payload":{"position":{"stepId":"310.1","levelId":"310","complete":true}},"source":"coderoad"})
EDITOR_STEP_COMPLETE
Calling command: git commit -am 'Save progress: 310.1'
STATE: "Tutorial.Level.StepNext"
ROUTE: "Tutorial.Level.StepNext": Completed level 310, step 310.1
EDITOR_LEVEL_COMPLETE
STATE: "Tutorial.Level.LevelComplete"
ROUTE: "Tutorial.Level.LevelComplete": Completed level 310, step 310.1
KEY_PRESS_ENTER
STATE: "Tutorial.Level.LoadNext"
ROUTE: "Tutorial.Level.LoadNext": Completed level 310, step 310.1
EDITOR_SYNC_POSITION
EDITOR_LEVEL_ENTER
EDITOR_STEP_ENTER
STATE: "Tutorial.Level.Load"
ROUTE: "Tutorial.Level.Load": On level 320, step 320.1
STATE: "Tutorial.Level.Normal"
ROUTE: "Tutorial.Level.Normal": On level 320, step 320.1
Calling command: git log -n 1 --pretty=format:%s f7f24fb1077488fc0dcf13b4f464a97834d385f2
Calling command: git log -g --grep='320.1'
Calling command: git cherry-pick -X theirs f7f24fb1077488fc0dcf13b4f464a97834d385f2
------------------- RUN TEST -------------------
START_TEST
COMMAND: npm run programmatic-test --reporter=mocha-tap-reporter
Calling command: npm run programmatic-test --reporter=mocha-tap-reporter
STATE: "Tutorial.Level.TestRunning"
ROUTE: "Tutorial.Level.TestRunning": On level 320, step 320.1
---------------- TEST RESULTS -----------------
Test pass position: {"stepId":"320.1","levelId":"320","complete":false}
TEST_PASS
updateStepPosition: {"type":"TEST_PASS","payload":{"position":{"stepId":"320.1","levelId":"320","complete":true}},"source":"coderoad"})
EDITOR_STEP_COMPLETE
Calling command: git commit -am 'Save progress: 320.1'
STATE: "Tutorial.Level.StepNext"
ROUTE: "Tutorial.Level.StepNext": Completed level 320, step 320.1
EDITOR_LEVEL_COMPLETE
STATE: "Tutorial.Level.LevelComplete"
ROUTE: "Tutorial.Level.LevelComplete": Completed level 320, step 320.1
KEY_PRESS_ENTER
STATE: "Tutorial.Level.LoadNext"
ROUTE: "Tutorial.Level.LoadNext": Completed level 320, step 320.1
EDITOR_SYNC_POSITION
EDITOR_LEVEL_ENTER
EDITOR_STEP_ENTER
STATE: "Tutorial.Level.Load"
ROUTE: "Tutorial.Level.Load": On level 340, step 340.1
STATE: "Tutorial.Level.Normal"
ROUTE: "Tutorial.Level.Normal": On level 340, step 340.1
Calling command: git log -n 1 --pretty=format:%s 94ecf58cf1bfacbf721a60856da4c8d8f41faa81
Calling command: git log -g --grep='340.1'
Calling command: git cherry-pick -X theirs 94ecf58cf1bfacbf721a60856da4c8d8f41faa81
------------------- RUN TEST -------------------
START_TEST
COMMAND: npm run programmatic-test --reporter=mocha-tap-reporter
Calling command: npm run programmatic-test --reporter=mocha-tap-reporter
STATE: "Tutorial.Level.TestRunning"
ROUTE: "Tutorial.Level.TestRunning": On level 340, step 340.1
---------------- TEST RESULTS -----------------
TEST_FAIL
STATE: "Tutorial.Level.Normal"
ROUTE: "Tutorial.Level.Normal": On level 340, step 340.1
------------------- RUN TEST -------------------
START_TEST
COMMAND: npm run programmatic-test --reporter=mocha-tap-reporter
Calling command: npm run programmatic-test --reporter=mocha-tap-reporter
STATE: "Tutorial.Level.TestRunning"
ROUTE: "Tutorial.Level.TestRunning": On level 340, step 340.1
---------------- TEST RESULTS -----------------
Test pass position: {"stepId":"340.1","levelId":"340","complete":false}
TEST_PASS
updateStepPosition: {"type":"TEST_PASS","payload":{"position":{"stepId":"340.1","levelId":"340","complete":true}},"source":"coderoad"})
EDITOR_STEP_COMPLETE
Calling command: git commit -am 'Save progress: 340.1'
STATE: "Tutorial.Level.StepNext"
ROUTE: "Tutorial.Level.StepNext": Completed level 340, step 340.1
EDITOR_LEVEL_COMPLETE
STATE: "Tutorial.Level.LevelComplete"
ROUTE: "Tutorial.Level.LevelComplete": Completed level 340, step 340.1
KEY_PRESS_ENTER
STATE: "Tutorial.Level.LoadNext"
ROUTE: "Tutorial.Level.LoadNext": Completed level 340, step 340.1
EDITOR_SYNC_POSITION
EDITOR_LEVEL_ENTER
EDITOR_STEP_ENTER
STATE: "Tutorial.Level.Load"
ROUTE: "Tutorial.Level.Load": On level 350, step 350.1
STATE: "Tutorial.Level.Normal"
ROUTE: "Tutorial.Level.Normal": On level 350, step 350.1
Calling command: git log -n 1 --pretty=format:%s b046ea329944bda1a6918c4a957b3d5e919f8e31
Calling command: git log -g --grep='350.1'
Calling command: git cherry-pick -X theirs b046ea329944bda1a6918c4a957b3d5e919f8e31
------------------- RUN TEST -------------------
START_TEST
COMMAND: npm run programmatic-test --reporter=mocha-tap-reporter
Calling command: npm run programmatic-test --reporter=mocha-tap-reporter
STATE: "Tutorial.Level.TestRunning"
ROUTE: "Tutorial.Level.TestRunning": On level 350, step 350.1
---------------- TEST RESULTS -----------------
TEST_FAIL
STATE: "Tutorial.Level.Normal"
ROUTE: "Tutorial.Level.Normal": On level 350, step 350.1
------------------- RUN TEST -------------------
START_TEST
COMMAND: npm run programmatic-test --reporter=mocha-tap-reporter
Calling command: npm run programmatic-test --reporter=mocha-tap-reporter
STATE: "Tutorial.Level.TestRunning"
ROUTE: "Tutorial.Level.TestRunning": On level 350, step 350.1
---------------- TEST RESULTS -----------------
Test pass position: {"stepId":"350.1","levelId":"350","complete":false}
TEST_PASS
updateStepPosition: {"type":"TEST_PASS","payload":{"position":{"stepId":"350.1","levelId":"350","complete":true}},"source":"coderoad"})
EDITOR_STEP_COMPLETE
Calling command: git commit -am 'Save progress: 350.1'
STATE: "Tutorial.Level.StepNext"
ROUTE: "Tutorial.Level.StepNext": Completed level 350, step 350.1
EDITOR_LEVEL_COMPLETE
STATE: "Tutorial.Level.LevelComplete"
ROUTE: "Tutorial.Level.LevelComplete": Completed level 350, step 350.1
KEY_PRESS_ENTER
STATE: "Tutorial.Level.LoadNext"
ROUTE: "Tutorial.Level.LoadNext": Completed level 350, step 350.1
EDITOR_SYNC_POSITION
EDITOR_LEVEL_ENTER
EDITOR_STEP_ENTER
STATE: "Tutorial.Level.Load"
ROUTE: "Tutorial.Level.Load": On level 360, step 360.1
STATE: "Tutorial.Level.Normal"
ROUTE: "Tutorial.Level.Normal": On level 360, step 360.1
Calling command: git log -n 1 --pretty=format:%s df311edf557bac3cc5e5387da58faa05924347b4
Calling command: git log -g --grep='360.1'
Calling command: git cherry-pick -X theirs df311edf557bac3cc5e5387da58faa05924347b4
