2025-03-19 10:48:32.613 [info] [main] Log level: Info
2025-03-19 10:48:32.613 [info] [main] Validating found git in: "git"
2025-03-19 10:48:32.613 [info] [main] Using git "2.43.0" from "git"
2025-03-19 10:48:32.613 [info] [Model][doInitialScan] Initial repository scan started
2025-03-19 10:48:32.613 [info] > git rev-parse --show-toplevel [2ms]
2025-03-19 10:48:32.613 [info] > git rev-parse --git-dir --git-common-dir [2ms]
2025-03-19 10:48:32.613 [info] [Model][openRepository] Opened repository: /workspace/project
2025-03-19 10:48:32.613 [info] > git config --get commit.template [7ms]
2025-03-19 10:48:32.613 [info] > git rev-parse --show-toplevel [7ms]
2025-03-19 10:48:32.613 [info] > git for-each-ref --format=%(refname)%00%(upstream:short)%00%(objectname)%00%(upstream:track)%00%(upstream:remotename)%00%(upstream:remoteref) refs/heads/main refs/remotes/main [130ms]
2025-03-19 10:48:32.613 [warning] [Git][revParse] Unable to read file: ENOENT: no such file or directory, open '/workspace/project/.git/refs/remotes/origin/main'
2025-03-19 10:48:32.613 [info] > git rev-parse --show-toplevel [9ms]
2025-03-19 10:48:32.613 [info] [Model][doInitialScan] Initial repository scan completed - repositories (1), closed repositories (0), parent repositories (0), unsafe repositories (0)
2025-03-19 10:48:32.613 [info] > git rev-parse refs/remotes/origin/main [2ms]
2025-03-19 10:48:32.613 [info] > git status -z -uall [6ms]
2025-03-19 10:48:32.613 [info] > git for-each-ref --sort -committerdate --format %(refname) %(objectname) %(*objectname) [27ms]
2025-03-19 10:48:32.613 [info] > git for-each-ref --format=%(refname)%00%(upstream:short)%00%(objectname)%00%(upstream:track)%00%(upstream:remotename)%00%(upstream:remoteref) refs/heads/main refs/remotes/main [7ms]
2025-03-19 10:48:32.613 [info] > git config --get commit.template [9ms]
2025-03-19 10:48:32.613 [info] > git config --get --local branch.main.vscode-merge-base [4ms]
2025-03-19 10:48:32.613 [warning] [Git][config] git config failed: Failed to execute git
2025-03-19 10:48:32.613 [info] > git reflog main --grep-reflog=branch: Created from *. [6ms]
2025-03-19 10:48:32.613 [info] > git for-each-ref --format=%(refname)%00%(upstream:short)%00%(objectname)%00%(upstream:track)%00%(upstream:remotename)%00%(upstream:remoteref) refs/heads/main refs/remotes/main [6ms]
2025-03-19 10:48:32.613 [warning] [Git][revParse] Unable to read file: ENOENT: no such file or directory, open '/workspace/project/.git/refs/remotes/origin/main'
2025-03-19 10:48:32.613 [info] > git symbolic-ref --short refs/remotes/origin/HEAD [7ms]
2025-03-19 10:48:32.613 [info] > git rev-parse refs/remotes/origin/main [9ms]
2025-03-19 10:48:32.613 [info] > git status -z -uall [6ms]
2025-03-19 10:48:32.613 [info] > git for-each-ref --format=%(refname)%00%(upstream:short)%00%(objectname)%00%(upstream:track)%00%(upstream:remotename)%00%(upstream:remoteref) refs/heads/origin/main refs/remotes/origin/main [14ms]
2025-03-19 10:48:32.613 [info] > git for-each-ref --sort -committerdate --format %(refname) %(objectname) %(*objectname) [7ms]
2025-03-19 10:48:32.614 [info] > git config --add --local branch.main.vscode-merge-base origin/main [11ms]
2025-03-19 10:48:32.620 [info] > git for-each-ref --format=%(refname)%00%(upstream:short)%00%(objectname)%00%(upstream:track)%00%(upstream:remotename)%00%(upstream:remoteref) refs/heads/main refs/remotes/main [8ms]
2025-03-19 10:48:32.625 [info] > git config --get commit.template [5ms]
2025-03-19 10:48:32.631 [info] > git config --get --local branch.main.vscode-merge-base [6ms]
2025-03-19 10:48:32.636 [info] > git for-each-ref --format=%(refname)%00%(upstream:short)%00%(objectname)%00%(upstream:track)%00%(upstream:remotename)%00%(upstream:remoteref) refs/heads/main refs/remotes/main [6ms]
2025-03-19 10:48:32.642 [warning] [Git][revParse] Unable to read file: ENOENT: no such file or directory, open '/workspace/project/.git/refs/remotes/origin/main'
2025-03-19 10:48:32.643 [info] > git for-each-ref --format=%(refname)%00%(upstream:short)%00%(objectname)%00%(upstream:track)%00%(upstream:remotename)%00%(upstream:remoteref) refs/heads/origin/main refs/remotes/origin/main [7ms]
2025-03-19 10:48:32.650 [info] > git rev-parse refs/remotes/origin/main [7ms]
2025-03-19 10:48:32.660 [info] > git status -z -uall [6ms]
2025-03-19 10:48:32.660 [info] > git merge-base refs/heads/main refs/remotes/origin/main [11ms]
2025-03-19 10:48:32.667 [info] > git for-each-ref --sort -committerdate --format %(refname) %(objectname) %(*objectname) [8ms]
2025-03-19 10:48:32.685 [info] > git merge-base refs/heads/main refs/remotes/origin/main [11ms]
2025-03-19 10:48:32.690 [info] > git diff --name-status -z --diff-filter=ADMR d4f70b43029a9c076ba74e695a00dcfb3a919e43...refs/remotes/origin/main [25ms]
2025-03-19 10:48:32.691 [info] > git merge-base refs/heads/main refs/remotes/origin/main [12ms]
2025-03-19 10:48:32.697 [info] > git diff --name-status -z --diff-filter=ADMR d4f70b43029a9c076ba74e695a00dcfb3a919e43...refs/remotes/origin/main [7ms]
2025-03-19 10:48:32.758 [info] > git diff --name-status -z --diff-filter=ADMR d4f70b43029a9c076ba74e695a00dcfb3a919e43...refs/remotes/origin/main [62ms]
2025-03-19 10:48:33.121 [info] > git check-ignore -v -z --stdin [2ms]
2025-03-19 10:48:34.847 [info] > git config --get commit.template [6ms]
2025-03-19 10:48:34.849 [info] > git for-each-ref --format=%(refname)%00%(upstream:short)%00%(objectname)%00%(upstream:track)%00%(upstream:remotename)%00%(upstream:remoteref) refs/heads/main refs/remotes/main [2ms]
2025-03-19 10:48:34.854 [warning] [Git][revParse] Unable to read file: ENOENT: no such file or directory, open '/workspace/project/.git/refs/remotes/origin/main'
2025-03-19 10:48:34.855 [info] > git rev-parse refs/remotes/origin/main [2ms]
2025-03-19 10:48:34.866 [info] > git status -z -uall [6ms]
2025-03-19 10:48:34.868 [info] > git for-each-ref --sort -committerdate --format %(refname) %(objectname) %(*objectname) [3ms]
2025-03-19 10:48:35.385 [info] > git config --get --local branch.main.github-pr-owner-number [1ms]
2025-03-19 10:48:35.385 [warning] [Git][config] git config failed: Failed to execute git
2025-03-19 10:48:47.906 [info] > git check-ignore -v -z --stdin [3ms]
2025-03-19 10:48:48.011 [info] > git config --get commit.template [7ms]
2025-03-19 10:48:48.013 [info] > git for-each-ref --format=%(refname)%00%(upstream:short)%00%(objectname)%00%(upstream:track)%00%(upstream:remotename)%00%(upstream:remoteref) refs/heads/main refs/remotes/main [3ms]
2025-03-19 10:48:48.019 [warning] [Git][revParse] Unable to read file: ENOENT: no such file or directory, open '/workspace/project/.git/refs/remotes/origin/main'
2025-03-19 10:48:48.021 [info] > git rev-parse refs/remotes/origin/main [1ms]
2025-03-19 10:48:48.035 [info] > git status -z -uall [7ms]
2025-03-19 10:48:48.038 [info] > git for-each-ref --sort -committerdate --format %(refname) %(objectname) %(*objectname) [3ms]
2025-03-19 10:48:48.054 [info] > git merge-base refs/heads/main refs/remotes/origin/main [3ms]
2025-03-19 10:48:48.063 [info] > git diff --name-status -z --diff-filter=ADMR d4f70b43029a9c076ba74e695a00dcfb3a919e43...refs/remotes/origin/main [2ms]
2025-03-19 10:48:48.223 [info] > git config --get --local branch.main.github-pr-owner-number [2ms]
2025-03-19 10:48:48.223 [warning] [Git][config] git config failed: Failed to execute git
2025-03-19 10:48:54.162 [info] > git config --get commit.template [7ms]
2025-03-19 10:48:54.164 [info] > git for-each-ref --format=%(refname)%00%(upstream:short)%00%(objectname)%00%(upstream:track)%00%(upstream:remotename)%00%(upstream:remoteref) refs/heads/main refs/remotes/main [4ms]
2025-03-19 10:48:54.170 [warning] [Git][revParse] Unable to read file: ENOENT: no such file or directory, open '/workspace/project/.git/refs/remotes/origin/main'
2025-03-19 10:48:54.172 [info] > git rev-parse refs/remotes/origin/main [2ms]
2025-03-19 10:48:54.184 [info] > git status -z -uall [7ms]
2025-03-19 10:48:54.186 [info] > git for-each-ref --sort -committerdate --format %(refname) %(objectname) %(*objectname) [3ms]
2025-03-19 10:48:54.200 [info] > git merge-base refs/heads/main refs/remotes/origin/main [3ms]
2025-03-19 10:48:54.208 [info] > git diff --name-status -z --diff-filter=ADMR d4f70b43029a9c076ba74e695a00dcfb3a919e43...refs/remotes/origin/main [3ms]
2025-03-19 10:48:54.371 [info] > git config --get --local branch.main.github-pr-owner-number [2ms]
2025-03-19 10:48:54.371 [warning] [Git][config] git config failed: Failed to execute git
2025-03-19 10:48:59.210 [info] > git config --get commit.template [6ms]
2025-03-19 10:48:59.213 [info] > git for-each-ref --format=%(refname)%00%(upstream:short)%00%(objectname)%00%(upstream:track)%00%(upstream:remotename)%00%(upstream:remoteref) refs/heads/main refs/remotes/main [3ms]
2025-03-19 10:48:59.218 [warning] [Git][revParse] Unable to read file: ENOENT: no such file or directory, open '/workspace/project/.git/refs/remotes/origin/main'
2025-03-19 10:48:59.220 [info] > git rev-parse refs/remotes/origin/main [2ms]
2025-03-19 10:48:59.231 [info] > git status -z -uall [6ms]
2025-03-19 10:48:59.234 [info] > git for-each-ref --sort -committerdate --format %(refname) %(objectname) %(*objectname) [4ms]
2025-03-19 10:49:06.594 [info] > git config --get commit.template [7ms]
2025-03-19 10:49:06.596 [info] > git for-each-ref --format=%(refname)%00%(upstream:short)%00%(objectname)%00%(upstream:track)%00%(upstream:remotename)%00%(upstream:remoteref) refs/heads/main refs/remotes/main [3ms]
2025-03-19 10:49:06.602 [warning] [Git][revParse] Unable to read file: ENOENT: no such file or directory, open '/workspace/project/.git/refs/remotes/origin/main'
2025-03-19 10:49:06.604 [info] > git rev-parse refs/remotes/origin/main [2ms]
2025-03-19 10:49:06.616 [info] > git status -z -uall [7ms]
2025-03-19 10:49:06.619 [info] > git for-each-ref --sort -committerdate --format %(refname) %(objectname) %(*objectname) [3ms]
2025-03-19 10:49:06.635 [info] > git merge-base refs/heads/main refs/remotes/origin/main [3ms]
2025-03-19 10:49:06.644 [info] > git diff --name-status -z --diff-filter=ADMR d4f70b43029a9c076ba74e695a00dcfb3a919e43...refs/remotes/origin/main [3ms]
2025-03-19 10:49:06.805 [info] > git config --get --local branch.main.github-pr-owner-number [2ms]
2025-03-19 10:49:06.805 [warning] [Git][config] git config failed: Failed to execute git
2025-03-19 10:49:11.645 [info] > git config --get commit.template [6ms]
2025-03-19 10:49:11.647 [info] > git for-each-ref --format=%(refname)%00%(upstream:short)%00%(objectname)%00%(upstream:track)%00%(upstream:remotename)%00%(upstream:remoteref) refs/heads/main refs/remotes/main [3ms]
2025-03-19 10:49:11.653 [warning] [Git][revParse] Unable to read file: ENOENT: no such file or directory, open '/workspace/project/.git/refs/remotes/origin/main'
2025-03-19 10:49:11.654 [info] > git rev-parse refs/remotes/origin/main [1ms]
2025-03-19 10:49:11.666 [info] > git status -z -uall [6ms]
2025-03-19 10:49:11.669 [info] > git for-each-ref --sort -committerdate --format %(refname) %(objectname) %(*objectname) [3ms]
2025-03-19 10:55:05.755 [info] > git config --get commit.template [8ms]
2025-03-19 10:55:05.757 [info] > git for-each-ref --format=%(refname)%00%(upstream:short)%00%(objectname)%00%(upstream:track)%00%(upstream:remotename)%00%(upstream:remoteref) refs/heads/main refs/remotes/main [3ms]
2025-03-19 10:55:05.763 [warning] [Git][revParse] Unable to read file: ENOENT: no such file or directory, open '/workspace/project/.git/refs/remotes/origin/main'
2025-03-19 10:55:05.765 [info] > git rev-parse refs/remotes/origin/main [2ms]
2025-03-19 10:55:05.777 [info] > git status -z -uall [7ms]
2025-03-19 10:55:05.781 [info] > git for-each-ref --sort -committerdate --format %(refname) %(objectname) %(*objectname) [3ms]
2025-03-19 10:55:05.795 [info] > git merge-base refs/heads/main refs/remotes/origin/main [2ms]
2025-03-19 10:55:05.804 [info] > git diff --name-status -z --diff-filter=ADMR d4f70b43029a9c076ba74e695a00dcfb3a919e43...refs/remotes/origin/main [3ms]
2025-03-19 10:55:05.966 [info] > git config --get --local branch.main.github-pr-owner-number [2ms]
2025-03-19 10:55:05.966 [warning] [Git][config] git config failed: Failed to execute git
2025-03-19 10:55:10.809 [info] > git config --get commit.template [8ms]
2025-03-19 10:55:10.812 [info] > git for-each-ref --format=%(refname)%00%(upstream:short)%00%(objectname)%00%(upstream:track)%00%(upstream:remotename)%00%(upstream:remoteref) refs/heads/main refs/remotes/main [3ms]
2025-03-19 10:55:10.817 [warning] [Git][revParse] Unable to read file: ENOENT: no such file or directory, open '/workspace/project/.git/refs/remotes/origin/main'
2025-03-19 10:55:10.819 [info] > git rev-parse refs/remotes/origin/main [2ms]
2025-03-19 10:55:10.832 [info] > git status -z -uall [7ms]
2025-03-19 10:55:10.835 [info] > git for-each-ref --sort -committerdate --format %(refname) %(objectname) %(*objectname) [4ms]
2025-03-19 10:55:10.851 [info] > git merge-base refs/heads/main refs/remotes/origin/main [3ms]
2025-03-19 10:55:10.859 [info] > git diff --name-status -z --diff-filter=ADMR d4f70b43029a9c076ba74e695a00dcfb3a919e43...refs/remotes/origin/main [3ms]
2025-03-19 10:55:11.096 [info] > git config --get --local branch.main.github-pr-owner-number [2ms]
2025-03-19 10:55:11.096 [warning] [Git][config] git config failed: Failed to execute git
2025-03-19 10:55:15.862 [info] > git config --get commit.template [7ms]
2025-03-19 10:55:15.864 [info] > git for-each-ref --format=%(refname)%00%(upstream:short)%00%(objectname)%00%(upstream:track)%00%(upstream:remotename)%00%(upstream:remoteref) refs/heads/main refs/remotes/main [3ms]
2025-03-19 10:55:15.870 [warning] [Git][revParse] Unable to read file: ENOENT: no such file or directory, open '/workspace/project/.git/refs/remotes/origin/main'
2025-03-19 10:55:15.872 [info] > git rev-parse refs/remotes/origin/main [2ms]
2025-03-19 10:55:15.885 [info] > git status -z -uall [8ms]
2025-03-19 10:55:15.887 [info] > git for-each-ref --sort -committerdate --format %(refname) %(objectname) %(*objectname) [4ms]
2025-03-19 10:55:35.116 [info] > git config --get commit.template [7ms]
2025-03-19 10:55:35.118 [info] > git for-each-ref --format=%(refname)%00%(upstream:short)%00%(objectname)%00%(upstream:track)%00%(upstream:remotename)%00%(upstream:remoteref) refs/heads/main refs/remotes/main [2ms]
2025-03-19 10:55:35.124 [warning] [Git][revParse] Unable to read file: ENOENT: no such file or directory, open '/workspace/project/.git/refs/remotes/origin/main'
2025-03-19 10:55:35.126 [info] > git rev-parse refs/remotes/origin/main [2ms]
2025-03-19 10:55:35.138 [info] > git status -z -uall [6ms]
2025-03-19 10:55:35.142 [info] > git for-each-ref --sort -committerdate --format %(refname) %(objectname) %(*objectname) [4ms]
2025-03-19 10:55:40.163 [info] > git config --get commit.template [8ms]
2025-03-19 10:55:40.165 [info] > git for-each-ref --format=%(refname)%00%(upstream:short)%00%(objectname)%00%(upstream:track)%00%(upstream:remotename)%00%(upstream:remoteref) refs/heads/main refs/remotes/main [3ms]
2025-03-19 10:55:40.171 [warning] [Git][revParse] Unable to read file: ENOENT: no such file or directory, open '/workspace/project/.git/refs/remotes/origin/main'
2025-03-19 10:55:40.173 [info] > git rev-parse refs/remotes/origin/main [2ms]
2025-03-19 10:55:40.185 [info] > git status -z -uall [7ms]
2025-03-19 10:55:40.188 [info] > git for-each-ref --sort -committerdate --format %(refname) %(objectname) %(*objectname) [3ms]
2025-03-19 10:55:40.202 [info] > git merge-base refs/heads/main refs/remotes/origin/main [2ms]
2025-03-19 10:55:40.210 [info] > git diff --name-status -z --diff-filter=ADMR d4f70b43029a9c076ba74e695a00dcfb3a919e43...refs/remotes/origin/main [2ms]
2025-03-19 10:55:40.371 [info] > git config --get --local branch.main.github-pr-owner-number [2ms]
2025-03-19 10:55:40.371 [warning] [Git][config] git config failed: Failed to execute git
2025-03-19 10:55:45.213 [info] > git config --get commit.template [7ms]
2025-03-19 10:55:45.216 [info] > git for-each-ref --format=%(refname)%00%(upstream:short)%00%(objectname)%00%(upstream:track)%00%(upstream:remotename)%00%(upstream:remoteref) refs/heads/main refs/remotes/main [4ms]
2025-03-19 10:55:45.222 [warning] [Git][revParse] Unable to read file: ENOENT: no such file or directory, open '/workspace/project/.git/refs/remotes/origin/main'
2025-03-19 10:55:45.223 [info] > git rev-parse refs/remotes/origin/main [1ms]
2025-03-19 10:55:45.236 [info] > git status -z -uall [6ms]
2025-03-19 10:55:45.239 [info] > git for-each-ref --sort -committerdate --format %(refname) %(objectname) %(*objectname) [3ms]
2025-03-19 10:56:28.493 [info] > git config --get commit.template [7ms]
2025-03-19 10:56:28.496 [info] > git for-each-ref --format=%(refname)%00%(upstream:short)%00%(objectname)%00%(upstream:track)%00%(upstream:remotename)%00%(upstream:remoteref) refs/heads/main refs/remotes/main [2ms]
2025-03-19 10:56:28.502 [warning] [Git][revParse] Unable to read file: ENOENT: no such file or directory, open '/workspace/project/.git/refs/remotes/origin/main'
2025-03-19 10:56:28.504 [info] > git rev-parse refs/remotes/origin/main [2ms]
2025-03-19 10:56:28.515 [info] > git status -z -uall [6ms]
2025-03-19 10:56:28.519 [info] > git for-each-ref --sort -committerdate --format %(refname) %(objectname) %(*objectname) [4ms]
2025-03-19 10:56:28.534 [info] > git merge-base refs/heads/main refs/remotes/origin/main [3ms]
2025-03-19 10:56:28.543 [info] > git diff --name-status -z --diff-filter=ADMR d4f70b43029a9c076ba74e695a00dcfb3a919e43...refs/remotes/origin/main [2ms]
2025-03-19 10:56:28.705 [info] > git config --get --local branch.main.github-pr-owner-number [2ms]
2025-03-19 10:56:28.705 [warning] [Git][config] git config failed: Failed to execute git
2025-03-19 10:56:33.547 [info] > git config --get commit.template [7ms]
2025-03-19 10:56:33.549 [info] > git for-each-ref --format=%(refname)%00%(upstream:short)%00%(objectname)%00%(upstream:track)%00%(upstream:remotename)%00%(upstream:remoteref) refs/heads/main refs/remotes/main [3ms]
2025-03-19 10:56:33.556 [warning] [Git][revParse] Unable to read file: ENOENT: no such file or directory, open '/workspace/project/.git/refs/remotes/origin/main'
2025-03-19 10:56:33.558 [info] > git rev-parse refs/remotes/origin/main [2ms]
2025-03-19 10:56:33.570 [info] > git status -z -uall [6ms]
2025-03-19 10:56:33.573 [info] > git for-each-ref --sort -committerdate --format %(refname) %(objectname) %(*objectname) [4ms]
2025-03-19 10:56:33.589 [info] > git merge-base refs/heads/main refs/remotes/origin/main [3ms]
2025-03-19 10:56:33.598 [info] > git diff --name-status -z --diff-filter=ADMR d4f70b43029a9c076ba74e695a00dcfb3a919e43...refs/remotes/origin/main [3ms]
2025-03-19 10:56:33.761 [info] > git config --get --local branch.main.github-pr-owner-number [1ms]
2025-03-19 10:56:33.761 [warning] [Git][config] git config failed: Failed to execute git
2025-03-19 10:56:38.600 [info] > git config --get commit.template [7ms]
2025-03-19 10:56:38.603 [info] > git for-each-ref --format=%(refname)%00%(upstream:short)%00%(objectname)%00%(upstream:track)%00%(upstream:remotename)%00%(upstream:remoteref) refs/heads/main refs/remotes/main [3ms]
2025-03-19 10:56:38.609 [warning] [Git][revParse] Unable to read file: ENOENT: no such file or directory, open '/workspace/project/.git/refs/remotes/origin/main'
2025-03-19 10:56:38.610 [info] > git rev-parse refs/remotes/origin/main [1ms]
2025-03-19 10:56:38.622 [info] > git status -z -uall [6ms]
2025-03-19 10:56:38.625 [info] > git for-each-ref --sort -committerdate --format %(refname) %(objectname) %(*objectname) [3ms]
2025-03-19 10:56:43.646 [info] > git config --get commit.template [8ms]
2025-03-19 10:56:43.649 [info] > git for-each-ref --format=%(refname)%00%(upstream:short)%00%(objectname)%00%(upstream:track)%00%(upstream:remotename)%00%(upstream:remoteref) refs/heads/main refs/remotes/main [4ms]
2025-03-19 10:56:43.654 [warning] [Git][revParse] Unable to read file: ENOENT: no such file or directory, open '/workspace/project/.git/refs/remotes/origin/main'
2025-03-19 10:56:43.656 [info] > git rev-parse refs/remotes/origin/main [2ms]
2025-03-19 10:56:43.670 [info] > git status -z -uall [8ms]
2025-03-19 10:56:43.673 [info] > git for-each-ref --sort -committerdate --format %(refname) %(objectname) %(*objectname) [4ms]
2025-03-19 10:56:43.688 [info] > git merge-base refs/heads/main refs/remotes/origin/main [3ms]
2025-03-19 10:56:43.697 [info] > git diff --name-status -z --diff-filter=ADMR d4f70b43029a9c076ba74e695a00dcfb3a919e43...refs/remotes/origin/main [3ms]
2025-03-19 10:56:43.869 [info] > git config --get --local branch.main.github-pr-owner-number [2ms]
2025-03-19 10:56:43.869 [warning] [Git][config] git config failed: Failed to execute git
2025-03-19 10:56:48.699 [info] > git config --get commit.template [6ms]
2025-03-19 10:56:48.702 [info] > git for-each-ref --format=%(refname)%00%(upstream:short)%00%(objectname)%00%(upstream:track)%00%(upstream:remotename)%00%(upstream:remoteref) refs/heads/main refs/remotes/main [3ms]
2025-03-19 10:56:48.707 [warning] [Git][revParse] Unable to read file: ENOENT: no such file or directory, open '/workspace/project/.git/refs/remotes/origin/main'
2025-03-19 10:56:48.710 [info] > git rev-parse refs/remotes/origin/main [3ms]
2025-03-19 10:56:48.722 [info] > git status -z -uall [7ms]
2025-03-19 10:56:48.725 [info] > git for-each-ref --sort -committerdate --format %(refname) %(objectname) %(*objectname) [4ms]
2025-03-19 10:57:14.294 [info] > git config --get commit.template [7ms]
2025-03-19 10:57:14.296 [info] > git for-each-ref --format=%(refname)%00%(upstream:short)%00%(objectname)%00%(upstream:track)%00%(upstream:remotename)%00%(upstream:remoteref) refs/heads/main refs/remotes/main [3ms]
2025-03-19 10:57:14.302 [warning] [Git][revParse] Unable to read file: ENOENT: no such file or directory, open '/workspace/project/.git/refs/remotes/origin/main'
2025-03-19 10:57:14.305 [info] > git rev-parse refs/remotes/origin/main [3ms]
2025-03-19 10:57:14.317 [info] > git status -z -uall [6ms]
2025-03-19 10:57:14.320 [info] > git for-each-ref --sort -committerdate --format %(refname) %(objectname) %(*objectname) [3ms]
2025-03-19 10:57:14.335 [info] > git merge-base refs/heads/main refs/remotes/origin/main [3ms]
2025-03-19 10:57:14.343 [info] > git diff --name-status -z --diff-filter=ADMR d4f70b43029a9c076ba74e695a00dcfb3a919e43...refs/remotes/origin/main [2ms]
2025-03-19 10:57:14.502 [info] > git config --get --local branch.main.github-pr-owner-number [2ms]
2025-03-19 10:57:14.502 [warning] [Git][config] git config failed: Failed to execute git
2025-03-19 10:57:19.347 [info] > git config --get commit.template [8ms]
2025-03-19 10:57:19.348 [info] > git for-each-ref --format=%(refname)%00%(upstream:short)%00%(objectname)%00%(upstream:track)%00%(upstream:remotename)%00%(upstream:remoteref) refs/heads/main refs/remotes/main [3ms]
2025-03-19 10:57:19.355 [warning] [Git][revParse] Unable to read file: ENOENT: no such file or directory, open '/workspace/project/.git/refs/remotes/origin/main'
2025-03-19 10:57:19.356 [info] > git rev-parse refs/remotes/origin/main [2ms]
2025-03-19 10:57:19.369 [info] > git status -z -uall [7ms]
2025-03-19 10:57:19.371 [info] > git for-each-ref --sort -committerdate --format %(refname) %(objectname) %(*objectname) [3ms]
2025-03-19 10:57:24.390 [info] > git config --get commit.template [6ms]
2025-03-19 10:57:24.393 [info] > git for-each-ref --format=%(refname)%00%(upstream:short)%00%(objectname)%00%(upstream:track)%00%(upstream:remotename)%00%(upstream:remoteref) refs/heads/main refs/remotes/main [3ms]
2025-03-19 10:57:24.398 [warning] [Git][revParse] Unable to read file: ENOENT: no such file or directory, open '/workspace/project/.git/refs/remotes/origin/main'
2025-03-19 10:57:24.400 [info] > git rev-parse refs/remotes/origin/main [2ms]
2025-03-19 10:57:24.412 [info] > git status -z -uall [6ms]
2025-03-19 10:57:24.417 [info] > git for-each-ref --sort -committerdate --format %(refname) %(objectname) %(*objectname) [4ms]
2025-03-19 10:57:24.432 [info] > git merge-base refs/heads/main refs/remotes/origin/main [3ms]
2025-03-19 10:57:24.442 [info] > git diff --name-status -z --diff-filter=ADMR d4f70b43029a9c076ba74e695a00dcfb3a919e43...refs/remotes/origin/main [3ms]
2025-03-19 10:57:24.604 [info] > git config --get --local branch.main.github-pr-owner-number [2ms]
2025-03-19 10:57:24.604 [warning] [Git][config] git config failed: Failed to execute git
2025-03-19 10:57:29.445 [info] > git config --get commit.template [7ms]
2025-03-19 10:57:29.447 [info] > git for-each-ref --format=%(refname)%00%(upstream:short)%00%(objectname)%00%(upstream:track)%00%(upstream:remotename)%00%(upstream:remoteref) refs/heads/main refs/remotes/main [3ms]
2025-03-19 10:57:29.456 [warning] [Git][revParse] Unable to read file: ENOENT: no such file or directory, open '/workspace/project/.git/refs/remotes/origin/main'
2025-03-19 10:57:29.462 [info] > git rev-parse refs/remotes/origin/main [6ms]
2025-03-19 10:57:29.491 [info] > git status -z -uall [14ms]
2025-03-19 10:57:29.493 [info] > git for-each-ref --sort -committerdate --format %(refname) %(objectname) %(*objectname) [4ms]
2025-03-19 10:57:51.438 [info] > git config --get commit.template [7ms]
2025-03-19 10:57:51.441 [info] > git for-each-ref --format=%(refname)%00%(upstream:short)%00%(objectname)%00%(upstream:track)%00%(upstream:remotename)%00%(upstream:remoteref) refs/heads/main refs/remotes/main [3ms]
2025-03-19 10:57:51.447 [warning] [Git][revParse] Unable to read file: ENOENT: no such file or directory, open '/workspace/project/.git/refs/remotes/origin/main'
2025-03-19 10:57:51.448 [info] > git rev-parse refs/remotes/origin/main [1ms]
2025-03-19 10:57:51.461 [info] > git status -z -uall [7ms]
2025-03-19 10:57:51.464 [info] > git for-each-ref --sort -committerdate --format %(refname) %(objectname) %(*objectname) [4ms]
2025-03-19 10:57:51.479 [info] > git merge-base refs/heads/main refs/remotes/origin/main [3ms]
2025-03-19 10:57:51.488 [info] > git diff --name-status -z --diff-filter=ADMR d4f70b43029a9c076ba74e695a00dcfb3a919e43...refs/remotes/origin/main [2ms]
2025-03-19 10:57:51.646 [info] > git config --get --local branch.main.github-pr-owner-number [2ms]
2025-03-19 10:57:51.646 [warning] [Git][config] git config failed: Failed to execute git
2025-03-19 10:57:56.491 [info] > git config --get commit.template [7ms]
2025-03-19 10:57:56.493 [info] > git for-each-ref --format=%(refname)%00%(upstream:short)%00%(objectname)%00%(upstream:track)%00%(upstream:remotename)%00%(upstream:remoteref) refs/heads/main refs/remotes/main [3ms]
2025-03-19 10:57:56.499 [warning] [Git][revParse] Unable to read file: ENOENT: no such file or directory, open '/workspace/project/.git/refs/remotes/origin/main'
2025-03-19 10:57:56.501 [info] > git rev-parse refs/remotes/origin/main [2ms]
2025-03-19 10:57:56.515 [info] > git status -z -uall [8ms]
2025-03-19 10:57:56.518 [info] > git for-each-ref --sort -committerdate --format %(refname) %(objectname) %(*objectname) [4ms]
2025-03-19 10:58:14.230 [info] > git config --get commit.template [6ms]
2025-03-19 10:58:14.233 [info] > git for-each-ref --format=%(refname)%00%(upstream:short)%00%(objectname)%00%(upstream:track)%00%(upstream:remotename)%00%(upstream:remoteref) refs/heads/main refs/remotes/main [3ms]
2025-03-19 10:58:14.239 [warning] [Git][revParse] Unable to read file: ENOENT: no such file or directory, open '/workspace/project/.git/refs/remotes/origin/main'
2025-03-19 10:58:14.241 [info] > git rev-parse refs/remotes/origin/main [2ms]
2025-03-19 10:58:14.254 [info] > git status -z -uall [7ms]
2025-03-19 10:58:14.257 [info] > git for-each-ref --sort -committerdate --format %(refname) %(objectname) %(*objectname) [4ms]
2025-03-19 10:58:14.271 [info] > git merge-base refs/heads/main refs/remotes/origin/main [3ms]
2025-03-19 10:58:14.280 [info] > git diff --name-status -z --diff-filter=ADMR d4f70b43029a9c076ba74e695a00dcfb3a919e43...refs/remotes/origin/main [3ms]
2025-03-19 10:58:14.439 [info] > git config --get --local branch.main.github-pr-owner-number [2ms]
2025-03-19 10:58:14.439 [warning] [Git][config] git config failed: Failed to execute git
2025-03-19 10:58:19.283 [info] > git config --get commit.template [7ms]
2025-03-19 10:58:19.286 [info] > git for-each-ref --format=%(refname)%00%(upstream:short)%00%(objectname)%00%(upstream:track)%00%(upstream:remotename)%00%(upstream:remoteref) refs/heads/main refs/remotes/main [4ms]
2025-03-19 10:58:19.291 [warning] [Git][revParse] Unable to read file: ENOENT: no such file or directory, open '/workspace/project/.git/refs/remotes/origin/main'
2025-03-19 10:58:19.293 [info] > git rev-parse refs/remotes/origin/main [2ms]
2025-03-19 10:58:19.306 [info] > git status -z -uall [7ms]
2025-03-19 10:58:19.308 [info] > git for-each-ref --sort -committerdate --format %(refname) %(objectname) %(*objectname) [3ms]
2025-03-19 10:59:00.965 [info] > git config --get commit.template [7ms]
2025-03-19 10:59:00.968 [info] > git for-each-ref --format=%(refname)%00%(upstream:short)%00%(objectname)%00%(upstream:track)%00%(upstream:remotename)%00%(upstream:remoteref) refs/heads/main refs/remotes/main [4ms]
2025-03-19 10:59:00.974 [warning] [Git][revParse] Unable to read file: ENOENT: no such file or directory, open '/workspace/project/.git/refs/remotes/origin/main'
2025-03-19 10:59:00.975 [info] > git rev-parse refs/remotes/origin/main [1ms]
2025-03-19 10:59:00.988 [info] > git status -z -uall [7ms]
2025-03-19 10:59:00.990 [info] > git for-each-ref --sort -committerdate --format %(refname) %(objectname) %(*objectname) [3ms]
2025-03-19 10:59:01.005 [info] > git merge-base refs/heads/main refs/remotes/origin/main [3ms]
2025-03-19 10:59:01.013 [info] > git diff --name-status -z --diff-filter=ADMR d4f70b43029a9c076ba74e695a00dcfb3a919e43...refs/remotes/origin/main [2ms]
2025-03-19 10:59:01.197 [info] > git config --get --local branch.main.github-pr-owner-number [2ms]
2025-03-19 10:59:01.197 [warning] [Git][config] git config failed: Failed to execute git
2025-03-19 10:59:06.016 [info] > git config --get commit.template [7ms]
2025-03-19 10:59:06.018 [info] > git for-each-ref --format=%(refname)%00%(upstream:short)%00%(objectname)%00%(upstream:track)%00%(upstream:remotename)%00%(upstream:remoteref) refs/heads/main refs/remotes/main [3ms]
2025-03-19 10:59:06.024 [warning] [Git][revParse] Unable to read file: ENOENT: no such file or directory, open '/workspace/project/.git/refs/remotes/origin/main'
2025-03-19 10:59:06.026 [info] > git rev-parse refs/remotes/origin/main [1ms]
2025-03-19 10:59:06.038 [info] > git status -z -uall [7ms]
2025-03-19 10:59:06.040 [info] > git for-each-ref --sort -committerdate --format %(refname) %(objectname) %(*objectname) [3ms]
2025-03-19 11:08:30.894 [info] > git config --get commit.template [6ms]
2025-03-19 11:08:30.898 [info] > git for-each-ref --format=%(refname)%00%(upstream:short)%00%(objectname)%00%(upstream:track)%00%(upstream:remotename)%00%(upstream:remoteref) refs/heads/main refs/remotes/main [3ms]
2025-03-19 11:08:30.903 [warning] [Git][revParse] Unable to read file: ENOENT: no such file or directory, open '/workspace/project/.git/refs/remotes/origin/main'
2025-03-19 11:08:30.904 [info] > git rev-parse refs/remotes/origin/main [1ms]
2025-03-19 11:08:30.916 [info] > git status -z -uall [6ms]
2025-03-19 11:08:30.919 [info] > git for-each-ref --sort -committerdate --format %(refname) %(objectname) %(*objectname) [3ms]
2025-03-19 11:08:30.936 [info] > git merge-base refs/heads/main refs/remotes/origin/main [3ms]
2025-03-19 11:08:30.944 [info] > git diff --name-status -z --diff-filter=ADMR d4f70b43029a9c076ba74e695a00dcfb3a919e43...refs/remotes/origin/main [2ms]
2025-03-19 11:08:31.103 [info] > git config --get --local branch.main.github-pr-owner-number [1ms]
2025-03-19 11:08:31.103 [warning] [Git][config] git config failed: Failed to execute git
2025-03-19 11:08:35.951 [info] > git config --get commit.template [6ms]
2025-03-19 11:08:35.953 [info] > git for-each-ref --format=%(refname)%00%(upstream:short)%00%(objectname)%00%(upstream:track)%00%(upstream:remotename)%00%(upstream:remoteref) refs/heads/main refs/remotes/main [3ms]
2025-03-19 11:08:35.958 [warning] [Git][revParse] Unable to read file: ENOENT: no such file or directory, open '/workspace/project/.git/refs/remotes/origin/main'
2025-03-19 11:08:35.960 [info] > git rev-parse refs/remotes/origin/main [2ms]
2025-03-19 11:08:35.971 [info] > git status -z -uall [6ms]
2025-03-19 11:08:35.974 [info] > git for-each-ref --sort -committerdate --format %(refname) %(objectname) %(*objectname) [3ms]
2025-03-19 11:08:59.714 [info] > git config --get commit.template [6ms]
2025-03-19 11:08:59.717 [info] > git for-each-ref --format=%(refname)%00%(upstream:short)%00%(objectname)%00%(upstream:track)%00%(upstream:remotename)%00%(upstream:remoteref) refs/heads/main refs/remotes/main [4ms]
2025-03-19 11:08:59.722 [warning] [Git][revParse] Unable to read file: ENOENT: no such file or directory, open '/workspace/project/.git/refs/remotes/origin/main'
2025-03-19 11:08:59.724 [info] > git rev-parse refs/remotes/origin/main [2ms]
2025-03-19 11:08:59.736 [info] > git status -z -uall [6ms]
2025-03-19 11:08:59.739 [info] > git for-each-ref --sort -committerdate --format %(refname) %(objectname) %(*objectname) [3ms]
2025-03-19 11:08:59.753 [info] > git merge-base refs/heads/main refs/remotes/origin/main [3ms]
2025-03-19 11:08:59.761 [info] > git diff --name-status -z --diff-filter=ADMR d4f70b43029a9c076ba74e695a00dcfb3a919e43...refs/remotes/origin/main [3ms]
2025-03-19 11:08:59.922 [info] > git config --get --local branch.main.github-pr-owner-number [2ms]
2025-03-19 11:08:59.922 [warning] [Git][config] git config failed: Failed to execute git
2025-03-19 11:09:04.766 [info] > git config --get commit.template [7ms]
2025-03-19 11:09:04.769 [info] > git for-each-ref --format=%(refname)%00%(upstream:short)%00%(objectname)%00%(upstream:track)%00%(upstream:remotename)%00%(upstream:remoteref) refs/heads/main refs/remotes/main [3ms]
2025-03-19 11:09:04.775 [warning] [Git][revParse] Unable to read file: ENOENT: no such file or directory, open '/workspace/project/.git/refs/remotes/origin/main'
2025-03-19 11:09:04.776 [info] > git rev-parse refs/remotes/origin/main [2ms]
2025-03-19 11:09:04.788 [info] > git status -z -uall [7ms]
2025-03-19 11:09:04.791 [info] > git for-each-ref --sort -committerdate --format %(refname) %(objectname) %(*objectname) [3ms]
2025-03-19 11:09:24.290 [info] > git config --get commit.template [6ms]
2025-03-19 11:09:24.292 [info] > git for-each-ref --format=%(refname)%00%(upstream:short)%00%(objectname)%00%(upstream:track)%00%(upstream:remotename)%00%(upstream:remoteref) refs/heads/main refs/remotes/main [3ms]
2025-03-19 11:09:24.297 [warning] [Git][revParse] Unable to read file: ENOENT: no such file or directory, open '/workspace/project/.git/refs/remotes/origin/main'
2025-03-19 11:09:24.299 [info] > git rev-parse refs/remotes/origin/main [2ms]
2025-03-19 11:09:24.311 [info] > git status -z -uall [6ms]
2025-03-19 11:09:24.314 [info] > git for-each-ref --sort -committerdate --format %(refname) %(objectname) %(*objectname) [3ms]
2025-03-19 11:09:24.327 [info] > git merge-base refs/heads/main refs/remotes/origin/main [3ms]
2025-03-19 11:09:24.335 [info] > git diff --name-status -z --diff-filter=ADMR d4f70b43029a9c076ba74e695a00dcfb3a919e43...refs/remotes/origin/main [2ms]
2025-03-19 11:09:24.495 [info] > git config --get --local branch.main.github-pr-owner-number [2ms]
2025-03-19 11:09:24.495 [warning] [Git][config] git config failed: Failed to execute git
2025-03-19 11:09:29.338 [info] > git config --get commit.template [6ms]
2025-03-19 11:09:29.340 [info] > git for-each-ref --format=%(refname)%00%(upstream:short)%00%(objectname)%00%(upstream:track)%00%(upstream:remotename)%00%(upstream:remoteref) refs/heads/main refs/remotes/main [3ms]
2025-03-19 11:09:29.346 [warning] [Git][revParse] Unable to read file: ENOENT: no such file or directory, open '/workspace/project/.git/refs/remotes/origin/main'
2025-03-19 11:09:29.348 [info] > git rev-parse refs/remotes/origin/main [1ms]
2025-03-19 11:09:29.361 [info] > git status -z -uall [8ms]
2025-03-19 11:09:29.364 [info] > git for-each-ref --sort -committerdate --format %(refname) %(objectname) %(*objectname) [3ms]
2025-03-19 11:09:55.980 [info] > git config --get commit.template [6ms]
2025-03-19 11:09:55.983 [info] > git for-each-ref --format=%(refname)%00%(upstream:short)%00%(objectname)%00%(upstream:track)%00%(upstream:remotename)%00%(upstream:remoteref) refs/heads/main refs/remotes/main [3ms]
2025-03-19 11:09:55.988 [warning] [Git][revParse] Unable to read file: ENOENT: no such file or directory, open '/workspace/project/.git/refs/remotes/origin/main'
2025-03-19 11:09:55.990 [info] > git rev-parse refs/remotes/origin/main [2ms]
2025-03-19 11:09:56.000 [info] > git status -z -uall [5ms]
2025-03-19 11:09:56.003 [info] > git for-each-ref --sort -committerdate --format %(refname) %(objectname) %(*objectname) [3ms]
2025-03-19 11:09:56.017 [info] > git merge-base refs/heads/main refs/remotes/origin/main [3ms]
2025-03-19 11:09:56.025 [info] > git diff --name-status -z --diff-filter=ADMR d4f70b43029a9c076ba74e695a00dcfb3a919e43...refs/remotes/origin/main [2ms]
2025-03-19 11:09:56.187 [info] > git config --get --local branch.main.github-pr-owner-number [1ms]
2025-03-19 11:09:56.187 [warning] [Git][config] git config failed: Failed to execute git
2025-03-19 11:10:01.030 [info] > git config --get commit.template [7ms]
2025-03-19 11:10:01.033 [info] > git for-each-ref --format=%(refname)%00%(upstream:short)%00%(objectname)%00%(upstream:track)%00%(upstream:remotename)%00%(upstream:remoteref) refs/heads/main refs/remotes/main [3ms]
2025-03-19 11:10:01.038 [warning] [Git][revParse] Unable to read file: ENOENT: no such file or directory, open '/workspace/project/.git/refs/remotes/origin/main'
2025-03-19 11:10:01.040 [info] > git rev-parse refs/remotes/origin/main [2ms]
2025-03-19 11:10:01.051 [info] > git status -z -uall [5ms]
2025-03-19 11:10:01.054 [info] > git for-each-ref --sort -committerdate --format %(refname) %(objectname) %(*objectname) [3ms]
2025-03-19 11:10:42.419 [info] > git config --get commit.template [6ms]
2025-03-19 11:10:42.422 [info] > git for-each-ref --format=%(refname)%00%(upstream:short)%00%(objectname)%00%(upstream:track)%00%(upstream:remotename)%00%(upstream:remoteref) refs/heads/main refs/remotes/main [3ms]
2025-03-19 11:10:42.427 [warning] [Git][revParse] Unable to read file: ENOENT: no such file or directory, open '/workspace/project/.git/refs/remotes/origin/main'
2025-03-19 11:10:42.429 [info] > git rev-parse refs/remotes/origin/main [2ms]
2025-03-19 11:10:42.441 [info] > git status -z -uall [7ms]
2025-03-19 11:10:42.443 [info] > git for-each-ref --sort -committerdate --format %(refname) %(objectname) %(*objectname) [3ms]
2025-03-19 11:10:42.456 [info] > git merge-base refs/heads/main refs/remotes/origin/main [3ms]
2025-03-19 11:10:42.464 [info] > git diff --name-status -z --diff-filter=ADMR d4f70b43029a9c076ba74e695a00dcfb3a919e43...refs/remotes/origin/main [2ms]
2025-03-19 11:10:42.624 [info] > git config --get --local branch.main.github-pr-owner-number [2ms]
2025-03-19 11:10:42.624 [warning] [Git][config] git config failed: Failed to execute git
2025-03-19 11:10:47.469 [info] > git config --get commit.template [7ms]
2025-03-19 11:10:47.472 [info] > git for-each-ref --format=%(refname)%00%(upstream:short)%00%(objectname)%00%(upstream:track)%00%(upstream:remotename)%00%(upstream:remoteref) refs/heads/main refs/remotes/main [4ms]
2025-03-19 11:10:47.478 [warning] [Git][revParse] Unable to read file: ENOENT: no such file or directory, open '/workspace/project/.git/refs/remotes/origin/main'
2025-03-19 11:10:47.480 [info] > git rev-parse refs/remotes/origin/main [2ms]
2025-03-19 11:10:47.492 [info] > git status -z -uall [7ms]
2025-03-19 11:10:47.495 [info] > git for-each-ref --sort -committerdate --format %(refname) %(objectname) %(*objectname) [3ms]
2025-03-19 11:18:00.289 [info] > git config --get commit.template [6ms]
2025-03-19 11:18:00.292 [info] > git for-each-ref --format=%(refname)%00%(upstream:short)%00%(objectname)%00%(upstream:track)%00%(upstream:remotename)%00%(upstream:remoteref) refs/heads/main refs/remotes/main [4ms]
2025-03-19 11:18:00.297 [warning] [Git][revParse] Unable to read file: ENOENT: no such file or directory, open '/workspace/project/.git/refs/remotes/origin/main'
2025-03-19 11:18:00.298 [info] > git rev-parse refs/remotes/origin/main [1ms]
2025-03-19 11:18:00.310 [info] > git status -z -uall [6ms]
2025-03-19 11:18:00.313 [info] > git for-each-ref --sort -committerdate --format %(refname) %(objectname) %(*objectname) [3ms]
2025-03-19 11:18:05.331 [info] > git config --get commit.template [6ms]
2025-03-19 11:18:05.334 [info] > git for-each-ref --format=%(refname)%00%(upstream:short)%00%(objectname)%00%(upstream:track)%00%(upstream:remotename)%00%(upstream:remoteref) refs/heads/main refs/remotes/main [3ms]
2025-03-19 11:18:05.339 [warning] [Git][revParse] Unable to read file: ENOENT: no such file or directory, open '/workspace/project/.git/refs/remotes/origin/main'
2025-03-19 11:18:05.340 [info] > git rev-parse refs/remotes/origin/main [1ms]
2025-03-19 11:18:05.352 [info] > git status -z -uall [6ms]
2025-03-19 11:18:05.355 [info] > git for-each-ref --sort -committerdate --format %(refname) %(objectname) %(*objectname) [3ms]
2025-03-19 11:18:05.370 [info] > git merge-base refs/heads/main refs/remotes/origin/main [3ms]
2025-03-19 11:18:05.378 [info] > git diff --name-status -z --diff-filter=ADMR d4f70b43029a9c076ba74e695a00dcfb3a919e43...refs/remotes/origin/main [2ms]
2025-03-19 11:18:05.536 [info] > git config --get --local branch.main.github-pr-owner-number [2ms]
2025-03-19 11:18:05.536 [warning] [Git][config] git config failed: Failed to execute git
2025-03-19 11:18:10.380 [info] > git config --get commit.template [6ms]
2025-03-19 11:18:10.383 [info] > git for-each-ref --format=%(refname)%00%(upstream:short)%00%(objectname)%00%(upstream:track)%00%(upstream:remotename)%00%(upstream:remoteref) refs/heads/main refs/remotes/main [3ms]
2025-03-19 11:18:10.389 [warning] [Git][revParse] Unable to read file: ENOENT: no such file or directory, open '/workspace/project/.git/refs/remotes/origin/main'
2025-03-19 11:18:10.390 [info] > git rev-parse refs/remotes/origin/main [1ms]
2025-03-19 11:18:10.402 [info] > git status -z -uall [6ms]
2025-03-19 11:18:10.405 [info] > git for-each-ref --sort -committerdate --format %(refname) %(objectname) %(*objectname) [3ms]
2025-03-19 11:18:34.804 [info] > git config --get commit.template [6ms]
2025-03-19 11:18:34.807 [info] > git for-each-ref --format=%(refname)%00%(upstream:short)%00%(objectname)%00%(upstream:track)%00%(upstream:remotename)%00%(upstream:remoteref) refs/heads/main refs/remotes/main [3ms]
2025-03-19 11:18:34.812 [warning] [Git][revParse] Unable to read file: ENOENT: no such file or directory, open '/workspace/project/.git/refs/remotes/origin/main'
2025-03-19 11:18:34.814 [info] > git rev-parse refs/remotes/origin/main [2ms]
2025-03-19 11:18:34.825 [info] > git status -z -uall [6ms]
2025-03-19 11:18:34.828 [info] > git for-each-ref --sort -committerdate --format %(refname) %(objectname) %(*objectname) [3ms]
2025-03-19 11:18:34.841 [info] > git merge-base refs/heads/main refs/remotes/origin/main [3ms]
2025-03-19 11:18:34.849 [info] > git diff --name-status -z --diff-filter=ADMR d4f70b43029a9c076ba74e695a00dcfb3a919e43...refs/remotes/origin/main [3ms]
2025-03-19 11:18:35.013 [info] > git config --get --local branch.main.github-pr-owner-number [2ms]
2025-03-19 11:18:35.013 [warning] [Git][config] git config failed: Failed to execute git
2025-03-19 11:18:39.852 [info] > git config --get commit.template [7ms]
2025-03-19 11:18:39.855 [info] > git for-each-ref --format=%(refname)%00%(upstream:short)%00%(objectname)%00%(upstream:track)%00%(upstream:remotename)%00%(upstream:remoteref) refs/heads/main refs/remotes/main [3ms]
2025-03-19 11:18:39.861 [warning] [Git][revParse] Unable to read file: ENOENT: no such file or directory, open '/workspace/project/.git/refs/remotes/origin/main'
2025-03-19 11:18:39.863 [info] > git rev-parse refs/remotes/origin/main [2ms]
2025-03-19 11:18:39.875 [info] > git status -z -uall [7ms]
2025-03-19 11:18:39.877 [info] > git for-each-ref --sort -committerdate --format %(refname) %(objectname) %(*objectname) [3ms]
2025-03-19 11:19:56.154 [info] > git config --get commit.template [6ms]
2025-03-19 11:19:56.157 [info] > git for-each-ref --format=%(refname)%00%(upstream:short)%00%(objectname)%00%(upstream:track)%00%(upstream:remotename)%00%(upstream:remoteref) refs/heads/main refs/remotes/main [3ms]
2025-03-19 11:19:56.164 [warning] [Git][revParse] Unable to read file: ENOENT: no such file or directory, open '/workspace/project/.git/refs/remotes/origin/main'
2025-03-19 11:19:56.166 [info] > git rev-parse refs/remotes/origin/main [2ms]
2025-03-19 11:19:56.179 [info] > git status -z -uall [7ms]
2025-03-19 11:19:56.182 [info] > git for-each-ref --sort -committerdate --format %(refname) %(objectname) %(*objectname) [3ms]
2025-03-19 11:19:56.198 [info] > git merge-base refs/heads/main refs/remotes/origin/main [3ms]
2025-03-19 11:19:56.207 [info] > git diff --name-status -z --diff-filter=ADMR d4f70b43029a9c076ba74e695a00dcfb3a919e43...refs/remotes/origin/main [2ms]
2025-03-19 11:19:56.383 [info] > git config --get --local branch.main.github-pr-owner-number [2ms]
2025-03-19 11:19:56.384 [warning] [Git][config] git config failed: Failed to execute git
2025-03-19 11:20:02.887 [info] > git config --get commit.template [7ms]
2025-03-19 11:20:02.890 [info] > git for-each-ref --format=%(refname)%00%(upstream:short)%00%(objectname)%00%(upstream:track)%00%(upstream:remotename)%00%(upstream:remoteref) refs/heads/main refs/remotes/main [4ms]
2025-03-19 11:20:02.896 [warning] [Git][revParse] Unable to read file: ENOENT: no such file or directory, open '/workspace/project/.git/refs/remotes/origin/main'
2025-03-19 11:20:02.898 [info] > git rev-parse refs/remotes/origin/main [2ms]
2025-03-19 11:20:02.909 [info] > git status -z -uall [6ms]
2025-03-19 11:20:02.912 [info] > git for-each-ref --sort -committerdate --format %(refname) %(objectname) %(*objectname) [3ms]
2025-03-19 11:20:02.926 [info] > git merge-base refs/heads/main refs/remotes/origin/main [2ms]
2025-03-19 11:20:02.933 [info] > git diff --name-status -z --diff-filter=ADMR d4f70b43029a9c076ba74e695a00dcfb3a919e43...refs/remotes/origin/main [2ms]
2025-03-19 11:20:03.100 [info] > git config --get --local branch.main.github-pr-owner-number [1ms]
2025-03-19 11:20:03.100 [warning] [Git][config] git config failed: Failed to execute git
2025-03-19 11:20:07.941 [info] > git config --get commit.template [9ms]
2025-03-19 11:20:07.944 [info] > git for-each-ref --format=%(refname)%00%(upstream:short)%00%(objectname)%00%(upstream:track)%00%(upstream:remotename)%00%(upstream:remoteref) refs/heads/main refs/remotes/main [4ms]
2025-03-19 11:20:07.951 [warning] [Git][revParse] Unable to read file: ENOENT: no such file or directory, open '/workspace/project/.git/refs/remotes/origin/main'
2025-03-19 11:20:07.953 [info] > git rev-parse refs/remotes/origin/main [2ms]
2025-03-19 11:20:07.969 [info] > git status -z -uall [8ms]
2025-03-19 11:20:07.972 [info] > git for-each-ref --sort -committerdate --format %(refname) %(objectname) %(*objectname) [4ms]
2025-03-19 11:21:00.945 [info] > git config --get commit.template [6ms]
2025-03-19 11:21:00.948 [info] > git for-each-ref --format=%(refname)%00%(upstream:short)%00%(objectname)%00%(upstream:track)%00%(upstream:remotename)%00%(upstream:remoteref) refs/heads/main refs/remotes/main [4ms]
2025-03-19 11:21:00.953 [warning] [Git][revParse] Unable to read file: ENOENT: no such file or directory, open '/workspace/project/.git/refs/remotes/origin/main'
2025-03-19 11:21:00.954 [info] > git rev-parse refs/remotes/origin/main [1ms]
2025-03-19 11:21:00.965 [info] > git status -z -uall [5ms]
2025-03-19 11:21:00.968 [info] > git for-each-ref --sort -committerdate --format %(refname) %(objectname) %(*objectname) [3ms]
2025-03-19 11:21:00.982 [info] > git merge-base refs/heads/main refs/remotes/origin/main [4ms]
2025-03-19 11:21:00.990 [info] > git diff --name-status -z --diff-filter=ADMR d4f70b43029a9c076ba74e695a00dcfb3a919e43...refs/remotes/origin/main [3ms]
2025-03-19 11:21:01.150 [info] > git config --get --local branch.main.github-pr-owner-number [1ms]
2025-03-19 11:21:01.150 [warning] [Git][config] git config failed: Failed to execute git
2025-03-19 11:21:06.218 [info] > git config --get commit.template [7ms]
2025-03-19 11:21:06.220 [info] > git for-each-ref --format=%(refname)%00%(upstream:short)%00%(objectname)%00%(upstream:track)%00%(upstream:remotename)%00%(upstream:remoteref) refs/heads/main refs/remotes/main [3ms]
2025-03-19 11:21:06.226 [warning] [Git][revParse] Unable to read file: ENOENT: no such file or directory, open '/workspace/project/.git/refs/remotes/origin/main'
2025-03-19 11:21:06.228 [info] > git rev-parse refs/remotes/origin/main [2ms]
2025-03-19 11:21:06.240 [info] > git status -z -uall [6ms]
2025-03-19 11:21:06.244 [info] > git for-each-ref --sort -committerdate --format %(refname) %(objectname) %(*objectname) [4ms]
2025-03-19 11:21:38.921 [info] > git config --get commit.template [6ms]
2025-03-19 11:21:38.924 [info] > git for-each-ref --format=%(refname)%00%(upstream:short)%00%(objectname)%00%(upstream:track)%00%(upstream:remotename)%00%(upstream:remoteref) refs/heads/main refs/remotes/main [4ms]
2025-03-19 11:21:38.930 [warning] [Git][revParse] Unable to read file: ENOENT: no such file or directory, open '/workspace/project/.git/refs/remotes/origin/main'
2025-03-19 11:21:38.932 [info] > git rev-parse refs/remotes/origin/main [2ms]
2025-03-19 11:21:38.946 [info] > git status -z -uall [7ms]
2025-03-19 11:21:38.948 [info] > git for-each-ref --sort -committerdate --format %(refname) %(objectname) %(*objectname) [3ms]
2025-03-19 11:21:38.961 [info] > git merge-base refs/heads/main refs/remotes/origin/main [3ms]
2025-03-19 11:21:38.969 [info] > git diff --name-status -z --diff-filter=ADMR d4f70b43029a9c076ba74e695a00dcfb3a919e43...refs/remotes/origin/main [3ms]
2025-03-19 11:21:39.285 [info] > git config --get --local branch.main.github-pr-owner-number [1ms]
2025-03-19 11:21:39.285 [warning] [Git][config] git config failed: Failed to execute git
2025-03-19 11:21:43.971 [info] > git config --get commit.template [6ms]
2025-03-19 11:21:43.974 [info] > git for-each-ref --format=%(refname)%00%(upstream:short)%00%(objectname)%00%(upstream:track)%00%(upstream:remotename)%00%(upstream:remoteref) refs/heads/main refs/remotes/main [3ms]
2025-03-19 11:21:43.979 [warning] [Git][revParse] Unable to read file: ENOENT: no such file or directory, open '/workspace/project/.git/refs/remotes/origin/main'
2025-03-19 11:21:43.981 [info] > git rev-parse refs/remotes/origin/main [2ms]
2025-03-19 11:21:43.993 [info] > git status -z -uall [7ms]
2025-03-19 11:21:43.995 [info] > git for-each-ref --sort -committerdate --format %(refname) %(objectname) %(*objectname) [3ms]
2025-03-19 11:22:03.805 [info] > git config --get commit.template [8ms]
2025-03-19 11:22:03.808 [info] > git for-each-ref --format=%(refname)%00%(upstream:short)%00%(objectname)%00%(upstream:track)%00%(upstream:remotename)%00%(upstream:remoteref) refs/heads/main refs/remotes/main [4ms]
2025-03-19 11:22:03.814 [warning] [Git][revParse] Unable to read file: ENOENT: no such file or directory, open '/workspace/project/.git/refs/remotes/origin/main'
2025-03-19 11:22:03.816 [info] > git rev-parse refs/remotes/origin/main [2ms]
2025-03-19 11:22:03.829 [info] > git status -z -uall [7ms]
2025-03-19 11:22:03.832 [info] > git for-each-ref --sort -committerdate --format %(refname) %(objectname) %(*objectname) [4ms]
2025-03-19 11:22:03.860 [info] > git merge-base refs/heads/main refs/remotes/origin/main [7ms]
2025-03-19 11:22:03.867 [info] > git diff --name-status -z --diff-filter=ADMR d4f70b43029a9c076ba74e695a00dcfb3a919e43...refs/remotes/origin/main [2ms]
2025-03-19 11:22:04.032 [info] > git config --get --local branch.main.github-pr-owner-number [1ms]
2025-03-19 11:22:04.032 [warning] [Git][config] git config failed: Failed to execute git
2025-03-19 11:22:08.867 [info] > git config --get commit.template [7ms]
2025-03-19 11:22:08.869 [info] > git for-each-ref --format=%(refname)%00%(upstream:short)%00%(objectname)%00%(upstream:track)%00%(upstream:remotename)%00%(upstream:remoteref) refs/heads/main refs/remotes/main [3ms]
2025-03-19 11:22:08.875 [warning] [Git][revParse] Unable to read file: ENOENT: no such file or directory, open '/workspace/project/.git/refs/remotes/origin/main'
2025-03-19 11:22:08.877 [info] > git rev-parse refs/remotes/origin/main [2ms]
2025-03-19 11:22:08.889 [info] > git status -z -uall [6ms]
2025-03-19 11:22:08.892 [info] > git for-each-ref --sort -committerdate --format %(refname) %(objectname) %(*objectname) [3ms]
2025-03-19 11:22:31.031 [info] > git config --get commit.template [6ms]
2025-03-19 11:22:31.034 [info] > git for-each-ref --format=%(refname)%00%(upstream:short)%00%(objectname)%00%(upstream:track)%00%(upstream:remotename)%00%(upstream:remoteref) refs/heads/main refs/remotes/main [4ms]
2025-03-19 11:22:31.039 [warning] [Git][revParse] Unable to read file: ENOENT: no such file or directory, open '/workspace/project/.git/refs/remotes/origin/main'
2025-03-19 11:22:31.041 [info] > git rev-parse refs/remotes/origin/main [2ms]
2025-03-19 11:22:31.053 [info] > git status -z -uall [6ms]
2025-03-19 11:22:31.056 [info] > git for-each-ref --sort -committerdate --format %(refname) %(objectname) %(*objectname) [3ms]
2025-03-19 11:22:31.068 [info] > git merge-base refs/heads/main refs/remotes/origin/main [2ms]
2025-03-19 11:22:31.076 [info] > git diff --name-status -z --diff-filter=ADMR d4f70b43029a9c076ba74e695a00dcfb3a919e43...refs/remotes/origin/main [2ms]
2025-03-19 11:22:31.231 [info] > git config --get --local branch.main.github-pr-owner-number [2ms]
2025-03-19 11:22:31.231 [warning] [Git][config] git config failed: Failed to execute git
2025-03-19 11:22:36.079 [info] > git config --get commit.template [6ms]
2025-03-19 11:22:36.082 [info] > git for-each-ref --format=%(refname)%00%(upstream:short)%00%(objectname)%00%(upstream:track)%00%(upstream:remotename)%00%(upstream:remoteref) refs/heads/main refs/remotes/main [3ms]
2025-03-19 11:22:36.087 [warning] [Git][revParse] Unable to read file: ENOENT: no such file or directory, open '/workspace/project/.git/refs/remotes/origin/main'
2025-03-19 11:22:36.088 [info] > git rev-parse refs/remotes/origin/main [1ms]
2025-03-19 11:22:36.100 [info] > git status -z -uall [7ms]
2025-03-19 11:22:36.103 [info] > git for-each-ref --sort -committerdate --format %(refname) %(objectname) %(*objectname) [4ms]
2025-03-19 11:22:41.120 [info] > git config --get commit.template [7ms]
2025-03-19 11:22:41.123 [info] > git for-each-ref --format=%(refname)%00%(upstream:short)%00%(objectname)%00%(upstream:track)%00%(upstream:remotename)%00%(upstream:remoteref) refs/heads/main refs/remotes/main [3ms]
2025-03-19 11:22:41.128 [warning] [Git][revParse] Unable to read file: ENOENT: no such file or directory, open '/workspace/project/.git/refs/remotes/origin/main'
2025-03-19 11:22:41.130 [info] > git rev-parse refs/remotes/origin/main [2ms]
2025-03-19 11:22:41.141 [info] > git status -z -uall [6ms]
2025-03-19 11:22:41.144 [info] > git for-each-ref --sort -committerdate --format %(refname) %(objectname) %(*objectname) [4ms]
2025-03-19 11:22:41.156 [info] > git merge-base refs/heads/main refs/remotes/origin/main [3ms]
2025-03-19 11:22:41.164 [info] > git diff --name-status -z --diff-filter=ADMR d4f70b43029a9c076ba74e695a00dcfb3a919e43...refs/remotes/origin/main [3ms]
2025-03-19 11:22:41.401 [info] > git config --get --local branch.main.github-pr-owner-number [2ms]
2025-03-19 11:22:41.401 [warning] [Git][config] git config failed: Failed to execute git
2025-03-19 11:22:46.167 [info] > git config --get commit.template [7ms]
2025-03-19 11:22:46.171 [info] > git for-each-ref --format=%(refname)%00%(upstream:short)%00%(objectname)%00%(upstream:track)%00%(upstream:remotename)%00%(upstream:remoteref) refs/heads/main refs/remotes/main [4ms]
2025-03-19 11:22:46.177 [warning] [Git][revParse] Unable to read file: ENOENT: no such file or directory, open '/workspace/project/.git/refs/remotes/origin/main'
2025-03-19 11:22:46.178 [info] > git rev-parse refs/remotes/origin/main [1ms]
2025-03-19 11:22:46.192 [info] > git status -z -uall [8ms]
2025-03-19 11:22:46.195 [info] > git for-each-ref --sort -committerdate --format %(refname) %(objectname) %(*objectname) [3ms]
2025-03-19 11:23:43.131 [info] > git config --get commit.template [6ms]
2025-03-19 11:23:43.134 [info] > git for-each-ref --format=%(refname)%00%(upstream:short)%00%(objectname)%00%(upstream:track)%00%(upstream:remotename)%00%(upstream:remoteref) refs/heads/main refs/remotes/main [3ms]
2025-03-19 11:23:43.139 [warning] [Git][revParse] Unable to read file: ENOENT: no such file or directory, open '/workspace/project/.git/refs/remotes/origin/main'
2025-03-19 11:23:43.141 [info] > git rev-parse refs/remotes/origin/main [2ms]
2025-03-19 11:23:43.153 [info] > git status -z -uall [7ms]
2025-03-19 11:23:43.156 [info] > git for-each-ref --sort -committerdate --format %(refname) %(objectname) %(*objectname) [3ms]
2025-03-19 11:23:43.170 [info] > git merge-base refs/heads/main refs/remotes/origin/main [3ms]
2025-03-19 11:23:43.178 [info] > git diff --name-status -z --diff-filter=ADMR d4f70b43029a9c076ba74e695a00dcfb3a919e43...refs/remotes/origin/main [2ms]
2025-03-19 11:23:43.337 [info] > git config --get --local branch.main.github-pr-owner-number [2ms]
2025-03-19 11:23:43.337 [warning] [Git][config] git config failed: Failed to execute git
2025-03-19 11:23:48.183 [info] > git config --get commit.template [7ms]
2025-03-19 11:23:48.186 [info] > git for-each-ref --format=%(refname)%00%(upstream:short)%00%(objectname)%00%(upstream:track)%00%(upstream:remotename)%00%(upstream:remoteref) refs/heads/main refs/remotes/main [4ms]
2025-03-19 11:23:48.192 [warning] [Git][revParse] Unable to read file: ENOENT: no such file or directory, open '/workspace/project/.git/refs/remotes/origin/main'
2025-03-19 11:23:48.194 [info] > git rev-parse refs/remotes/origin/main [2ms]
2025-03-19 11:23:48.206 [info] > git status -z -uall [6ms]
2025-03-19 11:23:48.210 [info] > git for-each-ref --sort -committerdate --format %(refname) %(objectname) %(*objectname) [4ms]
2025-03-19 11:26:23.509 [info] > git config --get commit.template [6ms]
2025-03-19 11:26:23.512 [info] > git for-each-ref --format=%(refname)%00%(upstream:short)%00%(objectname)%00%(upstream:track)%00%(upstream:remotename)%00%(upstream:remoteref) refs/heads/main refs/remotes/main [3ms]
2025-03-19 11:26:23.517 [warning] [Git][revParse] Unable to read file: ENOENT: no such file or directory, open '/workspace/project/.git/refs/remotes/origin/main'
2025-03-19 11:26:23.519 [info] > git rev-parse refs/remotes/origin/main [2ms]
2025-03-19 11:26:23.530 [info] > git status -z -uall [6ms]
2025-03-19 11:26:23.534 [info] > git for-each-ref --sort -committerdate --format %(refname) %(objectname) %(*objectname) [4ms]
2025-03-19 11:26:23.547 [info] > git merge-base refs/heads/main refs/remotes/origin/main [3ms]
2025-03-19 11:26:23.556 [info] > git diff --name-status -z --diff-filter=ADMR d4f70b43029a9c076ba74e695a00dcfb3a919e43...refs/remotes/origin/main [2ms]
2025-03-19 11:26:23.713 [info] > git config --get --local branch.main.github-pr-owner-number [2ms]
2025-03-19 11:26:23.713 [warning] [Git][config] git config failed: Failed to execute git
2025-03-19 11:26:28.560 [info] > git config --get commit.template [7ms]
2025-03-19 11:26:28.563 [info] > git for-each-ref --format=%(refname)%00%(upstream:short)%00%(objectname)%00%(upstream:track)%00%(upstream:remotename)%00%(upstream:remoteref) refs/heads/main refs/remotes/main [4ms]
2025-03-19 11:26:28.568 [warning] [Git][revParse] Unable to read file: ENOENT: no such file or directory, open '/workspace/project/.git/refs/remotes/origin/main'
2025-03-19 11:26:28.570 [info] > git rev-parse refs/remotes/origin/main [2ms]
2025-03-19 11:26:28.582 [info] > git status -z -uall [6ms]
2025-03-19 11:26:28.586 [info] > git for-each-ref --sort -committerdate --format %(refname) %(objectname) %(*objectname) [3ms]
2025-03-19 11:26:59.807 [info] > git config --get commit.template [8ms]
2025-03-19 11:26:59.810 [info] > git for-each-ref --format=%(refname)%00%(upstream:short)%00%(objectname)%00%(upstream:track)%00%(upstream:remotename)%00%(upstream:remoteref) refs/heads/main refs/remotes/main [3ms]
2025-03-19 11:26:59.815 [warning] [Git][revParse] Unable to read file: ENOENT: no such file or directory, open '/workspace/project/.git/refs/remotes/origin/main'
2025-03-19 11:26:59.817 [info] > git rev-parse refs/remotes/origin/main [2ms]
2025-03-19 11:26:59.829 [info] > git status -z -uall [7ms]
2025-03-19 11:26:59.833 [info] > git for-each-ref --sort -committerdate --format %(refname) %(objectname) %(*objectname) [4ms]
2025-03-19 11:26:59.848 [info] > git merge-base refs/heads/main refs/remotes/origin/main [3ms]
2025-03-19 11:26:59.856 [info] > git diff --name-status -z --diff-filter=ADMR d4f70b43029a9c076ba74e695a00dcfb3a919e43...refs/remotes/origin/main [2ms]
2025-03-19 11:27:00.012 [info] > git config --get --local branch.main.github-pr-owner-number [1ms]
2025-03-19 11:27:00.012 [warning] [Git][config] git config failed: Failed to execute git
2025-03-19 11:27:04.859 [info] > git config --get commit.template [7ms]
2025-03-19 11:27:04.861 [info] > git for-each-ref --format=%(refname)%00%(upstream:short)%00%(objectname)%00%(upstream:track)%00%(upstream:remotename)%00%(upstream:remoteref) refs/heads/main refs/remotes/main [3ms]
2025-03-19 11:27:04.867 [warning] [Git][revParse] Unable to read file: ENOENT: no such file or directory, open '/workspace/project/.git/refs/remotes/origin/main'
2025-03-19 11:27:04.869 [info] > git rev-parse refs/remotes/origin/main [2ms]
2025-03-19 11:27:04.880 [info] > git status -z -uall [6ms]
2025-03-19 11:27:04.883 [info] > git for-each-ref --sort -committerdate --format %(refname) %(objectname) %(*objectname) [3ms]
2025-03-19 11:28:45.895 [info] > git config --get commit.template [6ms]
2025-03-19 11:28:45.898 [info] > git for-each-ref --format=%(refname)%00%(upstream:short)%00%(objectname)%00%(upstream:track)%00%(upstream:remotename)%00%(upstream:remoteref) refs/heads/main refs/remotes/main [4ms]
2025-03-19 11:28:45.903 [warning] [Git][revParse] Unable to read file: ENOENT: no such file or directory, open '/workspace/project/.git/refs/remotes/origin/main'
2025-03-19 11:28:45.905 [info] > git rev-parse refs/remotes/origin/main [2ms]
2025-03-19 11:28:45.916 [info] > git status -z -uall [6ms]
2025-03-19 11:28:45.919 [info] > git for-each-ref --sort -committerdate --format %(refname) %(objectname) %(*objectname) [2ms]
2025-03-19 11:28:45.931 [info] > git merge-base refs/heads/main refs/remotes/origin/main [3ms]
2025-03-19 11:28:45.938 [info] > git diff --name-status -z --diff-filter=ADMR d4f70b43029a9c076ba74e695a00dcfb3a919e43...refs/remotes/origin/main [2ms]
2025-03-19 11:28:46.096 [info] > git config --get --local branch.main.github-pr-owner-number [2ms]
2025-03-19 11:28:46.096 [warning] [Git][config] git config failed: Failed to execute git
2025-03-19 11:28:57.505 [info] > git config --get commit.template [7ms]
2025-03-19 11:28:57.508 [info] > git for-each-ref --format=%(refname)%00%(upstream:short)%00%(objectname)%00%(upstream:track)%00%(upstream:remotename)%00%(upstream:remoteref) refs/heads/main refs/remotes/main [3ms]
2025-03-19 11:28:57.513 [warning] [Git][revParse] Unable to read file: ENOENT: no such file or directory, open '/workspace/project/.git/refs/remotes/origin/main'
2025-03-19 11:28:57.515 [info] > git rev-parse refs/remotes/origin/main [2ms]
2025-03-19 11:28:57.528 [info] > git status -z -uall [8ms]
2025-03-19 11:28:57.533 [info] > git for-each-ref --sort -committerdate --format %(refname) %(objectname) %(*objectname) [7ms]
2025-03-19 11:29:02.550 [info] > git config --get commit.template [6ms]
2025-03-19 11:29:02.553 [info] > git for-each-ref --format=%(refname)%00%(upstream:short)%00%(objectname)%00%(upstream:track)%00%(upstream:remotename)%00%(upstream:remoteref) refs/heads/main refs/remotes/main [3ms]
2025-03-19 11:29:02.559 [warning] [Git][revParse] Unable to read file: ENOENT: no such file or directory, open '/workspace/project/.git/refs/remotes/origin/main'
2025-03-19 11:29:02.560 [info] > git rev-parse refs/remotes/origin/main [1ms]
2025-03-19 11:29:02.572 [info] > git status -z -uall [6ms]
2025-03-19 11:29:02.575 [info] > git for-each-ref --sort -committerdate --format %(refname) %(objectname) %(*objectname) [3ms]
2025-03-19 11:29:02.589 [info] > git merge-base refs/heads/main refs/remotes/origin/main [3ms]
2025-03-19 11:29:02.597 [info] > git diff --name-status -z --diff-filter=ADMR d4f70b43029a9c076ba74e695a00dcfb3a919e43...refs/remotes/origin/main [3ms]
2025-03-19 11:29:02.771 [info] > git config --get --local branch.main.github-pr-owner-number [2ms]
2025-03-19 11:29:02.771 [warning] [Git][config] git config failed: Failed to execute git
2025-03-19 11:30:44.300 [info] > git config --get commit.template [5ms]
2025-03-19 11:30:44.303 [info] > git for-each-ref --format=%(refname)%00%(upstream:short)%00%(objectname)%00%(upstream:track)%00%(upstream:remotename)%00%(upstream:remoteref) refs/heads/main refs/remotes/main [3ms]
2025-03-19 11:30:44.308 [warning] [Git][revParse] Unable to read file: ENOENT: no such file or directory, open '/workspace/project/.git/refs/remotes/origin/main'
2025-03-19 11:30:44.310 [info] > git rev-parse refs/remotes/origin/main [2ms]
2025-03-19 11:30:44.320 [info] > git status -z -uall [6ms]
2025-03-19 11:30:44.323 [info] > git for-each-ref --sort -committerdate --format %(refname) %(objectname) %(*objectname) [3ms]
2025-03-19 11:30:44.336 [info] > git merge-base refs/heads/main refs/remotes/origin/main [3ms]
2025-03-19 11:30:44.343 [info] > git diff --name-status -z --diff-filter=ADMR d4f70b43029a9c076ba74e695a00dcfb3a919e43...refs/remotes/origin/main [2ms]
2025-03-19 11:30:44.505 [info] > git config --get --local branch.main.github-pr-owner-number [1ms]
2025-03-19 11:30:44.505 [warning] [Git][config] git config failed: Failed to execute git
2025-03-19 11:30:49.347 [info] > git config --get commit.template [7ms]
2025-03-19 11:30:49.349 [info] > git for-each-ref --format=%(refname)%00%(upstream:short)%00%(objectname)%00%(upstream:track)%00%(upstream:remotename)%00%(upstream:remoteref) refs/heads/main refs/remotes/main [3ms]
2025-03-19 11:30:49.355 [warning] [Git][revParse] Unable to read file: ENOENT: no such file or directory, open '/workspace/project/.git/refs/remotes/origin/main'
2025-03-19 11:30:49.356 [info] > git rev-parse refs/remotes/origin/main [1ms]
2025-03-19 11:30:49.368 [info] > git status -z -uall [6ms]
2025-03-19 11:30:49.370 [info] > git for-each-ref --sort -committerdate --format %(refname) %(objectname) %(*objectname) [3ms]
2025-03-19 11:30:54.388 [info] > git config --get commit.template [6ms]
2025-03-19 11:30:54.392 [info] > git for-each-ref --format=%(refname)%00%(upstream:short)%00%(objectname)%00%(upstream:track)%00%(upstream:remotename)%00%(upstream:remoteref) refs/heads/main refs/remotes/main [4ms]
2025-03-19 11:30:54.398 [warning] [Git][revParse] Unable to read file: ENOENT: no such file or directory, open '/workspace/project/.git/refs/remotes/origin/main'
2025-03-19 11:30:54.400 [info] > git rev-parse refs/remotes/origin/main [2ms]
2025-03-19 11:30:54.412 [info] > git status -z -uall [7ms]
2025-03-19 11:30:54.415 [info] > git for-each-ref --sort -committerdate --format %(refname) %(objectname) %(*objectname) [3ms]
2025-03-19 11:30:59.789 [info] > git config --get commit.template [5ms]
2025-03-19 11:30:59.791 [info] > git for-each-ref --format=%(refname)%00%(upstream:short)%00%(objectname)%00%(upstream:track)%00%(upstream:remotename)%00%(upstream:remoteref) refs/heads/main refs/remotes/main [3ms]
2025-03-19 11:30:59.796 [warning] [Git][revParse] Unable to read file: ENOENT: no such file or directory, open '/workspace/project/.git/refs/remotes/origin/main'
2025-03-19 11:30:59.798 [info] > git rev-parse refs/remotes/origin/main [2ms]
2025-03-19 11:30:59.808 [info] > git status -z -uall [5ms]
2025-03-19 11:30:59.811 [info] > git for-each-ref --sort -committerdate --format %(refname) %(objectname) %(*objectname) [3ms]
2025-03-19 11:30:59.824 [info] > git merge-base refs/heads/main refs/remotes/origin/main [3ms]
2025-03-19 11:30:59.832 [info] > git diff --name-status -z --diff-filter=ADMR d4f70b43029a9c076ba74e695a00dcfb3a919e43...refs/remotes/origin/main [3ms]
2025-03-19 11:31:00.003 [info] > git config --get --local branch.main.github-pr-owner-number [2ms]
2025-03-19 11:31:00.003 [warning] [Git][config] git config failed: Failed to execute git
2025-03-19 11:31:04.834 [info] > git config --get commit.template [6ms]
2025-03-19 11:31:04.837 [info] > git for-each-ref --format=%(refname)%00%(upstream:short)%00%(objectname)%00%(upstream:track)%00%(upstream:remotename)%00%(upstream:remoteref) refs/heads/main refs/remotes/main [4ms]
2025-03-19 11:31:04.843 [warning] [Git][revParse] Unable to read file: ENOENT: no such file or directory, open '/workspace/project/.git/refs/remotes/origin/main'
2025-03-19 11:31:04.844 [info] > git rev-parse refs/remotes/origin/main [1ms]
2025-03-19 11:31:04.856 [info] > git status -z -uall [6ms]
2025-03-19 11:31:04.859 [info] > git for-each-ref --sort -committerdate --format %(refname) %(objectname) %(*objectname) [3ms]
2025-03-19 11:31:09.878 [info] > git config --get commit.template [6ms]
2025-03-19 11:31:09.881 [info] > git for-each-ref --format=%(refname)%00%(upstream:short)%00%(objectname)%00%(upstream:track)%00%(upstream:remotename)%00%(upstream:remoteref) refs/heads/main refs/remotes/main [4ms]
2025-03-19 11:31:09.886 [warning] [Git][revParse] Unable to read file: ENOENT: no such file or directory, open '/workspace/project/.git/refs/remotes/origin/main'
2025-03-19 11:31:09.888 [info] > git rev-parse refs/remotes/origin/main [2ms]
2025-03-19 11:31:09.899 [info] > git status -z -uall [6ms]
2025-03-19 11:31:09.901 [info] > git for-each-ref --sort -committerdate --format %(refname) %(objectname) %(*objectname) [3ms]
2025-03-19 11:31:09.914 [info] > git merge-base refs/heads/main refs/remotes/origin/main [3ms]
2025-03-19 11:31:09.921 [info] > git diff --name-status -z --diff-filter=ADMR d4f70b43029a9c076ba74e695a00dcfb3a919e43...refs/remotes/origin/main [2ms]
2025-03-19 11:31:10.143 [info] > git config --get --local branch.main.github-pr-owner-number [2ms]
2025-03-19 11:31:10.143 [warning] [Git][config] git config failed: Failed to execute git
2025-03-19 11:31:14.925 [info] > git config --get commit.template [6ms]
2025-03-19 11:31:14.929 [info] > git for-each-ref --format=%(refname)%00%(upstream:short)%00%(objectname)%00%(upstream:track)%00%(upstream:remotename)%00%(upstream:remoteref) refs/heads/main refs/remotes/main [4ms]
2025-03-19 11:31:14.935 [warning] [Git][revParse] Unable to read file: ENOENT: no such file or directory, open '/workspace/project/.git/refs/remotes/origin/main'
2025-03-19 11:31:14.937 [info] > git rev-parse refs/remotes/origin/main [1ms]
2025-03-19 11:31:14.950 [info] > git status -z -uall [8ms]
2025-03-19 11:31:14.953 [info] > git for-each-ref --sort -committerdate --format %(refname) %(objectname) %(*objectname) [4ms]
2025-03-19 11:31:19.971 [info] > git config --get commit.template [6ms]
2025-03-19 11:31:19.974 [info] > git for-each-ref --format=%(refname)%00%(upstream:short)%00%(objectname)%00%(upstream:track)%00%(upstream:remotename)%00%(upstream:remoteref) refs/heads/main refs/remotes/main [4ms]
2025-03-19 11:31:19.979 [warning] [Git][revParse] Unable to read file: ENOENT: no such file or directory, open '/workspace/project/.git/refs/remotes/origin/main'
2025-03-19 11:31:19.981 [info] > git rev-parse refs/remotes/origin/main [2ms]
2025-03-19 11:31:19.992 [info] > git status -z -uall [6ms]
2025-03-19 11:31:19.995 [info] > git for-each-ref --sort -committerdate --format %(refname) %(objectname) %(*objectname) [3ms]
2025-03-19 11:43:01.192 [info] > git config --get commit.template [7ms]
2025-03-19 11:43:01.195 [info] > git for-each-ref --format=%(refname)%00%(upstream:short)%00%(objectname)%00%(upstream:track)%00%(upstream:remotename)%00%(upstream:remoteref) refs/heads/main refs/remotes/main [4ms]
2025-03-19 11:43:01.201 [warning] [Git][revParse] Unable to read file: ENOENT: no such file or directory, open '/workspace/project/.git/refs/remotes/origin/main'
2025-03-19 11:43:01.202 [info] > git rev-parse refs/remotes/origin/main [1ms]
2025-03-19 11:43:01.213 [info] > git status -z -uall [6ms]
2025-03-19 11:43:01.216 [info] > git for-each-ref --sort -committerdate --format %(refname) %(objectname) %(*objectname) [3ms]
2025-03-19 11:43:01.230 [info] > git merge-base refs/heads/main refs/remotes/origin/main [3ms]
2025-03-19 11:43:01.239 [info] > git diff --name-status -z --diff-filter=ADMR d4f70b43029a9c076ba74e695a00dcfb3a919e43...refs/remotes/origin/main [3ms]
2025-03-19 11:43:01.400 [info] > git config --get --local branch.main.github-pr-owner-number [2ms]
2025-03-19 11:43:01.400 [warning] [Git][config] git config failed: Failed to execute git
2025-03-19 11:43:06.241 [info] > git config --get commit.template [6ms]
2025-03-19 11:43:06.244 [info] > git for-each-ref --format=%(refname)%00%(upstream:short)%00%(objectname)%00%(upstream:track)%00%(upstream:remotename)%00%(upstream:remoteref) refs/heads/main refs/remotes/main [3ms]
2025-03-19 11:43:06.250 [warning] [Git][revParse] Unable to read file: ENOENT: no such file or directory, open '/workspace/project/.git/refs/remotes/origin/main'
2025-03-19 11:43:06.252 [info] > git rev-parse refs/remotes/origin/main [2ms]
2025-03-19 11:43:06.264 [info] > git status -z -uall [6ms]
2025-03-19 11:43:06.267 [info] > git for-each-ref --sort -committerdate --format %(refname) %(objectname) %(*objectname) [4ms]
2025-03-19 11:44:12.900 [info] > git config --get commit.template [7ms]
2025-03-19 11:44:12.903 [info] > git for-each-ref --format=%(refname)%00%(upstream:short)%00%(objectname)%00%(upstream:track)%00%(upstream:remotename)%00%(upstream:remoteref) refs/heads/main refs/remotes/main [4ms]
2025-03-19 11:44:12.909 [warning] [Git][revParse] Unable to read file: ENOENT: no such file or directory, open '/workspace/project/.git/refs/remotes/origin/main'
2025-03-19 11:44:12.910 [info] > git rev-parse refs/remotes/origin/main [1ms]
2025-03-19 11:44:12.922 [info] > git status -z -uall [7ms]
2025-03-19 11:44:12.924 [info] > git for-each-ref --sort -committerdate --format %(refname) %(objectname) %(*objectname) [3ms]
2025-03-19 11:44:12.940 [info] > git merge-base refs/heads/main refs/remotes/origin/main [4ms]
2025-03-19 11:44:12.949 [info] > git diff --name-status -z --diff-filter=ADMR d4f70b43029a9c076ba74e695a00dcfb3a919e43...refs/remotes/origin/main [2ms]
2025-03-19 11:44:13.106 [info] > git config --get --local branch.main.github-pr-owner-number [1ms]
2025-03-19 11:44:13.106 [warning] [Git][config] git config failed: Failed to execute git
2025-03-19 11:44:17.953 [info] > git config --get commit.template [7ms]
2025-03-19 11:44:17.956 [info] > git for-each-ref --format=%(refname)%00%(upstream:short)%00%(objectname)%00%(upstream:track)%00%(upstream:remotename)%00%(upstream:remoteref) refs/heads/main refs/remotes/main [4ms]
2025-03-19 11:44:17.961 [warning] [Git][revParse] Unable to read file: ENOENT: no such file or directory, open '/workspace/project/.git/refs/remotes/origin/main'
2025-03-19 11:44:17.963 [info] > git rev-parse refs/remotes/origin/main [2ms]
2025-03-19 11:44:17.975 [info] > git status -z -uall [7ms]
2025-03-19 11:44:17.979 [info] > git for-each-ref --sort -committerdate --format %(refname) %(objectname) %(*objectname) [4ms]
2025-03-19 11:44:29.857 [info] > git config --get commit.template [7ms]
2025-03-19 11:44:29.860 [info] > git for-each-ref --format=%(refname)%00%(upstream:short)%00%(objectname)%00%(upstream:track)%00%(upstream:remotename)%00%(upstream:remoteref) refs/heads/main refs/remotes/main [4ms]
2025-03-19 11:44:29.867 [warning] [Git][revParse] Unable to read file: ENOENT: no such file or directory, open '/workspace/project/.git/refs/remotes/origin/main'
2025-03-19 11:44:29.869 [info] > git rev-parse refs/remotes/origin/main [2ms]
2025-03-19 11:44:29.883 [info] > git status -z -uall [6ms]
2025-03-19 11:44:29.886 [info] > git for-each-ref --sort -committerdate --format %(refname) %(objectname) %(*objectname) [4ms]
2025-03-19 11:44:29.900 [info] > git merge-base refs/heads/main refs/remotes/origin/main [4ms]
2025-03-19 11:44:29.907 [info] > git diff --name-status -z --diff-filter=ADMR d4f70b43029a9c076ba74e695a00dcfb3a919e43...refs/remotes/origin/main [2ms]
2025-03-19 11:44:30.067 [info] > git config --get --local branch.main.github-pr-owner-number [2ms]
2025-03-19 11:44:30.067 [warning] [Git][config] git config failed: Failed to execute git
2025-03-19 11:45:29.482 [info] > git config --get commit.template [9ms]
2025-03-19 11:45:29.487 [info] > git for-each-ref --format=%(refname)%00%(upstream:short)%00%(objectname)%00%(upstream:track)%00%(upstream:remotename)%00%(upstream:remoteref) refs/heads/main refs/remotes/main [6ms]
2025-03-19 11:45:29.494 [warning] [Git][revParse] Unable to read file: ENOENT: no such file or directory, open '/workspace/project/.git/refs/remotes/origin/main'
2025-03-19 11:45:29.497 [info] > git rev-parse refs/remotes/origin/main [3ms]
2025-03-19 11:45:29.513 [info] > git status -z -uall [9ms]
2025-03-19 11:45:29.517 [info] > git for-each-ref --sort -committerdate --format %(refname) %(objectname) %(*objectname) [5ms]
2025-03-19 11:45:29.541 [info] > git merge-base refs/heads/main refs/remotes/origin/main [5ms]
2025-03-19 11:45:29.553 [info] > git diff --name-status -z --diff-filter=ADMR d4f70b43029a9c076ba74e695a00dcfb3a919e43...refs/remotes/origin/main [3ms]
2025-03-19 11:45:29.710 [info] > git config --get --local branch.main.github-pr-owner-number [3ms]
2025-03-19 11:45:29.710 [warning] [Git][config] git config failed: Failed to execute git
2025-03-19 11:45:34.554 [info] > git config --get commit.template [10ms]
2025-03-19 11:45:34.559 [info] > git for-each-ref --format=%(refname)%00%(upstream:short)%00%(objectname)%00%(upstream:track)%00%(upstream:remotename)%00%(upstream:remoteref) refs/heads/main refs/remotes/main [5ms]
2025-03-19 11:45:34.566 [warning] [Git][revParse] Unable to read file: ENOENT: no such file or directory, open '/workspace/project/.git/refs/remotes/origin/main'
2025-03-19 11:45:34.568 [info] > git rev-parse refs/remotes/origin/main [2ms]
2025-03-19 11:45:34.585 [info] > git status -z -uall [9ms]
2025-03-19 11:45:34.590 [info] > git for-each-ref --sort -committerdate --format %(refname) %(objectname) %(*objectname) [5ms]
