2025-03-19 10:48:31.821 [info] Log level: Info
2025-03-19 10:48:31.838 [info] VSCODE_MACHINE_ID: b0ef212c-dc1f-4ecb-93d4-6c185514e484
2025-03-19 10:48:31.838 [info] VSCODE_SESSION_ID: 189ed392-7ecf-4018-afc8-84dc39d5fbc21742381307757
2025-03-19 10:48:31.838 [info] VSCODE_VERSION: 1.97.2
2025-03-19 10:48:31.838 [info] VSCODE_APP_NAME: Gitpod Code
2025-03-19 10:48:31.838 [info] VSCODE_APP_HOST: Gitpod
2025-03-19 10:48:31.838 [info] VSCODE_UI_KIND: web
2025-03-19 10:48:31.838 [info] GITPOD_WORKSPACE_CONTEXT_URL: https://github.com/freeCodeCamp/learn-sql-by-building-a-student-database-part-1
2025-03-19 10:48:31.838 [info] GITPOD_INSTANCE_ID: 89f1fe37-b7e2-468c-8ea0-d8791a3c77b0
2025-03-19 10:48:31.838 [info] GITPOD_WORKSPACE_URL: https://freecodecam-learnsqlbyb-fumbvkw3033.ws-us118.gitpod.io
2025-03-19 10:48:31.845 [info] Gitpod Web 3953e81
2025-03-19 10:48:31.845 [info] Reading sessions from keychain...
2025-03-19 10:48:32.024 [info] Getting sessions for all scopes...
2025-03-19 10:48:32.024 [info] Getting sessions for all scopes...
2025-03-19 10:48:32.024 [info] Getting GitHub sessions for all scopes...
2025-03-19 10:48:32.024 [info] Getting sessions for function:accessCodeSyncStorage...
2025-03-19 10:48:32.024 [info] Got stored sessions!
2025-03-19 10:48:32.024 [info] Verified session with the following scopes: function:accessCodeSyncStorage function:closePort function:controlAdmission function:deleteEnvVar function:generateNewGitpodToken function:getDefaultWorkspaceImage function:getGitpodTokenScopes function:getIDToken function:getLoggedInUser function:getOpenPorts function:getSupportedWorkspaceClasses function:getTeams function:getToken function:getWorkspace function:getWorkspaceEnvVars function:getWorkspaceOwner function:getWorkspaceTimeout function:getWorkspaceUsers function:guessGitTokenScopes function:isWorkspaceOwner function:openPort function:sendHeartBeat function:setEnvVar function:setWorkspaceTimeout function:stopWorkspace function:takeSnapshot function:trackEvent function:updateGitStatus function:waitForSnapshot resource:contentBlob::*::create/get resource:envVar::*/**::update resource:envVar::*/*::update resource:envVar::freeCodeCamp/learn-sql-by-building-a-student-database-part-1::create/get/update/delete resource:gitpodToken::*::create resource:snapshot::ws-freecodecam-learnsqlbyb-fumbvkw3033::create resource:token::*::get resource:userStorage::*::create/get/update resource:workspace::freecodecam-learnsqlbyb-fumbvkw3033::get/update resource:workspaceInstance::89f1fe37-b7e2-468c-8ea0-d8791a3c77b0::get/update/delete
2025-03-19 10:48:32.025 [info] Got 1 verified sessions.
2025-03-19 10:48:32.025 [info] Got 1 sessions for all scopes...
2025-03-19 10:48:32.025 [info] Got 1 sessions for all scopes...
2025-03-19 10:48:32.025 [info] Got 1 sessions for function:accessCodeSyncStorage...
2025-03-19 10:48:32.285 [info] Getting GitHub sessions for all scopes...
2025-03-19 10:48:32.285 [info] Getting sessions for all scopes...
2025-03-19 10:48:32.285 [info] Got 1 sessions for all scopes...
2025-03-19 10:48:32.490 [info] Got 1 GitHub sessions for all scopes...
2025-03-19 10:48:32.490 [info] Got 1 GitHub sessions for all scopes...
2025-03-19 10:48:32.760 [info] Getting GitHub sessions for all scopes...
2025-03-19 10:48:32.760 [info] Got 1 GitHub sessions for all scopes...
2025-03-19 10:48:33.060 [info] Getting GitHub sessions for read:user,repo,user:email,workflow...
2025-03-19 10:48:33.060 [info] Got 0 GitHub sessions for read:user,repo,user:email,workflow...
2025-03-19 10:48:33.526 [info] Getting GitHub sessions for project,read:org,read:user,repo,user:email,workflow...
2025-03-19 10:48:33.526 [info] Got 0 GitHub sessions for project,read:org,read:user,repo,user:email,workflow...
2025-03-19 10:48:34.023 [info] Getting GitHub sessions for read:user,repo,user:email,workflow...
2025-03-19 10:48:34.023 [info] Got 0 GitHub sessions for read:user,repo,user:email,workflow...
2025-03-19 10:48:34.526 [info] Getting GitHub sessions for read:user,repo,user:email...
2025-03-19 10:48:34.526 [info] Got 0 GitHub sessions for read:user,repo,user:email...
2025-03-19 10:48:35.032 [info] Getting GitHub sessions for read:user,repo,user:email,workflow...
2025-03-19 10:48:35.032 [info] Got 0 GitHub sessions for read:user,repo,user:email,workflow...
