2025-03-24 11:15:19.029 [warning] /home/gitpod/.ssh/config: ENOENT: no such file or directory, open '/home/gitpod/.ssh/config'
2025-03-24 11:15:19.029 [info] [Activation] Extension version: 0.106.0
2025-03-24 11:15:21.304 [info] [Activation] Looking for git repository
2025-03-24 11:15:21.304 [info] [Activation] Found 0 repositories during activation
2025-03-24 11:15:21.305 [info] [Activation] Git repository found, initializing review manager and pr tree view.
2025-03-24 11:15:21.310 [info] [GitAPI] Registering git provider
2025-03-24 11:15:21.310 [info] [Review+0] Validate state in progress
2025-03-24 11:15:21.310 [info] [Review+0] Validating state...
2025-03-24 11:15:21.487 [info] [FolderRepositoryManager+0] Found GitHub remote for folder /workspace/project
2025-03-24 11:15:21.491 [info] [FolderRepositoryManager+0] Trying to use globalState for assignableUsers.
2025-03-24 11:15:21.503 [info] [Review+0] No matching pull request metadata found locally for current branch main
2025-03-24 11:15:21.504 [info] [Review+0] No matching pull request metadata found on GitHub for current branch main
2025-03-24 11:15:21.673 [info] [FolderRepositoryManager+0] GlobalState does not exist for assignableUsers.
2025-03-24 11:15:33.492 [info] [Activation] Repo state for file:///workspace/project changed.
2025-03-24 11:15:33.492 [info] [Activation] Repo file:///workspace/project has already been setup.
2025-03-24 11:26:09.945 [info] [Review+0] Validate state in progress
2025-03-24 11:26:09.946 [info] [Review+0] Validating state...
2025-03-24 11:26:10.119 [info] [FolderRepositoryManager+0] Found GitHub remote for folder /workspace/project
2025-03-24 11:26:10.120 [info] [FolderRepositoryManager+0] Using in-memory cached assignable users.
2025-03-24 11:26:10.128 [info] [Review+0] No matching pull request metadata found locally for current branch main
2025-03-24 11:26:10.128 [info] [Review+0] No matching pull request metadata found on GitHub for current branch main
2025-03-24 11:26:14.999 [info] [Review+0] Validate state in progress
2025-03-24 11:26:14.999 [info] [Review+0] Validating state...
2025-03-24 11:26:15.236 [info] [FolderRepositoryManager+0] Found GitHub remote for folder /workspace/project
2025-03-24 11:26:15.237 [info] [FolderRepositoryManager+0] Using in-memory cached assignable users.
2025-03-24 11:26:15.245 [info] [Review+0] No matching pull request metadata found locally for current branch main
2025-03-24 11:26:15.245 [info] [Review+0] No matching pull request metadata found on GitHub for current branch main
2025-03-24 11:31:28.976 [info] [Review+0] Validate state in progress
2025-03-24 11:31:28.976 [info] [Review+0] Validating state...
2025-03-24 11:31:29.197 [info] [FolderRepositoryManager+0] Found GitHub remote for folder /workspace/project
2025-03-24 11:31:29.197 [info] [FolderRepositoryManager+0] Using in-memory cached assignable users.
2025-03-24 11:31:29.206 [info] [Review+0] No matching pull request metadata found locally for current branch main
2025-03-24 11:31:29.206 [info] [Review+0] No matching pull request metadata found on GitHub for current branch main
2025-03-24 11:31:41.171 [info] [Review+0] Validate state in progress
2025-03-24 11:31:41.171 [info] [Review+0] Validating state...
2025-03-24 11:31:41.361 [info] [FolderRepositoryManager+0] Found GitHub remote for folder /workspace/project
2025-03-24 11:31:41.361 [info] [FolderRepositoryManager+0] Using in-memory cached assignable users.
2025-03-24 11:31:41.369 [info] [Review+0] No matching pull request metadata found locally for current branch main
2025-03-24 11:31:41.369 [info] [Review+0] No matching pull request metadata found on GitHub for current branch main
2025-03-24 11:35:42.780 [info] [Review+0] Validate state in progress
2025-03-24 11:35:42.781 [info] [Review+0] Validating state...
2025-03-24 11:35:42.961 [info] [FolderRepositoryManager+0] Found GitHub remote for folder /workspace/project
2025-03-24 11:35:42.962 [info] [FolderRepositoryManager+0] Using in-memory cached assignable users.
2025-03-24 11:35:42.972 [info] [Review+0] No matching pull request metadata found locally for current branch main
2025-03-24 11:35:42.972 [info] [Review+0] No matching pull request metadata found on GitHub for current branch main
