2025-03-20 11:31:39.897 [info] [main] Log level: Info
2025-03-20 11:31:39.897 [info] [main] Validating found git in: "git"
2025-03-20 11:31:39.897 [info] [main] Using git "2.43.0" from "git"
2025-03-20 11:31:39.897 [info] [Model][doInitialScan] Initial repository scan started
2025-03-20 11:31:39.897 [info] > git rev-parse --show-toplevel [2ms]
2025-03-20 11:31:39.897 [info] > git rev-parse --git-dir --git-common-dir [2ms]
2025-03-20 11:31:39.897 [info] [Model][openRepository] Opened repository: /workspace/project
2025-03-20 11:31:39.897 [info] > git config --get commit.template [6ms]
2025-03-20 11:31:39.897 [info] > git rev-parse --show-toplevel [3ms]
2025-03-20 11:31:39.897 [info] > git rev-parse --show-toplevel [94ms]
2025-03-20 11:31:39.897 [info] [Model][doInitialScan] Initial repository scan completed - repositories (1), closed repositories (0), parent repositories (0), unsafe repositories (0)
2025-03-20 11:31:39.897 [info] > git for-each-ref --format=%(refname)%00%(upstream:short)%00%(objectname)%00%(upstream:track)%00%(upstream:remotename)%00%(upstream:remoteref) refs/heads/main refs/remotes/main [100ms]
2025-03-20 11:31:39.897 [warning] [Git][revParse] Unable to read file: ENOENT: no such file or directory, open '/workspace/project/.git/refs/remotes/origin/main'
2025-03-20 11:31:39.897 [info] > git rev-parse refs/remotes/origin/main [23ms]
2025-03-20 11:31:39.897 [info] > git status -z -uall [6ms]
2025-03-20 11:31:39.897 [info] > git for-each-ref --sort -committerdate --format %(refname) %(objectname) %(*objectname) [5ms]
2025-03-20 11:31:39.897 [info] > git for-each-ref --format=%(refname)%00%(upstream:short)%00%(objectname)%00%(upstream:track)%00%(upstream:remotename)%00%(upstream:remoteref) refs/heads/main refs/remotes/main [7ms]
2025-03-20 11:31:39.897 [info] > git config --get commit.template [6ms]
2025-03-20 11:31:39.897 [info] > git config --get --local branch.main.vscode-merge-base [15ms]
2025-03-20 11:31:39.897 [info] > git for-each-ref --format=%(refname)%00%(upstream:short)%00%(objectname)%00%(upstream:track)%00%(upstream:remotename)%00%(upstream:remoteref) refs/heads/main refs/remotes/main [17ms]
2025-03-20 11:31:39.897 [warning] [Git][revParse] Unable to read file: ENOENT: no such file or directory, open '/workspace/project/.git/refs/remotes/origin/main'
2025-03-20 11:31:39.897 [info] > git for-each-ref --format=%(refname)%00%(upstream:short)%00%(objectname)%00%(upstream:track)%00%(upstream:remotename)%00%(upstream:remoteref) refs/heads/origin/main refs/remotes/origin/main [6ms]
2025-03-20 11:31:39.897 [info] > git rev-parse refs/remotes/origin/main [6ms]
2025-03-20 11:31:39.901 [info] > git status -z -uall [9ms]
2025-03-20 11:31:39.902 [info] > git merge-base refs/heads/main refs/remotes/origin/main [15ms]
2025-03-20 11:31:39.907 [info] > git for-each-ref --sort -committerdate --format %(refname) %(objectname) %(*objectname) [10ms]
2025-03-20 11:31:39.917 [info] > git diff --name-status -z --diff-filter=ADMR d4f70b43029a9c076ba74e695a00dcfb3a919e43...refs/remotes/origin/main [11ms]
2025-03-20 11:31:39.919 [info] > git merge-base refs/heads/main refs/remotes/origin/main [4ms]
2025-03-20 11:31:39.927 [info] > git diff --name-status -z --diff-filter=ADMR d4f70b43029a9c076ba74e695a00dcfb3a919e43...refs/remotes/origin/main [3ms]
2025-03-20 11:31:40.405 [info] > git check-ignore -v -z --stdin [2ms]
2025-03-20 11:31:41.486 [info] > git config --get commit.template [6ms]
2025-03-20 11:31:41.489 [info] > git for-each-ref --format=%(refname)%00%(upstream:short)%00%(objectname)%00%(upstream:track)%00%(upstream:remotename)%00%(upstream:remoteref) refs/heads/main refs/remotes/main [4ms]
2025-03-20 11:31:41.494 [warning] [Git][revParse] Unable to read file: ENOENT: no such file or directory, open '/workspace/project/.git/refs/remotes/origin/main'
2025-03-20 11:31:41.496 [info] > git rev-parse refs/remotes/origin/main [1ms]
2025-03-20 11:31:41.506 [info] > git status -z -uall [6ms]
2025-03-20 11:31:41.508 [info] > git for-each-ref --sort -committerdate --format %(refname) %(objectname) %(*objectname) [3ms]
2025-03-20 11:31:42.480 [info] > git config --get --local branch.main.github-pr-owner-number [2ms]
2025-03-20 11:31:42.480 [warning] [Git][config] git config failed: Failed to execute git
2025-03-20 11:31:54.956 [info] > git config --get commit.template [5ms]
2025-03-20 11:31:54.959 [info] > git for-each-ref --format=%(refname)%00%(upstream:short)%00%(objectname)%00%(upstream:track)%00%(upstream:remotename)%00%(upstream:remoteref) refs/heads/main refs/remotes/main [3ms]
2025-03-20 11:31:54.964 [warning] [Git][revParse] Unable to read file: ENOENT: no such file or directory, open '/workspace/project/.git/refs/remotes/origin/main'
2025-03-20 11:31:54.965 [info] > git rev-parse refs/remotes/origin/main [1ms]
2025-03-20 11:31:54.974 [info] > git status -z -uall [4ms]
2025-03-20 11:31:54.977 [info] > git for-each-ref --sort -committerdate --format %(refname) %(objectname) %(*objectname) [3ms]
2025-03-20 11:40:20.511 [info] > git config --get commit.template [6ms]
2025-03-20 11:40:20.513 [info] > git for-each-ref --format=%(refname)%00%(upstream:short)%00%(objectname)%00%(upstream:track)%00%(upstream:remotename)%00%(upstream:remoteref) refs/heads/main refs/remotes/main [4ms]
2025-03-20 11:40:20.518 [warning] [Git][revParse] Unable to read file: ENOENT: no such file or directory, open '/workspace/project/.git/refs/remotes/origin/main'
2025-03-20 11:40:20.520 [info] > git rev-parse refs/remotes/origin/main [2ms]
2025-03-20 11:40:20.530 [info] > git status -z -uall [5ms]
2025-03-20 11:40:20.533 [info] > git for-each-ref --sort -committerdate --format %(refname) %(objectname) %(*objectname) [3ms]
2025-03-20 11:40:51.105 [info] > git config --get commit.template [6ms]
2025-03-20 11:40:51.108 [info] > git for-each-ref --format=%(refname)%00%(upstream:short)%00%(objectname)%00%(upstream:track)%00%(upstream:remotename)%00%(upstream:remoteref) refs/heads/main refs/remotes/main [4ms]
2025-03-20 11:40:51.112 [warning] [Git][revParse] Unable to read file: ENOENT: no such file or directory, open '/workspace/project/.git/refs/remotes/origin/main'
2025-03-20 11:40:51.114 [info] > git rev-parse refs/remotes/origin/main [2ms]
2025-03-20 11:40:51.124 [info] > git status -z -uall [6ms]
2025-03-20 11:40:51.127 [info] > git for-each-ref --sort -committerdate --format %(refname) %(objectname) %(*objectname) [3ms]
2025-03-20 11:40:51.142 [info] > git merge-base refs/heads/main refs/remotes/origin/main [4ms]
2025-03-20 11:40:51.149 [info] > git diff --name-status -z --diff-filter=ADMR d4f70b43029a9c076ba74e695a00dcfb3a919e43...refs/remotes/origin/main [2ms]
2025-03-20 11:40:51.317 [info] > git config --get --local branch.main.github-pr-owner-number [2ms]
2025-03-20 11:40:51.318 [warning] [Git][config] git config failed: Failed to execute git
2025-03-20 11:40:56.151 [info] > git config --get commit.template [5ms]
2025-03-20 11:40:56.154 [info] > git for-each-ref --format=%(refname)%00%(upstream:short)%00%(objectname)%00%(upstream:track)%00%(upstream:remotename)%00%(upstream:remoteref) refs/heads/main refs/remotes/main [4ms]
2025-03-20 11:40:56.159 [warning] [Git][revParse] Unable to read file: ENOENT: no such file or directory, open '/workspace/project/.git/refs/remotes/origin/main'
2025-03-20 11:40:56.160 [info] > git rev-parse refs/remotes/origin/main [1ms]
2025-03-20 11:40:56.170 [info] > git status -z -uall [5ms]
2025-03-20 11:40:56.173 [info] > git for-each-ref --sort -committerdate --format %(refname) %(objectname) %(*objectname) [3ms]
2025-03-20 11:41:28.243 [info] > git config --get commit.template [5ms]
2025-03-20 11:41:28.245 [info] > git for-each-ref --format=%(refname)%00%(upstream:short)%00%(objectname)%00%(upstream:track)%00%(upstream:remotename)%00%(upstream:remoteref) refs/heads/main refs/remotes/main [3ms]
2025-03-20 11:41:28.250 [warning] [Git][revParse] Unable to read file: ENOENT: no such file or directory, open '/workspace/project/.git/refs/remotes/origin/main'
2025-03-20 11:41:28.251 [info] > git rev-parse refs/remotes/origin/main [2ms]
2025-03-20 11:41:28.260 [info] > git status -z -uall [5ms]
2025-03-20 11:41:28.263 [info] > git for-each-ref --sort -committerdate --format %(refname) %(objectname) %(*objectname) [3ms]
2025-03-20 11:41:28.278 [info] > git merge-base refs/heads/main refs/remotes/origin/main [4ms]
2025-03-20 11:41:28.286 [info] > git diff --name-status -z --diff-filter=ADMR d4f70b43029a9c076ba74e695a00dcfb3a919e43...refs/remotes/origin/main [2ms]
2025-03-20 11:41:28.444 [info] > git config --get --local branch.main.github-pr-owner-number [2ms]
2025-03-20 11:41:28.444 [warning] [Git][config] git config failed: Failed to execute git
2025-03-20 11:41:33.287 [info] > git config --get commit.template [5ms]
2025-03-20 11:41:33.290 [info] > git for-each-ref --format=%(refname)%00%(upstream:short)%00%(objectname)%00%(upstream:track)%00%(upstream:remotename)%00%(upstream:remoteref) refs/heads/main refs/remotes/main [4ms]
2025-03-20 11:41:33.295 [warning] [Git][revParse] Unable to read file: ENOENT: no such file or directory, open '/workspace/project/.git/refs/remotes/origin/main'
2025-03-20 11:41:33.296 [info] > git rev-parse refs/remotes/origin/main [2ms]
2025-03-20 11:41:33.306 [info] > git status -z -uall [5ms]
2025-03-20 11:41:33.309 [info] > git for-each-ref --sort -committerdate --format %(refname) %(objectname) %(*objectname) [3ms]
2025-03-20 11:41:38.327 [info] > git config --get commit.template [5ms]
2025-03-20 11:41:38.330 [info] > git for-each-ref --format=%(refname)%00%(upstream:short)%00%(objectname)%00%(upstream:track)%00%(upstream:remotename)%00%(upstream:remoteref) refs/heads/main refs/remotes/main [4ms]
2025-03-20 11:41:38.334 [warning] [Git][revParse] Unable to read file: ENOENT: no such file or directory, open '/workspace/project/.git/refs/remotes/origin/main'
2025-03-20 11:41:38.336 [info] > git rev-parse refs/remotes/origin/main [2ms]
2025-03-20 11:41:38.346 [info] > git status -z -uall [6ms]
2025-03-20 11:41:38.348 [info] > git for-each-ref --sort -committerdate --format %(refname) %(objectname) %(*objectname) [4ms]
2025-03-20 11:42:37.270 [info] > git config --get commit.template [6ms]
2025-03-20 11:42:37.273 [info] > git for-each-ref --format=%(refname)%00%(upstream:short)%00%(objectname)%00%(upstream:track)%00%(upstream:remotename)%00%(upstream:remoteref) refs/heads/main refs/remotes/main [3ms]
2025-03-20 11:42:37.277 [warning] [Git][revParse] Unable to read file: ENOENT: no such file or directory, open '/workspace/project/.git/refs/remotes/origin/main'
2025-03-20 11:42:37.279 [info] > git rev-parse refs/remotes/origin/main [2ms]
2025-03-20 11:42:37.290 [info] > git status -z -uall [6ms]
2025-03-20 11:42:37.293 [info] > git for-each-ref --sort -committerdate --format %(refname) %(objectname) %(*objectname) [3ms]
2025-03-20 11:42:37.309 [info] > git merge-base refs/heads/main refs/remotes/origin/main [4ms]
2025-03-20 11:42:37.316 [info] > git diff --name-status -z --diff-filter=ADMR d4f70b43029a9c076ba74e695a00dcfb3a919e43...refs/remotes/origin/main [3ms]
2025-03-20 11:42:37.475 [info] > git config --get --local branch.main.github-pr-owner-number [1ms]
2025-03-20 11:42:37.475 [warning] [Git][config] git config failed: Failed to execute git
2025-03-20 11:42:42.317 [info] > git config --get commit.template [5ms]
2025-03-20 11:42:42.320 [info] > git for-each-ref --format=%(refname)%00%(upstream:short)%00%(objectname)%00%(upstream:track)%00%(upstream:remotename)%00%(upstream:remoteref) refs/heads/main refs/remotes/main [4ms]
2025-03-20 11:42:42.324 [warning] [Git][revParse] Unable to read file: ENOENT: no such file or directory, open '/workspace/project/.git/refs/remotes/origin/main'
2025-03-20 11:42:42.326 [info] > git rev-parse refs/remotes/origin/main [2ms]
2025-03-20 11:42:42.336 [info] > git status -z -uall [6ms]
2025-03-20 11:42:42.339 [info] > git for-each-ref --sort -committerdate --format %(refname) %(objectname) %(*objectname) [3ms]
2025-03-20 11:42:47.354 [info] > git config --get commit.template [5ms]
2025-03-20 11:42:47.357 [info] > git for-each-ref --format=%(refname)%00%(upstream:short)%00%(objectname)%00%(upstream:track)%00%(upstream:remotename)%00%(upstream:remoteref) refs/heads/main refs/remotes/main [3ms]
2025-03-20 11:42:47.362 [warning] [Git][revParse] Unable to read file: ENOENT: no such file or directory, open '/workspace/project/.git/refs/remotes/origin/main'
2025-03-20 11:42:47.363 [info] > git rev-parse refs/remotes/origin/main [1ms]
2025-03-20 11:42:47.374 [info] > git status -z -uall [6ms]
2025-03-20 11:42:47.377 [info] > git for-each-ref --sort -committerdate --format %(refname) %(objectname) %(*objectname) [3ms]
2025-03-20 11:42:47.391 [info] > git merge-base refs/heads/main refs/remotes/origin/main [3ms]
2025-03-20 11:42:47.398 [info] > git diff --name-status -z --diff-filter=ADMR d4f70b43029a9c076ba74e695a00dcfb3a919e43...refs/remotes/origin/main [2ms]
2025-03-20 11:42:47.558 [info] > git config --get --local branch.main.github-pr-owner-number [2ms]
2025-03-20 11:42:47.558 [warning] [Git][config] git config failed: Failed to execute git
2025-03-20 11:42:52.399 [info] > git config --get commit.template [5ms]
2025-03-20 11:42:52.402 [info] > git for-each-ref --format=%(refname)%00%(upstream:short)%00%(objectname)%00%(upstream:track)%00%(upstream:remotename)%00%(upstream:remoteref) refs/heads/main refs/remotes/main [4ms]
2025-03-20 11:42:52.407 [warning] [Git][revParse] Unable to read file: ENOENT: no such file or directory, open '/workspace/project/.git/refs/remotes/origin/main'
2025-03-20 11:42:52.409 [info] > git rev-parse refs/remotes/origin/main [1ms]
2025-03-20 11:42:52.418 [info] > git status -z -uall [5ms]
2025-03-20 11:42:52.421 [info] > git for-each-ref --sort -committerdate --format %(refname) %(objectname) %(*objectname) [3ms]
2025-03-20 12:06:12.611 [info] > git config --get commit.template [5ms]
2025-03-20 12:06:12.614 [info] > git for-each-ref --format=%(refname)%00%(upstream:short)%00%(objectname)%00%(upstream:track)%00%(upstream:remotename)%00%(upstream:remoteref) refs/heads/main refs/remotes/main [4ms]
2025-03-20 12:06:12.618 [warning] [Git][revParse] Unable to read file: ENOENT: no such file or directory, open '/workspace/project/.git/refs/remotes/origin/main'
2025-03-20 12:06:12.619 [info] > git rev-parse refs/remotes/origin/main [1ms]
2025-03-20 12:06:12.629 [info] > git status -z -uall [5ms]
2025-03-20 12:06:12.631 [info] > git for-each-ref --sort -committerdate --format %(refname) %(objectname) %(*objectname) [3ms]
2025-03-20 12:06:17.646 [info] > git config --get commit.template [6ms]
2025-03-20 12:06:17.649 [info] > git for-each-ref --format=%(refname)%00%(upstream:short)%00%(objectname)%00%(upstream:track)%00%(upstream:remotename)%00%(upstream:remoteref) refs/heads/main refs/remotes/main [4ms]
2025-03-20 12:06:17.654 [warning] [Git][revParse] Unable to read file: ENOENT: no such file or directory, open '/workspace/project/.git/refs/remotes/origin/main'
2025-03-20 12:06:17.655 [info] > git rev-parse refs/remotes/origin/main [1ms]
2025-03-20 12:06:17.664 [info] > git status -z -uall [5ms]
2025-03-20 12:06:17.667 [info] > git for-each-ref --sort -committerdate --format %(refname) %(objectname) %(*objectname) [3ms]
2025-03-20 12:06:17.679 [info] > git merge-base refs/heads/main refs/remotes/origin/main [3ms]
2025-03-20 12:06:17.686 [info] > git diff --name-status -z --diff-filter=ADMR d4f70b43029a9c076ba74e695a00dcfb3a919e43...refs/remotes/origin/main [2ms]
2025-03-20 12:06:17.859 [info] > git config --get --local branch.main.github-pr-owner-number [1ms]
2025-03-20 12:06:17.859 [warning] [Git][config] git config failed: Failed to execute git
2025-03-20 12:06:22.686 [info] > git config --get commit.template [4ms]
2025-03-20 12:06:22.690 [info] > git for-each-ref --format=%(refname)%00%(upstream:short)%00%(objectname)%00%(upstream:track)%00%(upstream:remotename)%00%(upstream:remoteref) refs/heads/main refs/remotes/main [3ms]
2025-03-20 12:06:22.694 [warning] [Git][revParse] Unable to read file: ENOENT: no such file or directory, open '/workspace/project/.git/refs/remotes/origin/main'
2025-03-20 12:06:22.695 [info] > git rev-parse refs/remotes/origin/main [1ms]
2025-03-20 12:06:22.704 [info] > git status -z -uall [4ms]
2025-03-20 12:06:22.707 [info] > git for-each-ref --sort -committerdate --format %(refname) %(objectname) %(*objectname) [3ms]
2025-03-20 12:07:34.444 [info] > git config --get commit.template [5ms]
2025-03-20 12:07:34.447 [info] > git for-each-ref --format=%(refname)%00%(upstream:short)%00%(objectname)%00%(upstream:track)%00%(upstream:remotename)%00%(upstream:remoteref) refs/heads/main refs/remotes/main [4ms]
2025-03-20 12:07:34.451 [warning] [Git][revParse] Unable to read file: ENOENT: no such file or directory, open '/workspace/project/.git/refs/remotes/origin/main'
2025-03-20 12:07:34.453 [info] > git rev-parse refs/remotes/origin/main [2ms]
2025-03-20 12:07:34.463 [info] > git status -z -uall [6ms]
2025-03-20 12:07:34.466 [info] > git for-each-ref --sort -committerdate --format %(refname) %(objectname) %(*objectname) [3ms]
2025-03-20 12:07:34.478 [info] > git merge-base refs/heads/main refs/remotes/origin/main [3ms]
2025-03-20 12:07:34.484 [info] > git diff --name-status -z --diff-filter=ADMR d4f70b43029a9c076ba74e695a00dcfb3a919e43...refs/remotes/origin/main [2ms]
2025-03-20 12:07:34.657 [info] > git config --get --local branch.main.github-pr-owner-number [1ms]
2025-03-20 12:07:34.658 [warning] [Git][config] git config failed: Failed to execute git
2025-03-20 12:07:39.487 [info] > git config --get commit.template [6ms]
2025-03-20 12:07:39.490 [info] > git for-each-ref --format=%(refname)%00%(upstream:short)%00%(objectname)%00%(upstream:track)%00%(upstream:remotename)%00%(upstream:remoteref) refs/heads/main refs/remotes/main [4ms]
2025-03-20 12:07:39.494 [warning] [Git][revParse] Unable to read file: ENOENT: no such file or directory, open '/workspace/project/.git/refs/remotes/origin/main'
2025-03-20 12:07:39.495 [info] > git rev-parse refs/remotes/origin/main [1ms]
2025-03-20 12:07:39.504 [info] > git status -z -uall [4ms]
2025-03-20 12:07:39.507 [info] > git for-each-ref --sort -committerdate --format %(refname) %(objectname) %(*objectname) [3ms]
2025-03-20 12:07:44.523 [info] > git config --get commit.template [5ms]
2025-03-20 12:07:44.526 [info] > git for-each-ref --format=%(refname)%00%(upstream:short)%00%(objectname)%00%(upstream:track)%00%(upstream:remotename)%00%(upstream:remoteref) refs/heads/main refs/remotes/main [4ms]
2025-03-20 12:07:44.530 [warning] [Git][revParse] Unable to read file: ENOENT: no such file or directory, open '/workspace/project/.git/refs/remotes/origin/main'
2025-03-20 12:07:44.531 [info] > git rev-parse refs/remotes/origin/main [1ms]
2025-03-20 12:07:44.540 [info] > git status -z -uall [5ms]
2025-03-20 12:07:44.543 [info] > git for-each-ref --sort -committerdate --format %(refname) %(objectname) %(*objectname) [3ms]
2025-03-20 12:07:44.554 [info] > git merge-base refs/heads/main refs/remotes/origin/main [4ms]
2025-03-20 12:07:44.560 [info] > git diff --name-status -z --diff-filter=ADMR d4f70b43029a9c076ba74e695a00dcfb3a919e43...refs/remotes/origin/main [2ms]
2025-03-20 12:07:44.720 [info] > git config --get --local branch.main.github-pr-owner-number [2ms]
2025-03-20 12:07:44.720 [warning] [Git][config] git config failed: Failed to execute git
2025-03-20 12:09:31.026 [info] > git config --get commit.template [6ms]
2025-03-20 12:09:31.029 [info] > git for-each-ref --format=%(refname)%00%(upstream:short)%00%(objectname)%00%(upstream:track)%00%(upstream:remotename)%00%(upstream:remoteref) refs/heads/main refs/remotes/main [4ms]
2025-03-20 12:09:31.034 [warning] [Git][revParse] Unable to read file: ENOENT: no such file or directory, open '/workspace/project/.git/refs/remotes/origin/main'
2025-03-20 12:09:31.035 [info] > git rev-parse refs/remotes/origin/main [1ms]
2025-03-20 12:09:31.045 [info] > git status -z -uall [5ms]
2025-03-20 12:09:31.048 [info] > git for-each-ref --sort -committerdate --format %(refname) %(objectname) %(*objectname) [2ms]
2025-03-20 12:09:54.745 [info] > git config --get commit.template [5ms]
2025-03-20 12:09:54.747 [info] > git for-each-ref --format=%(refname)%00%(upstream:short)%00%(objectname)%00%(upstream:track)%00%(upstream:remotename)%00%(upstream:remoteref) refs/heads/main refs/remotes/main [3ms]
2025-03-20 12:09:54.752 [warning] [Git][revParse] Unable to read file: ENOENT: no such file or directory, open '/workspace/project/.git/refs/remotes/origin/main'
2025-03-20 12:09:54.753 [info] > git rev-parse refs/remotes/origin/main [1ms]
2025-03-20 12:09:54.762 [info] > git status -z -uall [5ms]
2025-03-20 12:09:54.764 [info] > git for-each-ref --sort -committerdate --format %(refname) %(objectname) %(*objectname) [3ms]
2025-03-20 12:10:10.849 [info] > git config --get commit.template [5ms]
2025-03-20 12:10:10.852 [info] > git for-each-ref --format=%(refname)%00%(upstream:short)%00%(objectname)%00%(upstream:track)%00%(upstream:remotename)%00%(upstream:remoteref) refs/heads/main refs/remotes/main [4ms]
2025-03-20 12:10:10.856 [warning] [Git][revParse] Unable to read file: ENOENT: no such file or directory, open '/workspace/project/.git/refs/remotes/origin/main'
2025-03-20 12:10:10.858 [info] > git rev-parse refs/remotes/origin/main [2ms]
2025-03-20 12:10:10.867 [info] > git status -z -uall [5ms]
2025-03-20 12:10:10.869 [info] > git for-each-ref --sort -committerdate --format %(refname) %(objectname) %(*objectname) [3ms]
2025-03-20 12:10:25.740 [info] > git config --get commit.template [6ms]
2025-03-20 12:10:25.743 [info] > git for-each-ref --format=%(refname)%00%(upstream:short)%00%(objectname)%00%(upstream:track)%00%(upstream:remotename)%00%(upstream:remoteref) refs/heads/main refs/remotes/main [3ms]
2025-03-20 12:10:25.748 [warning] [Git][revParse] Unable to read file: ENOENT: no such file or directory, open '/workspace/project/.git/refs/remotes/origin/main'
2025-03-20 12:10:25.749 [info] > git rev-parse refs/remotes/origin/main [1ms]
2025-03-20 12:10:25.758 [info] > git status -z -uall [4ms]
2025-03-20 12:10:25.761 [info] > git for-each-ref --sort -committerdate --format %(refname) %(objectname) %(*objectname) [3ms]
2025-03-20 12:10:37.705 [info] > git config --get commit.template [7ms]
2025-03-20 12:10:37.707 [info] > git for-each-ref --format=%(refname)%00%(upstream:short)%00%(objectname)%00%(upstream:track)%00%(upstream:remotename)%00%(upstream:remoteref) refs/heads/main refs/remotes/main [4ms]
2025-03-20 12:10:37.712 [warning] [Git][revParse] Unable to read file: ENOENT: no such file or directory, open '/workspace/project/.git/refs/remotes/origin/main'
2025-03-20 12:10:37.713 [info] > git rev-parse refs/remotes/origin/main [2ms]
2025-03-20 12:10:37.723 [info] > git status -z -uall [5ms]
2025-03-20 12:10:37.726 [info] > git for-each-ref --sort -committerdate --format %(refname) %(objectname) %(*objectname) [3ms]
2025-03-20 12:15:36.749 [info] > git config --get commit.template [5ms]
2025-03-20 12:15:36.753 [info] > git for-each-ref --format=%(refname)%00%(upstream:short)%00%(objectname)%00%(upstream:track)%00%(upstream:remotename)%00%(upstream:remoteref) refs/heads/main refs/remotes/main [5ms]
2025-03-20 12:15:36.757 [warning] [Git][revParse] Unable to read file: ENOENT: no such file or directory, open '/workspace/project/.git/refs/remotes/origin/main'
2025-03-20 12:15:36.759 [info] > git rev-parse refs/remotes/origin/main [2ms]
2025-03-20 12:15:36.768 [info] > git status -z -uall [5ms]
2025-03-20 12:15:36.770 [info] > git for-each-ref --sort -committerdate --format %(refname) %(objectname) %(*objectname) [3ms]
2025-03-20 12:15:42.696 [info] > git config --get commit.template [6ms]
2025-03-20 12:15:42.699 [info] > git for-each-ref --format=%(refname)%00%(upstream:short)%00%(objectname)%00%(upstream:track)%00%(upstream:remotename)%00%(upstream:remoteref) refs/heads/main refs/remotes/main [4ms]
2025-03-20 12:15:42.703 [warning] [Git][revParse] Unable to read file: ENOENT: no such file or directory, open '/workspace/project/.git/refs/remotes/origin/main'
2025-03-20 12:15:42.704 [info] > git rev-parse refs/remotes/origin/main [1ms]
2025-03-20 12:15:42.713 [info] > git status -z -uall [4ms]
2025-03-20 12:15:42.716 [info] > git for-each-ref --sort -committerdate --format %(refname) %(objectname) %(*objectname) [3ms]
2025-03-20 12:16:04.417 [info] > git config --get commit.template [6ms]
2025-03-20 12:16:04.420 [info] > git for-each-ref --format=%(refname)%00%(upstream:short)%00%(objectname)%00%(upstream:track)%00%(upstream:remotename)%00%(upstream:remoteref) refs/heads/main refs/remotes/main [3ms]
2025-03-20 12:16:04.426 [warning] [Git][revParse] Unable to read file: ENOENT: no such file or directory, open '/workspace/project/.git/refs/remotes/origin/main'
2025-03-20 12:16:04.427 [info] > git rev-parse refs/remotes/origin/main [2ms]
2025-03-20 12:16:04.438 [info] > git status -z -uall [6ms]
2025-03-20 12:16:04.441 [info] > git for-each-ref --sort -committerdate --format %(refname) %(objectname) %(*objectname) [3ms]
2025-03-20 12:17:03.267 [info] > git check-ignore -v -z --stdin [2ms]
2025-03-20 12:17:03.666 [info] > git config --get commit.template [6ms]
2025-03-20 12:17:03.669 [info] > git for-each-ref --format=%(refname)%00%(upstream:short)%00%(objectname)%00%(upstream:track)%00%(upstream:remotename)%00%(upstream:remoteref) refs/heads/main refs/remotes/main [4ms]
2025-03-20 12:17:03.674 [warning] [Git][revParse] Unable to read file: ENOENT: no such file or directory, open '/workspace/project/.git/refs/remotes/origin/main'
2025-03-20 12:17:03.675 [info] > git rev-parse refs/remotes/origin/main [2ms]
2025-03-20 12:17:03.686 [info] > git status -z -uall [7ms]
2025-03-20 12:17:03.688 [info] > git for-each-ref --sort -committerdate --format %(refname) %(objectname) %(*objectname) [3ms]
2025-03-20 12:17:03.703 [info] > git merge-base refs/heads/main refs/remotes/origin/main [3ms]
2025-03-20 12:17:03.711 [info] > git diff --name-status -z --diff-filter=ADMR d4f70b43029a9c076ba74e695a00dcfb3a919e43...refs/remotes/origin/main [2ms]
2025-03-20 12:17:03.920 [info] > git config --get --local branch.main.github-pr-owner-number [2ms]
2025-03-20 12:17:03.920 [warning] [Git][config] git config failed: Failed to execute git
2025-03-20 12:17:08.968 [info] > git config --get commit.template [5ms]
2025-03-20 12:17:08.971 [info] > git for-each-ref --format=%(refname)%00%(upstream:short)%00%(objectname)%00%(upstream:track)%00%(upstream:remotename)%00%(upstream:remoteref) refs/heads/main refs/remotes/main [3ms]
2025-03-20 12:17:08.976 [warning] [Git][revParse] Unable to read file: ENOENT: no such file or directory, open '/workspace/project/.git/refs/remotes/origin/main'
2025-03-20 12:17:08.977 [info] > git rev-parse refs/remotes/origin/main [1ms]
2025-03-20 12:17:08.987 [info] > git status -z -uall [5ms]
2025-03-20 12:17:08.989 [info] > git for-each-ref --sort -committerdate --format %(refname) %(objectname) %(*objectname) [3ms]
2025-03-20 12:17:18.960 [info] > git config --get commit.template [5ms]
2025-03-20 12:17:18.964 [info] > git for-each-ref --format=%(refname)%00%(upstream:short)%00%(objectname)%00%(upstream:track)%00%(upstream:remotename)%00%(upstream:remoteref) refs/heads/main refs/remotes/main [4ms]
2025-03-20 12:17:18.968 [warning] [Git][revParse] Unable to read file: ENOENT: no such file or directory, open '/workspace/project/.git/refs/remotes/origin/main'
2025-03-20 12:17:18.970 [info] > git rev-parse refs/remotes/origin/main [2ms]
2025-03-20 12:17:18.979 [info] > git status -z -uall [5ms]
2025-03-20 12:17:18.982 [info] > git for-each-ref --sort -committerdate --format %(refname) %(objectname) %(*objectname) [3ms]
2025-03-20 12:17:18.996 [info] > git merge-base refs/heads/main refs/remotes/origin/main [4ms]
2025-03-20 12:17:19.003 [info] > git diff --name-status -z --diff-filter=ADMR d4f70b43029a9c076ba74e695a00dcfb3a919e43...refs/remotes/origin/main [3ms]
2025-03-20 12:17:19.249 [info] > git config --get --local branch.main.github-pr-owner-number [2ms]
2025-03-20 12:17:19.249 [warning] [Git][config] git config failed: Failed to execute git
2025-03-20 12:17:24.005 [info] > git config --get commit.template [5ms]
2025-03-20 12:17:24.008 [info] > git for-each-ref --format=%(refname)%00%(upstream:short)%00%(objectname)%00%(upstream:track)%00%(upstream:remotename)%00%(upstream:remoteref) refs/heads/main refs/remotes/main [3ms]
2025-03-20 12:17:24.013 [warning] [Git][revParse] Unable to read file: ENOENT: no such file or directory, open '/workspace/project/.git/refs/remotes/origin/main'
2025-03-20 12:17:24.014 [info] > git rev-parse refs/remotes/origin/main [1ms]
2025-03-20 12:17:24.023 [info] > git status -z -uall [5ms]
2025-03-20 12:17:24.026 [info] > git for-each-ref --sort -committerdate --format %(refname) %(objectname) %(*objectname) [3ms]
2025-03-20 12:17:32.507 [info] > git config --get commit.template [5ms]
2025-03-20 12:17:32.510 [info] > git for-each-ref --format=%(refname)%00%(upstream:short)%00%(objectname)%00%(upstream:track)%00%(upstream:remotename)%00%(upstream:remoteref) refs/heads/main refs/remotes/main [4ms]
2025-03-20 12:17:32.515 [warning] [Git][revParse] Unable to read file: ENOENT: no such file or directory, open '/workspace/project/.git/refs/remotes/origin/main'
2025-03-20 12:17:32.516 [info] > git rev-parse refs/remotes/origin/main [1ms]
2025-03-20 12:17:32.526 [info] > git status -z -uall [5ms]
2025-03-20 12:17:32.528 [info] > git for-each-ref --sort -committerdate --format %(refname) %(objectname) %(*objectname) [3ms]
2025-03-20 12:17:32.543 [info] > git merge-base refs/heads/main refs/remotes/origin/main [4ms]
2025-03-20 12:17:32.549 [info] > git diff --name-status -z --diff-filter=ADMR d4f70b43029a9c076ba74e695a00dcfb3a919e43...refs/remotes/origin/main [2ms]
2025-03-20 12:17:32.711 [info] > git config --get --local branch.main.github-pr-owner-number [1ms]
2025-03-20 12:17:32.711 [warning] [Git][config] git config failed: Failed to execute git
2025-03-20 12:17:37.555 [info] > git config --get commit.template [7ms]
2025-03-20 12:17:37.560 [info] > git for-each-ref --format=%(refname)%00%(upstream:short)%00%(objectname)%00%(upstream:track)%00%(upstream:remotename)%00%(upstream:remoteref) refs/heads/main refs/remotes/main [4ms]
2025-03-20 12:17:37.565 [warning] [Git][revParse] Unable to read file: ENOENT: no such file or directory, open '/workspace/project/.git/refs/remotes/origin/main'
2025-03-20 12:17:37.567 [info] > git rev-parse refs/remotes/origin/main [2ms]
2025-03-20 12:17:37.579 [info] > git status -z -uall [7ms]
2025-03-20 12:17:37.581 [info] > git for-each-ref --sort -committerdate --format %(refname) %(objectname) %(*objectname) [3ms]
2025-03-20 12:17:42.599 [info] > git config --get commit.template [6ms]
2025-03-20 12:17:42.601 [info] > git for-each-ref --format=%(refname)%00%(upstream:short)%00%(objectname)%00%(upstream:track)%00%(upstream:remotename)%00%(upstream:remoteref) refs/heads/main refs/remotes/main [3ms]
2025-03-20 12:17:42.606 [warning] [Git][revParse] Unable to read file: ENOENT: no such file or directory, open '/workspace/project/.git/refs/remotes/origin/main'
2025-03-20 12:17:42.607 [info] > git rev-parse refs/remotes/origin/main [1ms]
2025-03-20 12:17:42.616 [info] > git status -z -uall [4ms]
2025-03-20 12:17:42.619 [info] > git for-each-ref --sort -committerdate --format %(refname) %(objectname) %(*objectname) [3ms]
2025-03-20 12:17:54.049 [info] > git config --get commit.template [6ms]
2025-03-20 12:17:54.052 [info] > git for-each-ref --format=%(refname)%00%(upstream:short)%00%(objectname)%00%(upstream:track)%00%(upstream:remotename)%00%(upstream:remoteref) refs/heads/main refs/remotes/main [4ms]
2025-03-20 12:17:54.056 [warning] [Git][revParse] Unable to read file: ENOENT: no such file or directory, open '/workspace/project/.git/refs/remotes/origin/main'
2025-03-20 12:17:54.058 [info] > git rev-parse refs/remotes/origin/main [2ms]
2025-03-20 12:17:54.069 [info] > git status -z -uall [7ms]
2025-03-20 12:17:54.072 [info] > git for-each-ref --sort -committerdate --format %(refname) %(objectname) %(*objectname) [3ms]
2025-03-20 12:18:04.015 [info] > git config --get commit.template [6ms]
2025-03-20 12:18:04.018 [info] > git for-each-ref --format=%(refname)%00%(upstream:short)%00%(objectname)%00%(upstream:track)%00%(upstream:remotename)%00%(upstream:remoteref) refs/heads/main refs/remotes/main [4ms]
2025-03-20 12:18:04.023 [warning] [Git][revParse] Unable to read file: ENOENT: no such file or directory, open '/workspace/project/.git/refs/remotes/origin/main'
2025-03-20 12:18:04.024 [info] > git rev-parse refs/remotes/origin/main [1ms]
2025-03-20 12:18:04.034 [info] > git status -z -uall [5ms]
2025-03-20 12:18:04.037 [info] > git for-each-ref --sort -committerdate --format %(refname) %(objectname) %(*objectname) [3ms]
2025-03-20 12:18:04.054 [info] > git merge-base refs/heads/main refs/remotes/origin/main [4ms]
2025-03-20 12:18:04.062 [info] > git diff --name-status -z --diff-filter=ADMR d4f70b43029a9c076ba74e695a00dcfb3a919e43...refs/remotes/origin/main [2ms]
2025-03-20 12:18:04.221 [info] > git config --get --local branch.main.github-pr-owner-number [2ms]
2025-03-20 12:18:04.221 [warning] [Git][config] git config failed: Failed to execute git
2025-03-20 12:18:09.061 [info] > git config --get commit.template [5ms]
2025-03-20 12:18:09.065 [info] > git for-each-ref --format=%(refname)%00%(upstream:short)%00%(objectname)%00%(upstream:track)%00%(upstream:remotename)%00%(upstream:remoteref) refs/heads/main refs/remotes/main [4ms]
2025-03-20 12:18:09.069 [warning] [Git][revParse] Unable to read file: ENOENT: no such file or directory, open '/workspace/project/.git/refs/remotes/origin/main'
2025-03-20 12:18:09.070 [info] > git rev-parse refs/remotes/origin/main [1ms]
2025-03-20 12:18:09.080 [info] > git status -z -uall [6ms]
2025-03-20 12:18:09.082 [info] > git for-each-ref --sort -committerdate --format %(refname) %(objectname) %(*objectname) [3ms]
2025-03-20 12:19:47.309 [info] > git config --get commit.template [6ms]
2025-03-20 12:19:47.313 [info] > git for-each-ref --format=%(refname)%00%(upstream:short)%00%(objectname)%00%(upstream:track)%00%(upstream:remotename)%00%(upstream:remoteref) refs/heads/main refs/remotes/main [4ms]
2025-03-20 12:19:47.319 [warning] [Git][revParse] Unable to read file: ENOENT: no such file or directory, open '/workspace/project/.git/refs/remotes/origin/main'
2025-03-20 12:19:47.321 [info] > git rev-parse refs/remotes/origin/main [2ms]
2025-03-20 12:19:47.334 [info] > git status -z -uall [7ms]
2025-03-20 12:19:47.345 [info] > git for-each-ref --sort -committerdate --format %(refname) %(objectname) %(*objectname) [11ms]
2025-03-20 12:19:52.360 [info] > git config --get commit.template [5ms]
2025-03-20 12:19:52.363 [info] > git for-each-ref --format=%(refname)%00%(upstream:short)%00%(objectname)%00%(upstream:track)%00%(upstream:remotename)%00%(upstream:remoteref) refs/heads/main refs/remotes/main [4ms]
2025-03-20 12:19:52.368 [warning] [Git][revParse] Unable to read file: ENOENT: no such file or directory, open '/workspace/project/.git/refs/remotes/origin/main'
2025-03-20 12:19:52.369 [info] > git rev-parse refs/remotes/origin/main [1ms]
2025-03-20 12:19:52.379 [info] > git status -z -uall [5ms]
2025-03-20 12:19:52.382 [info] > git for-each-ref --sort -committerdate --format %(refname) %(objectname) %(*objectname) [3ms]
2025-03-20 12:19:57.398 [info] > git config --get commit.template [6ms]
2025-03-20 12:19:57.401 [info] > git for-each-ref --format=%(refname)%00%(upstream:short)%00%(objectname)%00%(upstream:track)%00%(upstream:remotename)%00%(upstream:remoteref) refs/heads/main refs/remotes/main [4ms]
2025-03-20 12:19:57.406 [warning] [Git][revParse] Unable to read file: ENOENT: no such file or directory, open '/workspace/project/.git/refs/remotes/origin/main'
2025-03-20 12:19:57.407 [info] > git rev-parse refs/remotes/origin/main [1ms]
2025-03-20 12:19:57.417 [info] > git status -z -uall [5ms]
2025-03-20 12:19:57.420 [info] > git for-each-ref --sort -committerdate --format %(refname) %(objectname) %(*objectname) [3ms]
2025-03-20 12:20:02.437 [info] > git config --get commit.template [5ms]
2025-03-20 12:20:02.441 [info] > git for-each-ref --format=%(refname)%00%(upstream:short)%00%(objectname)%00%(upstream:track)%00%(upstream:remotename)%00%(upstream:remoteref) refs/heads/main refs/remotes/main [4ms]
2025-03-20 12:20:02.445 [warning] [Git][revParse] Unable to read file: ENOENT: no such file or directory, open '/workspace/project/.git/refs/remotes/origin/main'
2025-03-20 12:20:02.446 [info] > git rev-parse refs/remotes/origin/main [1ms]
2025-03-20 12:20:02.455 [info] > git status -z -uall [5ms]
2025-03-20 12:20:02.458 [info] > git for-each-ref --sort -committerdate --format %(refname) %(objectname) %(*objectname) [3ms]
2025-03-20 12:20:07.476 [info] > git config --get commit.template [7ms]
2025-03-20 12:20:07.480 [info] > git for-each-ref --format=%(refname)%00%(upstream:short)%00%(objectname)%00%(upstream:track)%00%(upstream:remotename)%00%(upstream:remoteref) refs/heads/main refs/remotes/main [4ms]
2025-03-20 12:20:07.485 [warning] [Git][revParse] Unable to read file: ENOENT: no such file or directory, open '/workspace/project/.git/refs/remotes/origin/main'
2025-03-20 12:20:07.487 [info] > git rev-parse refs/remotes/origin/main [2ms]
2025-03-20 12:20:07.499 [info] > git status -z -uall [6ms]
2025-03-20 12:20:07.502 [info] > git for-each-ref --sort -committerdate --format %(refname) %(objectname) %(*objectname) [3ms]
2025-03-20 12:20:12.519 [info] > git config --get commit.template [5ms]
2025-03-20 12:20:12.523 [info] > git for-each-ref --format=%(refname)%00%(upstream:short)%00%(objectname)%00%(upstream:track)%00%(upstream:remotename)%00%(upstream:remoteref) refs/heads/main refs/remotes/main [3ms]
2025-03-20 12:20:12.527 [warning] [Git][revParse] Unable to read file: ENOENT: no such file or directory, open '/workspace/project/.git/refs/remotes/origin/main'
2025-03-20 12:20:12.528 [info] > git rev-parse refs/remotes/origin/main [1ms]
2025-03-20 12:20:12.538 [info] > git status -z -uall [5ms]
2025-03-20 12:20:12.541 [info] > git for-each-ref --sort -committerdate --format %(refname) %(objectname) %(*objectname) [3ms]
2025-03-20 12:20:12.555 [info] > git merge-base refs/heads/main refs/remotes/origin/main [3ms]
2025-03-20 12:20:12.562 [info] > git diff --name-status -z --diff-filter=ADMR d4f70b43029a9c076ba74e695a00dcfb3a919e43...refs/remotes/origin/main [2ms]
2025-03-20 12:20:12.719 [info] > git config --get --local branch.main.github-pr-owner-number [1ms]
2025-03-20 12:20:12.719 [warning] [Git][config] git config failed: Failed to execute git
2025-03-20 12:20:17.566 [info] > git config --get commit.template [6ms]
2025-03-20 12:20:17.569 [info] > git for-each-ref --format=%(refname)%00%(upstream:short)%00%(objectname)%00%(upstream:track)%00%(upstream:remotename)%00%(upstream:remoteref) refs/heads/main refs/remotes/main [4ms]
2025-03-20 12:20:17.575 [warning] [Git][revParse] Unable to read file: ENOENT: no such file or directory, open '/workspace/project/.git/refs/remotes/origin/main'
2025-03-20 12:20:17.576 [info] > git rev-parse refs/remotes/origin/main [2ms]
2025-03-20 12:20:17.588 [info] > git status -z -uall [6ms]
2025-03-20 12:20:17.591 [info] > git for-each-ref --sort -committerdate --format %(refname) %(objectname) %(*objectname) [3ms]
2025-03-20 12:20:22.609 [info] > git config --get commit.template [6ms]
2025-03-20 12:20:22.612 [info] > git for-each-ref --format=%(refname)%00%(upstream:short)%00%(objectname)%00%(upstream:track)%00%(upstream:remotename)%00%(upstream:remoteref) refs/heads/main refs/remotes/main [4ms]
2025-03-20 12:20:22.617 [warning] [Git][revParse] Unable to read file: ENOENT: no such file or directory, open '/workspace/project/.git/refs/remotes/origin/main'
2025-03-20 12:20:22.618 [info] > git rev-parse refs/remotes/origin/main [2ms]
2025-03-20 12:20:22.627 [info] > git status -z -uall [5ms]
2025-03-20 12:20:22.630 [info] > git for-each-ref --sort -committerdate --format %(refname) %(objectname) %(*objectname) [3ms]
2025-03-20 12:20:27.645 [info] > git config --get commit.template [5ms]
2025-03-20 12:20:27.649 [info] > git for-each-ref --format=%(refname)%00%(upstream:short)%00%(objectname)%00%(upstream:track)%00%(upstream:remotename)%00%(upstream:remoteref) refs/heads/main refs/remotes/main [4ms]
2025-03-20 12:20:27.653 [warning] [Git][revParse] Unable to read file: ENOENT: no such file or directory, open '/workspace/project/.git/refs/remotes/origin/main'
2025-03-20 12:20:27.655 [info] > git rev-parse refs/remotes/origin/main [2ms]
2025-03-20 12:20:27.665 [info] > git status -z -uall [6ms]
2025-03-20 12:20:27.667 [info] > git for-each-ref --sort -committerdate --format %(refname) %(objectname) %(*objectname) [3ms]
2025-03-20 12:20:27.680 [info] > git merge-base refs/heads/main refs/remotes/origin/main [4ms]
2025-03-20 12:20:27.687 [info] > git diff --name-status -z --diff-filter=ADMR d4f70b43029a9c076ba74e695a00dcfb3a919e43...refs/remotes/origin/main [3ms]
2025-03-20 12:20:27.904 [info] > git config --get --local branch.main.github-pr-owner-number [2ms]
2025-03-20 12:20:27.904 [warning] [Git][config] git config failed: Failed to execute git
2025-03-20 12:20:32.688 [info] > git config --get commit.template [5ms]
2025-03-20 12:20:32.691 [info] > git for-each-ref --format=%(refname)%00%(upstream:short)%00%(objectname)%00%(upstream:track)%00%(upstream:remotename)%00%(upstream:remoteref) refs/heads/main refs/remotes/main [4ms]
2025-03-20 12:20:32.695 [warning] [Git][revParse] Unable to read file: ENOENT: no such file or directory, open '/workspace/project/.git/refs/remotes/origin/main'
2025-03-20 12:20:32.697 [info] > git rev-parse refs/remotes/origin/main [2ms]
2025-03-20 12:20:32.707 [info] > git status -z -uall [6ms]
2025-03-20 12:20:32.709 [info] > git for-each-ref --sort -committerdate --format %(refname) %(objectname) %(*objectname) [3ms]
2025-03-20 12:21:18.032 [info] > git config --get commit.template [6ms]
2025-03-20 12:21:18.035 [info] > git for-each-ref --format=%(refname)%00%(upstream:short)%00%(objectname)%00%(upstream:track)%00%(upstream:remotename)%00%(upstream:remoteref) refs/heads/main refs/remotes/main [4ms]
2025-03-20 12:21:18.041 [warning] [Git][revParse] Unable to read file: ENOENT: no such file or directory, open '/workspace/project/.git/refs/remotes/origin/main'
2025-03-20 12:21:18.043 [info] > git rev-parse refs/remotes/origin/main [2ms]
2025-03-20 12:21:18.052 [info] > git status -z -uall [5ms]
2025-03-20 12:21:18.055 [info] > git for-each-ref --sort -committerdate --format %(refname) %(objectname) %(*objectname) [3ms]
2025-03-20 12:21:23.072 [info] > git config --get commit.template [7ms]
2025-03-20 12:21:23.074 [info] > git for-each-ref --format=%(refname)%00%(upstream:short)%00%(objectname)%00%(upstream:track)%00%(upstream:remotename)%00%(upstream:remoteref) refs/heads/main refs/remotes/main [4ms]
2025-03-20 12:21:23.080 [warning] [Git][revParse] Unable to read file: ENOENT: no such file or directory, open '/workspace/project/.git/refs/remotes/origin/main'
2025-03-20 12:21:23.081 [info] > git rev-parse refs/remotes/origin/main [1ms]
2025-03-20 12:21:23.092 [info] > git status -z -uall [5ms]
2025-03-20 12:21:23.095 [info] > git for-each-ref --sort -committerdate --format %(refname) %(objectname) %(*objectname) [3ms]
2025-03-20 12:21:28.114 [info] > git config --get commit.template [7ms]
2025-03-20 12:21:28.118 [info] > git for-each-ref --format=%(refname)%00%(upstream:short)%00%(objectname)%00%(upstream:track)%00%(upstream:remotename)%00%(upstream:remoteref) refs/heads/main refs/remotes/main [5ms]
2025-03-20 12:21:28.123 [warning] [Git][revParse] Unable to read file: ENOENT: no such file or directory, open '/workspace/project/.git/refs/remotes/origin/main'
2025-03-20 12:21:28.125 [info] > git rev-parse refs/remotes/origin/main [2ms]
2025-03-20 12:21:28.137 [info] > git status -z -uall [6ms]
2025-03-20 12:21:28.140 [info] > git for-each-ref --sort -committerdate --format %(refname) %(objectname) %(*objectname) [3ms]
2025-03-20 12:21:33.158 [info] > git config --get commit.template [6ms]
2025-03-20 12:21:33.162 [info] > git for-each-ref --format=%(refname)%00%(upstream:short)%00%(objectname)%00%(upstream:track)%00%(upstream:remotename)%00%(upstream:remoteref) refs/heads/main refs/remotes/main [4ms]
2025-03-20 12:21:33.166 [warning] [Git][revParse] Unable to read file: ENOENT: no such file or directory, open '/workspace/project/.git/refs/remotes/origin/main'
2025-03-20 12:21:33.168 [info] > git rev-parse refs/remotes/origin/main [1ms]
2025-03-20 12:21:33.178 [info] > git status -z -uall [6ms]
2025-03-20 12:21:33.181 [info] > git for-each-ref --sort -committerdate --format %(refname) %(objectname) %(*objectname) [3ms]
2025-03-20 12:21:41.082 [info] > git config --get commit.template [7ms]
2025-03-20 12:21:41.085 [info] > git for-each-ref --format=%(refname)%00%(upstream:short)%00%(objectname)%00%(upstream:track)%00%(upstream:remotename)%00%(upstream:remoteref) refs/heads/main refs/remotes/main [3ms]
2025-03-20 12:21:41.091 [warning] [Git][revParse] Unable to read file: ENOENT: no such file or directory, open '/workspace/project/.git/refs/remotes/origin/main'
2025-03-20 12:21:41.093 [info] > git rev-parse refs/remotes/origin/main [2ms]
2025-03-20 12:21:41.106 [info] > git status -z -uall [8ms]
2025-03-20 12:21:41.108 [info] > git for-each-ref --sort -committerdate --format %(refname) %(objectname) %(*objectname) [4ms]
2025-03-20 12:21:41.121 [info] > git merge-base refs/heads/main refs/remotes/origin/main [3ms]
2025-03-20 12:21:41.129 [info] > git diff --name-status -z --diff-filter=ADMR d4f70b43029a9c076ba74e695a00dcfb3a919e43...refs/remotes/origin/main [2ms]
2025-03-20 12:21:41.287 [info] > git config --get --local branch.main.github-pr-owner-number [2ms]
2025-03-20 12:21:41.287 [warning] [Git][config] git config failed: Failed to execute git
2025-03-20 12:21:46.131 [info] > git config --get commit.template [6ms]
2025-03-20 12:21:46.133 [info] > git for-each-ref --format=%(refname)%00%(upstream:short)%00%(objectname)%00%(upstream:track)%00%(upstream:remotename)%00%(upstream:remoteref) refs/heads/main refs/remotes/main [4ms]
2025-03-20 12:21:46.137 [warning] [Git][revParse] Unable to read file: ENOENT: no such file or directory, open '/workspace/project/.git/refs/remotes/origin/main'
2025-03-20 12:21:46.139 [info] > git rev-parse refs/remotes/origin/main [2ms]
2025-03-20 12:21:46.148 [info] > git status -z -uall [5ms]
2025-03-20 12:21:46.151 [info] > git for-each-ref --sort -committerdate --format %(refname) %(objectname) %(*objectname) [3ms]
2025-03-20 12:21:51.167 [info] > git config --get commit.template [5ms]
2025-03-20 12:21:51.170 [info] > git for-each-ref --format=%(refname)%00%(upstream:short)%00%(objectname)%00%(upstream:track)%00%(upstream:remotename)%00%(upstream:remoteref) refs/heads/main refs/remotes/main [4ms]
2025-03-20 12:21:51.175 [warning] [Git][revParse] Unable to read file: ENOENT: no such file or directory, open '/workspace/project/.git/refs/remotes/origin/main'
2025-03-20 12:21:51.176 [info] > git rev-parse refs/remotes/origin/main [1ms]
2025-03-20 12:21:51.186 [info] > git status -z -uall [5ms]
2025-03-20 12:21:51.189 [info] > git for-each-ref --sort -committerdate --format %(refname) %(objectname) %(*objectname) [3ms]
2025-03-20 12:21:51.202 [info] > git merge-base refs/heads/main refs/remotes/origin/main [3ms]
2025-03-20 12:21:51.209 [info] > git diff --name-status -z --diff-filter=ADMR d4f70b43029a9c076ba74e695a00dcfb3a919e43...refs/remotes/origin/main [2ms]
2025-03-20 12:21:51.368 [info] > git config --get --local branch.main.github-pr-owner-number [3ms]
2025-03-20 12:21:51.368 [warning] [Git][config] git config failed: Failed to execute git
2025-03-20 12:21:56.211 [info] > git config --get commit.template [5ms]
2025-03-20 12:21:56.215 [info] > git for-each-ref --format=%(refname)%00%(upstream:short)%00%(objectname)%00%(upstream:track)%00%(upstream:remotename)%00%(upstream:remoteref) refs/heads/main refs/remotes/main [4ms]
2025-03-20 12:21:56.219 [warning] [Git][revParse] Unable to read file: ENOENT: no such file or directory, open '/workspace/project/.git/refs/remotes/origin/main'
2025-03-20 12:21:56.221 [info] > git rev-parse refs/remotes/origin/main [2ms]
2025-03-20 12:21:56.232 [info] > git status -z -uall [6ms]
2025-03-20 12:21:56.235 [info] > git for-each-ref --sort -committerdate --format %(refname) %(objectname) %(*objectname) [4ms]
2025-03-20 12:22:42.774 [info] > git config --get commit.template [3ms]
2025-03-20 12:22:42.783 [info] > git for-each-ref --format=%(refname)%00%(upstream:short)%00%(objectname)%00%(upstream:track)%00%(upstream:remotename)%00%(upstream:remoteref) refs/heads/main refs/remotes/main [4ms]
2025-03-20 12:22:42.788 [warning] [Git][revParse] Unable to read file: ENOENT: no such file or directory, open '/workspace/project/.git/refs/remotes/origin/main'
2025-03-20 12:22:42.789 [info] > git rev-parse refs/remotes/origin/main [1ms]
2025-03-20 12:22:42.801 [info] > git status -z -uall [7ms]
2025-03-20 12:22:42.804 [info] > git for-each-ref --sort -committerdate --format %(refname) %(objectname) %(*objectname) [4ms]
2025-03-20 12:22:42.861 [info] > git merge-base refs/heads/main refs/remotes/origin/main [7ms]
2025-03-20 12:22:42.869 [info] > git diff --name-status -z --diff-filter=ADMR d4f70b43029a9c076ba74e695a00dcfb3a919e43...refs/remotes/origin/main [3ms]
2025-03-20 12:22:43.053 [info] > git config --get --local branch.main.github-pr-owner-number [2ms]
2025-03-20 12:22:43.053 [warning] [Git][config] git config failed: Failed to execute git
2025-03-20 12:22:47.875 [info] > git config --get commit.template [6ms]
2025-03-20 12:22:47.878 [info] > git for-each-ref --format=%(refname)%00%(upstream:short)%00%(objectname)%00%(upstream:track)%00%(upstream:remotename)%00%(upstream:remoteref) refs/heads/main refs/remotes/main [4ms]
2025-03-20 12:22:47.883 [warning] [Git][revParse] Unable to read file: ENOENT: no such file or directory, open '/workspace/project/.git/refs/remotes/origin/main'
2025-03-20 12:22:47.885 [info] > git rev-parse refs/remotes/origin/main [2ms]
2025-03-20 12:22:47.895 [info] > git status -z -uall [5ms]
2025-03-20 12:22:47.898 [info] > git for-each-ref --sort -committerdate --format %(refname) %(objectname) %(*objectname) [2ms]
2025-03-20 12:23:36.661 [info] > git config --get commit.template [6ms]
2025-03-20 12:23:36.665 [info] > git for-each-ref --format=%(refname)%00%(upstream:short)%00%(objectname)%00%(upstream:track)%00%(upstream:remotename)%00%(upstream:remoteref) refs/heads/main refs/remotes/main [4ms]
2025-03-20 12:23:36.670 [warning] [Git][revParse] Unable to read file: ENOENT: no such file or directory, open '/workspace/project/.git/refs/remotes/origin/main'
2025-03-20 12:23:36.672 [info] > git rev-parse refs/remotes/origin/main [2ms]
2025-03-20 12:23:36.683 [info] > git status -z -uall [7ms]
2025-03-20 12:23:36.685 [info] > git for-each-ref --sort -committerdate --format %(refname) %(objectname) %(*objectname) [4ms]
2025-03-20 12:23:49.079 [info] > git config --get commit.template [6ms]
2025-03-20 12:23:49.082 [info] > git for-each-ref --format=%(refname)%00%(upstream:short)%00%(objectname)%00%(upstream:track)%00%(upstream:remotename)%00%(upstream:remoteref) refs/heads/main refs/remotes/main [4ms]
2025-03-20 12:23:49.087 [warning] [Git][revParse] Unable to read file: ENOENT: no such file or directory, open '/workspace/project/.git/refs/remotes/origin/main'
2025-03-20 12:23:49.089 [info] > git rev-parse refs/remotes/origin/main [2ms]
2025-03-20 12:23:49.099 [info] > git status -z -uall [6ms]
2025-03-20 12:23:49.102 [info] > git for-each-ref --sort -committerdate --format %(refname) %(objectname) %(*objectname) [3ms]
2025-03-20 12:23:49.117 [info] > git merge-base refs/heads/main refs/remotes/origin/main [3ms]
2025-03-20 12:23:49.125 [info] > git diff --name-status -z --diff-filter=ADMR d4f70b43029a9c076ba74e695a00dcfb3a919e43...refs/remotes/origin/main [3ms]
2025-03-20 12:23:49.391 [info] > git config --get --local branch.main.github-pr-owner-number [2ms]
2025-03-20 12:23:49.391 [warning] [Git][config] git config failed: Failed to execute git
2025-03-20 12:23:54.126 [info] > git config --get commit.template [6ms]
2025-03-20 12:23:54.130 [info] > git for-each-ref --format=%(refname)%00%(upstream:short)%00%(objectname)%00%(upstream:track)%00%(upstream:remotename)%00%(upstream:remoteref) refs/heads/main refs/remotes/main [4ms]
2025-03-20 12:23:54.135 [warning] [Git][revParse] Unable to read file: ENOENT: no such file or directory, open '/workspace/project/.git/refs/remotes/origin/main'
2025-03-20 12:23:54.136 [info] > git rev-parse refs/remotes/origin/main [1ms]
2025-03-20 12:23:54.147 [info] > git status -z -uall [6ms]
2025-03-20 12:23:54.150 [info] > git for-each-ref --sort -committerdate --format %(refname) %(objectname) %(*objectname) [4ms]
2025-03-20 12:24:25.399 [info] > git config --get commit.template [8ms]
2025-03-20 12:24:25.402 [info] > git for-each-ref --format=%(refname)%00%(upstream:short)%00%(objectname)%00%(upstream:track)%00%(upstream:remotename)%00%(upstream:remoteref) refs/heads/main refs/remotes/main [4ms]
2025-03-20 12:24:25.407 [warning] [Git][revParse] Unable to read file: ENOENT: no such file or directory, open '/workspace/project/.git/refs/remotes/origin/main'
2025-03-20 12:24:25.409 [info] > git rev-parse refs/remotes/origin/main [2ms]
2025-03-20 12:24:25.420 [info] > git status -z -uall [5ms]
2025-03-20 12:24:25.422 [info] > git for-each-ref --sort -committerdate --format %(refname) %(objectname) %(*objectname) [3ms]
2025-03-20 12:24:25.437 [info] > git merge-base refs/heads/main refs/remotes/origin/main [4ms]
2025-03-20 12:24:25.445 [info] > git diff --name-status -z --diff-filter=ADMR d4f70b43029a9c076ba74e695a00dcfb3a919e43...refs/remotes/origin/main [2ms]
2025-03-20 12:24:25.603 [info] > git config --get --local branch.main.github-pr-owner-number [2ms]
2025-03-20 12:24:25.603 [warning] [Git][config] git config failed: Failed to execute git
2025-03-20 12:24:30.444 [info] > git config --get commit.template [5ms]
2025-03-20 12:24:30.448 [info] > git for-each-ref --format=%(refname)%00%(upstream:short)%00%(objectname)%00%(upstream:track)%00%(upstream:remotename)%00%(upstream:remoteref) refs/heads/main refs/remotes/main [4ms]
2025-03-20 12:24:30.452 [warning] [Git][revParse] Unable to read file: ENOENT: no such file or directory, open '/workspace/project/.git/refs/remotes/origin/main'
2025-03-20 12:24:30.454 [info] > git rev-parse refs/remotes/origin/main [2ms]
2025-03-20 12:24:30.463 [info] > git status -z -uall [5ms]
2025-03-20 12:24:30.465 [info] > git for-each-ref --sort -committerdate --format %(refname) %(objectname) %(*objectname) [3ms]
2025-03-20 12:24:39.564 [info] > git config --get commit.template [5ms]
2025-03-20 12:24:39.567 [info] > git for-each-ref --format=%(refname)%00%(upstream:short)%00%(objectname)%00%(upstream:track)%00%(upstream:remotename)%00%(upstream:remoteref) refs/heads/main refs/remotes/main [4ms]
2025-03-20 12:24:39.572 [warning] [Git][revParse] Unable to read file: ENOENT: no such file or directory, open '/workspace/project/.git/refs/remotes/origin/main'
2025-03-20 12:24:39.573 [info] > git rev-parse refs/remotes/origin/main [1ms]
2025-03-20 12:24:39.584 [info] > git status -z -uall [6ms]
2025-03-20 12:24:39.586 [info] > git for-each-ref --sort -committerdate --format %(refname) %(objectname) %(*objectname) [3ms]
2025-03-20 12:24:44.605 [info] > git config --get commit.template [6ms]
2025-03-20 12:24:44.609 [info] > git for-each-ref --format=%(refname)%00%(upstream:short)%00%(objectname)%00%(upstream:track)%00%(upstream:remotename)%00%(upstream:remoteref) refs/heads/main refs/remotes/main [4ms]
2025-03-20 12:24:44.615 [warning] [Git][revParse] Unable to read file: ENOENT: no such file or directory, open '/workspace/project/.git/refs/remotes/origin/main'
2025-03-20 12:24:44.616 [info] > git rev-parse refs/remotes/origin/main [1ms]
2025-03-20 12:24:44.627 [info] > git status -z -uall [6ms]
2025-03-20 12:24:44.630 [info] > git for-each-ref --sort -committerdate --format %(refname) %(objectname) %(*objectname) [3ms]
2025-03-20 12:24:50.133 [info] > git config --get commit.template [6ms]
2025-03-20 12:24:50.137 [info] > git for-each-ref --format=%(refname)%00%(upstream:short)%00%(objectname)%00%(upstream:track)%00%(upstream:remotename)%00%(upstream:remoteref) refs/heads/main refs/remotes/main [4ms]
2025-03-20 12:24:50.141 [warning] [Git][revParse] Unable to read file: ENOENT: no such file or directory, open '/workspace/project/.git/refs/remotes/origin/main'
2025-03-20 12:24:50.143 [info] > git rev-parse refs/remotes/origin/main [2ms]
2025-03-20 12:24:50.153 [info] > git status -z -uall [5ms]
2025-03-20 12:24:50.155 [info] > git for-each-ref --sort -committerdate --format %(refname) %(objectname) %(*objectname) [3ms]
2025-03-20 12:24:50.169 [info] > git merge-base refs/heads/main refs/remotes/origin/main [4ms]
2025-03-20 12:24:50.176 [info] > git diff --name-status -z --diff-filter=ADMR d4f70b43029a9c076ba74e695a00dcfb3a919e43...refs/remotes/origin/main [3ms]
2025-03-20 12:24:50.334 [info] > git config --get --local branch.main.github-pr-owner-number [2ms]
2025-03-20 12:24:50.334 [warning] [Git][config] git config failed: Failed to execute git
2025-03-20 12:24:55.177 [info] > git config --get commit.template [5ms]
2025-03-20 12:24:55.181 [info] > git for-each-ref --format=%(refname)%00%(upstream:short)%00%(objectname)%00%(upstream:track)%00%(upstream:remotename)%00%(upstream:remoteref) refs/heads/main refs/remotes/main [4ms]
2025-03-20 12:24:55.185 [warning] [Git][revParse] Unable to read file: ENOENT: no such file or directory, open '/workspace/project/.git/refs/remotes/origin/main'
2025-03-20 12:24:55.187 [info] > git rev-parse refs/remotes/origin/main [2ms]
2025-03-20 12:24:55.197 [info] > git status -z -uall [6ms]
2025-03-20 12:24:55.199 [info] > git for-each-ref --sort -committerdate --format %(refname) %(objectname) %(*objectname) [3ms]
2025-03-20 12:24:55.211 [info] > git merge-base refs/heads/main refs/remotes/origin/main [4ms]
2025-03-20 12:24:55.218 [info] > git diff --name-status -z --diff-filter=ADMR d4f70b43029a9c076ba74e695a00dcfb3a919e43...refs/remotes/origin/main [3ms]
2025-03-20 12:24:55.377 [info] > git config --get --local branch.main.github-pr-owner-number [2ms]
2025-03-20 12:24:55.378 [warning] [Git][config] git config failed: Failed to execute git
2025-03-20 12:25:00.221 [info] > git config --get commit.template [6ms]
2025-03-20 12:25:00.225 [info] > git for-each-ref --format=%(refname)%00%(upstream:short)%00%(objectname)%00%(upstream:track)%00%(upstream:remotename)%00%(upstream:remoteref) refs/heads/main refs/remotes/main [4ms]
2025-03-20 12:25:00.230 [warning] [Git][revParse] Unable to read file: ENOENT: no such file or directory, open '/workspace/project/.git/refs/remotes/origin/main'
2025-03-20 12:25:00.231 [info] > git rev-parse refs/remotes/origin/main [1ms]
2025-03-20 12:25:00.242 [info] > git status -z -uall [6ms]
2025-03-20 12:25:00.245 [info] > git for-each-ref --sort -committerdate --format %(refname) %(objectname) %(*objectname) [4ms]
2025-03-20 12:25:00.260 [info] > git merge-base refs/heads/main refs/remotes/origin/main [3ms]
2025-03-20 12:25:00.268 [info] > git diff --name-status -z --diff-filter=ADMR d4f70b43029a9c076ba74e695a00dcfb3a919e43...refs/remotes/origin/main [3ms]
2025-03-20 12:25:00.472 [info] > git config --get --local branch.main.github-pr-owner-number [1ms]
2025-03-20 12:25:00.472 [warning] [Git][config] git config failed: Failed to execute git
2025-03-20 12:25:11.643 [info] > git config --get commit.template [6ms]
2025-03-20 12:25:11.650 [info] > git for-each-ref --format=%(refname)%00%(upstream:short)%00%(objectname)%00%(upstream:track)%00%(upstream:remotename)%00%(upstream:remoteref) refs/heads/main refs/remotes/main [7ms]
2025-03-20 12:25:11.654 [warning] [Git][revParse] Unable to read file: ENOENT: no such file or directory, open '/workspace/project/.git/refs/remotes/origin/main'
2025-03-20 12:25:11.658 [info] > git rev-parse refs/remotes/origin/main [4ms]
2025-03-20 12:25:11.668 [info] > git status -z -uall [6ms]
2025-03-20 12:25:11.672 [info] > git for-each-ref --sort -committerdate --format %(refname) %(objectname) %(*objectname) [5ms]
2025-03-20 12:25:16.688 [info] > git config --get commit.template [5ms]
2025-03-20 12:25:16.692 [info] > git for-each-ref --format=%(refname)%00%(upstream:short)%00%(objectname)%00%(upstream:track)%00%(upstream:remotename)%00%(upstream:remoteref) refs/heads/main refs/remotes/main [4ms]
2025-03-20 12:25:16.696 [warning] [Git][revParse] Unable to read file: ENOENT: no such file or directory, open '/workspace/project/.git/refs/remotes/origin/main'
2025-03-20 12:25:16.698 [info] > git rev-parse refs/remotes/origin/main [2ms]
2025-03-20 12:25:16.707 [info] > git status -z -uall [5ms]
2025-03-20 12:25:16.711 [info] > git for-each-ref --sort -committerdate --format %(refname) %(objectname) %(*objectname) [3ms]
2025-03-20 12:25:16.724 [info] > git merge-base refs/heads/main refs/remotes/origin/main [4ms]
2025-03-20 12:25:16.731 [info] > git diff --name-status -z --diff-filter=ADMR d4f70b43029a9c076ba74e695a00dcfb3a919e43...refs/remotes/origin/main [2ms]
2025-03-20 12:25:16.888 [info] > git config --get --local branch.main.github-pr-owner-number [2ms]
2025-03-20 12:25:16.888 [warning] [Git][config] git config failed: Failed to execute git
2025-03-20 12:27:23.217 [info] > git config --get commit.template [5ms]
2025-03-20 12:27:23.221 [info] > git for-each-ref --format=%(refname)%00%(upstream:short)%00%(objectname)%00%(upstream:track)%00%(upstream:remotename)%00%(upstream:remoteref) refs/heads/main refs/remotes/main [5ms]
2025-03-20 12:27:23.225 [warning] [Git][revParse] Unable to read file: ENOENT: no such file or directory, open '/workspace/project/.git/refs/remotes/origin/main'
2025-03-20 12:27:23.227 [info] > git rev-parse refs/remotes/origin/main [2ms]
2025-03-20 12:27:23.236 [info] > git status -z -uall [5ms]
2025-03-20 12:27:23.238 [info] > git for-each-ref --sort -committerdate --format %(refname) %(objectname) %(*objectname) [3ms]
2025-03-20 12:27:28.255 [info] > git config --get commit.template [6ms]
2025-03-20 12:27:28.259 [info] > git for-each-ref --format=%(refname)%00%(upstream:short)%00%(objectname)%00%(upstream:track)%00%(upstream:remotename)%00%(upstream:remoteref) refs/heads/main refs/remotes/main [5ms]
2025-03-20 12:27:28.263 [warning] [Git][revParse] Unable to read file: ENOENT: no such file or directory, open '/workspace/project/.git/refs/remotes/origin/main'
2025-03-20 12:27:28.264 [info] > git rev-parse refs/remotes/origin/main [1ms]
2025-03-20 12:27:28.275 [info] > git status -z -uall [6ms]
2025-03-20 12:27:28.278 [info] > git for-each-ref --sort -committerdate --format %(refname) %(objectname) %(*objectname) [4ms]
2025-03-20 12:27:33.295 [info] > git config --get commit.template [7ms]
2025-03-20 12:27:33.298 [info] > git for-each-ref --format=%(refname)%00%(upstream:short)%00%(objectname)%00%(upstream:track)%00%(upstream:remotename)%00%(upstream:remoteref) refs/heads/main refs/remotes/main [4ms]
2025-03-20 12:27:33.303 [warning] [Git][revParse] Unable to read file: ENOENT: no such file or directory, open '/workspace/project/.git/refs/remotes/origin/main'
2025-03-20 12:27:33.305 [info] > git rev-parse refs/remotes/origin/main [2ms]
2025-03-20 12:27:33.314 [info] > git status -z -uall [5ms]
2025-03-20 12:27:33.317 [info] > git for-each-ref --sort -committerdate --format %(refname) %(objectname) %(*objectname) [3ms]
2025-03-20 12:27:38.336 [info] > git config --get commit.template [8ms]
2025-03-20 12:27:38.339 [info] > git for-each-ref --format=%(refname)%00%(upstream:short)%00%(objectname)%00%(upstream:track)%00%(upstream:remotename)%00%(upstream:remoteref) refs/heads/main refs/remotes/main [5ms]
2025-03-20 12:27:38.345 [warning] [Git][revParse] Unable to read file: ENOENT: no such file or directory, open '/workspace/project/.git/refs/remotes/origin/main'
2025-03-20 12:27:38.347 [info] > git rev-parse refs/remotes/origin/main [2ms]
2025-03-20 12:27:38.360 [info] > git status -z -uall [7ms]
2025-03-20 12:27:38.363 [info] > git for-each-ref --sort -committerdate --format %(refname) %(objectname) %(*objectname) [4ms]
2025-03-20 12:27:43.380 [info] > git config --get commit.template [6ms]
2025-03-20 12:27:43.384 [info] > git for-each-ref --format=%(refname)%00%(upstream:short)%00%(objectname)%00%(upstream:track)%00%(upstream:remotename)%00%(upstream:remoteref) refs/heads/main refs/remotes/main [5ms]
2025-03-20 12:27:43.390 [warning] [Git][revParse] Unable to read file: ENOENT: no such file or directory, open '/workspace/project/.git/refs/remotes/origin/main'
2025-03-20 12:27:43.392 [info] > git rev-parse refs/remotes/origin/main [2ms]
2025-03-20 12:27:43.402 [info] > git status -z -uall [5ms]
2025-03-20 12:27:43.405 [info] > git for-each-ref --sort -committerdate --format %(refname) %(objectname) %(*objectname) [3ms]
2025-03-20 12:27:48.422 [info] > git config --get commit.template [6ms]
2025-03-20 12:27:48.425 [info] > git for-each-ref --format=%(refname)%00%(upstream:short)%00%(objectname)%00%(upstream:track)%00%(upstream:remotename)%00%(upstream:remoteref) refs/heads/main refs/remotes/main [4ms]
2025-03-20 12:27:48.430 [warning] [Git][revParse] Unable to read file: ENOENT: no such file or directory, open '/workspace/project/.git/refs/remotes/origin/main'
2025-03-20 12:27:48.432 [info] > git rev-parse refs/remotes/origin/main [2ms]
2025-03-20 12:27:48.442 [info] > git status -z -uall [6ms]
2025-03-20 12:27:48.445 [info] > git for-each-ref --sort -committerdate --format %(refname) %(objectname) %(*objectname) [3ms]
2025-03-20 12:27:53.462 [info] > git config --get commit.template [6ms]
2025-03-20 12:27:53.466 [info] > git for-each-ref --format=%(refname)%00%(upstream:short)%00%(objectname)%00%(upstream:track)%00%(upstream:remotename)%00%(upstream:remoteref) refs/heads/main refs/remotes/main [4ms]
2025-03-20 12:27:53.470 [warning] [Git][revParse] Unable to read file: ENOENT: no such file or directory, open '/workspace/project/.git/refs/remotes/origin/main'
2025-03-20 12:27:53.471 [info] > git rev-parse refs/remotes/origin/main [1ms]
2025-03-20 12:27:53.480 [info] > git status -z -uall [4ms]
2025-03-20 12:27:53.483 [info] > git for-each-ref --sort -committerdate --format %(refname) %(objectname) %(*objectname) [3ms]
2025-03-20 12:27:58.503 [info] > git config --get commit.template [8ms]
2025-03-20 12:27:58.506 [info] > git for-each-ref --format=%(refname)%00%(upstream:short)%00%(objectname)%00%(upstream:track)%00%(upstream:remotename)%00%(upstream:remoteref) refs/heads/main refs/remotes/main [4ms]
2025-03-20 12:27:58.513 [warning] [Git][revParse] Unable to read file: ENOENT: no such file or directory, open '/workspace/project/.git/refs/remotes/origin/main'
2025-03-20 12:27:58.514 [info] > git rev-parse refs/remotes/origin/main [2ms]
2025-03-20 12:27:58.528 [info] > git status -z -uall [7ms]
2025-03-20 12:27:58.531 [info] > git for-each-ref --sort -committerdate --format %(refname) %(objectname) %(*objectname) [3ms]
2025-03-20 12:28:03.551 [info] > git config --get commit.template [7ms]
2025-03-20 12:28:03.554 [info] > git for-each-ref --format=%(refname)%00%(upstream:short)%00%(objectname)%00%(upstream:track)%00%(upstream:remotename)%00%(upstream:remoteref) refs/heads/main refs/remotes/main [4ms]
2025-03-20 12:28:03.559 [warning] [Git][revParse] Unable to read file: ENOENT: no such file or directory, open '/workspace/project/.git/refs/remotes/origin/main'
2025-03-20 12:28:03.560 [info] > git rev-parse refs/remotes/origin/main [1ms]
2025-03-20 12:28:03.572 [info] > git status -z -uall [6ms]
2025-03-20 12:28:03.575 [info] > git for-each-ref --sort -committerdate --format %(refname) %(objectname) %(*objectname) [3ms]
2025-03-20 12:28:08.592 [info] > git config --get commit.template [6ms]
2025-03-20 12:28:08.596 [info] > git for-each-ref --format=%(refname)%00%(upstream:short)%00%(objectname)%00%(upstream:track)%00%(upstream:remotename)%00%(upstream:remoteref) refs/heads/main refs/remotes/main [5ms]
2025-03-20 12:28:08.600 [warning] [Git][revParse] Unable to read file: ENOENT: no such file or directory, open '/workspace/project/.git/refs/remotes/origin/main'
2025-03-20 12:28:08.602 [info] > git rev-parse refs/remotes/origin/main [2ms]
2025-03-20 12:28:08.613 [info] > git status -z -uall [6ms]
2025-03-20 12:28:08.615 [info] > git for-each-ref --sort -committerdate --format %(refname) %(objectname) %(*objectname) [3ms]
2025-03-20 12:28:17.776 [info] > git config --get commit.template [5ms]
2025-03-20 12:28:17.780 [info] > git for-each-ref --format=%(refname)%00%(upstream:short)%00%(objectname)%00%(upstream:track)%00%(upstream:remotename)%00%(upstream:remoteref) refs/heads/main refs/remotes/main [4ms]
2025-03-20 12:28:17.784 [warning] [Git][revParse] Unable to read file: ENOENT: no such file or directory, open '/workspace/project/.git/refs/remotes/origin/main'
2025-03-20 12:28:17.786 [info] > git rev-parse refs/remotes/origin/main [2ms]
2025-03-20 12:28:17.796 [info] > git status -z -uall [6ms]
2025-03-20 12:28:17.798 [info] > git for-each-ref --sort -committerdate --format %(refname) %(objectname) %(*objectname) [3ms]
2025-03-20 12:42:19.512 [info] > git config --get commit.template [6ms]
2025-03-20 12:42:19.515 [info] > git for-each-ref --format=%(refname)%00%(upstream:short)%00%(objectname)%00%(upstream:track)%00%(upstream:remotename)%00%(upstream:remoteref) refs/heads/main refs/remotes/main [4ms]
2025-03-20 12:42:19.519 [warning] [Git][revParse] Unable to read file: ENOENT: no such file or directory, open '/workspace/project/.git/refs/remotes/origin/main'
2025-03-20 12:42:19.520 [info] > git rev-parse refs/remotes/origin/main [1ms]
2025-03-20 12:42:19.530 [info] > git status -z -uall [6ms]
2025-03-20 12:42:19.532 [info] > git for-each-ref --sort -committerdate --format %(refname) %(objectname) %(*objectname) [3ms]
2025-03-20 12:42:19.546 [info] > git merge-base refs/heads/main refs/remotes/origin/main [4ms]
2025-03-20 12:42:19.554 [info] > git diff --name-status -z --diff-filter=ADMR d4f70b43029a9c076ba74e695a00dcfb3a919e43...refs/remotes/origin/main [3ms]
2025-03-20 12:42:19.769 [info] > git config --get --local branch.main.github-pr-owner-number [1ms]
2025-03-20 12:42:19.769 [warning] [Git][config] git config failed: Failed to execute git
2025-03-20 12:42:24.553 [info] > git config --get commit.template [5ms]
2025-03-20 12:42:24.556 [info] > git for-each-ref --format=%(refname)%00%(upstream:short)%00%(objectname)%00%(upstream:track)%00%(upstream:remotename)%00%(upstream:remoteref) refs/heads/main refs/remotes/main [4ms]
2025-03-20 12:42:24.562 [warning] [Git][revParse] Unable to read file: ENOENT: no such file or directory, open '/workspace/project/.git/refs/remotes/origin/main'
2025-03-20 12:42:24.564 [info] > git rev-parse refs/remotes/origin/main [2ms]
2025-03-20 12:42:24.573 [info] > git status -z -uall [5ms]
2025-03-20 12:42:24.576 [info] > git for-each-ref --sort -committerdate --format %(refname) %(objectname) %(*objectname) [3ms]
2025-03-20 12:42:24.590 [info] > git merge-base refs/heads/main refs/remotes/origin/main [4ms]
2025-03-20 12:42:24.596 [info] > git diff --name-status -z --diff-filter=ADMR d4f70b43029a9c076ba74e695a00dcfb3a919e43...refs/remotes/origin/main [2ms]
2025-03-20 12:42:24.763 [info] > git config --get --local branch.main.github-pr-owner-number [2ms]
2025-03-20 12:42:24.763 [warning] [Git][config] git config failed: Failed to execute git
2025-03-20 12:42:29.598 [info] > git config --get commit.template [5ms]
2025-03-20 12:42:29.602 [info] > git for-each-ref --format=%(refname)%00%(upstream:short)%00%(objectname)%00%(upstream:track)%00%(upstream:remotename)%00%(upstream:remoteref) refs/heads/main refs/remotes/main [4ms]
2025-03-20 12:42:29.606 [warning] [Git][revParse] Unable to read file: ENOENT: no such file or directory, open '/workspace/project/.git/refs/remotes/origin/main'
2025-03-20 12:42:29.607 [info] > git rev-parse refs/remotes/origin/main [1ms]
2025-03-20 12:42:29.615 [info] > git status -z -uall [4ms]
2025-03-20 12:42:29.618 [info] > git for-each-ref --sort -committerdate --format %(refname) %(objectname) %(*objectname) [3ms]
2025-03-20 12:44:22.919 [info] > git config --get commit.template [6ms]
2025-03-20 12:44:22.923 [info] > git for-each-ref --format=%(refname)%00%(upstream:short)%00%(objectname)%00%(upstream:track)%00%(upstream:remotename)%00%(upstream:remoteref) refs/heads/main refs/remotes/main [4ms]
2025-03-20 12:44:22.927 [warning] [Git][revParse] Unable to read file: ENOENT: no such file or directory, open '/workspace/project/.git/refs/remotes/origin/main'
2025-03-20 12:44:22.929 [info] > git rev-parse refs/remotes/origin/main [2ms]
2025-03-20 12:44:22.939 [info] > git status -z -uall [5ms]
2025-03-20 12:44:22.941 [info] > git for-each-ref --sort -committerdate --format %(refname) %(objectname) %(*objectname) [3ms]
2025-03-20 12:44:32.345 [info] > git config --get commit.template [5ms]
2025-03-20 12:44:32.348 [info] > git for-each-ref --format=%(refname)%00%(upstream:short)%00%(objectname)%00%(upstream:track)%00%(upstream:remotename)%00%(upstream:remoteref) refs/heads/main refs/remotes/main [4ms]
2025-03-20 12:44:32.353 [warning] [Git][revParse] Unable to read file: ENOENT: no such file or directory, open '/workspace/project/.git/refs/remotes/origin/main'
2025-03-20 12:44:32.355 [info] > git rev-parse refs/remotes/origin/main [1ms]
2025-03-20 12:44:32.366 [info] > git status -z -uall [7ms]
2025-03-20 12:44:32.369 [info] > git for-each-ref --sort -committerdate --format %(refname) %(objectname) %(*objectname) [3ms]
2025-03-20 12:44:57.646 [info] > git config --get commit.template [8ms]
2025-03-20 12:44:57.651 [info] > git for-each-ref --format=%(refname)%00%(upstream:short)%00%(objectname)%00%(upstream:track)%00%(upstream:remotename)%00%(upstream:remoteref) refs/heads/main refs/remotes/main [6ms]
2025-03-20 12:44:57.658 [warning] [Git][revParse] Unable to read file: ENOENT: no such file or directory, open '/workspace/project/.git/refs/remotes/origin/main'
2025-03-20 12:44:57.661 [info] > git rev-parse refs/remotes/origin/main [3ms]
2025-03-20 12:44:57.674 [info] > git status -z -uall [7ms]
2025-03-20 12:44:57.678 [info] > git for-each-ref --sort -committerdate --format %(refname) %(objectname) %(*objectname) [5ms]
2025-03-20 12:45:02.970 [info] > git config --get commit.template [8ms]
2025-03-20 12:45:02.974 [info] > git for-each-ref --format=%(refname)%00%(upstream:short)%00%(objectname)%00%(upstream:track)%00%(upstream:remotename)%00%(upstream:remoteref) refs/heads/main refs/remotes/main [6ms]
2025-03-20 12:45:02.980 [warning] [Git][revParse] Unable to read file: ENOENT: no such file or directory, open '/workspace/project/.git/refs/remotes/origin/main'
2025-03-20 12:45:02.982 [info] > git rev-parse refs/remotes/origin/main [2ms]
2025-03-20 12:45:02.997 [info] > git status -z -uall [8ms]
2025-03-20 12:45:03.001 [info] > git for-each-ref --sort -committerdate --format %(refname) %(objectname) %(*objectname) [5ms]
2025-03-20 12:45:08.631 [info] > git config --get commit.template [7ms]
2025-03-20 12:45:08.636 [info] > git for-each-ref --format=%(refname)%00%(upstream:short)%00%(objectname)%00%(upstream:track)%00%(upstream:remotename)%00%(upstream:remoteref) refs/heads/main refs/remotes/main [5ms]
2025-03-20 12:45:08.644 [warning] [Git][revParse] Unable to read file: ENOENT: no such file or directory, open '/workspace/project/.git/refs/remotes/origin/main'
2025-03-20 12:45:08.646 [info] > git rev-parse refs/remotes/origin/main [2ms]
2025-03-20 12:45:08.661 [info] > git status -z -uall [8ms]
2025-03-20 12:45:08.665 [info] > git for-each-ref --sort -committerdate --format %(refname) %(objectname) %(*objectname) [4ms]
2025-03-20 12:45:54.577 [info] > git config --get commit.template [5ms]
2025-03-20 12:45:54.580 [info] > git for-each-ref --format=%(refname)%00%(upstream:short)%00%(objectname)%00%(upstream:track)%00%(upstream:remotename)%00%(upstream:remoteref) refs/heads/main refs/remotes/main [3ms]
2025-03-20 12:45:54.585 [warning] [Git][revParse] Unable to read file: ENOENT: no such file or directory, open '/workspace/project/.git/refs/remotes/origin/main'
2025-03-20 12:45:54.586 [info] > git rev-parse refs/remotes/origin/main [1ms]
2025-03-20 12:45:54.594 [info] > git status -z -uall [4ms]
2025-03-20 12:45:54.597 [info] > git for-each-ref --sort -committerdate --format %(refname) %(objectname) %(*objectname) [3ms]
2025-03-20 12:46:22.422 [info] > git config --get commit.template [5ms]
2025-03-20 12:46:22.426 [info] > git for-each-ref --format=%(refname)%00%(upstream:short)%00%(objectname)%00%(upstream:track)%00%(upstream:remotename)%00%(upstream:remoteref) refs/heads/main refs/remotes/main [4ms]
2025-03-20 12:46:22.430 [warning] [Git][revParse] Unable to read file: ENOENT: no such file or directory, open '/workspace/project/.git/refs/remotes/origin/main'
2025-03-20 12:46:22.432 [info] > git rev-parse refs/remotes/origin/main [2ms]
2025-03-20 12:46:22.442 [info] > git status -z -uall [6ms]
2025-03-20 12:46:22.444 [info] > git for-each-ref --sort -committerdate --format %(refname) %(objectname) %(*objectname) [3ms]
2025-03-20 12:46:27.460 [info] > git config --get commit.template [6ms]
2025-03-20 12:46:27.463 [info] > git for-each-ref --format=%(refname)%00%(upstream:short)%00%(objectname)%00%(upstream:track)%00%(upstream:remotename)%00%(upstream:remoteref) refs/heads/main refs/remotes/main [4ms]
2025-03-20 12:46:27.468 [warning] [Git][revParse] Unable to read file: ENOENT: no such file or directory, open '/workspace/project/.git/refs/remotes/origin/main'
2025-03-20 12:46:27.470 [info] > git rev-parse refs/remotes/origin/main [2ms]
2025-03-20 12:46:27.480 [info] > git status -z -uall [6ms]
2025-03-20 12:46:27.482 [info] > git for-each-ref --sort -committerdate --format %(refname) %(objectname) %(*objectname) [3ms]
2025-03-20 12:46:32.498 [info] > git config --get commit.template [6ms]
2025-03-20 12:46:32.502 [info] > git for-each-ref --format=%(refname)%00%(upstream:short)%00%(objectname)%00%(upstream:track)%00%(upstream:remotename)%00%(upstream:remoteref) refs/heads/main refs/remotes/main [4ms]
2025-03-20 12:46:32.506 [warning] [Git][revParse] Unable to read file: ENOENT: no such file or directory, open '/workspace/project/.git/refs/remotes/origin/main'
2025-03-20 12:46:32.507 [info] > git rev-parse refs/remotes/origin/main [1ms]
2025-03-20 12:46:32.518 [info] > git status -z -uall [6ms]
2025-03-20 12:46:32.520 [info] > git for-each-ref --sort -committerdate --format %(refname) %(objectname) %(*objectname) [3ms]
2025-03-20 12:46:37.536 [info] > git config --get commit.template [6ms]
2025-03-20 12:46:37.539 [info] > git for-each-ref --format=%(refname)%00%(upstream:short)%00%(objectname)%00%(upstream:track)%00%(upstream:remotename)%00%(upstream:remoteref) refs/heads/main refs/remotes/main [4ms]
2025-03-20 12:46:37.543 [warning] [Git][revParse] Unable to read file: ENOENT: no such file or directory, open '/workspace/project/.git/refs/remotes/origin/main'
2025-03-20 12:46:37.545 [info] > git rev-parse refs/remotes/origin/main [2ms]
2025-03-20 12:46:37.554 [info] > git status -z -uall [5ms]
2025-03-20 12:46:37.556 [info] > git for-each-ref --sort -committerdate --format %(refname) %(objectname) %(*objectname) [3ms]
2025-03-20 12:46:44.192 [info] > git config --get commit.template [5ms]
2025-03-20 12:46:44.195 [info] > git for-each-ref --format=%(refname)%00%(upstream:short)%00%(objectname)%00%(upstream:track)%00%(upstream:remotename)%00%(upstream:remoteref) refs/heads/main refs/remotes/main [4ms]
2025-03-20 12:46:44.200 [warning] [Git][revParse] Unable to read file: ENOENT: no such file or directory, open '/workspace/project/.git/refs/remotes/origin/main'
2025-03-20 12:46:44.201 [info] > git rev-parse refs/remotes/origin/main [2ms]
2025-03-20 12:46:44.211 [info] > git status -z -uall [6ms]
2025-03-20 12:46:44.212 [info] > git for-each-ref --sort -committerdate --format %(refname) %(objectname) %(*objectname) [2ms]
2025-03-20 12:46:49.227 [info] > git config --get commit.template [5ms]
2025-03-20 12:46:49.230 [info] > git for-each-ref --format=%(refname)%00%(upstream:short)%00%(objectname)%00%(upstream:track)%00%(upstream:remotename)%00%(upstream:remoteref) refs/heads/main refs/remotes/main [4ms]
2025-03-20 12:46:49.234 [warning] [Git][revParse] Unable to read file: ENOENT: no such file or directory, open '/workspace/project/.git/refs/remotes/origin/main'
2025-03-20 12:46:49.236 [info] > git rev-parse refs/remotes/origin/main [2ms]
2025-03-20 12:46:49.244 [info] > git status -z -uall [4ms]
2025-03-20 12:46:49.247 [info] > git for-each-ref --sort -committerdate --format %(refname) %(objectname) %(*objectname) [3ms]
2025-03-20 12:46:54.577 [info] > git config --get commit.template [5ms]
2025-03-20 12:46:54.581 [info] > git for-each-ref --format=%(refname)%00%(upstream:short)%00%(objectname)%00%(upstream:track)%00%(upstream:remotename)%00%(upstream:remoteref) refs/heads/main refs/remotes/main [4ms]
2025-03-20 12:46:54.586 [warning] [Git][revParse] Unable to read file: ENOENT: no such file or directory, open '/workspace/project/.git/refs/remotes/origin/main'
2025-03-20 12:46:54.588 [info] > git rev-parse refs/remotes/origin/main [2ms]
2025-03-20 12:46:54.597 [info] > git status -z -uall [5ms]
2025-03-20 12:46:54.600 [info] > git for-each-ref --sort -committerdate --format %(refname) %(objectname) %(*objectname) [3ms]
2025-03-20 12:46:59.617 [info] > git config --get commit.template [5ms]
2025-03-20 12:46:59.621 [info] > git for-each-ref --format=%(refname)%00%(upstream:short)%00%(objectname)%00%(upstream:track)%00%(upstream:remotename)%00%(upstream:remoteref) refs/heads/main refs/remotes/main [4ms]
2025-03-20 12:46:59.625 [warning] [Git][revParse] Unable to read file: ENOENT: no such file or directory, open '/workspace/project/.git/refs/remotes/origin/main'
2025-03-20 12:46:59.626 [info] > git rev-parse refs/remotes/origin/main [1ms]
2025-03-20 12:46:59.635 [info] > git status -z -uall [5ms]
2025-03-20 12:46:59.637 [info] > git for-each-ref --sort -committerdate --format %(refname) %(objectname) %(*objectname) [3ms]
2025-03-20 12:46:59.650 [info] > git merge-base refs/heads/main refs/remotes/origin/main [4ms]
2025-03-20 12:46:59.656 [info] > git diff --name-status -z --diff-filter=ADMR d4f70b43029a9c076ba74e695a00dcfb3a919e43...refs/remotes/origin/main [2ms]
2025-03-20 12:46:59.870 [info] > git config --get --local branch.main.github-pr-owner-number [1ms]
2025-03-20 12:46:59.870 [warning] [Git][config] git config failed: Failed to execute git
2025-03-20 12:47:11.677 [info] > git config --get commit.template [6ms]
2025-03-20 12:47:11.681 [info] > git for-each-ref --format=%(refname)%00%(upstream:short)%00%(objectname)%00%(upstream:track)%00%(upstream:remotename)%00%(upstream:remoteref) refs/heads/main refs/remotes/main [4ms]
2025-03-20 12:47:11.685 [warning] [Git][revParse] Unable to read file: ENOENT: no such file or directory, open '/workspace/project/.git/refs/remotes/origin/main'
2025-03-20 12:47:11.686 [info] > git rev-parse refs/remotes/origin/main [1ms]
2025-03-20 12:47:11.695 [info] > git status -z -uall [5ms]
2025-03-20 12:47:11.698 [info] > git for-each-ref --sort -committerdate --format %(refname) %(objectname) %(*objectname) [3ms]
2025-03-20 12:47:11.712 [info] > git merge-base refs/heads/main refs/remotes/origin/main [4ms]
2025-03-20 12:47:11.719 [info] > git diff --name-status -z --diff-filter=ADMR d4f70b43029a9c076ba74e695a00dcfb3a919e43...refs/remotes/origin/main [2ms]
2025-03-20 12:47:11.876 [info] > git config --get --local branch.main.github-pr-owner-number [1ms]
2025-03-20 12:47:11.876 [warning] [Git][config] git config failed: Failed to execute git
2025-03-20 12:47:16.719 [info] > git config --get commit.template [6ms]
2025-03-20 12:47:16.723 [info] > git for-each-ref --format=%(refname)%00%(upstream:short)%00%(objectname)%00%(upstream:track)%00%(upstream:remotename)%00%(upstream:remoteref) refs/heads/main refs/remotes/main [4ms]
2025-03-20 12:47:16.727 [warning] [Git][revParse] Unable to read file: ENOENT: no such file or directory, open '/workspace/project/.git/refs/remotes/origin/main'
2025-03-20 12:47:16.728 [info] > git rev-parse refs/remotes/origin/main [1ms]
2025-03-20 12:47:16.737 [info] > git status -z -uall [5ms]
2025-03-20 12:47:16.739 [info] > git for-each-ref --sort -committerdate --format %(refname) %(objectname) %(*objectname) [3ms]
2025-03-20 12:47:16.752 [info] > git merge-base refs/heads/main refs/remotes/origin/main [4ms]
2025-03-20 12:47:16.758 [info] > git diff --name-status -z --diff-filter=ADMR d4f70b43029a9c076ba74e695a00dcfb3a919e43...refs/remotes/origin/main [2ms]
2025-03-20 12:47:16.918 [info] > git config --get --local branch.main.github-pr-owner-number [1ms]
2025-03-20 12:47:16.918 [warning] [Git][config] git config failed: Failed to execute git
2025-03-20 12:47:21.759 [info] > git config --get commit.template [5ms]
2025-03-20 12:47:21.763 [info] > git for-each-ref --format=%(refname)%00%(upstream:short)%00%(objectname)%00%(upstream:track)%00%(upstream:remotename)%00%(upstream:remoteref) refs/heads/main refs/remotes/main [4ms]
2025-03-20 12:47:21.766 [warning] [Git][revParse] Unable to read file: ENOENT: no such file or directory, open '/workspace/project/.git/refs/remotes/origin/main'
2025-03-20 12:47:21.769 [info] > git rev-parse refs/remotes/origin/main [3ms]
2025-03-20 12:47:21.777 [info] > git status -z -uall [4ms]
2025-03-20 12:47:21.780 [info] > git for-each-ref --sort -committerdate --format %(refname) %(objectname) %(*objectname) [3ms]
2025-03-20 12:47:26.795 [info] > git config --get commit.template [5ms]
2025-03-20 12:47:26.799 [info] > git for-each-ref --format=%(refname)%00%(upstream:short)%00%(objectname)%00%(upstream:track)%00%(upstream:remotename)%00%(upstream:remoteref) refs/heads/main refs/remotes/main [4ms]
2025-03-20 12:47:26.803 [warning] [Git][revParse] Unable to read file: ENOENT: no such file or directory, open '/workspace/project/.git/refs/remotes/origin/main'
2025-03-20 12:47:26.805 [info] > git rev-parse refs/remotes/origin/main [2ms]
2025-03-20 12:47:26.814 [info] > git status -z -uall [5ms]
2025-03-20 12:47:26.817 [info] > git for-each-ref --sort -committerdate --format %(refname) %(objectname) %(*objectname) [3ms]
2025-03-20 12:47:26.830 [info] > git merge-base refs/heads/main refs/remotes/origin/main [4ms]
2025-03-20 12:47:26.836 [info] > git diff --name-status -z --diff-filter=ADMR d4f70b43029a9c076ba74e695a00dcfb3a919e43...refs/remotes/origin/main [2ms]
2025-03-20 12:47:27.060 [info] > git config --get --local branch.main.github-pr-owner-number [1ms]
2025-03-20 12:47:27.060 [warning] [Git][config] git config failed: Failed to execute git
2025-03-20 12:47:31.837 [info] > git config --get commit.template [5ms]
2025-03-20 12:47:31.841 [info] > git for-each-ref --format=%(refname)%00%(upstream:short)%00%(objectname)%00%(upstream:track)%00%(upstream:remotename)%00%(upstream:remoteref) refs/heads/main refs/remotes/main [4ms]
2025-03-20 12:47:31.847 [warning] [Git][revParse] Unable to read file: ENOENT: no such file or directory, open '/workspace/project/.git/refs/remotes/origin/main'
2025-03-20 12:47:31.851 [info] > git rev-parse refs/remotes/origin/main [4ms]
2025-03-20 12:47:31.866 [info] > git status -z -uall [8ms]
2025-03-20 12:47:31.871 [info] > git for-each-ref --sort -committerdate --format %(refname) %(objectname) %(*objectname) [6ms]
