coderoad v0.19.4
STATE: "Setup.Startup"
ROUTE: "Setup.Startup": On level unknown, step unknown
EDITOR_STARTUP
Continuing tutorial from progress: level 360 step 360.1
LOAD_STORED_TUTORIAL
EDITOR_TUTORIAL_CONTINUE_CONFIG
Tutorial: Learn SQL by Building a Student Database: Part 1 (3.0.0)
Command: ./.freeCodeCamp/reset.sh
COMMAND_START
Calling command: ./.freeCodeCamp/reset.sh
EDITOR_LEVEL_ENTER
EDITOR_STEP_ENTER
STATE: "Tutorial.Level.Load"
ROUTE: "Tutorial.Level.Load": On level 360, step 360.1
STATE: "Tutorial.Level.Normal"
ROUTE: "Tutorial.Level.Normal": On level 360, step 360.1
Calling command: git log -n 1 --pretty=format:%s df311edf557bac3cc5e5387da58faa05924347b4
Calling command: git log -g --grep='360.1'
------------------- RUN TEST -------------------
START_TEST
COMMAND: npm run programmatic-test --reporter=mocha-tap-reporter
Calling command: npm run programmatic-test --reporter=mocha-tap-reporter
STATE: "Tutorial.Level.Normal"
ROUTE: "Tutorial.Level.Normal": On level 360, step 360.1
STATE: "Tutorial.Level.TestRunning"
ROUTE: "Tutorial.Level.TestRunning": On level 360, step 360.1
------------------- RUN TEST -------------------
START_TEST
COMMAND: npm run programmatic-test --reporter=mocha-tap-reporter
Calling command: npm run programmatic-test --reporter=mocha-tap-reporter
------------------- RUN TEST -------------------
START_TEST
COMMAND: npm run programmatic-test --reporter=mocha-tap-reporter
Calling command: npm run programmatic-test --reporter=mocha-tap-reporter
---------------- TEST RESULTS -----------------
TEST_FAIL
------------------- RUN TEST -------------------
START_TEST
COMMAND: npm run programmatic-test --reporter=mocha-tap-reporter
Calling command: npm run programmatic-test --reporter=mocha-tap-reporter
STATE: "Tutorial.Level.Normal"
ROUTE: "Tutorial.Level.Normal": On level 360, step 360.1
STATE: "Tutorial.Level.TestRunning"
ROUTE: "Tutorial.Level.TestRunning": On level 360, step 360.1
---------------- TEST RESULTS -----------------
TEST_FAIL
------------------- RUN TEST -------------------
START_TEST
COMMAND: npm run programmatic-test --reporter=mocha-tap-reporter
Calling command: npm run programmatic-test --reporter=mocha-tap-reporter
STATE: "Tutorial.Level.Normal"
ROUTE: "Tutorial.Level.Normal": On level 360, step 360.1
STATE: "Tutorial.Level.TestRunning"
ROUTE: "Tutorial.Level.TestRunning": On level 360, step 360.1
---------------- TEST RESULTS -----------------
TEST_FAIL
------------------- RUN TEST -------------------
START_TEST
COMMAND: npm run programmatic-test --reporter=mocha-tap-reporter
Calling command: npm run programmatic-test --reporter=mocha-tap-reporter
STATE: "Tutorial.Level.Normal"
ROUTE: "Tutorial.Level.Normal": On level 360, step 360.1
STATE: "Tutorial.Level.TestRunning"
ROUTE: "Tutorial.Level.TestRunning": On level 360, step 360.1
------------------- RUN TEST -------------------
START_TEST
COMMAND: npm run programmatic-test --reporter=mocha-tap-reporter
Calling command: npm run programmatic-test --reporter=mocha-tap-reporter
Command output:  * Stopping PostgreSQL 12 database server
   ...done.
 * Starting PostgreSQL 12 database server
   ...done.
CREATE ROLE
Border style is 2.
Title is " ".
Pager usage is off.
            
+----------------------+
| pg_terminate_backend |
+----------------------+
+----------------------+
(0 rows)

SET
SET
SET
SET
SET
       
+------------+
| set_config |
+------------+
|            |
+------------+
(1 row)

SET
SET
SET
SET
DROP DATABASE
CREATE DATABASE
ALTER DATABASE
You are now connected to database "students" as user "postgres".
SET
SET
SET
SET
SET
       
+------------+
| set_config |
+------------+
|            |
+------------+
(1 row)

SET
SET
SET
SET
SET
SET
CREATE TABLE
ALTER TABLE
CREATE SEQUENCE
ALTER TABLE
ALTER SEQUENCE
CREATE TABLE
ALTER TABLE
CREATE TABLE
ALTER TABLE
CREATE SEQUENCE
ALTER TABLE
ALTER SEQUENCE
CREATE TABLE
ALTER TABLE
CREATE SEQUENCE
ALTER TABLE
ALTER SEQUENCE
ALTER TABLE
ALTER TABLE
ALTER TABLE
INSERT 0 1
INSERT 0 1
     
+--------+
| setval |
+--------+
|      1 |
+--------+
(1 row)

     
+--------+
| setval |
+--------+
|      1 |
+--------+
(1 row)

     
+--------+
| setval |
+--------+
|      1 |
+--------+
(1 row)

ALTER TABLE
ALTER TABLE
ALTER TABLE
ALTER TABLE
ALTER TABLE
ALTER TABLE
ALTER TABLE

COMMAND_SUCCESS
STATE: "Tutorial.Level.TestRunning"
ROUTE: "Tutorial.Level.TestRunning": On level 360, step 360.1
---------------- TEST RESULTS -----------------
TEST_FAIL
STATE: "Tutorial.Level.Normal"
ROUTE: "Tutorial.Level.Normal": On level 360, step 360.1
------------------- RUN TEST -------------------
START_TEST
COMMAND: npm run programmatic-test --reporter=mocha-tap-reporter
Calling command: npm run programmatic-test --reporter=mocha-tap-reporter
STATE: "Tutorial.Level.TestRunning"
ROUTE: "Tutorial.Level.TestRunning": On level 360, step 360.1
---------------- TEST RESULTS -----------------
TEST_FAIL
STATE: "Tutorial.Level.Normal"
ROUTE: "Tutorial.Level.Normal": On level 360, step 360.1
------------------- RUN TEST -------------------
START_TEST
COMMAND: npm run programmatic-test --reporter=mocha-tap-reporter
Calling command: npm run programmatic-test --reporter=mocha-tap-reporter
STATE: "Tutorial.Level.TestRunning"
ROUTE: "Tutorial.Level.TestRunning": On level 360, step 360.1
---------------- TEST RESULTS -----------------
TEST_FAIL
STATE: "Tutorial.Level.Normal"
ROUTE: "Tutorial.Level.Normal": On level 360, step 360.1
------------------- RUN TEST -------------------
START_TEST
COMMAND: npm run programmatic-test --reporter=mocha-tap-reporter
Calling command: npm run programmatic-test --reporter=mocha-tap-reporter
STATE: "Tutorial.Level.TestRunning"
ROUTE: "Tutorial.Level.TestRunning": On level 360, step 360.1
---------------- TEST RESULTS -----------------
TEST_FAIL
STATE: "Tutorial.Level.Normal"
ROUTE: "Tutorial.Level.Normal": On level 360, step 360.1
------------------- RUN TEST -------------------
START_TEST
COMMAND: npm run programmatic-test --reporter=mocha-tap-reporter
Calling command: npm run programmatic-test --reporter=mocha-tap-reporter
STATE: "Tutorial.Level.TestRunning"
ROUTE: "Tutorial.Level.TestRunning": On level 360, step 360.1
------------------- RUN TEST -------------------
START_TEST
COMMAND: npm run programmatic-test --reporter=mocha-tap-reporter
Calling command: npm run programmatic-test --reporter=mocha-tap-reporter
---------------- TEST RESULTS -----------------
TEST_FAIL
STATE: "Tutorial.Level.Normal"
ROUTE: "Tutorial.Level.Normal": On level 360, step 360.1
------------------- RUN TEST -------------------
START_TEST
COMMAND: npm run programmatic-test --reporter=mocha-tap-reporter
Calling command: npm run programmatic-test --reporter=mocha-tap-reporter
STATE: "Tutorial.Level.TestRunning"
ROUTE: "Tutorial.Level.TestRunning": On level 360, step 360.1
---------------- TEST RESULTS -----------------
TEST_FAIL
STATE: "Tutorial.Level.Normal"
ROUTE: "Tutorial.Level.Normal": On level 360, step 360.1
------------------- RUN TEST -------------------
START_TEST
COMMAND: npm run programmatic-test --reporter=mocha-tap-reporter
Calling command: npm run programmatic-test --reporter=mocha-tap-reporter
STATE: "Tutorial.Level.TestRunning"
ROUTE: "Tutorial.Level.TestRunning": On level 360, step 360.1
---------------- TEST RESULTS -----------------
TEST_FAIL
STATE: "Tutorial.Level.Normal"
ROUTE: "Tutorial.Level.Normal": On level 360, step 360.1
------------------- RUN TEST -------------------
START_TEST
COMMAND: npm run programmatic-test --reporter=mocha-tap-reporter
Calling command: npm run programmatic-test --reporter=mocha-tap-reporter
STATE: "Tutorial.Level.TestRunning"
ROUTE: "Tutorial.Level.TestRunning": On level 360, step 360.1
---------------- TEST RESULTS -----------------
Test pass position: {"stepId":"360.1","levelId":"360","complete":false}
TEST_PASS
updateStepPosition: {"type":"TEST_PASS","payload":{"position":{"stepId":"360.1","levelId":"360","complete":true}},"source":"coderoad"})
EDITOR_STEP_COMPLETE
Calling command: git commit -am 'Save progress: 360.1'
STATE: "Tutorial.Level.StepNext"
ROUTE: "Tutorial.Level.StepNext": Completed level 360, step 360.1
EDITOR_LEVEL_COMPLETE
STATE: "Tutorial.Level.LevelComplete"
ROUTE: "Tutorial.Level.LevelComplete": Completed level 360, step 360.1
Commit saved: [main 63b21c8] Save progress: 360.1
 150 files changed, 43 insertions(+)
 mode change 100644 => 100755 .freeCodeCamp/.mocharc.json
 mode change 100644 => 100755 .freeCodeCamp/package-lock.json
 mode change 100644 => 100755 .freeCodeCamp/package.json
 mode change 100644 => 100755 .freeCodeCamp/reset_files/courses.csv
 mode change 100644 => 100755 .freeCodeCamp/reset_files/db.sql
 mode change 100644 => 100755 .freeCodeCamp/reset_files/students.csv
 mode change 100644 => 100755 .freeCodeCamp/test/10.test.js
 mode change 100644 => 100755 .freeCodeCamp/test/100.test.js
 mode change 100644 => 100755 .freeCodeCamp/test/1020.test.js
 mode change 100644 => 100755 .freeCodeCamp/test/1022.test.js
 mode change 100644 => 100755 .freeCodeCamp/test/1025.test.js
 mode change 100644 => 100755 .freeCodeCamp/test/1030.test.js
 mode change 100644 => 100755 .freeCodeCamp/test/1033.test.js
 mode change 100644 => 100755 .freeCodeCamp/test/1037.test.js
 mode change 100644 => 100755 .freeCodeCamp/test/1047.test.js
 mode change 100644 => 100755 .freeCodeCamp/test/1048.test.js
 mode change 100644 => 100755 .freeCodeCamp/test/1049.test.js
 mode change 100644 => 100755 .freeCodeCamp/test/1050.test.js
 mode change 100644 => 100755 .freeCodeCamp/test/1053.test.js
 mode change 100644 => 100755 .freeCodeCamp/test/1057.test.js
 mode change 100644 => 100755 .freeCodeCamp/test/1060.test.js
 mode change 100644 => 100755 .freeCodeCamp/test/1070.test.js
 mode change 100644 => 100755 .freeCodeCamp/test/1080.test.js
 mode change 100644 => 100755 .freeCodeCamp/test/1090.test.js
 mode change 100644 => 100755 .freeCodeCamp/test/110.test.js
 mode change 100644 => 100755 .freeCodeCamp/test/1120.test.js
 mode change 100644 => 100755 .freeCodeCamp/test/1130.test.js
 mode change 100644 => 100755 .freeCodeCamp/test/1140.test.js
 mode change 100644 => 100755 .freeCodeCamp/test/1150.test.js
 mode change 100644 => 100755 .freeCodeCamp/test/1160.test.js
 mode change 100644 => 100755 .freeCodeCamp/test/1170.test.js
 mode change 100644 => 100755 .freeCodeCamp/test/1180.test.js
 mode change 100644 => 100755 .freeCodeCamp/test/1190.test.js
 mode change 100644 => 100755 .freeCodeCamp/test/120.test.js
 mode change 100644 => 100755 .freeCodeCamp/test/1200.test.js
 mode change 100644 => 100755 .freeCodeCamp/test/1205.test.js
 mode change 100644 => 100755 .freeCodeCamp/test/1210.test.js
 mode change 100644 => 100755 .freeCodeCamp/test/1220.test.js
 mode change 100644 => 100755 .freeCodeCamp/test/1230.test.js
 mode change 100644 => 100755 .freeCodeCamp/test/130.test.js
 mode change 100644 => 100755 .freeCodeCamp/test/140.test.js
 mode change 100644 => 100755 .freeCodeCamp/test/143.test.js
 mode change 100644 => 100755 .freeCodeCamp/test/146.test.js
 mode change 100644 => 100755 .freeCodeCamp/test/150.test.js
 mode change 100644 => 100755 .freeCodeCamp/test/160.test.js
 mode change 100644 => 100755 .freeCodeCamp/test/170.test.js
 mode change 100644 => 100755 .freeCodeCamp/test/180.test.js
 mode change 100644 => 100755 .freeCodeCamp/test/183.test.js
 mode change 100644 => 100755 .freeCodeCamp/test/187.test.js
 mode change 100644 => 100755 .freeCodeCamp/test/190.test.js
 mode change 100644 => 100755 .freeCodeCamp/test/20.test.js
 mode change 100644 => 100755 .freeCodeCamp/test/200.test.js
 mode change 100644 => 100755 .freeCodeCamp/test/220.test.js
 mode change 100644 => 100755 .freeCodeCamp/test/230.test.js
 mode change 100644 => 100755 .freeCodeCamp/test/240.test.js
 mode change 100644 => 100755 .freeCodeCamp/test/250.test.js
 mode change 100644 => 100755 .freeCodeCamp/test/260.test.js
 mode change 100644 => 100755 .freeCodeCamp/test/270.test.js
 mode change 100644 => 100755 .freeCodeCamp/test/280.test.js
 mode change 100644 => 100755 .freeCodeCamp/test/290.test.js
 mode change 100644 => 100755 .freeCodeCamp/test/30.test.js
 mode change 100644 => 100755 .freeCodeCamp/test/300.test.js
 mode change 100644 => 100755 .freeCodeCamp/test/310.test.js
 mode change 100644 => 100755 .freeCodeCamp/test/320.test.js
 mode change 100644 => 100755 .freeCodeCamp/test/340.test.js
 mode change 100644 => 100755 .freeCodeCamp/test/350.test.js
 mode change 100644 => 100755 .freeCodeCamp/test/360.test.js
 mode change 100644 => 100755 .freeCodeCamp/test/370.test.js
 mode change 100644 => 100755 .freeCodeCamp/test/380.test.js
 mode change 100644 => 100755 .freeCodeCamp/test/390.test.js
 mode change 100644 => 100755 .freeCodeCamp/test/40.test.js
 mode change 100644 => 100755 .freeCodeCamp/test/400.test.js
 mode change 100644 => 100755 .freeCodeCamp/test/420.test.js
 mode change 100644 => 100755 .freeCodeCamp/test/430.test.js
 mode change 100644 => 100755 .freeCodeCamp/test/440.test.js
 mode change 100644 => 100755 .freeCodeCamp/test/450.test.js
 mode change 100644 => 100755 .freeCodeCamp/test/460.test.js
 mode change 100644 => 100755 .freeCodeCamp/test/470.test.js
 mode change 100644 => 100755 .freeCodeCamp/test/480.test.js
 mode change 100644 => 100755 .freeCodeCamp/test/490.test.js
 mode change 100644 => 100755 .freeCodeCamp/test/50.test.js
 mode change 100644 => 100755 .freeCodeCamp/test/500.test.js
 mode change 100644 => 100755 .freeCodeCamp/test/510.test.js
 mode change 100644 => 100755 .freeCodeCamp/test/515.test.js
 mode change 100644 => 100755 .freeCodeCamp/test/520.test.js
 mode change 100644 => 100755 .freeCodeCamp/test/530.test.js
 mode change 100644 => 100755 .freeCodeCamp/test/533.test.js
 mode change 100644 => 100755 .freeCodeCamp/test/536.test.js
 mode change 100644 => 100755 .freeCodeCamp/test/540.test.js
 mode change 100644 => 100755 .freeCodeCamp/test/550.test.js
 mode change 100644 => 100755 .freeCodeCamp/test/560.test.js
 mode change 100644 => 100755 .freeCodeCamp/test/562.test.js
 mode change 100644 => 100755 .freeCodeCamp/test/564.test.js
 mode change 100644 => 100755 .freeCodeCamp/test/566.test.js
 mode change 100644 => 100755 .freeCodeCamp/test/568.test.js
 mode change 100644 => 100755 .freeCodeCamp/test/570.test.js
 mode change 100644 => 100755 .freeCodeCamp/test/580.test.js
 mode change 100644 => 100755 .freeCodeCamp/test/590.test.js
 mode change 100644 => 100755 .freeCodeCamp/test/60.test.js
 mode change 100644 => 100755 .freeCodeCamp/test/600.test.js
 mode change 100644 => 100755 .freeCodeCamp/test/610.test.js
 mode change 100644 => 100755 .freeCodeCamp/test/620.test.js
 mode change 100644 => 100755 .freeCodeCamp/test/625.test.js
 mode change 100644 => 100755 .freeCodeCamp/test/630.test.js
 mode change 100644 => 100755 .freeCodeCamp/test/640.test.js
 mode change 100644 => 100755 .freeCodeCamp/test/660.test.js
 mode change 100644 => 100755 .freeCodeCamp/test/670.test.js
 mode change 100644 => 100755 .freeCodeCamp/test/680.test.js
 mode change 100644 => 100755 .freeCodeCamp/test/690.test.js
 mode change 100644 => 100755 .freeCodeCamp/test/70.test.js
 mode change 100644 => 100755 .freeCodeCamp/test/700.test.js
 mode change 100644 => 100755 .freeCodeCamp/test/710.test.js
 mode change 100644 => 100755 .freeCodeCamp/test/720.test.js
 mode change 100644 => 100755 .freeCodeCamp/test/730.test.js
 mode change 100644 => 100755 .freeCodeCamp/test/740.test.js
 mode change 100644 => 100755 .freeCodeCamp/test/750.test.js
 mode change 100644 => 100755 .freeCodeCamp/test/760.test.js
 mode change 100644 => 100755 .freeCodeCamp/test/770.test.js
 mode change 100644 => 100755 .freeCodeCamp/test/780.test.js
 mode change 100644 => 100755 .freeCodeCamp/test/790.test.js
 mode change 100644 => 100755 .freeCodeCamp/test/80.test.js
 mode change 100644 => 100755 .freeCodeCamp/test/800.test.js
 mode change 100644 => 100755 .freeCodeCamp/test/810.test.js
 mode change 100644 => 100755 .freeCodeCamp/test/820.test.js
 mode change 100644 => 100755 .freeCodeCamp/test/830.test.js
 mode change 100644 => 100755 .freeCodeCamp/test/835.test.js
 mode change 100644 => 100755 .freeCodeCamp/test/840.test.js
 mode change 100644 => 100755 .freeCodeCamp/test/850.test.js
 mode change 100644 => 100755 .freeCodeCamp/test/853.test.js
 mode change 100644 => 100755 .freeCodeCamp/test/857.test.js
 mode change 100644 => 100755 .freeCodeCamp/test/860.test.js
 mode change 100644 => 100755 .freeCodeCamp/test/870.test.js
 mode change 100644 => 100755 .freeCodeCamp/test/877.test.js
 mode change 100644 => 100755 .freeCodeCamp/test/880.test.js
 mode change 100644 => 100755 .freeCodeCamp/test/890.test.js
 mode change 100644 => 100755 .freeCodeCamp/test/90.test.js
 mode change 100644 => 100755 .freeCodeCamp/test/900.test.js
 mode change 100644 => 100755 .freeCodeCamp/test/910.test.js
 mode change 100644 => 100755 .freeCodeCamp/test/920.test.js
 mode change 100644 => 100755 .freeCodeCamp/test/930.test.js
 mode change 100644 => 100755 .freeCodeCamp/test/950.test.js
 mode change 100644 => 100755 .freeCodeCamp/test/960.test.js
 mode change 100644 => 100755 .freeCodeCamp/test/965.test.js
 mode change 100644 => 100755 .freeCodeCamp/test/970.test.js
 mode change 100644 => 100755 .freeCodeCamp/test/975.test.js
 mode change 100644 => 100755 .freeCodeCamp/test/980.test.js
 mode change 100644 => 100755 .freeCodeCamp/test/985.test.js
 mode change 100644 => 100755 .freeCodeCamp/test/utils.js

KEY_PRESS_ENTER
STATE: "Tutorial.Level.LoadNext"
ROUTE: "Tutorial.Level.LoadNext": Completed level 360, step 360.1
EDITOR_SYNC_POSITION
EDITOR_LEVEL_ENTER
EDITOR_STEP_ENTER
STATE: "Tutorial.Level.Load"
ROUTE: "Tutorial.Level.Load": On level 370, step 370.1
STATE: "Tutorial.Level.Normal"
ROUTE: "Tutorial.Level.Normal": On level 370, step 370.1
Calling command: git log -n 1 --pretty=format:%s 5496d6cec6e01e9b77871aa3e42735bcc3dcd72f
Calling command: git log -g --grep='370.1'
Calling command: git cherry-pick -X theirs 5496d6cec6e01e9b77871aa3e42735bcc3dcd72f
------------------- RUN TEST -------------------
START_TEST
COMMAND: npm run programmatic-test --reporter=mocha-tap-reporter
Calling command: npm run programmatic-test --reporter=mocha-tap-reporter
STATE: "Tutorial.Level.TestRunning"
ROUTE: "Tutorial.Level.TestRunning": On level 370, step 370.1
---------------- TEST RESULTS -----------------
TEST_FAIL
STATE: "Tutorial.Level.Normal"
ROUTE: "Tutorial.Level.Normal": On level 370, step 370.1
------------------- RUN TEST -------------------
START_TEST
COMMAND: npm run programmatic-test --reporter=mocha-tap-reporter
Calling command: npm run programmatic-test --reporter=mocha-tap-reporter
STATE: "Tutorial.Level.TestRunning"
ROUTE: "Tutorial.Level.TestRunning": On level 370, step 370.1
---------------- TEST RESULTS -----------------
Test pass position: {"stepId":"370.1","levelId":"370","complete":false}
TEST_PASS
updateStepPosition: {"type":"TEST_PASS","payload":{"position":{"stepId":"370.1","levelId":"370","complete":true}},"source":"coderoad"})
EDITOR_STEP_COMPLETE
Calling command: git commit -am 'Save progress: 370.1'
STATE: "Tutorial.Level.StepNext"
ROUTE: "Tutorial.Level.StepNext": Completed level 370, step 370.1
EDITOR_LEVEL_COMPLETE
STATE: "Tutorial.Level.LevelComplete"
ROUTE: "Tutorial.Level.LevelComplete": Completed level 370, step 370.1
KEY_PRESS_ENTER
STATE: "Tutorial.Level.LoadNext"
ROUTE: "Tutorial.Level.LoadNext": Completed level 370, step 370.1
EDITOR_SYNC_POSITION
EDITOR_LEVEL_ENTER
EDITOR_STEP_ENTER
STATE: "Tutorial.Level.Load"
ROUTE: "Tutorial.Level.Load": On level 380, step 380.1
STATE: "Tutorial.Level.Normal"
ROUTE: "Tutorial.Level.Normal": On level 380, step 380.1
Calling command: git log -n 1 --pretty=format:%s 58fef6e8d9fe16ef95cab4d2273e07103a91641c
Calling command: git log -g --grep='380.1'
Calling command: git cherry-pick -X theirs 58fef6e8d9fe16ef95cab4d2273e07103a91641c
------------------- RUN TEST -------------------
START_TEST
COMMAND: npm run programmatic-test --reporter=mocha-tap-reporter
Calling command: npm run programmatic-test --reporter=mocha-tap-reporter
STATE: "Tutorial.Level.TestRunning"
ROUTE: "Tutorial.Level.TestRunning": On level 380, step 380.1
---------------- TEST RESULTS -----------------
Test pass position: {"stepId":"380.1","levelId":"380","complete":false}
TEST_PASS
updateStepPosition: {"type":"TEST_PASS","payload":{"position":{"stepId":"380.1","levelId":"380","complete":true}},"source":"coderoad"})
EDITOR_STEP_COMPLETE
Calling command: git commit -am 'Save progress: 380.1'
STATE: "Tutorial.Level.StepNext"
ROUTE: "Tutorial.Level.StepNext": Completed level 380, step 380.1
EDITOR_LEVEL_COMPLETE
STATE: "Tutorial.Level.LevelComplete"
ROUTE: "Tutorial.Level.LevelComplete": Completed level 380, step 380.1
KEY_PRESS_ENTER
STATE: "Tutorial.Level.LoadNext"
ROUTE: "Tutorial.Level.LoadNext": Completed level 380, step 380.1
EDITOR_SYNC_POSITION
EDITOR_LEVEL_ENTER
EDITOR_STEP_ENTER
STATE: "Tutorial.Level.Load"
ROUTE: "Tutorial.Level.Load": On level 390, step 390.1
STATE: "Tutorial.Level.Normal"
ROUTE: "Tutorial.Level.Normal": On level 390, step 390.1
Calling command: git log -n 1 --pretty=format:%s 9486d0987f6c3580b0ade8fa3ff428f63bd97a4c
Calling command: git log -g --grep='390.1'
Calling command: git cherry-pick -X theirs 9486d0987f6c3580b0ade8fa3ff428f63bd97a4c
------------------- RUN TEST -------------------
START_TEST
COMMAND: npm run programmatic-test --reporter=mocha-tap-reporter
Calling command: npm run programmatic-test --reporter=mocha-tap-reporter
STATE: "Tutorial.Level.TestRunning"
ROUTE: "Tutorial.Level.TestRunning": On level 390, step 390.1
---------------- TEST RESULTS -----------------
Test pass position: {"stepId":"390.1","levelId":"390","complete":false}
TEST_PASS
updateStepPosition: {"type":"TEST_PASS","payload":{"position":{"stepId":"390.1","levelId":"390","complete":true}},"source":"coderoad"})
EDITOR_STEP_COMPLETE
Calling command: git commit -am 'Save progress: 390.1'
STATE: "Tutorial.Level.StepNext"
ROUTE: "Tutorial.Level.StepNext": Completed level 390, step 390.1
EDITOR_LEVEL_COMPLETE
STATE: "Tutorial.Level.LevelComplete"
ROUTE: "Tutorial.Level.LevelComplete": Completed level 390, step 390.1
KEY_PRESS_ENTER
STATE: "Tutorial.Level.LoadNext"
ROUTE: "Tutorial.Level.LoadNext": Completed level 390, step 390.1
EDITOR_SYNC_POSITION
EDITOR_LEVEL_ENTER
EDITOR_STEP_ENTER
STATE: "Tutorial.Level.Load"
ROUTE: "Tutorial.Level.Load": On level 400, step 400.1
STATE: "Tutorial.Level.Normal"
ROUTE: "Tutorial.Level.Normal": On level 400, step 400.1
Calling command: git log -n 1 --pretty=format:%s 8e8f5bc4764ceaac359f2588f726a099b36798a6
Calling command: git log -g --grep='400.1'
Calling command: git cherry-pick -X theirs 8e8f5bc4764ceaac359f2588f726a099b36798a6
------------------- RUN TEST -------------------
START_TEST
COMMAND: npm run programmatic-test --reporter=mocha-tap-reporter
Calling command: npm run programmatic-test --reporter=mocha-tap-reporter
STATE: "Tutorial.Level.TestRunning"
ROUTE: "Tutorial.Level.TestRunning": On level 400, step 400.1
---------------- TEST RESULTS -----------------
Test pass position: {"stepId":"400.1","levelId":"400","complete":false}
TEST_PASS
updateStepPosition: {"type":"TEST_PASS","payload":{"position":{"stepId":"400.1","levelId":"400","complete":true}},"source":"coderoad"})
EDITOR_STEP_COMPLETE
Calling command: git commit -am 'Save progress: 400.1'
STATE: "Tutorial.Level.StepNext"
ROUTE: "Tutorial.Level.StepNext": Completed level 400, step 400.1
EDITOR_LEVEL_COMPLETE
STATE: "Tutorial.Level.LevelComplete"
ROUTE: "Tutorial.Level.LevelComplete": Completed level 400, step 400.1
KEY_PRESS_ENTER
STATE: "Tutorial.Level.LoadNext"
ROUTE: "Tutorial.Level.LoadNext": Completed level 400, step 400.1
EDITOR_SYNC_POSITION
EDITOR_LEVEL_ENTER
EDITOR_STEP_ENTER
STATE: "Tutorial.Level.Load"
ROUTE: "Tutorial.Level.Load": On level 420, step 420.1
STATE: "Tutorial.Level.Normal"
ROUTE: "Tutorial.Level.Normal": On level 420, step 420.1
Calling command: git log -n 1 --pretty=format:%s de645ace6e29a8a1680c3c2598d1e0017a2ab038
Calling command: git log -g --grep='420.1'
Calling command: git cherry-pick -X theirs de645ace6e29a8a1680c3c2598d1e0017a2ab038
KEY_PRESS_ENTER
EDITOR_RUN_TEST
------------------- RUN TEST -------------------
START_TEST
COMMAND: npm run programmatic-test --reporter=mocha-tap-reporter
Calling command: npm run programmatic-test --reporter=mocha-tap-reporter
STATE: "Tutorial.Level.Normal"
ROUTE: "Tutorial.Level.Normal": On level 420, step 420.1
STATE: "Tutorial.Level.TestRunning"
ROUTE: "Tutorial.Level.TestRunning": On level 420, step 420.1
---------------- TEST RESULTS -----------------
TEST_FAIL
STATE: "Tutorial.Level.Normal"
ROUTE: "Tutorial.Level.Normal": On level 420, step 420.1
------------------- RUN TEST -------------------
START_TEST
COMMAND: npm run programmatic-test --reporter=mocha-tap-reporter
Calling command: npm run programmatic-test --reporter=mocha-tap-reporter
STATE: "Tutorial.Level.TestRunning"
ROUTE: "Tutorial.Level.TestRunning": On level 420, step 420.1
---------------- TEST RESULTS -----------------
Test pass position: {"stepId":"420.1","levelId":"420","complete":false}
TEST_PASS
updateStepPosition: {"type":"TEST_PASS","payload":{"position":{"stepId":"420.1","levelId":"420","complete":true}},"source":"coderoad"})
EDITOR_STEP_COMPLETE
Calling command: git commit -am 'Save progress: 420.1'
STATE: "Tutorial.Level.StepNext"
ROUTE: "Tutorial.Level.StepNext": Completed level 420, step 420.1
EDITOR_LEVEL_COMPLETE
STATE: "Tutorial.Level.LevelComplete"
ROUTE: "Tutorial.Level.LevelComplete": Completed level 420, step 420.1
KEY_PRESS_ENTER
STATE: "Tutorial.Level.LoadNext"
ROUTE: "Tutorial.Level.LoadNext": Completed level 420, step 420.1
EDITOR_SYNC_POSITION
EDITOR_LEVEL_ENTER
EDITOR_STEP_ENTER
STATE: "Tutorial.Level.Load"
ROUTE: "Tutorial.Level.Load": On level 430, step 430.1
STATE: "Tutorial.Level.Normal"
ROUTE: "Tutorial.Level.Normal": On level 430, step 430.1
Calling command: git log -n 1 --pretty=format:%s bd34a7a984beab0185aca6d08de7b5972b79996c
Calling command: git log -g --grep='430.1'
Calling command: git cherry-pick -X theirs bd34a7a984beab0185aca6d08de7b5972b79996c
------------------- RUN TEST -------------------
START_TEST
COMMAND: npm run programmatic-test --reporter=mocha-tap-reporter
Calling command: npm run programmatic-test --reporter=mocha-tap-reporter
STATE: "Tutorial.Level.TestRunning"
ROUTE: "Tutorial.Level.TestRunning": On level 430, step 430.1
---------------- TEST RESULTS -----------------
Test pass position: {"stepId":"430.1","levelId":"430","complete":false}
TEST_PASS
updateStepPosition: {"type":"TEST_PASS","payload":{"position":{"stepId":"430.1","levelId":"430","complete":true}},"source":"coderoad"})
EDITOR_STEP_COMPLETE
Calling command: git commit -am 'Save progress: 430.1'
STATE: "Tutorial.Level.StepNext"
ROUTE: "Tutorial.Level.StepNext": Completed level 430, step 430.1
EDITOR_LEVEL_COMPLETE
STATE: "Tutorial.Level.LevelComplete"
ROUTE: "Tutorial.Level.LevelComplete": Completed level 430, step 430.1
KEY_PRESS_ENTER
STATE: "Tutorial.Level.LoadNext"
ROUTE: "Tutorial.Level.LoadNext": Completed level 430, step 430.1
EDITOR_SYNC_POSITION
EDITOR_LEVEL_ENTER
EDITOR_STEP_ENTER
STATE: "Tutorial.Level.Load"
ROUTE: "Tutorial.Level.Load": On level 440, step 440.1
STATE: "Tutorial.Level.Normal"
ROUTE: "Tutorial.Level.Normal": On level 440, step 440.1
Calling command: git log -n 1 --pretty=format:%s 956c359729eab5cce3759b511c7985d051d1f1d2
Calling command: git log -g --grep='440.1'
Calling command: git cherry-pick -X theirs 956c359729eab5cce3759b511c7985d051d1f1d2
------------------- RUN TEST -------------------
START_TEST
COMMAND: npm run programmatic-test --reporter=mocha-tap-reporter
Calling command: npm run programmatic-test --reporter=mocha-tap-reporter
STATE: "Tutorial.Level.TestRunning"
ROUTE: "Tutorial.Level.TestRunning": On level 440, step 440.1
---------------- TEST RESULTS -----------------
TEST_FAIL
STATE: "Tutorial.Level.Normal"
ROUTE: "Tutorial.Level.Normal": On level 440, step 440.1
------------------- RUN TEST -------------------
START_TEST
COMMAND: npm run programmatic-test --reporter=mocha-tap-reporter
Calling command: npm run programmatic-test --reporter=mocha-tap-reporter
STATE: "Tutorial.Level.TestRunning"
ROUTE: "Tutorial.Level.TestRunning": On level 440, step 440.1
---------------- TEST RESULTS -----------------
Test pass position: {"stepId":"440.1","levelId":"440","complete":false}
TEST_PASS
updateStepPosition: {"type":"TEST_PASS","payload":{"position":{"stepId":"440.1","levelId":"440","complete":true}},"source":"coderoad"})
EDITOR_STEP_COMPLETE
Calling command: git commit -am 'Save progress: 440.1'
STATE: "Tutorial.Level.StepNext"
ROUTE: "Tutorial.Level.StepNext": Completed level 440, step 440.1
EDITOR_LEVEL_COMPLETE
STATE: "Tutorial.Level.LevelComplete"
ROUTE: "Tutorial.Level.LevelComplete": Completed level 440, step 440.1
Commit saved: [main 502bf2e] Save progress: 440.1
 2 files changed, 197 insertions(+)

KEY_PRESS_ENTER
STATE: "Tutorial.Level.LoadNext"
ROUTE: "Tutorial.Level.LoadNext": Completed level 440, step 440.1
EDITOR_SYNC_POSITION
EDITOR_LEVEL_ENTER
EDITOR_STEP_ENTER
STATE: "Tutorial.Level.Load"
ROUTE: "Tutorial.Level.Load": On level 450, step 450.1
STATE: "Tutorial.Level.Normal"
ROUTE: "Tutorial.Level.Normal": On level 450, step 450.1
Calling command: git log -n 1 --pretty=format:%s d62ec72561d027735f5e434c37479b39a70f8891
Calling command: git log -g --grep='450.1'
Calling command: git cherry-pick -X theirs d62ec72561d027735f5e434c37479b39a70f8891
------------------- RUN TEST -------------------
START_TEST
COMMAND: npm run programmatic-test --reporter=mocha-tap-reporter
Calling command: npm run programmatic-test --reporter=mocha-tap-reporter
STATE: "Tutorial.Level.TestRunning"
ROUTE: "Tutorial.Level.TestRunning": On level 450, step 450.1
---------------- TEST RESULTS -----------------
Test pass position: {"stepId":"450.1","levelId":"450","complete":false}
TEST_PASS
updateStepPosition: {"type":"TEST_PASS","payload":{"position":{"stepId":"450.1","levelId":"450","complete":true}},"source":"coderoad"})
EDITOR_STEP_COMPLETE
Calling command: git commit -am 'Save progress: 450.1'
STATE: "Tutorial.Level.StepNext"
ROUTE: "Tutorial.Level.StepNext": Completed level 450, step 450.1
EDITOR_LEVEL_COMPLETE
STATE: "Tutorial.Level.LevelComplete"
ROUTE: "Tutorial.Level.LevelComplete": Completed level 450, step 450.1
Commit saved: [main 0b30730] Save progress: 450.1
 2 files changed, 2 insertions(+)

KEY_PRESS_ENTER
STATE: "Tutorial.Level.LoadNext"
ROUTE: "Tutorial.Level.LoadNext": Completed level 450, step 450.1
EDITOR_SYNC_POSITION
EDITOR_LEVEL_ENTER
EDITOR_STEP_ENTER
STATE: "Tutorial.Level.Load"
ROUTE: "Tutorial.Level.Load": On level 460, step 460.1
STATE: "Tutorial.Level.Normal"
ROUTE: "Tutorial.Level.Normal": On level 460, step 460.1
Calling command: git log -n 1 --pretty=format:%s 70f2542ba28af3435eda912ab1a231ae4321ef5a
Calling command: git log -g --grep='460.1'
Calling command: git cherry-pick -X theirs 70f2542ba28af3435eda912ab1a231ae4321ef5a
------------------- RUN TEST -------------------
START_TEST
COMMAND: npm run programmatic-test --reporter=mocha-tap-reporter
Calling command: npm run programmatic-test --reporter=mocha-tap-reporter
STATE: "Tutorial.Level.TestRunning"
ROUTE: "Tutorial.Level.TestRunning": On level 460, step 460.1
---------------- TEST RESULTS -----------------
Test pass position: {"stepId":"460.1","levelId":"460","complete":false}
TEST_PASS
updateStepPosition: {"type":"TEST_PASS","payload":{"position":{"stepId":"460.1","levelId":"460","complete":true}},"source":"coderoad"})
EDITOR_STEP_COMPLETE
Calling command: git commit -am 'Save progress: 460.1'
STATE: "Tutorial.Level.StepNext"
ROUTE: "Tutorial.Level.StepNext": Completed level 460, step 460.1
EDITOR_LEVEL_COMPLETE
STATE: "Tutorial.Level.LevelComplete"
ROUTE: "Tutorial.Level.LevelComplete": Completed level 460, step 460.1
KEY_PRESS_ENTER
STATE: "Tutorial.Level.LoadNext"
ROUTE: "Tutorial.Level.LoadNext": Completed level 460, step 460.1
EDITOR_SYNC_POSITION
EDITOR_LEVEL_ENTER
EDITOR_STEP_ENTER
STATE: "Tutorial.Level.Load"
ROUTE: "Tutorial.Level.Load": On level 470, step 470.1
STATE: "Tutorial.Level.Normal"
ROUTE: "Tutorial.Level.Normal": On level 470, step 470.1
Calling command: git log -n 1 --pretty=format:%s 89e8c81ef2be63d560cd2fdae186ef2da6fb8a68
Calling command: git log -g --grep='470.1'
Calling command: git cherry-pick -X theirs 89e8c81ef2be63d560cd2fdae186ef2da6fb8a68
------------------- RUN TEST -------------------
START_TEST
COMMAND: npm run programmatic-test --reporter=mocha-tap-reporter
Calling command: npm run programmatic-test --reporter=mocha-tap-reporter
STATE: "Tutorial.Level.TestRunning"
ROUTE: "Tutorial.Level.TestRunning": On level 470, step 470.1
---------------- TEST RESULTS -----------------
TEST_FAIL
STATE: "Tutorial.Level.Normal"
ROUTE: "Tutorial.Level.Normal": On level 470, step 470.1
------------------- RUN TEST -------------------
START_TEST
COMMAND: npm run programmatic-test --reporter=mocha-tap-reporter
Calling command: npm run programmatic-test --reporter=mocha-tap-reporter
STATE: "Tutorial.Level.TestRunning"
ROUTE: "Tutorial.Level.TestRunning": On level 470, step 470.1
---------------- TEST RESULTS -----------------
TEST_FAIL
STATE: "Tutorial.Level.Normal"
ROUTE: "Tutorial.Level.Normal": On level 470, step 470.1
------------------- RUN TEST -------------------
START_TEST
COMMAND: npm run programmatic-test --reporter=mocha-tap-reporter
Calling command: npm run programmatic-test --reporter=mocha-tap-reporter
STATE: "Tutorial.Level.TestRunning"
ROUTE: "Tutorial.Level.TestRunning": On level 470, step 470.1
---------------- TEST RESULTS -----------------
Test pass position: {"stepId":"470.1","levelId":"470","complete":false}
TEST_PASS
updateStepPosition: {"type":"TEST_PASS","payload":{"position":{"stepId":"470.1","levelId":"470","complete":true}},"source":"coderoad"})
EDITOR_STEP_COMPLETE
Calling command: git commit -am 'Save progress: 470.1'
STATE: "Tutorial.Level.StepNext"
ROUTE: "Tutorial.Level.StepNext": Completed level 470, step 470.1
EDITOR_LEVEL_COMPLETE
STATE: "Tutorial.Level.LevelComplete"
ROUTE: "Tutorial.Level.LevelComplete": Completed level 470, step 470.1
KEY_PRESS_ENTER
STATE: "Tutorial.Level.LoadNext"
ROUTE: "Tutorial.Level.LoadNext": Completed level 470, step 470.1
EDITOR_SYNC_POSITION
EDITOR_LEVEL_ENTER
EDITOR_STEP_ENTER
STATE: "Tutorial.Level.Load"
ROUTE: "Tutorial.Level.Load": On level 480, step 480.1
STATE: "Tutorial.Level.Normal"
ROUTE: "Tutorial.Level.Normal": On level 480, step 480.1
Calling command: git log -n 1 --pretty=format:%s 43fc999d9fecc08f9fba0e5c2258d5be708f5141
Calling command: git log -g --grep='480.1'
Calling command: git cherry-pick -X theirs 43fc999d9fecc08f9fba0e5c2258d5be708f5141
------------------- RUN TEST -------------------
START_TEST
COMMAND: npm run programmatic-test --reporter=mocha-tap-reporter
Calling command: npm run programmatic-test --reporter=mocha-tap-reporter
STATE: "Tutorial.Level.TestRunning"
ROUTE: "Tutorial.Level.TestRunning": On level 480, step 480.1
---------------- TEST RESULTS -----------------
TEST_FAIL
STATE: "Tutorial.Level.Normal"
ROUTE: "Tutorial.Level.Normal": On level 480, step 480.1
------------------- RUN TEST -------------------
START_TEST
COMMAND: npm run programmatic-test --reporter=mocha-tap-reporter
Calling command: npm run programmatic-test --reporter=mocha-tap-reporter
STATE: "Tutorial.Level.TestRunning"
ROUTE: "Tutorial.Level.TestRunning": On level 480, step 480.1
---------------- TEST RESULTS -----------------
TEST_FAIL
STATE: "Tutorial.Level.Normal"
ROUTE: "Tutorial.Level.Normal": On level 480, step 480.1
------------------- RUN TEST -------------------
START_TEST
COMMAND: npm run programmatic-test --reporter=mocha-tap-reporter
Calling command: npm run programmatic-test --reporter=mocha-tap-reporter
STATE: "Tutorial.Level.TestRunning"
ROUTE: "Tutorial.Level.TestRunning": On level 480, step 480.1
---------------- TEST RESULTS -----------------
TEST_FAIL
STATE: "Tutorial.Level.Normal"
ROUTE: "Tutorial.Level.Normal": On level 480, step 480.1
------------------- RUN TEST -------------------
START_TEST
COMMAND: npm run programmatic-test --reporter=mocha-tap-reporter
Calling command: npm run programmatic-test --reporter=mocha-tap-reporter
STATE: "Tutorial.Level.TestRunning"
ROUTE: "Tutorial.Level.TestRunning": On level 480, step 480.1
---------------- TEST RESULTS -----------------
TEST_FAIL
STATE: "Tutorial.Level.Normal"
ROUTE: "Tutorial.Level.Normal": On level 480, step 480.1
------------------- RUN TEST -------------------
START_TEST
COMMAND: npm run programmatic-test --reporter=mocha-tap-reporter
Calling command: npm run programmatic-test --reporter=mocha-tap-reporter
STATE: "Tutorial.Level.TestRunning"
ROUTE: "Tutorial.Level.TestRunning": On level 480, step 480.1
---------------- TEST RESULTS -----------------
TEST_FAIL
STATE: "Tutorial.Level.Normal"
ROUTE: "Tutorial.Level.Normal": On level 480, step 480.1
------------------- RUN TEST -------------------
START_TEST
COMMAND: npm run programmatic-test --reporter=mocha-tap-reporter
Calling command: npm run programmatic-test --reporter=mocha-tap-reporter
STATE: "Tutorial.Level.TestRunning"
ROUTE: "Tutorial.Level.TestRunning": On level 480, step 480.1
---------------- TEST RESULTS -----------------
TEST_FAIL
STATE: "Tutorial.Level.Normal"
ROUTE: "Tutorial.Level.Normal": On level 480, step 480.1
------------------- RUN TEST -------------------
START_TEST
COMMAND: npm run programmatic-test --reporter=mocha-tap-reporter
Calling command: npm run programmatic-test --reporter=mocha-tap-reporter
STATE: "Tutorial.Level.TestRunning"
ROUTE: "Tutorial.Level.TestRunning": On level 480, step 480.1
---------------- TEST RESULTS -----------------
TEST_FAIL
STATE: "Tutorial.Level.Normal"
ROUTE: "Tutorial.Level.Normal": On level 480, step 480.1
------------------- RUN TEST -------------------
START_TEST
COMMAND: npm run programmatic-test --reporter=mocha-tap-reporter
Calling command: npm run programmatic-test --reporter=mocha-tap-reporter
STATE: "Tutorial.Level.TestRunning"
ROUTE: "Tutorial.Level.TestRunning": On level 480, step 480.1
---------------- TEST RESULTS -----------------
Test pass position: {"stepId":"480.1","levelId":"480","complete":false}
TEST_PASS
updateStepPosition: {"type":"TEST_PASS","payload":{"position":{"stepId":"480.1","levelId":"480","complete":true}},"source":"coderoad"})
EDITOR_STEP_COMPLETE
Calling command: git commit -am 'Save progress: 480.1'
STATE: "Tutorial.Level.StepNext"
ROUTE: "Tutorial.Level.StepNext": Completed level 480, step 480.1
EDITOR_LEVEL_COMPLETE
STATE: "Tutorial.Level.LevelComplete"
ROUTE: "Tutorial.Level.LevelComplete": Completed level 480, step 480.1
KEY_PRESS_ENTER
STATE: "Tutorial.Level.LoadNext"
ROUTE: "Tutorial.Level.LoadNext": Completed level 480, step 480.1
EDITOR_SYNC_POSITION
EDITOR_LEVEL_ENTER
EDITOR_STEP_ENTER
STATE: "Tutorial.Level.Load"
ROUTE: "Tutorial.Level.Load": On level 490, step 490.1
STATE: "Tutorial.Level.Normal"
ROUTE: "Tutorial.Level.Normal": On level 490, step 490.1
Calling command: git log -n 1 --pretty=format:%s e83d5e5a0f53335877a26e596acc34cb78600da5
Calling command: git log -g --grep='490.1'
Calling command: git cherry-pick -X theirs e83d5e5a0f53335877a26e596acc34cb78600da5
------------------- RUN TEST -------------------
START_TEST
COMMAND: npm run programmatic-test --reporter=mocha-tap-reporter
Calling command: npm run programmatic-test --reporter=mocha-tap-reporter
STATE: "Tutorial.Level.TestRunning"
ROUTE: "Tutorial.Level.TestRunning": On level 490, step 490.1
---------------- TEST RESULTS -----------------
TEST_FAIL
STATE: "Tutorial.Level.Normal"
ROUTE: "Tutorial.Level.Normal": On level 490, step 490.1
------------------- RUN TEST -------------------
START_TEST
COMMAND: npm run programmatic-test --reporter=mocha-tap-reporter
Calling command: npm run programmatic-test --reporter=mocha-tap-reporter
STATE: "Tutorial.Level.TestRunning"
ROUTE: "Tutorial.Level.TestRunning": On level 490, step 490.1
---------------- TEST RESULTS -----------------
Test pass position: {"stepId":"490.1","levelId":"490","complete":false}
TEST_PASS
updateStepPosition: {"type":"TEST_PASS","payload":{"position":{"stepId":"490.1","levelId":"490","complete":true}},"source":"coderoad"})
EDITOR_STEP_COMPLETE
Calling command: git commit -am 'Save progress: 490.1'
STATE: "Tutorial.Level.StepNext"
ROUTE: "Tutorial.Level.StepNext": Completed level 490, step 490.1
EDITOR_LEVEL_COMPLETE
STATE: "Tutorial.Level.LevelComplete"
ROUTE: "Tutorial.Level.LevelComplete": Completed level 490, step 490.1
Commit saved: [main 32d5bdc] Save progress: 490.1
 2 files changed, 4 insertions(+)

KEY_PRESS_ENTER
STATE: "Tutorial.Level.LoadNext"
ROUTE: "Tutorial.Level.LoadNext": Completed level 490, step 490.1
EDITOR_SYNC_POSITION
EDITOR_LEVEL_ENTER
EDITOR_STEP_ENTER
STATE: "Tutorial.Level.Load"
ROUTE: "Tutorial.Level.Load": On level 500, step 500.1
STATE: "Tutorial.Level.Normal"
ROUTE: "Tutorial.Level.Normal": On level 500, step 500.1
Error highlighting markdown: Cannot read properties of undefined (reading 'rest')
Calling command: git log -n 1 --pretty=format:%s d64685add19ead2b363692f6d8f04417d7ab0372
Calling command: git log -g --grep='500.1'
Calling command: git cherry-pick -X theirs d64685add19ead2b363692f6d8f04417d7ab0372
------------------- RUN TEST -------------------
START_TEST
COMMAND: npm run programmatic-test --reporter=mocha-tap-reporter
Calling command: npm run programmatic-test --reporter=mocha-tap-reporter
STATE: "Tutorial.Level.TestRunning"
ROUTE: "Tutorial.Level.TestRunning": On level 500, step 500.1
Error highlighting markdown: Cannot read properties of undefined (reading 'rest')
---------------- TEST RESULTS -----------------
TEST_FAIL
STATE: "Tutorial.Level.Normal"
ROUTE: "Tutorial.Level.Normal": On level 500, step 500.1
Error highlighting markdown: Cannot read properties of undefined (reading 'rest')
------------------- RUN TEST -------------------
START_TEST
COMMAND: npm run programmatic-test --reporter=mocha-tap-reporter
Calling command: npm run programmatic-test --reporter=mocha-tap-reporter
STATE: "Tutorial.Level.TestRunning"
ROUTE: "Tutorial.Level.TestRunning": On level 500, step 500.1
Error highlighting markdown: Cannot read properties of undefined (reading 'rest')
---------------- TEST RESULTS -----------------
TEST_FAIL
STATE: "Tutorial.Level.Normal"
ROUTE: "Tutorial.Level.Normal": On level 500, step 500.1
Error highlighting markdown: Cannot read properties of undefined (reading 'rest')
------------------- RUN TEST -------------------
START_TEST
COMMAND: npm run programmatic-test --reporter=mocha-tap-reporter
Calling command: npm run programmatic-test --reporter=mocha-tap-reporter
STATE: "Tutorial.Level.TestRunning"
ROUTE: "Tutorial.Level.TestRunning": On level 500, step 500.1
Error highlighting markdown: Cannot read properties of undefined (reading 'rest')
---------------- TEST RESULTS -----------------
TEST_FAIL
STATE: "Tutorial.Level.Normal"
ROUTE: "Tutorial.Level.Normal": On level 500, step 500.1
Error highlighting markdown: Cannot read properties of undefined (reading 'rest')
------------------- RUN TEST -------------------
START_TEST
COMMAND: npm run programmatic-test --reporter=mocha-tap-reporter
Calling command: npm run programmatic-test --reporter=mocha-tap-reporter
STATE: "Tutorial.Level.TestRunning"
ROUTE: "Tutorial.Level.TestRunning": On level 500, step 500.1
Error highlighting markdown: Cannot read properties of undefined (reading 'rest')
---------------- TEST RESULTS -----------------
TEST_FAIL
STATE: "Tutorial.Level.Normal"
ROUTE: "Tutorial.Level.Normal": On level 500, step 500.1
Error highlighting markdown: Cannot read properties of undefined (reading 'rest')
------------------- RUN TEST -------------------
START_TEST
COMMAND: npm run programmatic-test --reporter=mocha-tap-reporter
Calling command: npm run programmatic-test --reporter=mocha-tap-reporter
STATE: "Tutorial.Level.TestRunning"
ROUTE: "Tutorial.Level.TestRunning": On level 500, step 500.1
Error highlighting markdown: Cannot read properties of undefined (reading 'rest')
---------------- TEST RESULTS -----------------
Test pass position: {"stepId":"500.1","levelId":"500","complete":false}
TEST_PASS
updateStepPosition: {"type":"TEST_PASS","payload":{"position":{"stepId":"500.1","levelId":"500","complete":true}},"source":"coderoad"})
EDITOR_STEP_COMPLETE
Calling command: git commit -am 'Save progress: 500.1'
STATE: "Tutorial.Level.StepNext"
ROUTE: "Tutorial.Level.StepNext": Completed level 500, step 500.1
Error highlighting markdown: Cannot read properties of undefined (reading 'rest')
EDITOR_LEVEL_COMPLETE
STATE: "Tutorial.Level.LevelComplete"
ROUTE: "Tutorial.Level.LevelComplete": Completed level 500, step 500.1
Error highlighting markdown: Cannot read properties of undefined (reading 'rest')
KEY_PRESS_ENTER
STATE: "Tutorial.Level.LoadNext"
ROUTE: "Tutorial.Level.LoadNext": Completed level 500, step 500.1
Error highlighting markdown: Cannot read properties of undefined (reading 'rest')
EDITOR_SYNC_POSITION
EDITOR_LEVEL_ENTER
EDITOR_STEP_ENTER
STATE: "Tutorial.Level.Load"
ROUTE: "Tutorial.Level.Load": On level 510, step 510.1
STATE: "Tutorial.Level.Normal"
ROUTE: "Tutorial.Level.Normal": On level 510, step 510.1
Calling command: git log -n 1 --pretty=format:%s bb8f8b2655c5bbec4fc01888c8596a40feb75dd6
Calling command: git log -g --grep='510.1'
Calling command: git cherry-pick -X theirs bb8f8b2655c5bbec4fc01888c8596a40feb75dd6
------------------- RUN TEST -------------------
START_TEST
COMMAND: npm run programmatic-test --reporter=mocha-tap-reporter
Calling command: npm run programmatic-test --reporter=mocha-tap-reporter
STATE: "Tutorial.Level.TestRunning"
ROUTE: "Tutorial.Level.TestRunning": On level 510, step 510.1
---------------- TEST RESULTS -----------------
Test pass position: {"stepId":"510.1","levelId":"510","complete":false}
TEST_PASS
updateStepPosition: {"type":"TEST_PASS","payload":{"position":{"stepId":"510.1","levelId":"510","complete":true}},"source":"coderoad"})
EDITOR_STEP_COMPLETE
Calling command: git commit -am 'Save progress: 510.1'
STATE: "Tutorial.Level.StepNext"
ROUTE: "Tutorial.Level.StepNext": Completed level 510, step 510.1
EDITOR_LEVEL_COMPLETE
STATE: "Tutorial.Level.LevelComplete"
ROUTE: "Tutorial.Level.LevelComplete": Completed level 510, step 510.1
Commit saved: [main e59a45a] Save progress: 510.1
 2 files changed, 2 insertions(+)

KEY_PRESS_ENTER
STATE: "Tutorial.Level.LoadNext"
ROUTE: "Tutorial.Level.LoadNext": Completed level 510, step 510.1
EDITOR_SYNC_POSITION
EDITOR_LEVEL_ENTER
EDITOR_STEP_ENTER
STATE: "Tutorial.Level.Load"
ROUTE: "Tutorial.Level.Load": On level 515, step 515.1
STATE: "Tutorial.Level.Normal"
ROUTE: "Tutorial.Level.Normal": On level 515, step 515.1
Calling command: git log -n 1 --pretty=format:%s 45d11dff94d4a6076b6989ac7fa154127da26280
Calling command: git log -g --grep='515.1'
Calling command: git cherry-pick -X theirs 45d11dff94d4a6076b6989ac7fa154127da26280
------------------- RUN TEST -------------------
START_TEST
COMMAND: npm run programmatic-test --reporter=mocha-tap-reporter
Calling command: npm run programmatic-test --reporter=mocha-tap-reporter
STATE: "Tutorial.Level.TestRunning"
ROUTE: "Tutorial.Level.TestRunning": On level 515, step 515.1
---------------- TEST RESULTS -----------------
Test pass position: {"stepId":"515.1","levelId":"515","complete":false}
TEST_PASS
updateStepPosition: {"type":"TEST_PASS","payload":{"position":{"stepId":"515.1","levelId":"515","complete":true}},"source":"coderoad"})
EDITOR_STEP_COMPLETE
Calling command: git commit -am 'Save progress: 515.1'
STATE: "Tutorial.Level.StepNext"
ROUTE: "Tutorial.Level.StepNext": Completed level 515, step 515.1
EDITOR_LEVEL_COMPLETE
STATE: "Tutorial.Level.LevelComplete"
ROUTE: "Tutorial.Level.LevelComplete": Completed level 515, step 515.1
Commit saved: [main 595cace] Save progress: 515.1
 2 files changed, 2 insertions(+)

KEY_PRESS_ENTER
STATE: "Tutorial.Level.LoadNext"
ROUTE: "Tutorial.Level.LoadNext": Completed level 515, step 515.1
EDITOR_SYNC_POSITION
EDITOR_LEVEL_ENTER
EDITOR_STEP_ENTER
STATE: "Tutorial.Level.Load"
ROUTE: "Tutorial.Level.Load": On level 520, step 520.1
STATE: "Tutorial.Level.Normal"
ROUTE: "Tutorial.Level.Normal": On level 520, step 520.1
Calling command: git log -n 1 --pretty=format:%s bca09258cd3d36829884405383156584bdd80f92
Calling command: git log -g --grep='520.1'
Calling command: git cherry-pick -X theirs bca09258cd3d36829884405383156584bdd80f92
Error highlighting markdown: Cannot read properties of undefined (reading 'rest')
------------------- RUN TEST -------------------
START_TEST
COMMAND: npm run programmatic-test --reporter=mocha-tap-reporter
Calling command: npm run programmatic-test --reporter=mocha-tap-reporter
STATE: "Tutorial.Level.TestRunning"
ROUTE: "Tutorial.Level.TestRunning": On level 520, step 520.1
Error highlighting markdown: Cannot read properties of undefined (reading 'rest')
---------------- TEST RESULTS -----------------
Test pass position: {"stepId":"520.1","levelId":"520","complete":false}
TEST_PASS
updateStepPosition: {"type":"TEST_PASS","payload":{"position":{"stepId":"520.1","levelId":"520","complete":true}},"source":"coderoad"})
EDITOR_STEP_COMPLETE
Calling command: git commit -am 'Save progress: 520.1'
STATE: "Tutorial.Level.StepNext"
ROUTE: "Tutorial.Level.StepNext": Completed level 520, step 520.1
Error highlighting markdown: Cannot read properties of undefined (reading 'rest')
EDITOR_LEVEL_COMPLETE
STATE: "Tutorial.Level.LevelComplete"
ROUTE: "Tutorial.Level.LevelComplete": Completed level 520, step 520.1
Error highlighting markdown: Cannot read properties of undefined (reading 'rest')
Commit saved: [main f019d8b] Save progress: 520.1
 2 files changed, 2 insertions(+)

KEY_PRESS_ENTER
STATE: "Tutorial.Level.LoadNext"
ROUTE: "Tutorial.Level.LoadNext": Completed level 520, step 520.1
Error highlighting markdown: Cannot read properties of undefined (reading 'rest')
EDITOR_SYNC_POSITION
EDITOR_LEVEL_ENTER
EDITOR_STEP_ENTER
STATE: "Tutorial.Level.Load"
ROUTE: "Tutorial.Level.Load": On level 530, step 530.1
STATE: "Tutorial.Level.Normal"
ROUTE: "Tutorial.Level.Normal": On level 530, step 530.1
Calling command: git log -n 1 --pretty=format:%s 1149ea63026fbc3cbe72039f61a902464ca6ef04
Calling command: git log -g --grep='530.1'
Calling command: git cherry-pick -X theirs 1149ea63026fbc3cbe72039f61a902464ca6ef04
------------------- RUN TEST -------------------
START_TEST
COMMAND: npm run programmatic-test --reporter=mocha-tap-reporter
Calling command: npm run programmatic-test --reporter=mocha-tap-reporter
STATE: "Tutorial.Level.TestRunning"
ROUTE: "Tutorial.Level.TestRunning": On level 530, step 530.1
---------------- TEST RESULTS -----------------
Test pass position: {"stepId":"530.1","levelId":"530","complete":false}
TEST_PASS
updateStepPosition: {"type":"TEST_PASS","payload":{"position":{"stepId":"530.1","levelId":"530","complete":true}},"source":"coderoad"})
EDITOR_STEP_COMPLETE
Calling command: git commit -am 'Save progress: 530.1'
STATE: "Tutorial.Level.StepNext"
ROUTE: "Tutorial.Level.StepNext": Completed level 530, step 530.1
EDITOR_LEVEL_COMPLETE
STATE: "Tutorial.Level.LevelComplete"
ROUTE: "Tutorial.Level.LevelComplete": Completed level 530, step 530.1
Commit saved: [main 200c177] Save progress: 530.1
 2 files changed, 2 insertions(+)

KEY_PRESS_ENTER
STATE: "Tutorial.Level.LoadNext"
ROUTE: "Tutorial.Level.LoadNext": Completed level 530, step 530.1
EDITOR_SYNC_POSITION
EDITOR_LEVEL_ENTER
EDITOR_STEP_ENTER
STATE: "Tutorial.Level.Load"
ROUTE: "Tutorial.Level.Load": On level 533, step 533.1
STATE: "Tutorial.Level.Normal"
ROUTE: "Tutorial.Level.Normal": On level 533, step 533.1
Calling command: git log -n 1 --pretty=format:%s 65452be691331f5ffae652f2961a07b1e823c4e1
Calling command: git log -g --grep='533.1'
Calling command: git cherry-pick -X theirs 65452be691331f5ffae652f2961a07b1e823c4e1
------------------- RUN TEST -------------------
START_TEST
COMMAND: npm run programmatic-test --reporter=mocha-tap-reporter
Calling command: npm run programmatic-test --reporter=mocha-tap-reporter
STATE: "Tutorial.Level.TestRunning"
ROUTE: "Tutorial.Level.TestRunning": On level 533, step 533.1
---------------- TEST RESULTS -----------------
TEST_FAIL
STATE: "Tutorial.Level.Normal"
ROUTE: "Tutorial.Level.Normal": On level 533, step 533.1
------------------- RUN TEST -------------------
START_TEST
COMMAND: npm run programmatic-test --reporter=mocha-tap-reporter
Calling command: npm run programmatic-test --reporter=mocha-tap-reporter
STATE: "Tutorial.Level.TestRunning"
ROUTE: "Tutorial.Level.TestRunning": On level 533, step 533.1
---------------- TEST RESULTS -----------------
TEST_FAIL
STATE: "Tutorial.Level.Normal"
ROUTE: "Tutorial.Level.Normal": On level 533, step 533.1
------------------- RUN TEST -------------------
START_TEST
COMMAND: npm run programmatic-test --reporter=mocha-tap-reporter
Calling command: npm run programmatic-test --reporter=mocha-tap-reporter
STATE: "Tutorial.Level.TestRunning"
ROUTE: "Tutorial.Level.TestRunning": On level 533, step 533.1
---------------- TEST RESULTS -----------------
TEST_FAIL
STATE: "Tutorial.Level.Normal"
ROUTE: "Tutorial.Level.Normal": On level 533, step 533.1
------------------- RUN TEST -------------------
START_TEST
COMMAND: npm run programmatic-test --reporter=mocha-tap-reporter
Calling command: npm run programmatic-test --reporter=mocha-tap-reporter
STATE: "Tutorial.Level.TestRunning"
ROUTE: "Tutorial.Level.TestRunning": On level 533, step 533.1
---------------- TEST RESULTS -----------------
Test pass position: {"stepId":"533.1","levelId":"533","complete":false}
TEST_PASS
updateStepPosition: {"type":"TEST_PASS","payload":{"position":{"stepId":"533.1","levelId":"533","complete":true}},"source":"coderoad"})
EDITOR_STEP_COMPLETE
Calling command: git commit -am 'Save progress: 533.1'
STATE: "Tutorial.Level.StepNext"
ROUTE: "Tutorial.Level.StepNext": Completed level 533, step 533.1
EDITOR_LEVEL_COMPLETE
STATE: "Tutorial.Level.LevelComplete"
ROUTE: "Tutorial.Level.LevelComplete": Completed level 533, step 533.1
KEY_PRESS_ENTER
STATE: "Tutorial.Level.LoadNext"
ROUTE: "Tutorial.Level.LoadNext": Completed level 533, step 533.1
EDITOR_SYNC_POSITION
EDITOR_LEVEL_ENTER
EDITOR_STEP_ENTER
STATE: "Tutorial.Level.Load"
ROUTE: "Tutorial.Level.Load": On level 536, step 536.1
STATE: "Tutorial.Level.Normal"
ROUTE: "Tutorial.Level.Normal": On level 536, step 536.1
Calling command: git log -n 1 --pretty=format:%s 19224436cdb4e61fcd52011d644380fd76435d10
Calling command: git log -g --grep='536.1'
Calling command: git cherry-pick -X theirs 19224436cdb4e61fcd52011d644380fd76435d10
------------------- RUN TEST -------------------
START_TEST
COMMAND: npm run programmatic-test --reporter=mocha-tap-reporter
Calling command: npm run programmatic-test --reporter=mocha-tap-reporter
STATE: "Tutorial.Level.TestRunning"
ROUTE: "Tutorial.Level.TestRunning": On level 536, step 536.1
---------------- TEST RESULTS -----------------
Test pass position: {"stepId":"536.1","levelId":"536","complete":false}
TEST_PASS
updateStepPosition: {"type":"TEST_PASS","payload":{"position":{"stepId":"536.1","levelId":"536","complete":true}},"source":"coderoad"})
EDITOR_STEP_COMPLETE
Calling command: git commit -am 'Save progress: 536.1'
STATE: "Tutorial.Level.StepNext"
ROUTE: "Tutorial.Level.StepNext": Completed level 536, step 536.1
EDITOR_LEVEL_COMPLETE
STATE: "Tutorial.Level.LevelComplete"
ROUTE: "Tutorial.Level.LevelComplete": Completed level 536, step 536.1
Commit saved: [main 5d54f2a] Save progress: 536.1
 2 files changed, 2 insertions(+)

KEY_PRESS_ENTER
STATE: "Tutorial.Level.LoadNext"
ROUTE: "Tutorial.Level.LoadNext": Completed level 536, step 536.1
EDITOR_SYNC_POSITION
EDITOR_LEVEL_ENTER
EDITOR_STEP_ENTER
STATE: "Tutorial.Level.Load"
ROUTE: "Tutorial.Level.Load": On level 540, step 540.1
STATE: "Tutorial.Level.Normal"
ROUTE: "Tutorial.Level.Normal": On level 540, step 540.1
Calling command: git log -n 1 --pretty=format:%s 7f3a0e4dd69d590fc76e2c003f2ec40e636ed0f7
Calling command: git log -g --grep='540.1'
Calling command: git cherry-pick -X theirs 7f3a0e4dd69d590fc76e2c003f2ec40e636ed0f7
------------------- RUN TEST -------------------
START_TEST
COMMAND: npm run programmatic-test --reporter=mocha-tap-reporter
Calling command: npm run programmatic-test --reporter=mocha-tap-reporter
STATE: "Tutorial.Level.TestRunning"
ROUTE: "Tutorial.Level.TestRunning": On level 540, step 540.1
---------------- TEST RESULTS -----------------
Test pass position: {"stepId":"540.1","levelId":"540","complete":false}
TEST_PASS
updateStepPosition: {"type":"TEST_PASS","payload":{"position":{"stepId":"540.1","levelId":"540","complete":true}},"source":"coderoad"})
EDITOR_STEP_COMPLETE
Calling command: git commit -am 'Save progress: 540.1'
STATE: "Tutorial.Level.StepNext"
ROUTE: "Tutorial.Level.StepNext": Completed level 540, step 540.1
EDITOR_LEVEL_COMPLETE
STATE: "Tutorial.Level.LevelComplete"
ROUTE: "Tutorial.Level.LevelComplete": Completed level 540, step 540.1
KEY_PRESS_ENTER
STATE: "Tutorial.Level.LoadNext"
ROUTE: "Tutorial.Level.LoadNext": Completed level 540, step 540.1
EDITOR_SYNC_POSITION
EDITOR_LEVEL_ENTER
EDITOR_STEP_ENTER
STATE: "Tutorial.Level.Load"
ROUTE: "Tutorial.Level.Load": On level 550, step 550.1
STATE: "Tutorial.Level.Normal"
ROUTE: "Tutorial.Level.Normal": On level 550, step 550.1
Calling command: git log -n 1 --pretty=format:%s 2ce759be1255bad111e21ba49ee58683eda7f558
Calling command: git log -g --grep='550.1'
Calling command: git cherry-pick -X theirs 2ce759be1255bad111e21ba49ee58683eda7f558
------------------- RUN TEST -------------------
START_TEST
COMMAND: npm run programmatic-test --reporter=mocha-tap-reporter
Calling command: npm run programmatic-test --reporter=mocha-tap-reporter
STATE: "Tutorial.Level.TestRunning"
ROUTE: "Tutorial.Level.TestRunning": On level 550, step 550.1
---------------- TEST RESULTS -----------------
TEST_FAIL
STATE: "Tutorial.Level.Normal"
ROUTE: "Tutorial.Level.Normal": On level 550, step 550.1
------------------- RUN TEST -------------------
START_TEST
COMMAND: npm run programmatic-test --reporter=mocha-tap-reporter
Calling command: npm run programmatic-test --reporter=mocha-tap-reporter
STATE: "Tutorial.Level.TestRunning"
ROUTE: "Tutorial.Level.TestRunning": On level 550, step 550.1
---------------- TEST RESULTS -----------------
TEST_FAIL
STATE: "Tutorial.Level.Normal"
ROUTE: "Tutorial.Level.Normal": On level 550, step 550.1
------------------- RUN TEST -------------------
START_TEST
COMMAND: npm run programmatic-test --reporter=mocha-tap-reporter
Calling command: npm run programmatic-test --reporter=mocha-tap-reporter
STATE: "Tutorial.Level.TestRunning"
ROUTE: "Tutorial.Level.TestRunning": On level 550, step 550.1
---------------- TEST RESULTS -----------------
TEST_FAIL
STATE: "Tutorial.Level.Normal"
ROUTE: "Tutorial.Level.Normal": On level 550, step 550.1
------------------- RUN TEST -------------------
START_TEST
COMMAND: npm run programmatic-test --reporter=mocha-tap-reporter
Calling command: npm run programmatic-test --reporter=mocha-tap-reporter
STATE: "Tutorial.Level.TestRunning"
ROUTE: "Tutorial.Level.TestRunning": On level 550, step 550.1
---------------- TEST RESULTS -----------------
TEST_FAIL
STATE: "Tutorial.Level.Normal"
ROUTE: "Tutorial.Level.Normal": On level 550, step 550.1
------------------- RUN TEST -------------------
START_TEST
COMMAND: npm run programmatic-test --reporter=mocha-tap-reporter
Calling command: npm run programmatic-test --reporter=mocha-tap-reporter
STATE: "Tutorial.Level.TestRunning"
ROUTE: "Tutorial.Level.TestRunning": On level 550, step 550.1
---------------- TEST RESULTS -----------------
TEST_FAIL
STATE: "Tutorial.Level.Normal"
ROUTE: "Tutorial.Level.Normal": On level 550, step 550.1
------------------- RUN TEST -------------------
START_TEST
COMMAND: npm run programmatic-test --reporter=mocha-tap-reporter
Calling command: npm run programmatic-test --reporter=mocha-tap-reporter
STATE: "Tutorial.Level.TestRunning"
ROUTE: "Tutorial.Level.TestRunning": On level 550, step 550.1
---------------- TEST RESULTS -----------------
TEST_FAIL
STATE: "Tutorial.Level.Normal"
ROUTE: "Tutorial.Level.Normal": On level 550, step 550.1
------------------- RUN TEST -------------------
START_TEST
COMMAND: npm run programmatic-test --reporter=mocha-tap-reporter
Calling command: npm run programmatic-test --reporter=mocha-tap-reporter
STATE: "Tutorial.Level.TestRunning"
ROUTE: "Tutorial.Level.TestRunning": On level 550, step 550.1
---------------- TEST RESULTS -----------------
TEST_FAIL
STATE: "Tutorial.Level.Normal"
ROUTE: "Tutorial.Level.Normal": On level 550, step 550.1
------------------- RUN TEST -------------------
START_TEST
COMMAND: npm run programmatic-test --reporter=mocha-tap-reporter
Calling command: npm run programmatic-test --reporter=mocha-tap-reporter
STATE: "Tutorial.Level.TestRunning"
ROUTE: "Tutorial.Level.TestRunning": On level 550, step 550.1
---------------- TEST RESULTS -----------------
TEST_FAIL
STATE: "Tutorial.Level.Normal"
ROUTE: "Tutorial.Level.Normal": On level 550, step 550.1
------------------- RUN TEST -------------------
START_TEST
COMMAND: npm run programmatic-test --reporter=mocha-tap-reporter
Calling command: npm run programmatic-test --reporter=mocha-tap-reporter
STATE: "Tutorial.Level.TestRunning"
ROUTE: "Tutorial.Level.TestRunning": On level 550, step 550.1
---------------- TEST RESULTS -----------------
TEST_FAIL
STATE: "Tutorial.Level.Normal"
ROUTE: "Tutorial.Level.Normal": On level 550, step 550.1
------------------- RUN TEST -------------------
START_TEST
COMMAND: npm run programmatic-test --reporter=mocha-tap-reporter
Calling command: npm run programmatic-test --reporter=mocha-tap-reporter
STATE: "Tutorial.Level.TestRunning"
ROUTE: "Tutorial.Level.TestRunning": On level 550, step 550.1
---------------- TEST RESULTS -----------------
TEST_FAIL
STATE: "Tutorial.Level.Normal"
ROUTE: "Tutorial.Level.Normal": On level 550, step 550.1
------------------- RUN TEST -------------------
START_TEST
COMMAND: npm run programmatic-test --reporter=mocha-tap-reporter
Calling command: npm run programmatic-test --reporter=mocha-tap-reporter
STATE: "Tutorial.Level.TestRunning"
ROUTE: "Tutorial.Level.TestRunning": On level 550, step 550.1
---------------- TEST RESULTS -----------------
TEST_FAIL
STATE: "Tutorial.Level.Normal"
ROUTE: "Tutorial.Level.Normal": On level 550, step 550.1
------------------- RUN TEST -------------------
START_TEST
COMMAND: npm run programmatic-test --reporter=mocha-tap-reporter
Calling command: npm run programmatic-test --reporter=mocha-tap-reporter
STATE: "Tutorial.Level.TestRunning"
ROUTE: "Tutorial.Level.TestRunning": On level 550, step 550.1
---------------- TEST RESULTS -----------------
Test pass position: {"stepId":"550.1","levelId":"550","complete":false}
TEST_PASS
updateStepPosition: {"type":"TEST_PASS","payload":{"position":{"stepId":"550.1","levelId":"550","complete":true}},"source":"coderoad"})
EDITOR_STEP_COMPLETE
Calling command: git commit -am 'Save progress: 550.1'
STATE: "Tutorial.Level.StepNext"
ROUTE: "Tutorial.Level.StepNext": Completed level 550, step 550.1
EDITOR_LEVEL_COMPLETE
STATE: "Tutorial.Level.LevelComplete"
ROUTE: "Tutorial.Level.LevelComplete": Completed level 550, step 550.1
EDITOR_SYNC_POSITION
EDITOR_LEVEL_ENTER
EDITOR_STEP_ENTER
STATE: "Tutorial.Level.Normal"
ROUTE: "Tutorial.Level.Normal": On level 560, step 560.1
Calling command: git log -n 1 --pretty=format:%s 5a069f589681724941a6722a5f54239dfe52b964
Calling command: git log -g --grep='560.1'
Calling command: git cherry-pick -X theirs 5a069f589681724941a6722a5f54239dfe52b964
------------------- RUN TEST -------------------
START_TEST
COMMAND: npm run programmatic-test --reporter=mocha-tap-reporter
Calling command: npm run programmatic-test --reporter=mocha-tap-reporter
STATE: "Tutorial.Level.TestRunning"
ROUTE: "Tutorial.Level.TestRunning": On level 560, step 560.1
---------------- TEST RESULTS -----------------
Test pass position: {"stepId":"560.1","levelId":"560","complete":false}
TEST_PASS
updateStepPosition: {"type":"TEST_PASS","payload":{"position":{"stepId":"560.1","levelId":"560","complete":true}},"source":"coderoad"})
EDITOR_STEP_COMPLETE
Calling command: git commit -am 'Save progress: 560.1'
STATE: "Tutorial.Level.StepNext"
ROUTE: "Tutorial.Level.StepNext": Completed level 560, step 560.1
EDITOR_LEVEL_COMPLETE
STATE: "Tutorial.Level.LevelComplete"
ROUTE: "Tutorial.Level.LevelComplete": Completed level 560, step 560.1
KEY_PRESS_ENTER
STATE: "Tutorial.Level.LoadNext"
ROUTE: "Tutorial.Level.LoadNext": Completed level 560, step 560.1
EDITOR_SYNC_POSITION
EDITOR_LEVEL_ENTER
EDITOR_STEP_ENTER
STATE: "Tutorial.Level.Load"
ROUTE: "Tutorial.Level.Load": On level 562, step 562.1
STATE: "Tutorial.Level.Normal"
ROUTE: "Tutorial.Level.Normal": On level 562, step 562.1
Calling command: git log -n 1 --pretty=format:%s d1a8efaabda6f9a01e5c91aea6e8b899e051ddfa
Calling command: git log -g --grep='562.1'
Calling command: git cherry-pick -X theirs d1a8efaabda6f9a01e5c91aea6e8b899e051ddfa
------------------- RUN TEST -------------------
START_TEST
COMMAND: npm run programmatic-test --reporter=mocha-tap-reporter
Calling command: npm run programmatic-test --reporter=mocha-tap-reporter
STATE: "Tutorial.Level.TestRunning"
ROUTE: "Tutorial.Level.TestRunning": On level 562, step 562.1
---------------- TEST RESULTS -----------------
TEST_FAIL
STATE: "Tutorial.Level.Normal"
ROUTE: "Tutorial.Level.Normal": On level 562, step 562.1
------------------- RUN TEST -------------------
START_TEST
COMMAND: npm run programmatic-test --reporter=mocha-tap-reporter
Calling command: npm run programmatic-test --reporter=mocha-tap-reporter
STATE: "Tutorial.Level.TestRunning"
ROUTE: "Tutorial.Level.TestRunning": On level 562, step 562.1
---------------- TEST RESULTS -----------------
TEST_FAIL
STATE: "Tutorial.Level.Normal"
ROUTE: "Tutorial.Level.Normal": On level 562, step 562.1
------------------- RUN TEST -------------------
START_TEST
COMMAND: npm run programmatic-test --reporter=mocha-tap-reporter
Calling command: npm run programmatic-test --reporter=mocha-tap-reporter
STATE: "Tutorial.Level.TestRunning"
ROUTE: "Tutorial.Level.TestRunning": On level 562, step 562.1
---------------- TEST RESULTS -----------------
TEST_FAIL
STATE: "Tutorial.Level.Normal"
ROUTE: "Tutorial.Level.Normal": On level 562, step 562.1
------------------- RUN TEST -------------------
START_TEST
COMMAND: npm run programmatic-test --reporter=mocha-tap-reporter
Calling command: npm run programmatic-test --reporter=mocha-tap-reporter
STATE: "Tutorial.Level.TestRunning"
ROUTE: "Tutorial.Level.TestRunning": On level 562, step 562.1
---------------- TEST RESULTS -----------------
TEST_FAIL
STATE: "Tutorial.Level.Normal"
ROUTE: "Tutorial.Level.Normal": On level 562, step 562.1
------------------- RUN TEST -------------------
START_TEST
COMMAND: npm run programmatic-test --reporter=mocha-tap-reporter
Calling command: npm run programmatic-test --reporter=mocha-tap-reporter
STATE: "Tutorial.Level.TestRunning"
ROUTE: "Tutorial.Level.TestRunning": On level 562, step 562.1
---------------- TEST RESULTS -----------------
TEST_FAIL
STATE: "Tutorial.Level.Normal"
ROUTE: "Tutorial.Level.Normal": On level 562, step 562.1
------------------- RUN TEST -------------------
START_TEST
COMMAND: npm run programmatic-test --reporter=mocha-tap-reporter
Calling command: npm run programmatic-test --reporter=mocha-tap-reporter
STATE: "Tutorial.Level.TestRunning"
ROUTE: "Tutorial.Level.TestRunning": On level 562, step 562.1
---------------- TEST RESULTS -----------------
TEST_FAIL
STATE: "Tutorial.Level.Normal"
ROUTE: "Tutorial.Level.Normal": On level 562, step 562.1
------------------- RUN TEST -------------------
START_TEST
COMMAND: npm run programmatic-test --reporter=mocha-tap-reporter
Calling command: npm run programmatic-test --reporter=mocha-tap-reporter
STATE: "Tutorial.Level.TestRunning"
ROUTE: "Tutorial.Level.TestRunning": On level 562, step 562.1
---------------- TEST RESULTS -----------------
TEST_FAIL
STATE: "Tutorial.Level.Normal"
ROUTE: "Tutorial.Level.Normal": On level 562, step 562.1
------------------- RUN TEST -------------------
START_TEST
COMMAND: npm run programmatic-test --reporter=mocha-tap-reporter
Calling command: npm run programmatic-test --reporter=mocha-tap-reporter
STATE: "Tutorial.Level.TestRunning"
ROUTE: "Tutorial.Level.TestRunning": On level 562, step 562.1
---------------- TEST RESULTS -----------------
TEST_FAIL
STATE: "Tutorial.Level.Normal"
ROUTE: "Tutorial.Level.Normal": On level 562, step 562.1
------------------- RUN TEST -------------------
START_TEST
COMMAND: npm run programmatic-test --reporter=mocha-tap-reporter
Calling command: npm run programmatic-test --reporter=mocha-tap-reporter
STATE: "Tutorial.Level.TestRunning"
ROUTE: "Tutorial.Level.TestRunning": On level 562, step 562.1
---------------- TEST RESULTS -----------------
TEST_FAIL
STATE: "Tutorial.Level.Normal"
ROUTE: "Tutorial.Level.Normal": On level 562, step 562.1
------------------- RUN TEST -------------------
START_TEST
COMMAND: npm run programmatic-test --reporter=mocha-tap-reporter
Calling command: npm run programmatic-test --reporter=mocha-tap-reporter
STATE: "Tutorial.Level.TestRunning"
ROUTE: "Tutorial.Level.TestRunning": On level 562, step 562.1
---------------- TEST RESULTS -----------------
TEST_FAIL
STATE: "Tutorial.Level.Normal"
ROUTE: "Tutorial.Level.Normal": On level 562, step 562.1
------------------- RUN TEST -------------------
START_TEST
COMMAND: npm run programmatic-test --reporter=mocha-tap-reporter
Calling command: npm run programmatic-test --reporter=mocha-tap-reporter
STATE: "Tutorial.Level.TestRunning"
ROUTE: "Tutorial.Level.TestRunning": On level 562, step 562.1
---------------- TEST RESULTS -----------------
TEST_FAIL
STATE: "Tutorial.Level.Normal"
ROUTE: "Tutorial.Level.Normal": On level 562, step 562.1
------------------- RUN TEST -------------------
START_TEST
COMMAND: npm run programmatic-test --reporter=mocha-tap-reporter
Calling command: npm run programmatic-test --reporter=mocha-tap-reporter
STATE: "Tutorial.Level.TestRunning"
ROUTE: "Tutorial.Level.TestRunning": On level 562, step 562.1
---------------- TEST RESULTS -----------------
TEST_FAIL
STATE: "Tutorial.Level.Normal"
ROUTE: "Tutorial.Level.Normal": On level 562, step 562.1
------------------- RUN TEST -------------------
START_TEST
COMMAND: npm run programmatic-test --reporter=mocha-tap-reporter
Calling command: npm run programmatic-test --reporter=mocha-tap-reporter
STATE: "Tutorial.Level.TestRunning"
ROUTE: "Tutorial.Level.TestRunning": On level 562, step 562.1
---------------- TEST RESULTS -----------------
TEST_FAIL
STATE: "Tutorial.Level.Normal"
ROUTE: "Tutorial.Level.Normal": On level 562, step 562.1
------------------- RUN TEST -------------------
START_TEST
COMMAND: npm run programmatic-test --reporter=mocha-tap-reporter
Calling command: npm run programmatic-test --reporter=mocha-tap-reporter
STATE: "Tutorial.Level.TestRunning"
ROUTE: "Tutorial.Level.TestRunning": On level 562, step 562.1
---------------- TEST RESULTS -----------------
TEST_FAIL
STATE: "Tutorial.Level.Normal"
ROUTE: "Tutorial.Level.Normal": On level 562, step 562.1
------------------- RUN TEST -------------------
START_TEST
COMMAND: npm run programmatic-test --reporter=mocha-tap-reporter
Calling command: npm run programmatic-test --reporter=mocha-tap-reporter
STATE: "Tutorial.Level.TestRunning"
ROUTE: "Tutorial.Level.TestRunning": On level 562, step 562.1
---------------- TEST RESULTS -----------------
Test pass position: {"stepId":"562.1","levelId":"562","complete":false}
TEST_PASS
updateStepPosition: {"type":"TEST_PASS","payload":{"position":{"stepId":"562.1","levelId":"562","complete":true}},"source":"coderoad"})
EDITOR_STEP_COMPLETE
Calling command: git commit -am 'Save progress: 562.1'
STATE: "Tutorial.Level.StepNext"
ROUTE: "Tutorial.Level.StepNext": Completed level 562, step 562.1
EDITOR_LEVEL_COMPLETE
STATE: "Tutorial.Level.LevelComplete"
ROUTE: "Tutorial.Level.LevelComplete": Completed level 562, step 562.1
KEY_PRESS_ENTER
STATE: "Tutorial.Level.LoadNext"
ROUTE: "Tutorial.Level.LoadNext": Completed level 562, step 562.1
EDITOR_SYNC_POSITION
EDITOR_LEVEL_ENTER
EDITOR_STEP_ENTER
STATE: "Tutorial.Level.Load"
ROUTE: "Tutorial.Level.Load": On level 564, step 564.1
STATE: "Tutorial.Level.Normal"
ROUTE: "Tutorial.Level.Normal": On level 564, step 564.1
Calling command: git log -n 1 --pretty=format:%s f6b4a31cbc22fb9400a10db0861a2afe148e4303
Calling command: git log -g --grep='564.1'
Calling command: git cherry-pick -X theirs f6b4a31cbc22fb9400a10db0861a2afe148e4303
------------------- RUN TEST -------------------
START_TEST
COMMAND: npm run programmatic-test --reporter=mocha-tap-reporter
Calling command: npm run programmatic-test --reporter=mocha-tap-reporter
STATE: "Tutorial.Level.TestRunning"
ROUTE: "Tutorial.Level.TestRunning": On level 564, step 564.1
---------------- TEST RESULTS -----------------
Test pass position: {"stepId":"564.1","levelId":"564","complete":false}
TEST_PASS
updateStepPosition: {"type":"TEST_PASS","payload":{"position":{"stepId":"564.1","levelId":"564","complete":true}},"source":"coderoad"})
EDITOR_STEP_COMPLETE
Calling command: git commit -am 'Save progress: 564.1'
STATE: "Tutorial.Level.StepNext"
ROUTE: "Tutorial.Level.StepNext": Completed level 564, step 564.1
EDITOR_LEVEL_COMPLETE
STATE: "Tutorial.Level.LevelComplete"
ROUTE: "Tutorial.Level.LevelComplete": Completed level 564, step 564.1
KEY_PRESS_ENTER
STATE: "Tutorial.Level.LoadNext"
ROUTE: "Tutorial.Level.LoadNext": Completed level 564, step 564.1
EDITOR_SYNC_POSITION
EDITOR_LEVEL_ENTER
EDITOR_STEP_ENTER
STATE: "Tutorial.Level.Load"
ROUTE: "Tutorial.Level.Load": On level 566, step 566.1
STATE: "Tutorial.Level.Normal"
ROUTE: "Tutorial.Level.Normal": On level 566, step 566.1
Calling command: git log -n 1 --pretty=format:%s d87bb45698e2b3c8dbe536d4b907cc2551791444
Calling command: git log -g --grep='566.1'
Calling command: git cherry-pick -X theirs d87bb45698e2b3c8dbe536d4b907cc2551791444
------------------- RUN TEST -------------------
START_TEST
COMMAND: npm run programmatic-test --reporter=mocha-tap-reporter
Calling command: npm run programmatic-test --reporter=mocha-tap-reporter
STATE: "Tutorial.Level.TestRunning"
ROUTE: "Tutorial.Level.TestRunning": On level 566, step 566.1
---------------- TEST RESULTS -----------------
Test pass position: {"stepId":"566.1","levelId":"566","complete":false}
TEST_PASS
updateStepPosition: {"type":"TEST_PASS","payload":{"position":{"stepId":"566.1","levelId":"566","complete":true}},"source":"coderoad"})
EDITOR_STEP_COMPLETE
Calling command: git commit -am 'Save progress: 566.1'
STATE: "Tutorial.Level.StepNext"
ROUTE: "Tutorial.Level.StepNext": Completed level 566, step 566.1
EDITOR_LEVEL_COMPLETE
STATE: "Tutorial.Level.LevelComplete"
ROUTE: "Tutorial.Level.LevelComplete": Completed level 566, step 566.1
Commit saved: [main a0dea5d] Save progress: 566.1
 2 files changed, 2 insertions(+)

EDITOR_SYNC_POSITION
EDITOR_LEVEL_ENTER
EDITOR_STEP_ENTER
STATE: "Tutorial.Level.Normal"
ROUTE: "Tutorial.Level.Normal": On level 568, step 568.1
Calling command: git log -n 1 --pretty=format:%s e7dc1ce71200db7c8a53ed7cbbc40516696c0da8
Calling command: git log -g --grep='568.1'
Calling command: git cherry-pick -X theirs e7dc1ce71200db7c8a53ed7cbbc40516696c0da8
