[490ns] Shutting down all processes 
[965.7µs] Terminating process supervisor with PID 39 (state: S, cmdlind: [supervisor run] <nil>). 
[42.063293ms] Terminating process node with PID 73 (state: S, cmdlind: [/ide/node /ide/out/server-main.js --log=info --install-builtin-extension gitpod.gitpod-theme --install-builtin-extension github.vscode-pull-request-github --install-extension coderoad.coderoad --port 23000 --host 0.0.0.0 --without-connection-token --server-data-dir /workspace/.vscode-remote --do-not-sync --start-server] <nil>). 
[42.083353ms] Terminating process node with PID 469 (state: S, cmdlind: [/ide/node /ide/out/bootstrap-fork --type=ptyHost --logsPath /workspace/.vscode-remote/data/logs/20250324T111511] <nil>). 
[42.112043ms] Terminating process postgres with PID 1433 (state: S, cmdlind: [postgres: 12/main: freecodecamp students 127.0.0.1(39356) idle] <nil>). 
[42.139083ms] Terminating process postgres with PID 795 (state: S, cmdlind: [postgres: 12/main: walwriter   ] <nil>). 
[42.117303ms] Terminating process postgres with PID 798 (state: S, cmdlind: [postgres: 12/main: logical replication launcher   ] <nil>). 
[42.259683ms] Terminating main process errored: waitid: no child processes 
[42.266523ms] Terminating process postgres with PID 793 (state: S, cmdlind: [postgres: 12/main: checkpointer   ] <nil>). 
[42.279333ms] Terminating process postgres with PID 797 (state: S, cmdlind: [postgres: 12/main: stats collector   ] <nil>). 
[42.292133ms] Terminating process postgres with PID 796 (state: S, cmdlind: [postgres: 12/main: autovacuum launcher   ] <nil>). 
[42.313073ms] Terminating process sh with PID 946 (state: S, cmdlind: [sh -c  tee /workspace/queryResults.log] <nil>). 
[42.266513ms] Terminating process postgres with PID 794 (state: S, cmdlind: [postgres: 12/main: background writer   ] <nil>). 
[42.407253ms] Terminating main process errored: waitid: no child processes 
[42.416143ms] Terminating process postgres with PID 791 (state: S, cmdlind: [postgres: 12/main: logger   ] <nil>). 
[42.410823ms] Terminating process bash with PID 580 (state: S, cmdlind: [/usr/bin/bash --init-file /ide/out/vs/workbench/contrib/terminal/common/scripts/shellIntegration-bash.sh] <nil>). 
[42.428843ms] Terminating process bash with PID 501 (state: S, cmdlind: [/bin/bash --init-file /ide/out/vs/workbench/contrib/terminal/common/scripts/shellIntegration-bash.sh] <nil>). 
[42.457493ms] Terminating main process errored: waitid: no child processes 
[42.463553ms] Terminating process psql with PID 944 (state: S, cmdlind: [psql --username=freecodecamp --dbname=postgres] <nil>). 
[42.496733ms] Terminating process tee with PID 947 (state: S, cmdlind: [tee /workspace/queryResults.log] <nil>). 
[42.556003ms] Terminating main process errored: waitid: no child processes 
[43.998683ms] Terminating main process errored: waitid: no child processes 
[44.398013ms] Terminating process postgres with PID 790 (state: S, cmdlind: [/usr/lib/postgresql/12/bin/postgres -D /var/lib/postgresql/12/main -c config_file=/etc/postgresql/12/main/postgresql.conf] <nil>). 
[44.982493ms] Terminating main process errored: waitid: no child processes 
[45.553253ms] Terminating main process errored: waitid: no child processes 
[45.649903ms] Terminating main process errored: waitid: no child processes 
[45.916153ms] Terminating main process errored: waitid: no child processes 
[46.380083ms] Terminating main process errored: waitid: no child processes 
[46.862473ms] Terminating main process errored: waitid: no child processes 
[47.979512ms] Terminating main process errored: waitid: no child processes 
[48.456602ms] Terminating main process errored: waitid: no child processes 
[78.883717ms] Terminating main process errored: waitid: no child processes 
[80.645927ms] Terminating main process errored: waitid: no child processes 
[84.204116ms] Finished shutting down all processes. 
