2025-03-20 13:35:05.536 [info] Log level: Info
2025-03-20 13:35:05.549 [info] VSCODE_MACHINE_ID: someValue.machineId
2025-03-20 13:35:05.549 [info] VSCODE_SESSION_ID: someValue.sessionId
2025-03-20 13:35:05.549 [info] VSCODE_VERSION: 1.97.2
2025-03-20 13:35:05.549 [info] VSCODE_APP_NAME: Gitpod Code
2025-03-20 13:35:05.549 [info] VSCODE_APP_HOST: Gitpod
2025-03-20 13:35:05.549 [info] VSCODE_UI_KIND: web
2025-03-20 13:35:05.549 [info] GITPOD_WORKSPACE_CONTEXT_URL: https://github.com/freeCodeCamp/learn-sql-by-building-a-student-database-part-1
2025-03-20 13:35:05.549 [info] GITPOD_INSTANCE_ID: b9dfa8b6-9e82-4374-9d97-a909c5180b32
2025-03-20 13:35:05.549 [info] GITPOD_WORKSPACE_URL: https://freecodecam-learnsqlbyb-fumbvkw3033.ws-us118.gitpod.io
2025-03-20 13:35:05.556 [info] Gitpod Web 3953e81
2025-03-20 13:35:05.556 [info] Reading sessions from keychain...
2025-03-20 13:35:05.732 [info] Getting sessions for all scopes...
2025-03-20 13:35:05.732 [info] Getting sessions for all scopes...
2025-03-20 13:35:05.732 [info] Getting GitHub sessions for all scopes...
2025-03-20 13:35:05.732 [info] Getting sessions for function:accessCodeSyncStorage...
2025-03-20 13:35:05.733 [info] Got stored sessions!
2025-03-20 13:35:05.733 [info] Verified session with the following scopes: function:accessCodeSyncStorage function:closePort function:controlAdmission function:deleteEnvVar function:generateNewGitpodToken function:getDefaultWorkspaceImage function:getGitpodTokenScopes function:getIDToken function:getLoggedInUser function:getOpenPorts function:getSupportedWorkspaceClasses function:getTeams function:getToken function:getWorkspace function:getWorkspaceEnvVars function:getWorkspaceOwner function:getWorkspaceTimeout function:getWorkspaceUsers function:guessGitTokenScopes function:isWorkspaceOwner function:openPort function:sendHeartBeat function:setEnvVar function:setWorkspaceTimeout function:stopWorkspace function:takeSnapshot function:trackEvent function:updateGitStatus function:waitForSnapshot resource:contentBlob::*::create/get resource:envVar::*/**::update resource:envVar::*/*::update resource:envVar::freeCodeCamp/learn-sql-by-building-a-student-database-part-1::create/get/update/delete resource:gitpodToken::*::create resource:snapshot::ws-freecodecam-learnsqlbyb-fumbvkw3033::create resource:token::*::get resource:userStorage::*::create/get/update resource:workspace::freecodecam-learnsqlbyb-fumbvkw3033::get/update resource:workspaceInstance::b9dfa8b6-9e82-4374-9d97-a909c5180b32::get/update/delete
2025-03-20 13:35:05.733 [info] Got 1 verified sessions.
2025-03-20 13:35:05.733 [info] Got 1 sessions for all scopes...
2025-03-20 13:35:05.733 [info] Got 1 sessions for all scopes...
2025-03-20 13:35:05.733 [info] Got 1 sessions for function:accessCodeSyncStorage...
2025-03-20 13:35:05.994 [info] Getting GitHub sessions for all scopes...
2025-03-20 13:35:05.994 [info] Getting sessions for all scopes...
2025-03-20 13:35:05.994 [info] Got 1 sessions for all scopes...
2025-03-20 13:35:06.177 [info] Got 1 GitHub sessions for all scopes...
2025-03-20 13:35:06.177 [info] Got 1 GitHub sessions for all scopes...
2025-03-20 13:35:06.387 [info] Getting GitHub sessions for all scopes...
2025-03-20 13:35:06.387 [info] Got 1 GitHub sessions for all scopes...
2025-03-20 13:35:06.736 [info] Getting GitHub sessions for read:user,repo,user:email,workflow...
2025-03-20 13:35:06.736 [info] Got 0 GitHub sessions for read:user,repo,user:email,workflow...
2025-03-20 13:35:07.072 [info] Getting GitHub sessions for project,read:org,read:user,repo,user:email,workflow...
2025-03-20 13:35:07.072 [info] Got 0 GitHub sessions for project,read:org,read:user,repo,user:email,workflow...
2025-03-20 13:35:07.481 [info] Getting sessions for all scopes...
2025-03-20 13:35:07.481 [info] Getting GitHub sessions for all scopes...
2025-03-20 13:35:07.485 [info] Got 1 sessions for all scopes...
2025-03-20 13:35:07.486 [info] Got 1 GitHub sessions for all scopes...
2025-03-20 13:35:07.583 [info] Getting GitHub sessions for read:user,repo,user:email,workflow...
2025-03-20 13:35:07.583 [info] Got 0 GitHub sessions for read:user,repo,user:email,workflow...
2025-03-20 13:35:08.098 [info] Getting GitHub sessions for read:user,repo,user:email...
2025-03-20 13:35:08.098 [info] Got 0 GitHub sessions for read:user,repo,user:email...
2025-03-20 13:35:08.589 [info] Getting GitHub sessions for read:user,repo,user:email,workflow...
2025-03-20 13:35:08.589 [info] Got 0 GitHub sessions for read:user,repo,user:email,workflow...
